[0.044s] Invoking command in '/root/irslab_ws/build/custom_nav2_bt_nodes': CMAKE_PREFIX_PATH=${CMAKE_PREFIX_PATH}:/root/irslab_ws/install/tm_mod_urdf:/root/irslab_ws/install/pick_nav_place:/root/irslab_ws/install/pa_warehouse_status:/root/irslab_ws/install/hand_solo_virtual_nav:/root/irslab_ws/install/hand_solo_arm:/opt/ros/humble /usr/bin/cmake --build /root/irslab_ws/build/custom_nav2_bt_nodes -- -j20 -l20
[0.801s] -- Found ament_cmake: 1.3.12 (/opt/ros/humble/share/ament_cmake/cmake)
[0.801s] -- Found action_msgs: 1.2.2 (/opt/ros/humble/share/action_msgs/cmake)
[0.801s] -- Found rosidl_generator_c: 3.1.7 (/opt/ros/humble/share/rosidl_generator_c/cmake)
[0.801s] -- Found rosidl_adapter: 3.1.7 (/opt/ros/humble/share/rosidl_adapter/cmake)
[0.801s] -- Found rosidl_generator_cpp: 3.1.7 (/opt/ros/humble/share/rosidl_generator_cpp/cmake)
[0.801s] -- Using all available rosidl_typesupport_c: rosidl_typesupport_fastrtps_c;rosidl_typesupport_introspection_c
[0.801s] -- Using all available rosidl_typesupport_cpp: rosidl_typesupport_fastrtps_cpp;rosidl_typesupport_introspection_cpp
[0.801s] -- Found rclcpp: 16.0.15 (/opt/ros/humble/share/rclcpp/cmake)
[0.801s] -- Found rmw_implementation_cmake: 6.1.2 (/opt/ros/humble/share/rmw_implementation_cmake/cmake)
[0.801s] -- Found rmw_cyclonedds_cpp: 1.3.4 (/opt/ros/humble/share/rmw_cyclonedds_cpp/cmake)
[0.801s] -- Using RMW implementation 'rmw_cyclonedds_cpp' as default
[0.801s] -- Found rclcpp_action: 16.0.15 (/opt/ros/humble/share/rclcpp_action/cmake)
[0.801s] -- Found rclcpp_lifecycle: 16.0.15 (/opt/ros/humble/share/rclcpp_lifecycle/cmake)
[0.801s] -- Found nav2_behavior_tree: 1.1.18 (/opt/ros/humble/share/nav2_behavior_tree/cmake)
[0.801s] -- Found eigen3_cmake_module: 0.1.1 (/opt/ros/humble/share/eigen3_cmake_module/cmake)
[0.801s] -- Ensuring Eigen3 include directory is part of orocos-kdl CMake target
[0.801s] -- Found pluginlib: 5.1.0 (/opt/ros/humble/share/pluginlib/cmake)
[0.801s] -- Configuring incomplete, errors occurred!
[0.801s] See also "/root/irslab_ws/build/custom_nav2_bt_nodes/CMakeFiles/CMakeOutput.log".
[0.801s] [31mCMake Error at CMakeLists.txt:24 (find_package):
[0.802s]   By not providing "Findnav2_ros_common.cmake" in CMAKE_MODULE_PATH this
[0.802s]   project has asked CMake to find a package configuration file provided by
[0.802s]   "nav2_ros_common", but CMake did not find one.
[0.802s] 
[0.802s]   Could not find a package configuration file provided by "nav2_ros_common"
[0.802s]   with any of the following names:
[0.802s] 
[0.802s]     nav2_ros_commonConfig.cmake
[0.802s]     nav2_ros_common-config.cmake
[0.802s] 
[0.802s]   Add the installation prefix of "nav2_ros_common" to CMAKE_PREFIX_PATH or
[0.802s]   set "nav2_ros_common_DIR" to a directory containing one of the above files.
[0.802s]   If "nav2_ros_common" provides a separate development package or SDK, be
[0.802s]   sure it has been installed.
[0.802s] 
[0.802s] [0m
[0.802s] gmake: *** [Makefile:267: cmake_check_build_system] Error 1
[0.999s] Invoked command in '/root/irslab_ws/build/custom_nav2_bt_nodes' returned '2': CMAKE_PREFIX_PATH=${CMAKE_PREFIX_PATH}:/root/irslab_ws/install/tm_mod_urdf:/root/irslab_ws/install/pick_nav_place:/root/irslab_ws/install/pa_warehouse_status:/root/irslab_ws/install/hand_solo_virtual_nav:/root/irslab_ws/install/hand_solo_arm:/opt/ros/humble /usr/bin/cmake --build /root/irslab_ws/build/custom_nav2_bt_nodes -- -j20 -l20
