[0.041s] Invoking command in '/root/irslab_ws/build/tm5x-900_moveit_config': AMENT_PREFIX_PATH=/root/irslab_ws/install/tm_description:${AMENT_PREFIX_PATH} CMAKE_PREFIX_PATH=/root/irslab_ws/install/tm_description:/opt/ros/humble /usr/bin/cmake /root/irslab_ws/src/tmr_ros2/tm_moveit/tm5x-900_moveit_config -DCMAKE_BUILD_TYPE=Release -DCMAKE_INSTALL_PREFIX=/root/irslab_ws/install/tm5x-900_moveit_config
[0.052s] -- Found ament_cmake: 1.3.12 (/opt/ros/humble/share/ament_cmake/cmake)
[0.389s] -- Configuring done
[0.405s] -- Generating done
[0.419s] -- Build files have been written to: /root/irslab_ws/build/tm5x-900_moveit_config
[0.611s] Invoked command in '/root/irslab_ws/build/tm5x-900_moveit_config' returned '0': AMENT_PREFIX_PATH=/root/irslab_ws/install/tm_description:${AMENT_PREFIX_PATH} CMAKE_PREFIX_PATH=/root/irslab_ws/install/tm_description:/opt/ros/humble /usr/bin/cmake /root/irslab_ws/src/tmr_ros2/tm_moveit/tm5x-900_moveit_config -DCMAKE_BUILD_TYPE=Release -DCMAKE_INSTALL_PREFIX=/root/irslab_ws/install/tm5x-900_moveit_config
[0.615s] Invoking command in '/root/irslab_ws/build/tm5x-900_moveit_config': AMENT_PREFIX_PATH=/root/irslab_ws/install/tm_description:${AMENT_PREFIX_PATH} CMAKE_PREFIX_PATH=/root/irslab_ws/install/tm_description:/opt/ros/humble /usr/bin/cmake --build /root/irslab_ws/build/tm5x-900_moveit_config -- -j20 -l20
[1.118s] Invoked command in '/root/irslab_ws/build/tm5x-900_moveit_config' returned '0': AMENT_PREFIX_PATH=/root/irslab_ws/install/tm_description:${AMENT_PREFIX_PATH} CMAKE_PREFIX_PATH=/root/irslab_ws/install/tm_description:/opt/ros/humble /usr/bin/cmake --build /root/irslab_ws/build/tm5x-900_moveit_config -- -j20 -l20
[1.118s] Invoking command in '/root/irslab_ws/build/tm5x-900_moveit_config': AMENT_PREFIX_PATH=/root/irslab_ws/install/tm_description:${AMENT_PREFIX_PATH} CMAKE_PREFIX_PATH=/root/irslab_ws/install/tm_description:/opt/ros/humble /usr/bin/cmake --install /root/irslab_ws/build/tm5x-900_moveit_config
[1.132s] -- Install configuration: "Release"
[1.132s] -- Up-to-date: /root/irslab_ws/install/tm5x-900_moveit_config/share/ament_index/resource_index/package_run_dependencies/tm5x-900_moveit_config
[1.133s] -- Installing: /root/irslab_ws/install/tm5x-900_moveit_config/share/ament_index/resource_index/parent_prefix_path/tm5x-900_moveit_config
[1.133s] -- Up-to-date: /root/irslab_ws/install/tm5x-900_moveit_config/share/tm5x-900_moveit_config/environment/ament_prefix_path.sh
[1.133s] -- Installing: /root/irslab_ws/install/tm5x-900_moveit_config/share/tm5x-900_moveit_config/environment/ament_prefix_path.dsv
[1.134s] -- Up-to-date: /root/irslab_ws/install/tm5x-900_moveit_config/share/tm5x-900_moveit_config/environment/path.sh
[1.134s] -- Installing: /root/irslab_ws/install/tm5x-900_moveit_config/share/tm5x-900_moveit_config/environment/path.dsv
[1.138s] -- Up-to-date: /root/irslab_ws/install/tm5x-900_moveit_config/share/tm5x-900_moveit_config/local_setup.bash
[1.139s] -- Up-to-date: /root/irslab_ws/install/tm5x-900_moveit_config/share/tm5x-900_moveit_config/local_setup.sh
[1.139s] -- Up-to-date: /root/irslab_ws/install/tm5x-900_moveit_config/share/tm5x-900_moveit_config/local_setup.zsh
[1.140s] -- Installing: /root/irslab_ws/install/tm5x-900_moveit_config/share/tm5x-900_moveit_config/local_setup.dsv
[1.140s] -- Installing: /root/irslab_ws/install/tm5x-900_moveit_config/share/tm5x-900_moveit_config/package.dsv
[1.140s] -- Up-to-date: /root/irslab_ws/install/tm5x-900_moveit_config/share/ament_index/resource_index/packages/tm5x-900_moveit_config
[1.141s] -- Up-to-date: /root/irslab_ws/install/tm5x-900_moveit_config/share/tm5x-900_moveit_config/cmake/tm5x-900_moveit_configConfig.cmake
[1.141s] -- Up-to-date: /root/irslab_ws/install/tm5x-900_moveit_config/share/tm5x-900_moveit_config/cmake/tm5x-900_moveit_configConfig-version.cmake
[1.141s] -- Up-to-date: /root/irslab_ws/install/tm5x-900_moveit_config/share/tm5x-900_moveit_config/package.xml
[1.142s] -- Up-to-date: /root/irslab_ws/install/tm5x-900_moveit_config/share/tm5x-900_moveit_config/launch
[1.142s] -- Up-to-date: /root/irslab_ws/install/tm5x-900_moveit_config/share/tm5x-900_moveit_config/launch/setup_assistant.launch.py
[1.142s] -- Up-to-date: /root/irslab_ws/install/tm5x-900_moveit_config/share/tm5x-900_moveit_config/launch/warehouse_db.launch.py
[1.142s] -- Up-to-date: /root/irslab_ws/install/tm5x-900_moveit_config/share/tm5x-900_moveit_config/launch/spawn_controllers.launch.py
[1.143s] -- Up-to-date: /root/irslab_ws/install/tm5x-900_moveit_config/share/tm5x-900_moveit_config/launch/rsp.launch.py
[1.143s] -- Up-to-date: /root/irslab_ws/install/tm5x-900_moveit_config/share/tm5x-900_moveit_config/launch/move_group.launch.py
[1.143s] -- Up-to-date: /root/irslab_ws/install/tm5x-900_moveit_config/share/tm5x-900_moveit_config/launch/demo.launch.py
[1.143s] -- Up-to-date: /root/irslab_ws/install/tm5x-900_moveit_config/share/tm5x-900_moveit_config/launch/moveit_rviz.launch.py
[1.144s] -- Up-to-date: /root/irslab_ws/install/tm5x-900_moveit_config/share/tm5x-900_moveit_config/launch/static_virtual_joint_tfs.launch.py
[1.144s] -- Up-to-date: /root/irslab_ws/install/tm5x-900_moveit_config/share/tm5x-900_moveit_config/launch/run_move_group.rviz
[1.144s] -- Up-to-date: /root/irslab_ws/install/tm5x-900_moveit_config/share/tm5x-900_moveit_config/launch/tm5x-900_moveit.launch.py
[1.147s] -- Up-to-date: /root/irslab_ws/install/tm5x-900_moveit_config/share/tm5x-900_moveit_config/launch/tm5x-900_run_move_group.launch.py
[1.147s] -- Up-to-date: /root/irslab_ws/install/tm5x-900_moveit_config/share/tm5x-900_moveit_config/config
[1.148s] -- Up-to-date: /root/irslab_ws/install/tm5x-900_moveit_config/share/tm5x-900_moveit_config/config/controllers.yaml
[1.151s] -- Up-to-date: /root/irslab_ws/install/tm5x-900_moveit_config/share/tm5x-900_moveit_config/config/tm5x-900.urdf.xacro
[1.152s] -- Up-to-date: /root/irslab_ws/install/tm5x-900_moveit_config/share/tm5x-900_moveit_config/config/kinematics.yaml
[1.152s] -- Up-to-date: /root/irslab_ws/install/tm5x-900_moveit_config/share/tm5x-900_moveit_config/config/sensors_3d.yaml
[1.152s] -- Up-to-date: /root/irslab_ws/install/tm5x-900_moveit_config/share/tm5x-900_moveit_config/config/moveit2_controllers.yaml
[1.152s] -- Up-to-date: /root/irslab_ws/install/tm5x-900_moveit_config/share/tm5x-900_moveit_config/config/moveit.rviz
[1.153s] -- Up-to-date: /root/irslab_ws/install/tm5x-900_moveit_config/share/tm5x-900_moveit_config/config/joint_limits.yaml
[1.153s] -- Up-to-date: /root/irslab_ws/install/tm5x-900_moveit_config/share/tm5x-900_moveit_config/config/ros2_controllers.yaml
[1.153s] -- Up-to-date: /root/irslab_ws/install/tm5x-900_moveit_config/share/tm5x-900_moveit_config/config/moveit_controllers.yaml
[1.153s] -- Up-to-date: /root/irslab_ws/install/tm5x-900_moveit_config/share/tm5x-900_moveit_config/config/pilz_cartesian_limits.yaml
[1.153s] -- Up-to-date: /root/irslab_ws/install/tm5x-900_moveit_config/share/tm5x-900_moveit_config/config/tm5x-900.srdf
[1.154s] -- Up-to-date: /root/irslab_ws/install/tm5x-900_moveit_config/share/tm5x-900_moveit_config/config/initial_positions.yaml
[1.154s] -- Up-to-date: /root/irslab_ws/install/tm5x-900_moveit_config/share/tm5x-900_moveit_config/config/tm5x-900.ros2_control.xacro
[1.154s] -- Up-to-date: /root/irslab_ws/install/tm5x-900_moveit_config/share/tm5x-900_moveit_config/config/pilz_industrial_motion_planner_planning.yaml
[1.154s] -- Up-to-date: /root/irslab_ws/install/tm5x-900_moveit_config/share/tm5x-900_moveit_config/config/chomp_planning.yaml
[1.154s] -- Up-to-date: /root/irslab_ws/install/tm5x-900_moveit_config/share/tm5x-900_moveit_config/config/ompl_planning.yaml
[1.155s] -- Up-to-date: /root/irslab_ws/install/tm5x-900_moveit_config/share/tm5x-900_moveit_config/rviz
[1.155s] -- Up-to-date: /root/irslab_ws/install/tm5x-900_moveit_config/share/tm5x-900_moveit_config/rviz/moveit.rviz
[1.155s] -- Up-to-date: /root/irslab_ws/install/tm5x-900_moveit_config/share/tm5x-900_moveit_config/.setup_assistant
[1.184s] Invoked command in '/root/irslab_ws/build/tm5x-900_moveit_config' returned '0': AMENT_PREFIX_PATH=/root/irslab_ws/install/tm_description:${AMENT_PREFIX_PATH} CMAKE_PREFIX_PATH=/root/irslab_ws/install/tm_description:/opt/ros/humble /usr/bin/cmake --install /root/irslab_ws/build/tm5x-900_moveit_config
