[0.000000] (-) TimerEvent: {}
[0.000261] (custom_nav2_bt_nodes) JobQueued: {'identifier': 'custom_nav2_bt_nodes', 'dependencies': OrderedDict()}
[0.000304] (hand_solo_arm) JobQueued: {'identifier': 'hand_solo_arm', 'dependencies': OrderedDict()}
[0.000352] (hand_solo_virtual_nav) JobQueued: {'identifier': 'hand_solo_virtual_nav', 'dependencies': OrderedDict()}
[0.000427] (pa_warehouse_status) JobQueued: {'identifier': 'pa_warehouse_status', 'dependencies': OrderedDict()}
[0.000623] (pick_nav_place) JobQueued: {'identifier': 'pick_nav_place', 'dependencies': OrderedDict()}
[0.000762] (tm_description) JobQueued: {'identifier': 'tm_description', 'dependencies': OrderedDict()}
[0.000794] (tm_mod_urdf) JobQueued: {'identifier': 'tm_mod_urdf', 'dependencies': OrderedDict()}
[0.000819] (tm_msgs) JobQueued: {'identifier': 'tm_msgs', 'dependencies': OrderedDict()}
[0.000855] (tm12_moveit_config) JobQueued: {'identifier': 'tm12_moveit_config', 'dependencies': OrderedDict([('tm_description', '/root/irslab_ws/install/tm_description')])}
[0.000883] (tm12x_moveit_config) JobQueued: {'identifier': 'tm12x_moveit_config', 'dependencies': OrderedDict([('tm_description', '/root/irslab_ws/install/tm_description')])}
[0.000916] (tm14_moveit_config) JobQueued: {'identifier': 'tm14_moveit_config', 'dependencies': OrderedDict([('tm_description', '/root/irslab_ws/install/tm_description')])}
[0.000970] (tm14x_moveit_config) JobQueued: {'identifier': 'tm14x_moveit_config', 'dependencies': OrderedDict([('tm_description', '/root/irslab_ws/install/tm_description')])}
[0.000988] (tm16_moveit_config) JobQueued: {'identifier': 'tm16_moveit_config', 'dependencies': OrderedDict([('tm_description', '/root/irslab_ws/install/tm_description')])}
[0.001010] (tm20_moveit_config) JobQueued: {'identifier': 'tm20_moveit_config', 'dependencies': OrderedDict([('tm_description', '/root/irslab_ws/install/tm_description')])}
[0.001028] (tm5-700_moveit_config) JobQueued: {'identifier': 'tm5-700_moveit_config', 'dependencies': OrderedDict([('tm_description', '/root/irslab_ws/install/tm_description')])}
[0.001082] (tm5-900_moveit_config) JobQueued: {'identifier': 'tm5-900_moveit_config', 'dependencies': OrderedDict([('tm_description', '/root/irslab_ws/install/tm_description')])}
[0.001100] (tm5x-700_moveit_config) JobQueued: {'identifier': 'tm5x-700_moveit_config', 'dependencies': OrderedDict([('tm_description', '/root/irslab_ws/install/tm_description')])}
[0.001118] (tm5x-900_moveit_config) JobQueued: {'identifier': 'tm5x-900_moveit_config', 'dependencies': OrderedDict([('tm_description', '/root/irslab_ws/install/tm_description')])}
[0.001134] (tm_driver) JobQueued: {'identifier': 'tm_driver', 'dependencies': OrderedDict([('tm_msgs', '/root/irslab_ws/install/tm_msgs')])}
[0.001162] (tm_inspect) JobQueued: {'identifier': 'tm_inspect', 'dependencies': OrderedDict([('tm_msgs', '/root/irslab_ws/install/tm_msgs')])}
[0.001192] (tm_test) JobQueued: {'identifier': 'tm_test', 'dependencies': OrderedDict([('tm_msgs', '/root/irslab_ws/install/tm_msgs')])}
[0.001232] (tm_description) JobStarted: {'identifier': 'tm_description'}
[0.005058] (tm_msgs) JobStarted: {'identifier': 'tm_msgs'}
[0.006913] (custom_nav2_bt_nodes) JobStarted: {'identifier': 'custom_nav2_bt_nodes'}
[0.008827] (hand_solo_arm) JobStarted: {'identifier': 'hand_solo_arm'}
[0.012327] (hand_solo_virtual_nav) JobStarted: {'identifier': 'hand_solo_virtual_nav'}
[0.015311] (pa_warehouse_status) JobStarted: {'identifier': 'pa_warehouse_status'}
[0.018585] (pick_nav_place) JobStarted: {'identifier': 'pick_nav_place'}
[0.021642] (tm_mod_urdf) JobStarted: {'identifier': 'tm_mod_urdf'}
[0.026081] (tm_description) JobProgress: {'identifier': 'tm_description', 'progress': 'cmake'}
[0.026478] (tm_description) JobProgress: {'identifier': 'tm_description', 'progress': 'build'}
[0.026942] (tm_description) Command: {'cmd': ['/usr/bin/cmake', '--build', '/root/irslab_ws/build/tm_description', '--', '-j20', '-l20'], 'cwd': '/root/irslab_ws/build/tm_description', 'env': OrderedDict([('HOSTNAME', 'hugh-Zenbook-UX3404VC'), ('SHLVL', '1'), ('LD_LIBRARY_PATH', '/opt/ros/humble/opt/rviz_ogre_vendor/lib:/opt/ros/humble/lib/x86_64-linux-gnu:/opt/ros/humble/lib'), ('HOME', '/root'), ('OLDPWD', '/'), ('PYTHONUNBUFFERED', '1'), ('ROS_PYTHON_VERSION', '3'), ('ROS_DISTRO', 'humble'), ('_', '/usr/bin/colcon'), ('ROS_VERSION', '2'), ('NVIDIA_DRIVER_CAPABILITIES', 'all'), ('TERM', 'xterm'), ('ROS_LOCALHOST_ONLY', '0'), ('QT_X11_NO_MITSHM', '1'), ('PATH', '/opt/ros/humble/bin:/usr/local/sbin:/usr/local/bin:/usr/sbin:/usr/bin:/sbin:/bin'), ('DISPLAY', ':1'), ('LANG', 'C.UTF-8'), ('RMW_IMPLEMENTATION', 'rmw_cyclonedds_cpp'), ('ROS_DOMAIN_ID', '0'), ('AMENT_PREFIX_PATH', '/opt/ros/humble'), ('DEBIAN_FRONTEND', 'noninteractive'), ('PWD', '/root/irslab_ws/build/tm_description'), ('LC_ALL', 'C.UTF-8'), ('PYTHONPATH', '/opt/ros/humble/lib/python3.10/site-packages:/opt/ros/humble/local/lib/python3.10/dist-packages'), ('NVIDIA_VISIBLE_DEVICES', 'all'), ('COLCON', '1'), ('CMAKE_PREFIX_PATH', '/opt/ros/humble')]), 'shell': False}
[0.028546] (tm_msgs) JobProgress: {'identifier': 'tm_msgs', 'progress': 'cmake'}
[0.028890] (tm_msgs) JobProgress: {'identifier': 'tm_msgs', 'progress': 'build'}
[0.029042] (tm_msgs) Command: {'cmd': ['/usr/bin/cmake', '--build', '/root/irslab_ws/build/tm_msgs', '--', '-j20', '-l20'], 'cwd': '/root/irslab_ws/build/tm_msgs', 'env': OrderedDict([('HOSTNAME', 'hugh-Zenbook-UX3404VC'), ('SHLVL', '1'), ('LD_LIBRARY_PATH', '/opt/ros/humble/opt/rviz_ogre_vendor/lib:/opt/ros/humble/lib/x86_64-linux-gnu:/opt/ros/humble/lib'), ('HOME', '/root'), ('OLDPWD', '/'), ('PYTHONUNBUFFERED', '1'), ('ROS_PYTHON_VERSION', '3'), ('ROS_DISTRO', 'humble'), ('_', '/usr/bin/colcon'), ('ROS_VERSION', '2'), ('NVIDIA_DRIVER_CAPABILITIES', 'all'), ('TERM', 'xterm'), ('ROS_LOCALHOST_ONLY', '0'), ('QT_X11_NO_MITSHM', '1'), ('PATH', '/opt/ros/humble/bin:/usr/local/sbin:/usr/local/bin:/usr/sbin:/usr/bin:/sbin:/bin'), ('DISPLAY', ':1'), ('LANG', 'C.UTF-8'), ('RMW_IMPLEMENTATION', 'rmw_cyclonedds_cpp'), ('ROS_DOMAIN_ID', '0'), ('AMENT_PREFIX_PATH', '/opt/ros/humble'), ('DEBIAN_FRONTEND', 'noninteractive'), ('PWD', '/root/irslab_ws/build/tm_msgs'), ('LC_ALL', 'C.UTF-8'), ('PYTHONPATH', '/opt/ros/humble/lib/python3.10/site-packages:/opt/ros/humble/local/lib/python3.10/dist-packages'), ('NVIDIA_VISIBLE_DEVICES', 'all'), ('COLCON', '1'), ('CMAKE_PREFIX_PATH', '/opt/ros/humble')]), 'shell': False}
[0.030543] (custom_nav2_bt_nodes) JobProgress: {'identifier': 'custom_nav2_bt_nodes', 'progress': 'cmake'}
[0.030896] (custom_nav2_bt_nodes) JobProgress: {'identifier': 'custom_nav2_bt_nodes', 'progress': 'build'}
[0.030960] (custom_nav2_bt_nodes) Command: {'cmd': ['/usr/bin/cmake', '--build', '/root/irslab_ws/build/custom_nav2_bt_nodes', '--', '-j20', '-l20'], 'cwd': '/root/irslab_ws/build/custom_nav2_bt_nodes', 'env': OrderedDict([('HOSTNAME', 'hugh-Zenbook-UX3404VC'), ('SHLVL', '1'), ('LD_LIBRARY_PATH', '/opt/ros/humble/opt/rviz_ogre_vendor/lib:/opt/ros/humble/lib/x86_64-linux-gnu:/opt/ros/humble/lib'), ('HOME', '/root'), ('OLDPWD', '/'), ('PYTHONUNBUFFERED', '1'), ('ROS_PYTHON_VERSION', '3'), ('ROS_DISTRO', 'humble'), ('_', '/usr/bin/colcon'), ('ROS_VERSION', '2'), ('NVIDIA_DRIVER_CAPABILITIES', 'all'), ('TERM', 'xterm'), ('ROS_LOCALHOST_ONLY', '0'), ('QT_X11_NO_MITSHM', '1'), ('PATH', '/opt/ros/humble/bin:/usr/local/sbin:/usr/local/bin:/usr/sbin:/usr/bin:/sbin:/bin'), ('DISPLAY', ':1'), ('LANG', 'C.UTF-8'), ('RMW_IMPLEMENTATION', 'rmw_cyclonedds_cpp'), ('ROS_DOMAIN_ID', '0'), ('AMENT_PREFIX_PATH', '/opt/ros/humble'), ('DEBIAN_FRONTEND', 'noninteractive'), ('PWD', '/root/irslab_ws/build/custom_nav2_bt_nodes'), ('LC_ALL', 'C.UTF-8'), ('PYTHONPATH', '/opt/ros/humble/lib/python3.10/site-packages:/opt/ros/humble/local/lib/python3.10/dist-packages'), ('NVIDIA_VISIBLE_DEVICES', 'all'), ('COLCON', '1'), ('CMAKE_PREFIX_PATH', '/opt/ros/humble')]), 'shell': False}
[0.100008] (-) TimerEvent: {}
[0.200372] (-) TimerEvent: {}
[0.300618] (-) TimerEvent: {}
[0.400938] (-) TimerEvent: {}
[0.501127] (-) TimerEvent: {}
[0.516512] (custom_nav2_bt_nodes) StderrLine: {'line': b'\x1b[31mCMake Error at /opt/ros/humble/share/ament_cmake_core/cmake/core/assert_file_exists.cmake:20 (message):\n'}
[0.517244] (custom_nav2_bt_nodes) StderrLine: {'line': b"  ament_package() called with extra file 'install/local_setup.bash' which\n"}
[0.517300] (custom_nav2_bt_nodes) StderrLine: {'line': b'  does not exist\n'}
[0.517352] (custom_nav2_bt_nodes) StderrLine: {'line': b'Call Stack (most recent call first):\n'}
[0.517452] (custom_nav2_bt_nodes) StderrLine: {'line': b'  /opt/ros/humble/share/ament_cmake_core/cmake/core/ament_package.cmake:98 (assert_file_exists)\n'}
[0.517497] (custom_nav2_bt_nodes) StderrLine: {'line': b'  /opt/ros/humble/share/ament_cmake_core/cmake/core/ament_package.cmake:68 (_ament_package)\n'}
[0.517540] (custom_nav2_bt_nodes) StderrLine: {'line': b'  CMakeLists.txt:62 (ament_package)\n'}
[0.517664] (custom_nav2_bt_nodes) StderrLine: {'line': b'\n'}
[0.517992] (custom_nav2_bt_nodes) StderrLine: {'line': b'\x1b[0m\n'}
[0.518405] (custom_nav2_bt_nodes) StderrLine: {'line': b'gmake: *** [Makefile:267: cmake_check_build_system] Error 1\n'}
[0.518447] (custom_nav2_bt_nodes) StdoutLine: {'line': b'-- Found ament_cmake: 1.3.12 (/opt/ros/humble/share/ament_cmake/cmake)\n'}
[0.518675] (custom_nav2_bt_nodes) StdoutLine: {'line': b'-- Found rclcpp: 16.0.15 (/opt/ros/humble/share/rclcpp/cmake)\n'}
[0.518942] (custom_nav2_bt_nodes) StdoutLine: {'line': b'-- Found rosidl_generator_c: 3.1.7 (/opt/ros/humble/share/rosidl_generator_c/cmake)\n'}
[0.518987] (custom_nav2_bt_nodes) StdoutLine: {'line': b'-- Found rosidl_adapter: 3.1.7 (/opt/ros/humble/share/rosidl_adapter/cmake)\n'}
[0.519047] (custom_nav2_bt_nodes) StdoutLine: {'line': b'-- Found rosidl_generator_cpp: 3.1.7 (/opt/ros/humble/share/rosidl_generator_cpp/cmake)\n'}
[0.519090] (custom_nav2_bt_nodes) StdoutLine: {'line': b'-- Using all available rosidl_typesupport_c: rosidl_typesupport_fastrtps_c;rosidl_typesupport_introspection_c\n'}
[0.519135] (custom_nav2_bt_nodes) StdoutLine: {'line': b'-- Using all available rosidl_typesupport_cpp: rosidl_typesupport_fastrtps_cpp;rosidl_typesupport_introspection_cpp\n'}
[0.519173] (custom_nav2_bt_nodes) StdoutLine: {'line': b'-- Found rmw_implementation_cmake: 6.1.2 (/opt/ros/humble/share/rmw_implementation_cmake/cmake)\n'}
[0.519209] (custom_nav2_bt_nodes) StdoutLine: {'line': b'-- Found rmw_cyclonedds_cpp: 1.3.4 (/opt/ros/humble/share/rmw_cyclonedds_cpp/cmake)\n'}
[0.519265] (custom_nav2_bt_nodes) StdoutLine: {'line': b"-- Using RMW implementation 'rmw_cyclonedds_cpp' as default\n"}
[0.519306] (custom_nav2_bt_nodes) StdoutLine: {'line': b'-- Found nav2_behavior_tree: 1.1.18 (/opt/ros/humble/share/nav2_behavior_tree/cmake)\n'}
[0.519344] (custom_nav2_bt_nodes) StdoutLine: {'line': b'-- Found eigen3_cmake_module: 0.1.1 (/opt/ros/humble/share/eigen3_cmake_module/cmake)\n'}
[0.519387] (custom_nav2_bt_nodes) StdoutLine: {'line': b'-- Ensuring Eigen3 include directory is part of orocos-kdl CMake target\n'}
[0.519425] (custom_nav2_bt_nodes) StdoutLine: {'line': b'-- Found pluginlib: 5.1.0 (/opt/ros/humble/share/pluginlib/cmake)\n'}
[0.519462] (custom_nav2_bt_nodes) StdoutLine: {'line': b'-- Configuring incomplete, errors occurred!\n'}
[0.519501] (custom_nav2_bt_nodes) StdoutLine: {'line': b'See also "/root/irslab_ws/build/custom_nav2_bt_nodes/CMakeFiles/CMakeOutput.log".\n'}
[0.519557] (tm_msgs) StdoutLine: {'line': b'[  0%] Built target tm_msgs__cpp\n'}
[0.519673] (tm_msgs) StdoutLine: {'line': b'[ 12%] Built target tm_msgs__rosidl_generator_c\n'}
[0.519716] (tm_msgs) StdoutLine: {'line': b'[ 12%] Built target ament_cmake_python_copy_tm_msgs\n'}
[0.519756] (tm_msgs) StdoutLine: {'line': b'[ 24%] Built target tm_msgs__rosidl_typesupport_introspection_cpp\n'}
[0.519795] (tm_msgs) StdoutLine: {'line': b'[ 36%] Built target tm_msgs__rosidl_typesupport_cpp\n'}
[0.519832] (tm_msgs) StdoutLine: {'line': b'[ 59%] Built target tm_msgs__rosidl_typesupport_c\n'}
[0.519872] (tm_msgs) StdoutLine: {'line': b'[ 60%] Built target tm_msgs__rosidl_typesupport_introspection_c\n'}
[0.519908] (tm_msgs) StdoutLine: {'line': b'[ 72%] Built target tm_msgs__rosidl_typesupport_fastrtps_cpp\n'}
[0.520360] (tm_msgs) StdoutLine: {'line': b'[ 84%] Built target tm_msgs__rosidl_typesupport_fastrtps_c\n'}
[0.520471] (tm_msgs) StdoutLine: {'line': b'[ 84%] Built target tm_msgs\n'}
[0.520516] (tm_msgs) StdoutLine: {'line': b'[ 85%] Built target tm_msgs__py\n'}
[0.520549] (tm_msgs) StdoutLine: {'line': b'[ 96%] Built target tm_msgs__rosidl_generator_py\n'}
[0.520582] (tm_msgs) StdoutLine: {'line': b'[ 97%] Built target tm_msgs__rosidl_typesupport_c__pyext\n'}
[0.520626] (tm_msgs) StdoutLine: {'line': b'[ 99%] Built target tm_msgs__rosidl_typesupport_introspection_c__pyext\n'}
[0.520660] (tm_msgs) StdoutLine: {'line': b'[100%] Built target tm_msgs__rosidl_typesupport_fastrtps_c__pyext\n'}
[0.520695] (tm_msgs) StdoutLine: {'line': b'running egg_info\n'}
[0.520729] (tm_msgs) StdoutLine: {'line': b'writing tm_msgs.egg-info/PKG-INFO\n'}
[0.520764] (tm_msgs) StdoutLine: {'line': b'writing dependency_links to tm_msgs.egg-info/dependency_links.txt\n'}
[0.520797] (tm_msgs) StdoutLine: {'line': b'writing top-level names to tm_msgs.egg-info/top_level.txt\n'}
[0.520834] (tm_msgs) StdoutLine: {'line': b"reading manifest file 'tm_msgs.egg-info/SOURCES.txt'\n"}
[0.520880] (tm_msgs) StdoutLine: {'line': b"writing manifest file 'tm_msgs.egg-info/SOURCES.txt'\n"}
[0.520927] (tm_msgs) StdoutLine: {'line': b'[100%] Built target ament_cmake_python_build_tm_msgs_egg\n'}
[0.520975] (tm_description) CommandEnded: {'returncode': 0}
[0.521309] (tm_description) JobProgress: {'identifier': 'tm_description', 'progress': 'install'}
[0.527354] (tm_description) Command: {'cmd': ['/usr/bin/cmake', '--install', '/root/irslab_ws/build/tm_description'], 'cwd': '/root/irslab_ws/build/tm_description', 'env': OrderedDict([('HOSTNAME', 'hugh-Zenbook-UX3404VC'), ('SHLVL', '1'), ('LD_LIBRARY_PATH', '/opt/ros/humble/opt/rviz_ogre_vendor/lib:/opt/ros/humble/lib/x86_64-linux-gnu:/opt/ros/humble/lib'), ('HOME', '/root'), ('OLDPWD', '/'), ('PYTHONUNBUFFERED', '1'), ('ROS_PYTHON_VERSION', '3'), ('ROS_DISTRO', 'humble'), ('_', '/usr/bin/colcon'), ('ROS_VERSION', '2'), ('NVIDIA_DRIVER_CAPABILITIES', 'all'), ('TERM', 'xterm'), ('ROS_LOCALHOST_ONLY', '0'), ('QT_X11_NO_MITSHM', '1'), ('PATH', '/opt/ros/humble/bin:/usr/local/sbin:/usr/local/bin:/usr/sbin:/usr/bin:/sbin:/bin'), ('DISPLAY', ':1'), ('LANG', 'C.UTF-8'), ('RMW_IMPLEMENTATION', 'rmw_cyclonedds_cpp'), ('ROS_DOMAIN_ID', '0'), ('AMENT_PREFIX_PATH', '/opt/ros/humble'), ('DEBIAN_FRONTEND', 'noninteractive'), ('PWD', '/root/irslab_ws/build/tm_description'), ('LC_ALL', 'C.UTF-8'), ('PYTHONPATH', '/opt/ros/humble/lib/python3.10/site-packages:/opt/ros/humble/local/lib/python3.10/dist-packages'), ('NVIDIA_VISIBLE_DEVICES', 'all'), ('COLCON', '1'), ('CMAKE_PREFIX_PATH', '/opt/ros/humble')]), 'shell': False}
[0.601368] (-) TimerEvent: {}
[0.635787] (custom_nav2_bt_nodes) CommandEnded: {'returncode': 2}
[0.642253] (custom_nav2_bt_nodes) JobEnded: {'identifier': 'custom_nav2_bt_nodes', 'rc': 2}
[0.645407] (tm_msgs) CommandEnded: {'returncode': 0}
[0.645666] (tm_msgs) JobProgress: {'identifier': 'tm_msgs', 'progress': 'install'}
[0.645699] (tm_msgs) Command: {'cmd': ['/usr/bin/cmake', '--install', '/root/irslab_ws/build/tm_msgs'], 'cwd': '/root/irslab_ws/build/tm_msgs', 'env': OrderedDict([('HOSTNAME', 'hugh-Zenbook-UX3404VC'), ('SHLVL', '1'), ('LD_LIBRARY_PATH', '/opt/ros/humble/opt/rviz_ogre_vendor/lib:/opt/ros/humble/lib/x86_64-linux-gnu:/opt/ros/humble/lib'), ('HOME', '/root'), ('OLDPWD', '/'), ('PYTHONUNBUFFERED', '1'), ('ROS_PYTHON_VERSION', '3'), ('ROS_DISTRO', 'humble'), ('_', '/usr/bin/colcon'), ('ROS_VERSION', '2'), ('NVIDIA_DRIVER_CAPABILITIES', 'all'), ('TERM', 'xterm'), ('ROS_LOCALHOST_ONLY', '0'), ('QT_X11_NO_MITSHM', '1'), ('PATH', '/opt/ros/humble/bin:/usr/local/sbin:/usr/local/bin:/usr/sbin:/usr/bin:/sbin:/bin'), ('DISPLAY', ':1'), ('LANG', 'C.UTF-8'), ('RMW_IMPLEMENTATION', 'rmw_cyclonedds_cpp'), ('ROS_DOMAIN_ID', '0'), ('AMENT_PREFIX_PATH', '/opt/ros/humble'), ('DEBIAN_FRONTEND', 'noninteractive'), ('PWD', '/root/irslab_ws/build/tm_msgs'), ('LC_ALL', 'C.UTF-8'), ('PYTHONPATH', '/opt/ros/humble/lib/python3.10/site-packages:/opt/ros/humble/local/lib/python3.10/dist-packages'), ('NVIDIA_VISIBLE_DEVICES', 'all'), ('COLCON', '1'), ('CMAKE_PREFIX_PATH', '/opt/ros/humble')]), 'shell': False}
[0.645920] (tm_mod_urdf) JobEnded: {'identifier': 'tm_mod_urdf', 'rc': 'SIGINT'}
[0.646180] (hand_solo_arm) JobEnded: {'identifier': 'hand_solo_arm', 'rc': 'SIGINT'}
[0.646459] (hand_solo_virtual_nav) JobEnded: {'identifier': 'hand_solo_virtual_nav', 'rc': 'SIGINT'}
[0.646750] (pa_warehouse_status) JobEnded: {'identifier': 'pa_warehouse_status', 'rc': 'SIGINT'}
[0.647025] (pick_nav_place) JobEnded: {'identifier': 'pick_nav_place', 'rc': 'SIGINT'}
[0.647286] (tm_msgs) JobEnded: {'identifier': 'tm_msgs', 'rc': 'SIGINT'}
[0.647566] (tm_description) StdoutLine: {'line': b'-- Install configuration: "Release"\n'}
[0.647719] (tm_description) StdoutLine: {'line': b'-- Up-to-date: /root/irslab_ws/install/tm_description/share/ament_index/resource_index/package_run_dependencies/tm_description\n'}
[0.647821] (tm_description) StdoutLine: {'line': b'-- Up-to-date: /root/irslab_ws/install/tm_description/share/ament_index/resource_index/parent_prefix_path/tm_description\n'}
[0.647922] (tm_description) StdoutLine: {'line': b'-- Up-to-date: /root/irslab_ws/install/tm_description/share/tm_description/environment/ament_prefix_path.sh\n'}
[0.648064] (tm_description) StdoutLine: {'line': b'-- Up-to-date: /root/irslab_ws/install/tm_description/share/tm_description/environment/ament_prefix_path.dsv\n'}
[0.648125] (tm_description) StdoutLine: {'line': b'-- Up-to-date: /root/irslab_ws/install/tm_description/share/tm_description/environment/path.sh\n'}
[0.648167] (tm_description) StdoutLine: {'line': b'-- Up-to-date: /root/irslab_ws/install/tm_description/share/tm_description/environment/path.dsv\n'}
[0.648205] (tm_description) StdoutLine: {'line': b'-- Up-to-date: /root/irslab_ws/install/tm_description/share/tm_description/local_setup.bash\n'}
[0.648241] (tm_description) StdoutLine: {'line': b'-- Up-to-date: /root/irslab_ws/install/tm_description/share/tm_description/local_setup.sh\n'}
[0.648279] (tm_description) StdoutLine: {'line': b'-- Up-to-date: /root/irslab_ws/install/tm_description/share/tm_description/local_setup.zsh\n'}
[0.648317] (tm_description) StdoutLine: {'line': b'-- Up-to-date: /root/irslab_ws/install/tm_description/share/tm_description/local_setup.dsv\n'}
[0.648354] (tm_description) StdoutLine: {'line': b'-- Up-to-date: /root/irslab_ws/install/tm_description/share/tm_description/package.dsv\n'}
[0.648390] (tm_description) StdoutLine: {'line': b'-- Up-to-date: /root/irslab_ws/install/tm_description/share/ament_index/resource_index/packages/tm_description\n'}
[0.648426] (tm_description) StdoutLine: {'line': b'-- Up-to-date: /root/irslab_ws/install/tm_description/share/tm_description/cmake/tm_descriptionConfig.cmake\n'}
[0.648463] (tm_description) StdoutLine: {'line': b'-- Up-to-date: /root/irslab_ws/install/tm_description/share/tm_description/cmake/tm_descriptionConfig-version.cmake\n'}
[0.648499] (tm_description) StdoutLine: {'line': b'-- Up-to-date: /root/irslab_ws/install/tm_description/share/tm_description/package.xml\n'}
[0.648535] (tm_description) StdoutLine: {'line': b'-- Up-to-date: /root/irslab_ws/install/tm_description/share/tm_description/meshes\n'}
[0.648570] (tm_description) StdoutLine: {'line': b'-- Up-to-date: /root/irslab_ws/install/tm_description/share/tm_description/meshes/tm5-700\n'}
[0.648618] (tm_description) StdoutLine: {'line': b'-- Up-to-date: /root/irslab_ws/install/tm_description/share/tm_description/meshes/tm5-700/visual\n'}
[0.648660] (tm_description) StdoutLine: {'line': b'-- Up-to-date: /root/irslab_ws/install/tm_description/share/tm_description/meshes/tm5-700/visual/tm5-700_arm1.stl\n'}
[0.648699] (tm_description) StdoutLine: {'line': b'-- Up-to-date: /root/irslab_ws/install/tm_description/share/tm_description/meshes/tm5-700/visual/tm5-700_arm2.obj\n'}
[0.648734] (tm_description) StdoutLine: {'line': b'-- Up-to-date: /root/irslab_ws/install/tm_description/share/tm_description/meshes/tm5-700/visual/tm5-700_arm2.mtl\n'}
[0.648788] (tm_description) StdoutLine: {'line': b'-- Up-to-date: /root/irslab_ws/install/tm_description/share/tm_description/meshes/tm5-700/visual/tm5-700_arm2.stl\n'}
[0.648828] (tm_description) StdoutLine: {'line': b'-- Up-to-date: /root/irslab_ws/install/tm_description/share/tm_description/meshes/tm5-700/visual/tm5-700_arm1.obj\n'}
[0.648866] (tm_description) StdoutLine: {'line': b'-- Up-to-date: /root/irslab_ws/install/tm_description/share/tm_description/meshes/tm5-700/visual/tm5-700_arm1.mtl\n'}
[0.648902] (tm_description) StdoutLine: {'line': b'-- Up-to-date: /root/irslab_ws/install/tm_description/share/tm_description/meshes/tm5-700/collision\n'}
[0.648947] (tm_description) StdoutLine: {'line': b'-- Up-to-date: /root/irslab_ws/install/tm_description/share/tm_description/meshes/tm5-700/collision/tm5-700_arm1_c.stl\n'}
[0.648997] (tm_description) StdoutLine: {'line': b'-- Up-to-date: /root/irslab_ws/install/tm_description/share/tm_description/meshes/tm5-700/collision/tm5-700_arm2_c.stl\n'}
[0.649041] (tm_description) StdoutLine: {'line': b'-- Up-to-date: /root/irslab_ws/install/tm_description/share/tm_description/meshes/tm5-900\n'}
[0.649082] (tm_description) StdoutLine: {'line': b'-- Up-to-date: /root/irslab_ws/install/tm_description/share/tm_description/meshes/tm5-900/visual\n'}
[0.649124] (tm_description) StdoutLine: {'line': b'-- Up-to-date: /root/irslab_ws/install/tm_description/share/tm_description/meshes/tm5-900/visual/tmr_100w_01.mtl\n'}
[0.649168] (tm_description) StdoutLine: {'line': b'-- Up-to-date: /root/irslab_ws/install/tm_description/share/tm_description/meshes/tm5-900/visual/tm5-base.obj\n'}
[0.649212] (tm_description) StdoutLine: {'line': b'-- Up-to-date: /root/irslab_ws/install/tm_description/share/tm_description/meshes/tm5-900/visual/tm5-base.mtl\n'}
[0.649261] (tm_description) StdoutLine: {'line': b'-- Up-to-date: /root/irslab_ws/install/tm_description/share/tm_description/meshes/tm5-900/visual/tmr_400w_01.obj\n'}
[0.649305] (tm_description) StdoutLine: {'line': b'-- Up-to-date: /root/irslab_ws/install/tm_description/share/tm_description/meshes/tm5-900/visual/tmr_ee.obj\n'}
[0.649348] (tm_description) StdoutLine: {'line': b'-- Up-to-date: /root/irslab_ws/install/tm_description/share/tm_description/meshes/tm5-900/visual/tmr_400w_01.stl\n'}
[0.649390] (tm_description) StdoutLine: {'line': b'-- Up-to-date: /root/irslab_ws/install/tm_description/share/tm_description/meshes/tm5-900/visual/tmr_100w_02.mtl\n'}
[0.649436] (tm_description) StdoutLine: {'line': b'-- Up-to-date: /root/irslab_ws/install/tm_description/share/tm_description/meshes/tm5-900/visual/tmr_ee.mtl\n'}
[0.649479] (tm_description) StdoutLine: {'line': b'-- Up-to-date: /root/irslab_ws/install/tm_description/share/tm_description/meshes/tm5-900/visual/tmr_100w_02.stl\n'}
[0.649523] (tm_description) StdoutLine: {'line': b'-- Up-to-date: /root/irslab_ws/install/tm_description/share/tm_description/meshes/tm5-900/visual/tm5-900_arm1.obj\n'}
[0.649572] (tm_description) StdoutLine: {'line': b'-- Up-to-date: /root/irslab_ws/install/tm_description/share/tm_description/meshes/tm5-900/visual/tmr_100w_01.stl\n'}
[0.649620] (tm_description) StdoutLine: {'line': b'-- Up-to-date: /root/irslab_ws/install/tm_description/share/tm_description/meshes/tm5-900/visual/tmr_iox.obj\n'}
[0.649663] (tm_description) StdoutLine: {'line': b'-- Up-to-date: /root/irslab_ws/install/tm_description/share/tm_description/meshes/tm5-900/visual/tm5_base_moma.stl\n'}
[0.649709] (tm_description) StdoutLine: {'line': b'-- Up-to-date: /root/irslab_ws/install/tm_description/share/tm_description/meshes/tm5-900/visual/tmr_100w_02.obj\n'}
[0.649756] (tm_description) StdoutLine: {'line': b'-- Up-to-date: /root/irslab_ws/install/tm_description/share/tm_description/meshes/tm5-900/visual/tm5-900_arm1.mtl\n'}
[0.649805] (tm_description) StdoutLine: {'line': b'-- Up-to-date: /root/irslab_ws/install/tm_description/share/tm_description/meshes/tm5-900/visual/tmr_400w_01.mtl\n'}
[0.649852] (tm_description) StdoutLine: {'line': b'-- Up-to-date: /root/irslab_ws/install/tm_description/share/tm_description/meshes/tm5-900/visual/tm5-900_arm2.stl\n'}
[0.649906] (tm_description) StdoutLine: {'line': b'-- Up-to-date: /root/irslab_ws/install/tm_description/share/tm_description/meshes/tm5-900/visual/tm5-900_arm2.obj\n'}
[0.649954] (tm_description) StdoutLine: {'line': b'-- Up-to-date: /root/irslab_ws/install/tm_description/share/tm_description/meshes/tm5-900/visual/tmr_100w_01.obj\n'}
[0.650001] (tm_description) StdoutLine: {'line': b'-- Up-to-date: /root/irslab_ws/install/tm_description/share/tm_description/meshes/tm5-900/visual/tmr_ee.stl\n'}
[0.650052] (tm_description) StdoutLine: {'line': b'-- Up-to-date: /root/irslab_ws/install/tm_description/share/tm_description/meshes/tm5-900/visual/tm5-900_arm1.stl\n'}
[0.650101] (tm_description) StdoutLine: {'line': b'-- Up-to-date: /root/irslab_ws/install/tm_description/share/tm_description/meshes/tm5-900/visual/tm5_base_moma.mtl\n'}
[0.650147] (tm_description) StdoutLine: {'line': b'-- Up-to-date: /root/irslab_ws/install/tm_description/share/tm_description/meshes/tm5-900/visual/tm5-900_arm2.mtl\n'}
[0.650192] (tm_description) StdoutLine: {'line': b'-- Up-to-date: /root/irslab_ws/install/tm_description/share/tm_description/meshes/tm5-900/visual/tm5_base_moma.obj\n'}
[0.650234] (tm_description) StdoutLine: {'line': b'-- Up-to-date: /root/irslab_ws/install/tm_description/share/tm_description/meshes/tm5-900/visual/tmr_iox.mtl\n'}
[0.650279] (tm_description) StdoutLine: {'line': b'-- Up-to-date: /root/irslab_ws/install/tm_description/share/tm_description/meshes/tm5-900/visual/tmr_iox.stl\n'}
[0.650318] (tm_description) StdoutLine: {'line': b'-- Up-to-date: /root/irslab_ws/install/tm_description/share/tm_description/meshes/tm5-900/visual/tm5-base.stl\n'}
[0.650359] (tm_description) StdoutLine: {'line': b'-- Up-to-date: /root/irslab_ws/install/tm_description/share/tm_description/meshes/tm5-900/collision\n'}
[0.650401] (tm_description) StdoutLine: {'line': b'-- Up-to-date: /root/irslab_ws/install/tm_description/share/tm_description/meshes/tm5-900/collision/tmr_ee_c.stl\n'}
[0.650444] (tm_description) StdoutLine: {'line': b'-- Up-to-date: /root/irslab_ws/install/tm_description/share/tm_description/meshes/tm5-900/collision/tm5_base_c.stl\n'}
[0.650484] (tm_description) StdoutLine: {'line': b'-- Up-to-date: /root/irslab_ws/install/tm_description/share/tm_description/meshes/tm5-900/collision/tmr_iox_c.stl\n'}
[0.650525] (tm_description) StdoutLine: {'line': b'-- Up-to-date: /root/irslab_ws/install/tm_description/share/tm_description/meshes/tm5-900/collision/tmr_400w_01_c.stl\n'}
[0.650567] (tm_description) StdoutLine: {'line': b'-- Up-to-date: /root/irslab_ws/install/tm_description/share/tm_description/meshes/tm5-900/collision/tm5-900_arm1_c.stl\n'}
[0.650612] (tm_description) StdoutLine: {'line': b'-- Up-to-date: /root/irslab_ws/install/tm_description/share/tm_description/meshes/tm5-900/collision/tmr_100w_01_c.stl\n'}
[0.650646] (tm_description) StdoutLine: {'line': b'-- Up-to-date: /root/irslab_ws/install/tm_description/share/tm_description/meshes/tm5-900/collision/tmr_100w_02_c.stl\n'}
[0.650678] (tm_description) StdoutLine: {'line': b'-- Up-to-date: /root/irslab_ws/install/tm_description/share/tm_description/meshes/tm5-900/collision/tm5-base_c.stl\n'}
[0.650713] (tm_description) StdoutLine: {'line': b'-- Up-to-date: /root/irslab_ws/install/tm_description/share/tm_description/meshes/tm5-900/collision/tm5-900_arm2_c.stl\n'}
[0.650745] (tm_description) StdoutLine: {'line': b'-- Up-to-date: /root/irslab_ws/install/tm_description/share/tm_description/meshes/tm20\n'}
[0.650779] (tm_description) StdoutLine: {'line': b'-- Up-to-date: /root/irslab_ws/install/tm_description/share/tm_description/meshes/tm20/visual\n'}
[0.650812] (tm_description) StdoutLine: {'line': b'-- Up-to-date: /root/irslab_ws/install/tm_description/share/tm_description/meshes/tm20/visual/tm20-j6.obj\n'}
[0.650845] (tm_description) StdoutLine: {'line': b'-- Up-to-date: /root/irslab_ws/install/tm_description/share/tm_description/meshes/tm20/visual/tm20-j1.mtl\n'}
[0.650878] (tm_description) StdoutLine: {'line': b'-- Up-to-date: /root/irslab_ws/install/tm_description/share/tm_description/meshes/tm20/visual/tm20-j5.obj\n'}
[0.650912] (tm_description) StdoutLine: {'line': b'-- Up-to-date: /root/irslab_ws/install/tm_description/share/tm_description/meshes/tm20/visual/tm20-j1.stl\n'}
[0.650946] (tm_description) StdoutLine: {'line': b'-- Up-to-date: /root/irslab_ws/install/tm_description/share/tm_description/meshes/tm20/visual/tm20-arm2.stl\n'}
[0.650977] (tm_description) StdoutLine: {'line': b'-- Up-to-date: /root/irslab_ws/install/tm_description/share/tm_description/meshes/tm20/visual/tm20-arm1.obj\n'}
[0.651009] (tm_description) StdoutLine: {'line': b'-- Up-to-date: /root/irslab_ws/install/tm_description/share/tm_description/meshes/tm20/visual/tm20-j1.obj\n'}
[0.651041] (tm_description) StdoutLine: {'line': b'-- Up-to-date: /root/irslab_ws/install/tm_description/share/tm_description/meshes/tm20/visual/tm20-j5.mtl\n'}
[0.651077] (tm_description) StdoutLine: {'line': b'-- Up-to-date: /root/irslab_ws/install/tm_description/share/tm_description/meshes/tm20/visual/tm20-arm1.stl\n'}
[0.651110] (tm_description) StdoutLine: {'line': b'-- Up-to-date: /root/irslab_ws/install/tm_description/share/tm_description/meshes/tm20/visual/tm20-j5.stl\n'}
[0.651144] (tm_description) StdoutLine: {'line': b'-- Up-to-date: /root/irslab_ws/install/tm_description/share/tm_description/meshes/tm20/visual/tm20-arm2.obj\n'}
[0.651177] (tm_description) StdoutLine: {'line': b'-- Up-to-date: /root/irslab_ws/install/tm_description/share/tm_description/meshes/tm20/visual/tm20-j6.mtl\n'}
[0.651207] (tm_description) StdoutLine: {'line': b'-- Up-to-date: /root/irslab_ws/install/tm_description/share/tm_description/meshes/tm20/visual/tm20-arm1.mtl\n'}
[0.651239] (tm_description) StdoutLine: {'line': b'-- Up-to-date: /root/irslab_ws/install/tm_description/share/tm_description/meshes/tm20/visual/tm20-j6.stl\n'}
[0.651270] (tm_description) StdoutLine: {'line': b'-- Up-to-date: /root/irslab_ws/install/tm_description/share/tm_description/meshes/tm20/visual/tm20-arm2.mtl\n'}
[0.651303] (tm_description) StdoutLine: {'line': b'-- Up-to-date: /root/irslab_ws/install/tm_description/share/tm_description/meshes/tm20/collision\n'}
[0.651336] (tm_description) StdoutLine: {'line': b'-- Up-to-date: /root/irslab_ws/install/tm_description/share/tm_description/meshes/tm20/collision/tm20-arm2_c.stl\n'}
[0.651369] (tm_description) StdoutLine: {'line': b'-- Up-to-date: /root/irslab_ws/install/tm_description/share/tm_description/meshes/tm20/collision/tm20-j1_c.stl\n'}
[0.651403] (tm_description) StdoutLine: {'line': b'-- Up-to-date: /root/irslab_ws/install/tm_description/share/tm_description/meshes/tm20/collision/tm20-j5_c.stl\n'}
[0.651437] (tm_description) StdoutLine: {'line': b'-- Up-to-date: /root/irslab_ws/install/tm_description/share/tm_description/meshes/tm20/collision/tm20-j6_c.stl\n'}
[0.651470] (tm_description) StdoutLine: {'line': b'-- Up-to-date: /root/irslab_ws/install/tm_description/share/tm_description/meshes/tm20/collision/tm20-arm1_c.stl\n'}
[0.651506] (tm_description) StdoutLine: {'line': b'-- Up-to-date: /root/irslab_ws/install/tm_description/share/tm_description/meshes/tm12\n'}
[0.651542] (tm_description) StdoutLine: {'line': b'-- Up-to-date: /root/irslab_ws/install/tm_description/share/tm_description/meshes/tm12/visual\n'}
[0.651576] (tm_description) StdoutLine: {'line': b'-- Up-to-date: /root/irslab_ws/install/tm_description/share/tm_description/meshes/tm12/visual/tm12-base.stl\n'}
[0.651617] (tm_description) StdoutLine: {'line': b'-- Up-to-date: /root/irslab_ws/install/tm_description/share/tm_description/meshes/tm12/visual/tmr_750w_01.obj\n'}
[0.651651] (tm_description) StdoutLine: {'line': b'-- Up-to-date: /root/irslab_ws/install/tm_description/share/tm_description/meshes/tm12/visual/tm12-base.mtl\n'}
[0.651687] (tm_description) StdoutLine: {'line': b'-- Up-to-date: /root/irslab_ws/install/tm_description/share/tm_description/meshes/tm12/visual/tm12-base.obj\n'}
[0.651722] (tm_description) StdoutLine: {'line': b'-- Up-to-date: /root/irslab_ws/install/tm_description/share/tm_description/meshes/tm12/visual/tm12-arm2.obj\n'}
[0.651762] (tm_description) StdoutLine: {'line': b'-- Up-to-date: /root/irslab_ws/install/tm_description/share/tm_description/meshes/tm12/visual/tm12-arm2.mtl\n'}
[0.651796] (tm_description) StdoutLine: {'line': b'-- Up-to-date: /root/irslab_ws/install/tm_description/share/tm_description/meshes/tm12/visual/tm12-arm1.mtl\n'}
[0.651830] (tm_description) StdoutLine: {'line': b'-- Up-to-date: /root/irslab_ws/install/tm_description/share/tm_description/meshes/tm12/visual/tmr_750w_01.mtl\n'}
[0.651865] (tm_description) StdoutLine: {'line': b'-- Up-to-date: /root/irslab_ws/install/tm_description/share/tm_description/meshes/tm12/visual/tm12-arm2.stl\n'}
[0.651898] (tm_description) StdoutLine: {'line': b'-- Up-to-date: /root/irslab_ws/install/tm_description/share/tm_description/meshes/tm12/visual/tm12-arm1.stl\n'}
[0.651934] (tm_description) StdoutLine: {'line': b'-- Up-to-date: /root/irslab_ws/install/tm_description/share/tm_description/meshes/tm12/visual/tmr_750w_01.stl\n'}
[0.651968] (tm_description) StdoutLine: {'line': b'-- Up-to-date: /root/irslab_ws/install/tm_description/share/tm_description/meshes/tm12/visual/tm12-arm1.obj\n'}
[0.652001] (tm_description) StdoutLine: {'line': b'-- Up-to-date: /root/irslab_ws/install/tm_description/share/tm_description/meshes/tm12/collision\n'}
[0.652034] (tm_description) StdoutLine: {'line': b'-- Up-to-date: /root/irslab_ws/install/tm_description/share/tm_description/meshes/tm12/collision/tmr_750w_01_c.stl\n'}
[0.652068] (tm_description) StdoutLine: {'line': b'-- Up-to-date: /root/irslab_ws/install/tm_description/share/tm_description/meshes/tm12/collision/tm12-arm2_c.stl\n'}
[0.652101] (tm_description) StdoutLine: {'line': b'-- Up-to-date: /root/irslab_ws/install/tm_description/share/tm_description/meshes/tm12/collision/tm12-arm1_c.stl\n'}
[0.652135] (tm_description) StdoutLine: {'line': b'-- Up-to-date: /root/irslab_ws/install/tm_description/share/tm_description/meshes/tm12/collision/tm12-base_c.stl\n'}
[0.652167] (tm_description) StdoutLine: {'line': b'-- Up-to-date: /root/irslab_ws/install/tm_description/share/tm_description/meshes/tm14\n'}
[0.652200] (tm_description) StdoutLine: {'line': b'-- Up-to-date: /root/irslab_ws/install/tm_description/share/tm_description/meshes/tm14/visual\n'}
[0.652234] (tm_description) StdoutLine: {'line': b'-- Up-to-date: /root/irslab_ws/install/tm_description/share/tm_description/meshes/tm14/visual/tm14_arm2.mtl\n'}
[0.652268] (tm_description) StdoutLine: {'line': b'-- Up-to-date: /root/irslab_ws/install/tm_description/share/tm_description/meshes/tm14/visual/tm14_arm2.obj\n'}
[0.652303] (tm_description) StdoutLine: {'line': b'-- Up-to-date: /root/irslab_ws/install/tm_description/share/tm_description/meshes/tm14/visual/tm14_arm1.stl\n'}
[0.652337] (tm_description) StdoutLine: {'line': b'-- Up-to-date: /root/irslab_ws/install/tm_description/share/tm_description/meshes/tm14/visual/tm14_arm1.obj\n'}
[0.652374] (tm_description) StdoutLine: {'line': b'-- Up-to-date: /root/irslab_ws/install/tm_description/share/tm_description/meshes/tm14/visual/tm14_arm2.stl\n'}
[0.652406] (tm_description) StdoutLine: {'line': b'-- Up-to-date: /root/irslab_ws/install/tm_description/share/tm_description/meshes/tm14/visual/tm14_arm1.mtl\n'}
[0.652439] (tm_description) StdoutLine: {'line': b'-- Up-to-date: /root/irslab_ws/install/tm_description/share/tm_description/meshes/tm14/collision\n'}
[0.652472] (tm_description) StdoutLine: {'line': b'-- Up-to-date: /root/irslab_ws/install/tm_description/share/tm_description/meshes/tm14/collision/tm14_arm1_c.stl\n'}
[0.652506] (tm_description) StdoutLine: {'line': b'-- Up-to-date: /root/irslab_ws/install/tm_description/share/tm_description/meshes/tm14/collision/tm14_arm2_c.stl\n'}
[0.652539] (tm_description) StdoutLine: {'line': b'-- Up-to-date: /root/irslab_ws/install/tm_description/share/tm_description/meshes/tm16\n'}
[0.652574] (tm_description) StdoutLine: {'line': b'-- Up-to-date: /root/irslab_ws/install/tm_description/share/tm_description/meshes/tm16/visual\n'}
[0.652611] (tm_description) StdoutLine: {'line': b'-- Up-to-date: /root/irslab_ws/install/tm_description/share/tm_description/meshes/tm16/visual/tm16-arm1.mtl\n'}
[0.652647] (tm_description) StdoutLine: {'line': b'-- Up-to-date: /root/irslab_ws/install/tm_description/share/tm_description/meshes/tm16/visual/tm16-arm1.obj\n'}
[0.652680] (tm_description) StdoutLine: {'line': b'-- Up-to-date: /root/irslab_ws/install/tm_description/share/tm_description/meshes/tm16/visual/tm16-arm2.obj\n'}
[0.652714] (tm_description) StdoutLine: {'line': b'-- Up-to-date: /root/irslab_ws/install/tm_description/share/tm_description/meshes/tm16/visual/tm16-arm2.mtl\n'}
[0.652747] (tm_description) StdoutLine: {'line': b'-- Up-to-date: /root/irslab_ws/install/tm_description/share/tm_description/meshes/tm16/visual/tm16-arm1.stl\n'}
[0.652782] (tm_description) StdoutLine: {'line': b'-- Up-to-date: /root/irslab_ws/install/tm_description/share/tm_description/meshes/tm16/visual/tm16-arm2.stl\n'}
[0.652818] (tm_description) StdoutLine: {'line': b'-- Up-to-date: /root/irslab_ws/install/tm_description/share/tm_description/meshes/tm16/collision\n'}
[0.652855] (tm_description) StdoutLine: {'line': b'-- Up-to-date: /root/irslab_ws/install/tm_description/share/tm_description/meshes/tm16/collision/tm16-arm2_c.stl\n'}
[0.652890] (tm_description) StdoutLine: {'line': b'-- Up-to-date: /root/irslab_ws/install/tm_description/share/tm_description/meshes/tm16/collision/tm16-arm1_c.stl\n'}
[0.652924] (tm_description) StdoutLine: {'line': b'-- Up-to-date: /root/irslab_ws/install/tm_description/share/tm_description/urdf\n'}
[0.652959] (tm_description) StdoutLine: {'line': b'-- Up-to-date: /root/irslab_ws/install/tm_description/share/tm_description/urdf/tm16-nominal.urdf\n'}
[0.652995] (tm_description) StdoutLine: {'line': b'-- Up-to-date: /root/irslab_ws/install/tm_description/share/tm_description/urdf/tm5x-700-nominal.urdf\n'}
[0.653029] (tm_description) StdoutLine: {'line': b'-- Up-to-date: /root/irslab_ws/install/tm_description/share/tm_description/urdf/tm20-nominal.urdf\n'}
[0.653063] (tm_description) StdoutLine: {'line': b'-- Up-to-date: /root/irslab_ws/install/tm_description/share/tm_description/urdf/tm14x-nominal.urdf\n'}
[0.653098] (tm_description) StdoutLine: {'line': b'-- Up-to-date: /root/irslab_ws/install/tm_description/share/tm_description/urdf/tm5-900-nominal.urdf\n'}
[0.653132] (tm_description) StdoutLine: {'line': b'-- Up-to-date: /root/irslab_ws/install/tm_description/share/tm_description/urdf/tm5x-900-nominal.urdf\n'}
[0.653169] (tm_description) StdoutLine: {'line': b'-- Up-to-date: /root/irslab_ws/install/tm_description/share/tm_description/urdf/tm12-nominal.urdf\n'}
[0.653204] (tm_description) StdoutLine: {'line': b'-- Up-to-date: /root/irslab_ws/install/tm_description/share/tm_description/urdf/tm5-700-nominal.urdf\n'}
[0.653238] (tm_description) StdoutLine: {'line': b'-- Up-to-date: /root/irslab_ws/install/tm_description/share/tm_description/urdf/tm5-900.urdf\n'}
[0.653273] (tm_description) StdoutLine: {'line': b'-- Up-to-date: /root/irslab_ws/install/tm_description/share/tm_description/urdf/tm12x-nominal.urdf\n'}
[0.653307] (tm_description) StdoutLine: {'line': b'-- Up-to-date: /root/irslab_ws/install/tm_description/share/tm_description/urdf/tm14-nominal.urdf\n'}
[0.653342] (tm_description) StdoutLine: {'line': b'-- Up-to-date: /root/irslab_ws/install/tm_description/share/tm_description/xacro\n'}
[0.653376] (tm_description) StdoutLine: {'line': b'-- Up-to-date: /root/irslab_ws/install/tm_description/share/tm_description/xacro/macro.materials.xacro\n'}
[0.653409] (tm_description) StdoutLine: {'line': b'-- Up-to-date: /root/irslab_ws/install/tm_description/share/tm_description/xacro/tm20.urdf.xacro\n'}
[0.653444] (tm_description) StdoutLine: {'line': b'-- Up-to-date: /root/irslab_ws/install/tm_description/share/tm_description/xacro/macro.gazebo.xacro\n'}
[0.653477] (tm_description) StdoutLine: {'line': b'-- Up-to-date: /root/irslab_ws/install/tm_description/share/tm_description/xacro/macro.handsolo.urdf.xacro\n'}
[0.653511] (tm_description) StdoutLine: {'line': b'-- Up-to-date: /root/irslab_ws/install/tm_description/share/tm_description/xacro/tm5x-900.urdf.xacro\n'}
[0.653547] (tm_description) StdoutLine: {'line': b'-- Up-to-date: /root/irslab_ws/install/tm_description/share/tm_description/xacro/macro.tm12-nominal.urdf.xacro\n'}
[0.653580] (tm_description) StdoutLine: {'line': b'-- Up-to-date: /root/irslab_ws/install/tm_description/share/tm_description/xacro/macro.inertial.xacro\n'}
[0.653619] (tm_description) StdoutLine: {'line': b'-- Up-to-date: /root/irslab_ws/install/tm_description/share/tm_description/xacro/tm16.urdf.xacro\n'}
[0.653651] (tm_description) StdoutLine: {'line': b'-- Up-to-date: /root/irslab_ws/install/tm_description/share/tm_description/xacro/tm5x-700.urdf.xacro\n'}
[0.653684] (tm_description) StdoutLine: {'line': b'-- Up-to-date: /root/irslab_ws/install/tm_description/share/tm_description/xacro/macro.tm5x-900-nominal.urdf.xacro\n'}
[0.653717] (tm_description) StdoutLine: {'line': b'-- Up-to-date: /root/irslab_ws/install/tm_description/share/tm_description/xacro/tm5-700.urdf.xacro\n'}
[0.653750] (tm_description) StdoutLine: {'line': b'-- Up-to-date: /root/irslab_ws/install/tm_description/share/tm_description/xacro/tm5-900.urdf.xacro\n'}
[0.653787] (tm_description) StdoutLine: {'line': b'-- Up-to-date: /root/irslab_ws/install/tm_description/share/tm_description/xacro/macro.tm14x-nominal.urdf.xacro\n'}
[0.653819] (tm_description) StdoutLine: {'line': b'-- Up-to-date: /root/irslab_ws/install/tm_description/share/tm_description/xacro/tm12x.urdf.xacro\n'}
[0.653853] (tm_description) StdoutLine: {'line': b'-- Up-to-date: /root/irslab_ws/install/tm_description/share/tm_description/xacro/handsolo.urdf.xacro\n'}
[0.653885] (tm_description) StdoutLine: {'line': b'-- Up-to-date: /root/irslab_ws/install/tm_description/share/tm_description/xacro/macro.tm5-700-nominal.urdf.xacro\n'}
[0.653918] (tm_description) StdoutLine: {'line': b'-- Up-to-date: /root/irslab_ws/install/tm_description/share/tm_description/xacro/tm12.urdf.xacro\n'}
[0.653950] (tm_description) StdoutLine: {'line': b'-- Up-to-date: /root/irslab_ws/install/tm_description/share/tm_description/xacro/tm14x.urdf.xacro\n'}
[0.653983] (tm_description) StdoutLine: {'line': b'-- Up-to-date: /root/irslab_ws/install/tm_description/share/tm_description/xacro/tm14.urdf.xacro\n'}
[0.654016] (tm_description) StdoutLine: {'line': b'-- Up-to-date: /root/irslab_ws/install/tm_description/share/tm_description/xacro/macro.tm14-nominal.urdf.xacro\n'}
[0.654048] (tm_description) StdoutLine: {'line': b'-- Up-to-date: /root/irslab_ws/install/tm_description/share/tm_description/xacro/macro.transmission.xacro\n'}
[0.654081] (tm_description) StdoutLine: {'line': b'-- Up-to-date: /root/irslab_ws/install/tm_description/share/tm_description/xacro/macro.tm20-nominal.urdf.xacro\n'}
[0.654114] (tm_description) StdoutLine: {'line': b'-- Up-to-date: /root/irslab_ws/install/tm_description/share/tm_description/xacro/macro.tm12x-nominal.urdf.xacro\n'}
[0.654145] (tm_description) StdoutLine: {'line': b'-- Up-to-date: /root/irslab_ws/install/tm_description/share/tm_description/xacro/macro.tm5x-700-nominal.urdf.xacro\n'}
[0.654178] (tm_description) StdoutLine: {'line': b'-- Up-to-date: /root/irslab_ws/install/tm_description/share/tm_description/xacro/macro.tm16-nominal.urdf.xacro\n'}
[0.654211] (tm_description) StdoutLine: {'line': b'-- Up-to-date: /root/irslab_ws/install/tm_description/share/tm_description/xacro/macro.tm5-900-nominal.urdf.xacro\n'}
[0.654246] (tm_description) JobEnded: {'identifier': 'tm_description', 'rc': 'SIGINT'}
[0.655903] (tm12_moveit_config) JobSkipped: {'identifier': 'tm12_moveit_config'}
[0.655964] (tm12x_moveit_config) JobSkipped: {'identifier': 'tm12x_moveit_config'}
[0.655981] (tm14_moveit_config) JobSkipped: {'identifier': 'tm14_moveit_config'}
[0.655992] (tm14x_moveit_config) JobSkipped: {'identifier': 'tm14x_moveit_config'}
[0.656007] (tm16_moveit_config) JobSkipped: {'identifier': 'tm16_moveit_config'}
[0.656019] (tm20_moveit_config) JobSkipped: {'identifier': 'tm20_moveit_config'}
[0.656029] (tm5-700_moveit_config) JobSkipped: {'identifier': 'tm5-700_moveit_config'}
[0.656070] (tm5-900_moveit_config) JobSkipped: {'identifier': 'tm5-900_moveit_config'}
[0.656088] (tm5x-700_moveit_config) JobSkipped: {'identifier': 'tm5x-700_moveit_config'}
[0.656204] (tm5x-900_moveit_config) JobSkipped: {'identifier': 'tm5x-900_moveit_config'}
[0.656235] (tm_driver) JobSkipped: {'identifier': 'tm_driver'}
[0.656249] (tm_inspect) JobSkipped: {'identifier': 'tm_inspect'}
[0.656261] (tm_test) JobSkipped: {'identifier': 'tm_test'}
[0.656274] (-) EventReactorShutdown: {}
