[0.024s] Invoking command in '/root/irslab_ws/build/custom_nav2_bt_nodes': CMAKE_PREFIX_PATH=/opt/ros/humble /usr/bin/cmake --build /root/irslab_ws/build/custom_nav2_bt_nodes -- -j20 -l20
[0.493s] -- Found ament_cmake: 1.3.12 (/opt/ros/humble/share/ament_cmake/cmake)
[0.493s] -- Found rclcpp: 16.0.15 (/opt/ros/humble/share/rclcpp/cmake)
[0.493s] -- Found rosidl_generator_c: 3.1.7 (/opt/ros/humble/share/rosidl_generator_c/cmake)
[0.494s] -- Found rosidl_adapter: 3.1.7 (/opt/ros/humble/share/rosidl_adapter/cmake)
[0.495s] -- Found rosidl_generator_cpp: 3.1.7 (/opt/ros/humble/share/rosidl_generator_cpp/cmake)
[0.495s] -- Using all available rosidl_typesupport_c: rosidl_typesupport_fastrtps_c;rosidl_typesupport_introspection_c
[0.495s] -- Using all available rosidl_typesupport_cpp: rosidl_typesupport_fastrtps_cpp;rosidl_typesupport_introspection_cpp
[0.495s] -- Found rmw_implementation_cmake: 6.1.2 (/opt/ros/humble/share/rmw_implementation_cmake/cmake)
[0.495s] -- Found rmw_cyclonedds_cpp: 1.3.4 (/opt/ros/humble/share/rmw_cyclonedds_cpp/cmake)
[0.495s] -- Using RMW implementation 'rmw_cyclonedds_cpp' as default
[0.495s] -- Found nav2_behavior_tree: 1.1.18 (/opt/ros/humble/share/nav2_behavior_tree/cmake)
[0.495s] -- Found eigen3_cmake_module: 0.1.1 (/opt/ros/humble/share/eigen3_cmake_module/cmake)
[0.496s] -- Ensuring Eigen3 include directory is part of orocos-kdl CMake target
[0.496s] -- Found pluginlib: 5.1.0 (/opt/ros/humble/share/pluginlib/cmake)
[0.496s] -- Configuring incomplete, errors occurred!
[0.496s] See also "/root/irslab_ws/build/custom_nav2_bt_nodes/CMakeFiles/CMakeOutput.log".
[0.498s] [31mCMake Error at /opt/ros/humble/share/ament_cmake_core/cmake/core/assert_file_exists.cmake:20 (message):
[0.498s]   ament_package() called with extra file 'install/local_setup.bash' which
[0.498s]   does not exist
[0.498s] Call Stack (most recent call first):
[0.499s]   /opt/ros/humble/share/ament_cmake_core/cmake/core/ament_package.cmake:98 (assert_file_exists)
[0.499s]   /opt/ros/humble/share/ament_cmake_core/cmake/core/ament_package.cmake:68 (_ament_package)
[0.499s]   CMakeLists.txt:62 (ament_package)
[0.499s] 
[0.499s] [0m
[0.499s] gmake: *** [Makefile:267: cmake_check_build_system] Error 1
[0.617s] Invoked command in '/root/irslab_ws/build/custom_nav2_bt_nodes' returned '2': CMAKE_PREFIX_PATH=/opt/ros/humble /usr/bin/cmake --build /root/irslab_ws/build/custom_nav2_bt_nodes -- -j20 -l20
