[0.020s] Invoking command in '/root/irslab_ws/build/tm_msgs': CMAKE_PREFIX_PATH=${CMAKE_PREFIX_PATH}:/root/irslab_ws/install/tm_mod_urdf:/root/irslab_ws/install/pa_warehouse_status:/root/irslab_ws/install/hand_solo_virtual_nav:/opt/ros/humble /usr/bin/cmake /root/irslab_ws/src/tmr_ros2/tm_msgs -DCMAKE_INSTALL_PREFIX=/root/irslab_ws/install/tm_msgs
[0.389s] -- The C compiler identification is GNU 11.4.0
[0.389s] -- The CXX compiler identification is GNU 11.4.0
[0.389s] -- Detecting C compiler ABI info
[0.389s] -- Detecting C compiler ABI info - done
[0.389s] -- Check for working C compiler: /usr/bin/cc - skipped
[0.389s] -- Detecting C compile features
[0.389s] -- Detecting C compile features - done
[0.389s] -- Detecting CXX compiler ABI info
[0.390s] -- Detecting CXX compiler ABI info - done
[0.390s] -- Check for working CXX compiler: /usr/bin/c++ - skipped
[0.390s] -- Detecting CXX compile features
[0.390s] -- Detecting CXX compile features - done
[0.390s] -- Found ament_cmake: 1.3.12 (/opt/ros/humble/share/ament_cmake/cmake)
[0.400s] -- Found Python3: /usr/bin/python3 (found version "3.10.12") found components: Interpreter 
[0.487s] -- Found rosidl_default_generators: 1.2.0 (/opt/ros/humble/share/rosidl_default_generators/cmake)
[0.492s] -- Using all available rosidl_typesupport_c: rosidl_typesupport_fastrtps_c;rosidl_typesupport_introspection_c
[0.499s] -- Found rosidl_adapter: 3.1.7 (/opt/ros/humble/share/rosidl_adapter/cmake)
[0.538s] -- Using all available rosidl_typesupport_cpp: rosidl_typesupport_fastrtps_cpp;rosidl_typesupport_introspection_cpp
[0.572s] -- Found std_msgs: 4.9.0 (/opt/ros/humble/share/std_msgs/cmake)
[1.171s] -- Found ament_cmake_ros: 0.10.0 (/opt/ros/humble/share/ament_cmake_ros/cmake)
[1.463s] -- Using all available rosidl_typesupport_c: rosidl_typesupport_fastrtps_c;rosidl_typesupport_introspection_c
[1.855s] -- Using all available rosidl_typesupport_cpp: rosidl_typesupport_fastrtps_cpp;rosidl_typesupport_introspection_cpp
[1.875s] -- Found PythonInterp: /usr/bin/python3 (found suitable version "3.10.12", minimum required is "3.6") 
[1.879s] -- Found python_cmake_module: 0.10.0 (/opt/ros/humble/share/python_cmake_module/cmake)
[1.907s] -- Found PythonLibs: /usr/lib/x86_64-linux-gnu/libpython3.10.so (found suitable version "3.10.12", minimum required is "3.5") 
[1.907s] -- Using PYTHON_EXECUTABLE: /usr/bin/python3
[1.908s] -- Using PYTHON_INCLUDE_DIRS: /usr/include/python3.10
[1.908s] -- Using PYTHON_LIBRARIES: /usr/lib/x86_64-linux-gnu/libpython3.10.so
[1.918s] -- Found PythonExtra: .so  
[1.976s] -- Configuring done
[2.019s] -- Generating done
[2.029s] -- Build files have been written to: /root/irslab_ws/build/tm_msgs
[2.036s] Invoked command in '/root/irslab_ws/build/tm_msgs' returned '0': CMAKE_PREFIX_PATH=${CMAKE_PREFIX_PATH}:/root/irslab_ws/install/tm_mod_urdf:/root/irslab_ws/install/pa_warehouse_status:/root/irslab_ws/install/hand_solo_virtual_nav:/opt/ros/humble /usr/bin/cmake /root/irslab_ws/src/tmr_ros2/tm_msgs -DCMAKE_INSTALL_PREFIX=/root/irslab_ws/install/tm_msgs
[2.036s] Invoking command in '/root/irslab_ws/build/tm_msgs': CMAKE_PREFIX_PATH=${CMAKE_PREFIX_PATH}:/root/irslab_ws/install/tm_mod_urdf:/root/irslab_ws/install/pa_warehouse_status:/root/irslab_ws/install/hand_solo_virtual_nav:/opt/ros/humble /usr/bin/cmake --build /root/irslab_ws/build/tm_msgs -- -j20 -l20
[2.076s] [  1%] [34m[1mGenerating C code for ROS interfaces[0m
[2.084s] [  1%] [34m[1mGenerating C++ code for ROS interfaces[0m
[2.095s] [  1%] Built target ament_cmake_python_copy_tm_msgs
[2.274s] running egg_info
[2.274s] creating tm_msgs.egg-info
[2.274s] writing tm_msgs.egg-info/PKG-INFO
[2.274s] writing dependency_links to tm_msgs.egg-info/dependency_links.txt
[2.274s] writing top-level names to tm_msgs.egg-info/top_level.txt
[2.275s] writing manifest file 'tm_msgs.egg-info/SOURCES.txt'
[2.276s] reading manifest file 'tm_msgs.egg-info/SOURCES.txt'
[2.277s] writing manifest file 'tm_msgs.egg-info/SOURCES.txt'
[2.307s] [  1%] Built target ament_cmake_python_build_tm_msgs_egg
[3.415s] [  2%] [32mBuilding C object CMakeFiles/tm_msgs__rosidl_generator_c.dir/rosidl_generator_c/tm_msgs/msg/detail/svr_response__functions.c.o[0m
[3.415s] [  3%] [32mBuilding C object CMakeFiles/tm_msgs__rosidl_generator_c.dir/rosidl_generator_c/tm_msgs/srv/detail/connect_tm__functions.c.o[0m
[3.415s] [  3%] [32mBuilding C object CMakeFiles/tm_msgs__rosidl_generator_c.dir/rosidl_generator_c/tm_msgs/msg/detail/feedback_state__functions.c.o[0m
[3.415s] [  4%] [32mBuilding C object CMakeFiles/tm_msgs__rosidl_generator_c.dir/rosidl_generator_c/tm_msgs/srv/detail/send_script__functions.c.o[0m
[3.416s] [  5%] [32mBuilding C object CMakeFiles/tm_msgs__rosidl_generator_c.dir/rosidl_generator_c/tm_msgs/msg/detail/sct_response__functions.c.o[0m
[3.416s] [  6%] [32mBuilding C object CMakeFiles/tm_msgs__rosidl_generator_c.dir/rosidl_generator_c/tm_msgs/srv/detail/set_event__functions.c.o[0m
[3.416s] [  7%] [32mBuilding C object CMakeFiles/tm_msgs__rosidl_generator_c.dir/rosidl_generator_c/tm_msgs/msg/detail/sta_response__functions.c.o[0m
[3.418s] [  7%] [32mBuilding C object CMakeFiles/tm_msgs__rosidl_generator_c.dir/rosidl_generator_c/tm_msgs/srv/detail/ask_item__functions.c.o[0m
[3.419s] [  8%] [32mBuilding C object CMakeFiles/tm_msgs__rosidl_generator_c.dir/rosidl_generator_c/tm_msgs/srv/detail/set_io__functions.c.o[0m
[3.419s] [  9%] [32mBuilding C object CMakeFiles/tm_msgs__rosidl_generator_c.dir/rosidl_generator_c/tm_msgs/srv/detail/write_item__functions.c.o[0m
[3.424s] [ 10%] [32mBuilding C object CMakeFiles/tm_msgs__rosidl_generator_c.dir/rosidl_generator_c/tm_msgs/srv/detail/set_positions__functions.c.o[0m
[3.434s] [ 11%] [32mBuilding C object CMakeFiles/tm_msgs__rosidl_generator_c.dir/rosidl_generator_c/tm_msgs/srv/detail/robot_command__functions.c.o[0m
[3.434s] [ 11%] [32mBuilding C object CMakeFiles/tm_msgs__rosidl_generator_c.dir/rosidl_generator_c/tm_msgs/srv/detail/ask_sta__functions.c.o[0m
[3.505s] [ 11%] Built target tm_msgs__cpp
[3.517s] [ 11%] [34m[1mGenerating C++ introspection for ROS interfaces[0m
[3.519s] [ 12%] [34m[1mGenerating C++ type support dispatch for ROS interfaces[0m
[3.520s] [ 13%] [34m[1mGenerating C++ type support for eProsima Fast-RTPS[0m
[3.521s] [ 14%] [32m[1mLinking C shared library libtm_msgs__rosidl_generator_c.so[0m
[3.574s] [ 14%] Built target tm_msgs__rosidl_generator_c
[3.586s] [ 15%] [34m[1mGenerating C type support dispatch for ROS interfaces[0m
[3.586s] [ 16%] [34m[1mGenerating C introspection for ROS interfaces[0m
[3.589s] [ 17%] [34m[1mGenerating C type support for eProsima Fast-RTPS[0m
[4.827s] [ 17%] [32mBuilding CXX object CMakeFiles/tm_msgs__rosidl_typesupport_c.dir/rosidl_typesupport_c/tm_msgs/msg/feedback_state__type_support.cpp.o[0m
[4.833s] [ 18%] [32mBuilding CXX object CMakeFiles/tm_msgs__rosidl_typesupport_c.dir/rosidl_typesupport_c/tm_msgs/msg/sta_response__type_support.cpp.o[0m
[4.833s] [ 19%] [32mBuilding CXX object CMakeFiles/tm_msgs__rosidl_typesupport_c.dir/rosidl_typesupport_c/tm_msgs/srv/connect_tm__type_support.cpp.o[0m
[4.835s] [ 21%] [32mBuilding CXX object CMakeFiles/tm_msgs__rosidl_typesupport_c.dir/rosidl_typesupport_c/tm_msgs/srv/ask_item__type_support.cpp.o[0m
[4.835s] [ 21%] [32mBuilding CXX object CMakeFiles/tm_msgs__rosidl_typesupport_c.dir/rosidl_typesupport_c/tm_msgs/srv/write_item__type_support.cpp.o[0m
[4.837s] [ 22%] [32mBuilding CXX object CMakeFiles/tm_msgs__rosidl_typesupport_c.dir/rosidl_typesupport_c/tm_msgs/msg/sct_response__type_support.cpp.o[0m
[4.837s] [ 22%] [32mBuilding CXX object CMakeFiles/tm_msgs__rosidl_typesupport_c.dir/rosidl_typesupport_c/tm_msgs/msg/svr_response__type_support.cpp.o[0m
[4.837s] [ 23%] [32mBuilding CXX object CMakeFiles/tm_msgs__rosidl_typesupport_c.dir/rosidl_typesupport_c/tm_msgs/srv/set_event__type_support.cpp.o[0m
[4.837s] [ 24%] [32mBuilding CXX object CMakeFiles/tm_msgs__rosidl_typesupport_c.dir/rosidl_typesupport_c/tm_msgs/srv/ask_sta__type_support.cpp.o[0m
[4.837s] [ 25%] [32mBuilding CXX object CMakeFiles/tm_msgs__rosidl_typesupport_c.dir/rosidl_typesupport_c/tm_msgs/srv/send_script__type_support.cpp.o[0m
[4.838s] [ 26%] [32mBuilding CXX object CMakeFiles/tm_msgs__rosidl_typesupport_c.dir/rosidl_typesupport_c/tm_msgs/srv/set_io__type_support.cpp.o[0m
[4.839s] [ 26%] [32mBuilding CXX object CMakeFiles/tm_msgs__rosidl_typesupport_c.dir/rosidl_typesupport_c/tm_msgs/srv/set_positions__type_support.cpp.o[0m
[4.841s] [ 27%] [32mBuilding CXX object CMakeFiles/tm_msgs__rosidl_typesupport_c.dir/rosidl_typesupport_c/tm_msgs/srv/robot_command__type_support.cpp.o[0m
[4.858s] [ 28%] [32mBuilding CXX object CMakeFiles/tm_msgs__rosidl_typesupport_cpp.dir/rosidl_typesupport_cpp/tm_msgs/msg/svr_response__type_support.cpp.o[0m
[4.858s] [ 28%] [32mBuilding CXX object CMakeFiles/tm_msgs__rosidl_typesupport_cpp.dir/rosidl_typesupport_cpp/tm_msgs/msg/sct_response__type_support.cpp.o[0m
[4.861s] [ 29%] [32mBuilding CXX object CMakeFiles/tm_msgs__rosidl_typesupport_cpp.dir/rosidl_typesupport_cpp/tm_msgs/msg/feedback_state__type_support.cpp.o[0m
[4.883s] [ 30%] [32mBuilding CXX object CMakeFiles/tm_msgs__rosidl_typesupport_cpp.dir/rosidl_typesupport_cpp/tm_msgs/srv/write_item__type_support.cpp.o[0m
[4.883s] [ 31%] [32mBuilding CXX object CMakeFiles/tm_msgs__rosidl_typesupport_cpp.dir/rosidl_typesupport_cpp/tm_msgs/msg/sta_response__type_support.cpp.o[0m
[4.883s] [ 32%] [32mBuilding CXX object CMakeFiles/tm_msgs__rosidl_typesupport_cpp.dir/rosidl_typesupport_cpp/tm_msgs/srv/connect_tm__type_support.cpp.o[0m
[4.883s] [ 33%] [32mBuilding CXX object CMakeFiles/tm_msgs__rosidl_typesupport_cpp.dir/rosidl_typesupport_cpp/tm_msgs/srv/ask_item__type_support.cpp.o[0m
[4.884s] [ 34%] [32mBuilding CXX object CMakeFiles/tm_msgs__rosidl_typesupport_cpp.dir/rosidl_typesupport_cpp/tm_msgs/srv/set_event__type_support.cpp.o[0m
[4.886s] [ 36%] [32mBuilding CXX object CMakeFiles/tm_msgs__rosidl_typesupport_cpp.dir/rosidl_typesupport_cpp/tm_msgs/srv/send_script__type_support.cpp.o[0m
[4.886s] [ 36%] [32mBuilding CXX object CMakeFiles/tm_msgs__rosidl_typesupport_cpp.dir/rosidl_typesupport_cpp/tm_msgs/srv/ask_sta__type_support.cpp.o[0m
[4.886s] [ 36%] [32mBuilding CXX object CMakeFiles/tm_msgs__rosidl_typesupport_cpp.dir/rosidl_typesupport_cpp/tm_msgs/srv/set_io__type_support.cpp.o[0m
[4.887s] [ 36%] [32mBuilding CXX object CMakeFiles/tm_msgs__rosidl_typesupport_cpp.dir/rosidl_typesupport_cpp/tm_msgs/srv/robot_command__type_support.cpp.o[0m
[4.889s] [ 37%] [32mBuilding CXX object CMakeFiles/tm_msgs__rosidl_typesupport_cpp.dir/rosidl_typesupport_cpp/tm_msgs/srv/set_positions__type_support.cpp.o[0m
[4.901s] [ 38%] [32m[1mLinking CXX shared library libtm_msgs__rosidl_typesupport_c.so[0m
[4.979s] [ 38%] Built target tm_msgs__rosidl_typesupport_c
[5.143s] [ 40%] [32mBuilding C object CMakeFiles/tm_msgs__rosidl_typesupport_introspection_c.dir/rosidl_typesupport_introspection_c/tm_msgs/msg/detail/svr_response__type_support.c.o[0m
[5.143s] [ 40%] [32mBuilding C object CMakeFiles/tm_msgs__rosidl_typesupport_introspection_c.dir/rosidl_typesupport_introspection_c/tm_msgs/msg/detail/sct_response__type_support.c.o[0m
[5.144s] [ 41%] [32mBuilding C object CMakeFiles/tm_msgs__rosidl_typesupport_introspection_c.dir/rosidl_typesupport_introspection_c/tm_msgs/msg/detail/sta_response__type_support.c.o[0m
[5.144s] [ 40%] [32mBuilding C object CMakeFiles/tm_msgs__rosidl_typesupport_introspection_c.dir/rosidl_typesupport_introspection_c/tm_msgs/msg/detail/feedback_state__type_support.c.o[0m
[5.208s] [ 42%] [32mBuilding C object CMakeFiles/tm_msgs__rosidl_typesupport_introspection_c.dir/rosidl_typesupport_introspection_c/tm_msgs/srv/detail/write_item__type_support.c.o[0m
[5.213s] [ 43%] [32mBuilding C object CMakeFiles/tm_msgs__rosidl_typesupport_introspection_c.dir/rosidl_typesupport_introspection_c/tm_msgs/srv/detail/connect_tm__type_support.c.o[0m
[5.227s] [ 44%] [32mBuilding C object CMakeFiles/tm_msgs__rosidl_typesupport_introspection_c.dir/rosidl_typesupport_introspection_c/tm_msgs/srv/detail/ask_item__type_support.c.o[0m
[5.231s] [ 44%] [32mBuilding C object CMakeFiles/tm_msgs__rosidl_typesupport_introspection_c.dir/rosidl_typesupport_introspection_c/tm_msgs/srv/detail/send_script__type_support.c.o[0m
[5.240s] [ 45%] [32mBuilding C object CMakeFiles/tm_msgs__rosidl_typesupport_introspection_c.dir/rosidl_typesupport_introspection_c/tm_msgs/srv/detail/set_event__type_support.c.o[0m
[5.268s] [ 46%] [32mBuilding C object CMakeFiles/tm_msgs__rosidl_typesupport_introspection_c.dir/rosidl_typesupport_introspection_c/tm_msgs/srv/detail/set_io__type_support.c.o[0m
[5.268s] [ 47%] [32mBuilding C object CMakeFiles/tm_msgs__rosidl_typesupport_introspection_c.dir/rosidl_typesupport_introspection_c/tm_msgs/srv/detail/ask_sta__type_support.c.o[0m
[5.268s] [ 48%] [32mBuilding C object CMakeFiles/tm_msgs__rosidl_typesupport_introspection_c.dir/rosidl_typesupport_introspection_c/tm_msgs/srv/detail/set_positions__type_support.c.o[0m
[5.278s] [ 48%] [32mBuilding C object CMakeFiles/tm_msgs__rosidl_typesupport_introspection_c.dir/rosidl_typesupport_introspection_c/tm_msgs/srv/detail/robot_command__type_support.c.o[0m
[5.319s] [ 49%] [32m[1mLinking C shared library libtm_msgs__rosidl_typesupport_introspection_c.so[0m
[5.377s] [ 49%] Built target tm_msgs__rosidl_typesupport_introspection_c
[5.387s] [ 51%] [32mBuilding CXX object CMakeFiles/tm_msgs__rosidl_typesupport_introspection_cpp.dir/rosidl_typesupport_introspection_cpp/tm_msgs/msg/detail/sct_response__type_support.cpp.o[0m
[5.387s] [ 51%] [32mBuilding CXX object CMakeFiles/tm_msgs__rosidl_typesupport_introspection_cpp.dir/rosidl_typesupport_introspection_cpp/tm_msgs/msg/detail/sta_response__type_support.cpp.o[0m
[5.388s] [ 51%] [32mBuilding CXX object CMakeFiles/tm_msgs__rosidl_typesupport_introspection_cpp.dir/rosidl_typesupport_introspection_cpp/tm_msgs/srv/detail/connect_tm__type_support.cpp.o[0m
[5.388s] [ 52%] [32mBuilding CXX object CMakeFiles/tm_msgs__rosidl_typesupport_introspection_cpp.dir/rosidl_typesupport_introspection_cpp/tm_msgs/msg/detail/svr_response__type_support.cpp.o[0m
[5.388s] [ 53%] [32mBuilding CXX object CMakeFiles/tm_msgs__rosidl_typesupport_introspection_cpp.dir/rosidl_typesupport_introspection_cpp/tm_msgs/msg/detail/feedback_state__type_support.cpp.o[0m
[5.391s] [ 54%] [32mBuilding CXX object CMakeFiles/tm_msgs__rosidl_typesupport_introspection_cpp.dir/rosidl_typesupport_introspection_cpp/tm_msgs/srv/detail/send_script__type_support.cpp.o[0m
[5.391s] [ 54%] [32mBuilding CXX object CMakeFiles/tm_msgs__rosidl_typesupport_introspection_cpp.dir/rosidl_typesupport_introspection_cpp/tm_msgs/srv/detail/set_io__type_support.cpp.o[0m
[5.391s] [ 55%] [32mBuilding CXX object CMakeFiles/tm_msgs__rosidl_typesupport_introspection_cpp.dir/rosidl_typesupport_introspection_cpp/tm_msgs/srv/detail/write_item__type_support.cpp.o[0m
[5.391s] [ 56%] [32mBuilding CXX object CMakeFiles/tm_msgs__rosidl_typesupport_introspection_cpp.dir/rosidl_typesupport_introspection_cpp/tm_msgs/srv/detail/ask_sta__type_support.cpp.o[0m
[5.393s] [ 57%] [32mBuilding CXX object CMakeFiles/tm_msgs__rosidl_typesupport_introspection_cpp.dir/rosidl_typesupport_introspection_cpp/tm_msgs/srv/detail/ask_item__type_support.cpp.o[0m
[5.395s] [ 59%] [32mBuilding CXX object CMakeFiles/tm_msgs__rosidl_typesupport_introspection_cpp.dir/rosidl_typesupport_introspection_cpp/tm_msgs/srv/detail/robot_command__type_support.cpp.o[0m
[5.395s] [ 59%] [32mBuilding CXX object CMakeFiles/tm_msgs__rosidl_typesupport_introspection_cpp.dir/rosidl_typesupport_introspection_cpp/tm_msgs/srv/detail/set_event__type_support.cpp.o[0m
[5.395s] [ 60%] [32mBuilding CXX object CMakeFiles/tm_msgs__rosidl_typesupport_introspection_cpp.dir/rosidl_typesupport_introspection_cpp/tm_msgs/srv/detail/set_positions__type_support.cpp.o[0m
[5.408s] [ 62%] [32mBuilding CXX object CMakeFiles/tm_msgs__rosidl_typesupport_fastrtps_cpp.dir/rosidl_typesupport_fastrtps_cpp/tm_msgs/msg/detail/dds_fastrtps/feedback_state__type_support.cpp.o[0m
[5.409s] [ 62%] [32mBuilding CXX object CMakeFiles/tm_msgs__rosidl_typesupport_fastrtps_cpp.dir/rosidl_typesupport_fastrtps_cpp/tm_msgs/msg/detail/dds_fastrtps/sct_response__type_support.cpp.o[0m
[5.409s] [ 63%] [32mBuilding CXX object CMakeFiles/tm_msgs__rosidl_typesupport_fastrtps_cpp.dir/rosidl_typesupport_fastrtps_cpp/tm_msgs/msg/detail/dds_fastrtps/svr_response__type_support.cpp.o[0m
[5.411s] [ 63%] [32mBuilding CXX object CMakeFiles/tm_msgs__rosidl_typesupport_fastrtps_cpp.dir/rosidl_typesupport_fastrtps_cpp/tm_msgs/msg/detail/dds_fastrtps/sta_response__type_support.cpp.o[0m
[5.415s] [ 64%] [32mBuilding CXX object CMakeFiles/tm_msgs__rosidl_typesupport_fastrtps_cpp.dir/rosidl_typesupport_fastrtps_cpp/tm_msgs/srv/detail/dds_fastrtps/connect_tm__type_support.cpp.o[0m
[5.462s] [ 65%] [32m[1mLinking CXX shared library libtm_msgs__rosidl_typesupport_cpp.so[0m
[5.548s] [ 65%] Built target tm_msgs__rosidl_typesupport_cpp
[5.562s] [ 66%] [32mBuilding CXX object CMakeFiles/tm_msgs__rosidl_typesupport_fastrtps_cpp.dir/rosidl_typesupport_fastrtps_cpp/tm_msgs/srv/detail/dds_fastrtps/write_item__type_support.cpp.o[0m
[5.961s] [ 67%] [32mBuilding CXX object CMakeFiles/tm_msgs__rosidl_typesupport_fastrtps_cpp.dir/rosidl_typesupport_fastrtps_cpp/tm_msgs/srv/detail/dds_fastrtps/ask_item__type_support.cpp.o[0m
[5.971s] [ 68%] [32mBuilding CXX object CMakeFiles/tm_msgs__rosidl_typesupport_fastrtps_cpp.dir/rosidl_typesupport_fastrtps_cpp/tm_msgs/srv/detail/dds_fastrtps/send_script__type_support.cpp.o[0m
[6.003s] [ 68%] [32mBuilding CXX object CMakeFiles/tm_msgs__rosidl_typesupport_fastrtps_cpp.dir/rosidl_typesupport_fastrtps_cpp/tm_msgs/srv/detail/dds_fastrtps/set_event__type_support.cpp.o[0m
[6.009s] [ 69%] [32mBuilding CXX object CMakeFiles/tm_msgs__rosidl_typesupport_fastrtps_cpp.dir/rosidl_typesupport_fastrtps_cpp/tm_msgs/srv/detail/dds_fastrtps/set_io__type_support.cpp.o[0m
[6.029s] [ 70%] [32mBuilding CXX object CMakeFiles/tm_msgs__rosidl_typesupport_fastrtps_c.dir/rosidl_typesupport_fastrtps_c/tm_msgs/msg/detail/feedback_state__type_support_c.cpp.o[0m
[6.079s] [ 71%] [32mBuilding CXX object CMakeFiles/tm_msgs__rosidl_typesupport_fastrtps_cpp.dir/rosidl_typesupport_fastrtps_cpp/tm_msgs/srv/detail/dds_fastrtps/set_positions__type_support.cpp.o[0m
[6.084s] [ 71%] [32mBuilding CXX object CMakeFiles/tm_msgs__rosidl_typesupport_fastrtps_c.dir/rosidl_typesupport_fastrtps_c/tm_msgs/msg/detail/svr_response__type_support_c.cpp.o[0m
[6.091s] [ 72%] [32mBuilding CXX object CMakeFiles/tm_msgs__rosidl_typesupport_fastrtps_cpp.dir/rosidl_typesupport_fastrtps_cpp/tm_msgs/srv/detail/dds_fastrtps/ask_sta__type_support.cpp.o[0m
[6.127s] [ 73%] [32mBuilding CXX object CMakeFiles/tm_msgs__rosidl_typesupport_fastrtps_cpp.dir/rosidl_typesupport_fastrtps_cpp/tm_msgs/srv/detail/dds_fastrtps/robot_command__type_support.cpp.o[0m
[6.163s] [ 74%] [32mBuilding CXX object CMakeFiles/tm_msgs__rosidl_typesupport_fastrtps_c.dir/rosidl_typesupport_fastrtps_c/tm_msgs/msg/detail/sct_response__type_support_c.cpp.o[0m
[6.188s] [ 75%] [32mBuilding CXX object CMakeFiles/tm_msgs__rosidl_typesupport_fastrtps_c.dir/rosidl_typesupport_fastrtps_c/tm_msgs/msg/detail/sta_response__type_support_c.cpp.o[0m
[6.198s] [ 76%] [32mBuilding CXX object CMakeFiles/tm_msgs__rosidl_typesupport_fastrtps_c.dir/rosidl_typesupport_fastrtps_c/tm_msgs/srv/detail/connect_tm__type_support_c.cpp.o[0m
[6.214s] [ 77%] [32mBuilding CXX object CMakeFiles/tm_msgs__rosidl_typesupport_fastrtps_c.dir/rosidl_typesupport_fastrtps_c/tm_msgs/srv/detail/write_item__type_support_c.cpp.o[0m
[6.215s] [ 78%] [32mBuilding CXX object CMakeFiles/tm_msgs__rosidl_typesupport_fastrtps_c.dir/rosidl_typesupport_fastrtps_c/tm_msgs/srv/detail/send_script__type_support_c.cpp.o[0m
[6.217s] [ 78%] [32mBuilding CXX object CMakeFiles/tm_msgs__rosidl_typesupport_fastrtps_c.dir/rosidl_typesupport_fastrtps_c/tm_msgs/srv/detail/ask_item__type_support_c.cpp.o[0m
[6.227s] [ 79%] [32mBuilding CXX object CMakeFiles/tm_msgs__rosidl_typesupport_fastrtps_c.dir/rosidl_typesupport_fastrtps_c/tm_msgs/srv/detail/set_event__type_support_c.cpp.o[0m
[6.230s] [ 80%] [32mBuilding CXX object CMakeFiles/tm_msgs__rosidl_typesupport_fastrtps_c.dir/rosidl_typesupport_fastrtps_c/tm_msgs/srv/detail/set_io__type_support_c.cpp.o[0m
[6.248s] [ 81%] [32mBuilding CXX object CMakeFiles/tm_msgs__rosidl_typesupport_fastrtps_c.dir/rosidl_typesupport_fastrtps_c/tm_msgs/srv/detail/set_positions__type_support_c.cpp.o[0m
[6.305s] [ 82%] [32m[1mLinking CXX shared library libtm_msgs__rosidl_typesupport_introspection_cpp.so[0m
[6.371s] [ 82%] [32mBuilding CXX object CMakeFiles/tm_msgs__rosidl_typesupport_fastrtps_c.dir/rosidl_typesupport_fastrtps_c/tm_msgs/srv/detail/ask_sta__type_support_c.cpp.o[0m
[6.558s] [ 82%] Built target tm_msgs__rosidl_typesupport_introspection_cpp
[6.580s] [ 83%] [32mBuilding CXX object CMakeFiles/tm_msgs__rosidl_typesupport_fastrtps_c.dir/rosidl_typesupport_fastrtps_c/tm_msgs/srv/detail/robot_command__type_support_c.cpp.o[0m
[6.920s] [ 83%] [32m[1mLinking CXX shared library libtm_msgs__rosidl_typesupport_fastrtps_cpp.so[0m
[6.971s] [ 84%] [32m[1mLinking CXX shared library libtm_msgs__rosidl_typesupport_fastrtps_c.so[0m
[7.006s] [ 84%] Built target tm_msgs__rosidl_typesupport_fastrtps_cpp
[7.050s] [ 84%] Built target tm_msgs__rosidl_typesupport_fastrtps_c
[7.070s] [ 84%] Built target tm_msgs
[7.090s] [ 85%] [34m[1mGenerating Python code for ROS interfaces[0m
[9.347s] [ 85%] Built target tm_msgs__py
[9.365s] [ 88%] [32mBuilding C object CMakeFiles/tm_msgs__rosidl_generator_py.dir/rosidl_generator_py/tm_msgs/srv/_write_item_s.c.o[0m
[9.365s] [ 88%] [32mBuilding C object CMakeFiles/tm_msgs__rosidl_generator_py.dir/rosidl_generator_py/tm_msgs/srv/_send_script_s.c.o[0m
[9.365s] [ 88%] [32mBuilding C object CMakeFiles/tm_msgs__rosidl_generator_py.dir/rosidl_generator_py/tm_msgs/msg/_feedback_state_s.c.o[0m
[9.366s] [ 89%] [32mBuilding C object CMakeFiles/tm_msgs__rosidl_generator_py.dir/rosidl_generator_py/tm_msgs/srv/_set_positions_s.c.o[0m
[9.366s] [ 89%] [32mBuilding C object CMakeFiles/tm_msgs__rosidl_generator_py.dir/rosidl_generator_py/tm_msgs/srv/_ask_sta_s.c.o[0m
[9.366s] [ 91%] [32mBuilding C object CMakeFiles/tm_msgs__rosidl_generator_py.dir/rosidl_generator_py/tm_msgs/srv/_robot_command_s.c.o[0m
[9.366s] [ 91%] [32mBuilding C object CMakeFiles/tm_msgs__rosidl_generator_py.dir/rosidl_generator_py/tm_msgs/srv/_connect_tm_s.c.o[0m
[9.366s] [ 91%] [32mBuilding C object CMakeFiles/tm_msgs__rosidl_generator_py.dir/rosidl_generator_py/tm_msgs/msg/_svr_response_s.c.o[0m
[9.366s] [ 91%] [32mBuilding C object CMakeFiles/tm_msgs__rosidl_generator_py.dir/rosidl_generator_py/tm_msgs/srv/_ask_item_s.c.o[0m
[9.366s] [ 92%] [32mBuilding C object CMakeFiles/tm_msgs__rosidl_generator_py.dir/rosidl_generator_py/tm_msgs/msg/_sct_response_s.c.o[0m
[9.366s] [ 93%] [32mBuilding C object CMakeFiles/tm_msgs__rosidl_generator_py.dir/rosidl_generator_py/tm_msgs/msg/_sta_response_s.c.o[0m
[9.367s] [ 94%] [32mBuilding C object CMakeFiles/tm_msgs__rosidl_generator_py.dir/rosidl_generator_py/tm_msgs/srv/_set_io_s.c.o[0m
[9.367s] [ 95%] [32mBuilding C object CMakeFiles/tm_msgs__rosidl_generator_py.dir/rosidl_generator_py/tm_msgs/srv/_set_event_s.c.o[0m
[9.596s] [ 96%] [32m[1mLinking C shared library rosidl_generator_py/tm_msgs/libtm_msgs__rosidl_generator_py.so[0m
[9.639s] [ 96%] Built target tm_msgs__rosidl_generator_py
[9.658s] [ 99%] [32mBuilding C object CMakeFiles/tm_msgs__rosidl_typesupport_fastrtps_c__pyext.dir/rosidl_generator_py/tm_msgs/_tm_msgs_s.ep.rosidl_typesupport_fastrtps_c.c.o[0m
[9.658s] [ 99%] [32mBuilding C object CMakeFiles/tm_msgs__rosidl_typesupport_introspection_c__pyext.dir/rosidl_generator_py/tm_msgs/_tm_msgs_s.ep.rosidl_typesupport_introspection_c.c.o[0m
[9.658s] [ 99%] [32mBuilding C object CMakeFiles/tm_msgs__rosidl_typesupport_c__pyext.dir/rosidl_generator_py/tm_msgs/_tm_msgs_s.ep.rosidl_typesupport_c.c.o[0m
[9.790s] [ 99%] [32m[1mLinking C shared library rosidl_generator_py/tm_msgs/tm_msgs_s__rosidl_typesupport_c.cpython-310-x86_64-linux-gnu.so[0m
[9.802s] [ 99%] [32m[1mLinking C shared library rosidl_generator_py/tm_msgs/tm_msgs_s__rosidl_typesupport_fastrtps_c.cpython-310-x86_64-linux-gnu.so[0m
[9.802s] [100%] [32m[1mLinking C shared library rosidl_generator_py/tm_msgs/tm_msgs_s__rosidl_typesupport_introspection_c.cpython-310-x86_64-linux-gnu.so[0m
[9.828s] [100%] Built target tm_msgs__rosidl_typesupport_c__pyext
[9.836s] [100%] Built target tm_msgs__rosidl_typesupport_introspection_c__pyext
[9.836s] [100%] Built target tm_msgs__rosidl_typesupport_fastrtps_c__pyext
[9.846s] Invoked command in '/root/irslab_ws/build/tm_msgs' returned '0': CMAKE_PREFIX_PATH=${CMAKE_PREFIX_PATH}:/root/irslab_ws/install/tm_mod_urdf:/root/irslab_ws/install/pa_warehouse_status:/root/irslab_ws/install/hand_solo_virtual_nav:/opt/ros/humble /usr/bin/cmake --build /root/irslab_ws/build/tm_msgs -- -j20 -l20
[9.847s] Invoking command in '/root/irslab_ws/build/tm_msgs': CMAKE_PREFIX_PATH=${CMAKE_PREFIX_PATH}:/root/irslab_ws/install/tm_mod_urdf:/root/irslab_ws/install/pa_warehouse_status:/root/irslab_ws/install/hand_solo_virtual_nav:/opt/ros/humble /usr/bin/cmake --install /root/irslab_ws/build/tm_msgs
[9.855s] -- Install configuration: ""
[9.855s] -- Installing: /root/irslab_ws/install/tm_msgs/share/ament_index/resource_index/rosidl_interfaces/tm_msgs
[9.855s] -- Installing: /root/irslab_ws/install/tm_msgs/include/tm_msgs/tm_msgs
[9.855s] -- Installing: /root/irslab_ws/install/tm_msgs/include/tm_msgs/tm_msgs/srv
[9.855s] -- Installing: /root/irslab_ws/install/tm_msgs/include/tm_msgs/tm_msgs/srv/set_positions.h
[9.855s] -- Installing: /root/irslab_ws/install/tm_msgs/include/tm_msgs/tm_msgs/srv/connect_tm.h
[9.855s] -- Installing: /root/irslab_ws/install/tm_msgs/include/tm_msgs/tm_msgs/srv/set_io.h
[9.855s] -- Installing: /root/irslab_ws/install/tm_msgs/include/tm_msgs/tm_msgs/srv/write_item.h
[9.855s] -- Installing: /root/irslab_ws/install/tm_msgs/include/tm_msgs/tm_msgs/srv/ask_item.h
[9.855s] -- Installing: /root/irslab_ws/install/tm_msgs/include/tm_msgs/tm_msgs/srv/ask_sta.h
[9.855s] -- Installing: /root/irslab_ws/install/tm_msgs/include/tm_msgs/tm_msgs/srv/robot_command.h
[9.855s] -- Installing: /root/irslab_ws/install/tm_msgs/include/tm_msgs/tm_msgs/srv/send_script.h
[9.855s] -- Installing: /root/irslab_ws/install/tm_msgs/include/tm_msgs/tm_msgs/srv/detail
[9.855s] -- Installing: /root/irslab_ws/install/tm_msgs/include/tm_msgs/tm_msgs/srv/detail/write_item__struct.h
[9.855s] -- Installing: /root/irslab_ws/install/tm_msgs/include/tm_msgs/tm_msgs/srv/detail/send_script__functions.c
[9.856s] -- Installing: /root/irslab_ws/install/tm_msgs/include/tm_msgs/tm_msgs/srv/detail/ask_sta__functions.h
[9.856s] -- Installing: /root/irslab_ws/install/tm_msgs/include/tm_msgs/tm_msgs/srv/detail/connect_tm__functions.c
[9.856s] -- Installing: /root/irslab_ws/install/tm_msgs/include/tm_msgs/tm_msgs/srv/detail/set_io__functions.h
[9.856s] -- Installing: /root/irslab_ws/install/tm_msgs/include/tm_msgs/tm_msgs/srv/detail/send_script__struct.h
[9.856s] -- Installing: /root/irslab_ws/install/tm_msgs/include/tm_msgs/tm_msgs/srv/detail/ask_item__struct.h
[9.856s] -- Installing: /root/irslab_ws/install/tm_msgs/include/tm_msgs/tm_msgs/srv/detail/send_script__functions.h
[9.856s] -- Installing: /root/irslab_ws/install/tm_msgs/include/tm_msgs/tm_msgs/srv/detail/set_io__functions.c
[9.856s] -- Installing: /root/irslab_ws/install/tm_msgs/include/tm_msgs/tm_msgs/srv/detail/ask_sta__type_support.h
[9.856s] -- Installing: /root/irslab_ws/install/tm_msgs/include/tm_msgs/tm_msgs/srv/detail/connect_tm__struct.h
[9.856s] -- Installing: /root/irslab_ws/install/tm_msgs/include/tm_msgs/tm_msgs/srv/detail/connect_tm__functions.h
[9.856s] -- Installing: /root/irslab_ws/install/tm_msgs/include/tm_msgs/tm_msgs/srv/detail/set_event__type_support.h
[9.856s] -- Installing: /root/irslab_ws/install/tm_msgs/include/tm_msgs/tm_msgs/srv/detail/set_event__functions.c
[9.856s] -- Installing: /root/irslab_ws/install/tm_msgs/include/tm_msgs/tm_msgs/srv/detail/write_item__functions.c
[9.856s] -- Installing: /root/irslab_ws/install/tm_msgs/include/tm_msgs/tm_msgs/srv/detail/send_script__type_support.h
[9.856s] -- Installing: /root/irslab_ws/install/tm_msgs/include/tm_msgs/tm_msgs/srv/detail/set_io__struct.h
[9.856s] -- Installing: /root/irslab_ws/install/tm_msgs/include/tm_msgs/tm_msgs/srv/detail/ask_sta__functions.c
[9.856s] -- Installing: /root/irslab_ws/install/tm_msgs/include/tm_msgs/tm_msgs/srv/detail/robot_command__type_support.h
[9.856s] -- Installing: /root/irslab_ws/install/tm_msgs/include/tm_msgs/tm_msgs/srv/detail/robot_command__functions.c
[9.856s] -- Installing: /root/irslab_ws/install/tm_msgs/include/tm_msgs/tm_msgs/srv/detail/robot_command__functions.h
[9.856s] -- Installing: /root/irslab_ws/install/tm_msgs/include/tm_msgs/tm_msgs/srv/detail/set_event__functions.h
[9.856s] -- Installing: /root/irslab_ws/install/tm_msgs/include/tm_msgs/tm_msgs/srv/detail/ask_sta__struct.h
[9.856s] -- Installing: /root/irslab_ws/install/tm_msgs/include/tm_msgs/tm_msgs/srv/detail/write_item__type_support.h
[9.856s] -- Installing: /root/irslab_ws/install/tm_msgs/include/tm_msgs/tm_msgs/srv/detail/set_positions__type_support.h
[9.856s] -- Installing: /root/irslab_ws/install/tm_msgs/include/tm_msgs/tm_msgs/srv/detail/ask_item__type_support.h
[9.856s] -- Installing: /root/irslab_ws/install/tm_msgs/include/tm_msgs/tm_msgs/srv/detail/ask_item__functions.h
[9.857s] -- Installing: /root/irslab_ws/install/tm_msgs/include/tm_msgs/tm_msgs/srv/detail/write_item__functions.h
[9.857s] -- Installing: /root/irslab_ws/install/tm_msgs/include/tm_msgs/tm_msgs/srv/detail/set_positions__functions.h
[9.857s] -- Installing: /root/irslab_ws/install/tm_msgs/include/tm_msgs/tm_msgs/srv/detail/robot_command__struct.h
[9.857s] -- Installing: /root/irslab_ws/install/tm_msgs/include/tm_msgs/tm_msgs/srv/detail/set_positions__functions.c
[9.857s] -- Installing: /root/irslab_ws/install/tm_msgs/include/tm_msgs/tm_msgs/srv/detail/connect_tm__type_support.h
[9.857s] -- Installing: /root/irslab_ws/install/tm_msgs/include/tm_msgs/tm_msgs/srv/detail/set_io__type_support.h
[9.857s] -- Installing: /root/irslab_ws/install/tm_msgs/include/tm_msgs/tm_msgs/srv/detail/ask_item__functions.c
[9.857s] -- Installing: /root/irslab_ws/install/tm_msgs/include/tm_msgs/tm_msgs/srv/detail/set_positions__struct.h
[9.857s] -- Installing: /root/irslab_ws/install/tm_msgs/include/tm_msgs/tm_msgs/srv/detail/set_event__struct.h
[9.857s] -- Installing: /root/irslab_ws/install/tm_msgs/include/tm_msgs/tm_msgs/srv/set_event.h
[9.857s] -- Installing: /root/irslab_ws/install/tm_msgs/include/tm_msgs/tm_msgs/msg
[9.857s] -- Installing: /root/irslab_ws/install/tm_msgs/include/tm_msgs/tm_msgs/msg/svr_response.h
[9.857s] -- Installing: /root/irslab_ws/install/tm_msgs/include/tm_msgs/tm_msgs/msg/sct_response.h
[9.857s] -- Installing: /root/irslab_ws/install/tm_msgs/include/tm_msgs/tm_msgs/msg/rosidl_generator_c__visibility_control.h
[9.857s] -- Installing: /root/irslab_ws/install/tm_msgs/include/tm_msgs/tm_msgs/msg/feedback_state.h
[9.857s] -- Installing: /root/irslab_ws/install/tm_msgs/include/tm_msgs/tm_msgs/msg/detail
[9.857s] -- Installing: /root/irslab_ws/install/tm_msgs/include/tm_msgs/tm_msgs/msg/detail/feedback_state__type_support.h
[9.857s] -- Installing: /root/irslab_ws/install/tm_msgs/include/tm_msgs/tm_msgs/msg/detail/svr_response__functions.h
[9.857s] -- Installing: /root/irslab_ws/install/tm_msgs/include/tm_msgs/tm_msgs/msg/detail/sct_response__type_support.h
[9.857s] -- Installing: /root/irslab_ws/install/tm_msgs/include/tm_msgs/tm_msgs/msg/detail/svr_response__struct.h
[9.857s] -- Installing: /root/irslab_ws/install/tm_msgs/include/tm_msgs/tm_msgs/msg/detail/sct_response__struct.h
[9.857s] -- Installing: /root/irslab_ws/install/tm_msgs/include/tm_msgs/tm_msgs/msg/detail/sta_response__type_support.h
[9.858s] -- Installing: /root/irslab_ws/install/tm_msgs/include/tm_msgs/tm_msgs/msg/detail/svr_response__type_support.h
[9.858s] -- Installing: /root/irslab_ws/install/tm_msgs/include/tm_msgs/tm_msgs/msg/detail/sta_response__struct.h
[9.858s] -- Installing: /root/irslab_ws/install/tm_msgs/include/tm_msgs/tm_msgs/msg/detail/feedback_state__struct.h
[9.858s] -- Installing: /root/irslab_ws/install/tm_msgs/include/tm_msgs/tm_msgs/msg/detail/sct_response__functions.h
[9.858s] -- Installing: /root/irslab_ws/install/tm_msgs/include/tm_msgs/tm_msgs/msg/detail/feedback_state__functions.c
[9.858s] -- Installing: /root/irslab_ws/install/tm_msgs/include/tm_msgs/tm_msgs/msg/detail/sta_response__functions.h
[9.858s] -- Installing: /root/irslab_ws/install/tm_msgs/include/tm_msgs/tm_msgs/msg/detail/sct_response__functions.c
[9.858s] -- Installing: /root/irslab_ws/install/tm_msgs/include/tm_msgs/tm_msgs/msg/detail/feedback_state__functions.h
[9.858s] -- Installing: /root/irslab_ws/install/tm_msgs/include/tm_msgs/tm_msgs/msg/detail/svr_response__functions.c
[9.858s] -- Installing: /root/irslab_ws/install/tm_msgs/include/tm_msgs/tm_msgs/msg/detail/sta_response__functions.c
[9.858s] -- Installing: /root/irslab_ws/install/tm_msgs/include/tm_msgs/tm_msgs/msg/sta_response.h
[9.858s] -- Installing: /root/irslab_ws/install/tm_msgs/share/tm_msgs/environment/library_path.sh
[9.858s] -- Installing: /root/irslab_ws/install/tm_msgs/share/tm_msgs/environment/library_path.dsv
[9.858s] -- Installing: /root/irslab_ws/install/tm_msgs/lib/libtm_msgs__rosidl_generator_c.so
[9.858s] -- Set runtime path of "/root/irslab_ws/install/tm_msgs/lib/libtm_msgs__rosidl_generator_c.so" to ""
[9.859s] -- Up-to-date: /root/irslab_ws/install/tm_msgs/include/tm_msgs/tm_msgs
[9.859s] -- Up-to-date: /root/irslab_ws/install/tm_msgs/include/tm_msgs/tm_msgs/srv
[9.859s] -- Up-to-date: /root/irslab_ws/install/tm_msgs/include/tm_msgs/tm_msgs/srv/detail
[9.859s] -- Installing: /root/irslab_ws/install/tm_msgs/include/tm_msgs/tm_msgs/srv/detail/ask_sta__rosidl_typesupport_fastrtps_c.h
[9.859s] -- Installing: /root/irslab_ws/install/tm_msgs/include/tm_msgs/tm_msgs/srv/detail/robot_command__rosidl_typesupport_fastrtps_c.h
[9.859s] -- Installing: /root/irslab_ws/install/tm_msgs/include/tm_msgs/tm_msgs/srv/detail/ask_item__rosidl_typesupport_fastrtps_c.h
[9.859s] -- Installing: /root/irslab_ws/install/tm_msgs/include/tm_msgs/tm_msgs/srv/detail/send_script__rosidl_typesupport_fastrtps_c.h
[9.859s] -- Installing: /root/irslab_ws/install/tm_msgs/include/tm_msgs/tm_msgs/srv/detail/set_io__rosidl_typesupport_fastrtps_c.h
[9.859s] -- Installing: /root/irslab_ws/install/tm_msgs/include/tm_msgs/tm_msgs/srv/detail/set_positions__rosidl_typesupport_fastrtps_c.h
[9.859s] -- Installing: /root/irslab_ws/install/tm_msgs/include/tm_msgs/tm_msgs/srv/detail/connect_tm__rosidl_typesupport_fastrtps_c.h
[9.859s] -- Installing: /root/irslab_ws/install/tm_msgs/include/tm_msgs/tm_msgs/srv/detail/set_event__rosidl_typesupport_fastrtps_c.h
[9.859s] -- Installing: /root/irslab_ws/install/tm_msgs/include/tm_msgs/tm_msgs/srv/detail/write_item__rosidl_typesupport_fastrtps_c.h
[9.859s] -- Up-to-date: /root/irslab_ws/install/tm_msgs/include/tm_msgs/tm_msgs/msg
[9.859s] -- Installing: /root/irslab_ws/install/tm_msgs/include/tm_msgs/tm_msgs/msg/rosidl_typesupport_fastrtps_c__visibility_control.h
[9.859s] -- Up-to-date: /root/irslab_ws/install/tm_msgs/include/tm_msgs/tm_msgs/msg/detail
[9.859s] -- Installing: /root/irslab_ws/install/tm_msgs/include/tm_msgs/tm_msgs/msg/detail/feedback_state__rosidl_typesupport_fastrtps_c.h
[9.859s] -- Installing: /root/irslab_ws/install/tm_msgs/include/tm_msgs/tm_msgs/msg/detail/svr_response__rosidl_typesupport_fastrtps_c.h
[9.859s] -- Installing: /root/irslab_ws/install/tm_msgs/include/tm_msgs/tm_msgs/msg/detail/sta_response__rosidl_typesupport_fastrtps_c.h
[9.859s] -- Installing: /root/irslab_ws/install/tm_msgs/include/tm_msgs/tm_msgs/msg/detail/sct_response__rosidl_typesupport_fastrtps_c.h
[9.860s] -- Installing: /root/irslab_ws/install/tm_msgs/lib/libtm_msgs__rosidl_typesupport_fastrtps_c.so
[9.860s] -- Set runtime path of "/root/irslab_ws/install/tm_msgs/lib/libtm_msgs__rosidl_typesupport_fastrtps_c.so" to ""
[9.860s] -- Up-to-date: /root/irslab_ws/install/tm_msgs/include/tm_msgs/tm_msgs
[9.860s] -- Up-to-date: /root/irslab_ws/install/tm_msgs/include/tm_msgs/tm_msgs/srv
[9.860s] -- Up-to-date: /root/irslab_ws/install/tm_msgs/include/tm_msgs/tm_msgs/srv/detail
[9.860s] -- Installing: /root/irslab_ws/install/tm_msgs/include/tm_msgs/tm_msgs/srv/detail/set_positions__type_support.c
[9.860s] -- Installing: /root/irslab_ws/install/tm_msgs/include/tm_msgs/tm_msgs/srv/detail/send_script__type_support.c
[9.860s] -- Installing: /root/irslab_ws/install/tm_msgs/include/tm_msgs/tm_msgs/srv/detail/connect_tm__type_support.c
[9.860s] -- Installing: /root/irslab_ws/install/tm_msgs/include/tm_msgs/tm_msgs/srv/detail/ask_sta__type_support.c
[9.860s] -- Installing: /root/irslab_ws/install/tm_msgs/include/tm_msgs/tm_msgs/srv/detail/connect_tm__rosidl_typesupport_introspection_c.h
[9.860s] -- Installing: /root/irslab_ws/install/tm_msgs/include/tm_msgs/tm_msgs/srv/detail/robot_command__rosidl_typesupport_introspection_c.h
[9.860s] -- Installing: /root/irslab_ws/install/tm_msgs/include/tm_msgs/tm_msgs/srv/detail/set_event__rosidl_typesupport_introspection_c.h
[9.860s] -- Installing: /root/irslab_ws/install/tm_msgs/include/tm_msgs/tm_msgs/srv/detail/send_script__rosidl_typesupport_introspection_c.h
[9.860s] -- Installing: /root/irslab_ws/install/tm_msgs/include/tm_msgs/tm_msgs/srv/detail/write_item__type_support.c
[9.860s] -- Installing: /root/irslab_ws/install/tm_msgs/include/tm_msgs/tm_msgs/srv/detail/write_item__rosidl_typesupport_introspection_c.h
[9.861s] -- Installing: /root/irslab_ws/install/tm_msgs/include/tm_msgs/tm_msgs/srv/detail/ask_item__type_support.c
[9.861s] -- Installing: /root/irslab_ws/install/tm_msgs/include/tm_msgs/tm_msgs/srv/detail/set_event__type_support.c
[9.861s] -- Installing: /root/irslab_ws/install/tm_msgs/include/tm_msgs/tm_msgs/srv/detail/robot_command__type_support.c
[9.861s] -- Installing: /root/irslab_ws/install/tm_msgs/include/tm_msgs/tm_msgs/srv/detail/set_io__type_support.c
[9.861s] -- Installing: /root/irslab_ws/install/tm_msgs/include/tm_msgs/tm_msgs/srv/detail/ask_item__rosidl_typesupport_introspection_c.h
[9.861s] -- Installing: /root/irslab_ws/install/tm_msgs/include/tm_msgs/tm_msgs/srv/detail/ask_sta__rosidl_typesupport_introspection_c.h
[9.861s] -- Installing: /root/irslab_ws/install/tm_msgs/include/tm_msgs/tm_msgs/srv/detail/set_io__rosidl_typesupport_introspection_c.h
[9.861s] -- Installing: /root/irslab_ws/install/tm_msgs/include/tm_msgs/tm_msgs/srv/detail/set_positions__rosidl_typesupport_introspection_c.h
[9.861s] -- Up-to-date: /root/irslab_ws/install/tm_msgs/include/tm_msgs/tm_msgs/msg
[9.861s] -- Installing: /root/irslab_ws/install/tm_msgs/include/tm_msgs/tm_msgs/msg/rosidl_typesupport_introspection_c__visibility_control.h
[9.861s] -- Up-to-date: /root/irslab_ws/install/tm_msgs/include/tm_msgs/tm_msgs/msg/detail
[9.861s] -- Installing: /root/irslab_ws/install/tm_msgs/include/tm_msgs/tm_msgs/msg/detail/feedback_state__rosidl_typesupport_introspection_c.h
[9.861s] -- Installing: /root/irslab_ws/install/tm_msgs/include/tm_msgs/tm_msgs/msg/detail/feedback_state__type_support.c
[9.861s] -- Installing: /root/irslab_ws/install/tm_msgs/include/tm_msgs/tm_msgs/msg/detail/sct_response__type_support.c
[9.861s] -- Installing: /root/irslab_ws/install/tm_msgs/include/tm_msgs/tm_msgs/msg/detail/svr_response__rosidl_typesupport_introspection_c.h
[9.861s] -- Installing: /root/irslab_ws/install/tm_msgs/include/tm_msgs/tm_msgs/msg/detail/sct_response__rosidl_typesupport_introspection_c.h
[9.861s] -- Installing: /root/irslab_ws/install/tm_msgs/include/tm_msgs/tm_msgs/msg/detail/sta_response__rosidl_typesupport_introspection_c.h
[9.861s] -- Installing: /root/irslab_ws/install/tm_msgs/include/tm_msgs/tm_msgs/msg/detail/svr_response__type_support.c
[9.861s] -- Installing: /root/irslab_ws/install/tm_msgs/include/tm_msgs/tm_msgs/msg/detail/sta_response__type_support.c
[9.861s] -- Installing: /root/irslab_ws/install/tm_msgs/lib/libtm_msgs__rosidl_typesupport_introspection_c.so
[9.862s] -- Set runtime path of "/root/irslab_ws/install/tm_msgs/lib/libtm_msgs__rosidl_typesupport_introspection_c.so" to ""
[9.862s] -- Installing: /root/irslab_ws/install/tm_msgs/lib/libtm_msgs__rosidl_typesupport_c.so
[9.862s] -- Set runtime path of "/root/irslab_ws/install/tm_msgs/lib/libtm_msgs__rosidl_typesupport_c.so" to ""
[9.862s] -- Up-to-date: /root/irslab_ws/install/tm_msgs/include/tm_msgs/tm_msgs
[9.862s] -- Up-to-date: /root/irslab_ws/install/tm_msgs/include/tm_msgs/tm_msgs/srv
[9.862s] -- Installing: /root/irslab_ws/install/tm_msgs/include/tm_msgs/tm_msgs/srv/set_event.hpp
[9.862s] -- Installing: /root/irslab_ws/install/tm_msgs/include/tm_msgs/tm_msgs/srv/set_io.hpp
[9.862s] -- Installing: /root/irslab_ws/install/tm_msgs/include/tm_msgs/tm_msgs/srv/ask_sta.hpp
[9.862s] -- Installing: /root/irslab_ws/install/tm_msgs/include/tm_msgs/tm_msgs/srv/write_item.hpp
[9.862s] -- Installing: /root/irslab_ws/install/tm_msgs/include/tm_msgs/tm_msgs/srv/ask_item.hpp
[9.862s] -- Installing: /root/irslab_ws/install/tm_msgs/include/tm_msgs/tm_msgs/srv/send_script.hpp
[9.862s] -- Installing: /root/irslab_ws/install/tm_msgs/include/tm_msgs/tm_msgs/srv/connect_tm.hpp
[9.862s] -- Installing: /root/irslab_ws/install/tm_msgs/include/tm_msgs/tm_msgs/srv/robot_command.hpp
[9.862s] -- Installing: /root/irslab_ws/install/tm_msgs/include/tm_msgs/tm_msgs/srv/set_positions.hpp
[9.862s] -- Up-to-date: /root/irslab_ws/install/tm_msgs/include/tm_msgs/tm_msgs/srv/detail
[9.862s] -- Installing: /root/irslab_ws/install/tm_msgs/include/tm_msgs/tm_msgs/srv/detail/ask_sta__builder.hpp
[9.862s] -- Installing: /root/irslab_ws/install/tm_msgs/include/tm_msgs/tm_msgs/srv/detail/robot_command__builder.hpp
[9.863s] -- Installing: /root/irslab_ws/install/tm_msgs/include/tm_msgs/tm_msgs/srv/detail/write_item__type_support.hpp
[9.863s] -- Installing: /root/irslab_ws/install/tm_msgs/include/tm_msgs/tm_msgs/srv/detail/set_event__type_support.hpp
[9.863s] -- Installing: /root/irslab_ws/install/tm_msgs/include/tm_msgs/tm_msgs/srv/detail/set_event__traits.hpp
[9.863s] -- Installing: /root/irslab_ws/install/tm_msgs/include/tm_msgs/tm_msgs/srv/detail/set_io__struct.hpp
[9.863s] -- Installing: /root/irslab_ws/install/tm_msgs/include/tm_msgs/tm_msgs/srv/detail/connect_tm__builder.hpp
[9.863s] -- Installing: /root/irslab_ws/install/tm_msgs/include/tm_msgs/tm_msgs/srv/detail/ask_sta__type_support.hpp
[9.863s] -- Installing: /root/irslab_ws/install/tm_msgs/include/tm_msgs/tm_msgs/srv/detail/robot_command__traits.hpp
[9.863s] -- Installing: /root/irslab_ws/install/tm_msgs/include/tm_msgs/tm_msgs/srv/detail/set_positions__traits.hpp
[9.863s] -- Installing: /root/irslab_ws/install/tm_msgs/include/tm_msgs/tm_msgs/srv/detail/write_item__struct.hpp
[9.863s] -- Installing: /root/irslab_ws/install/tm_msgs/include/tm_msgs/tm_msgs/srv/detail/robot_command__type_support.hpp
[9.863s] -- Installing: /root/irslab_ws/install/tm_msgs/include/tm_msgs/tm_msgs/srv/detail/set_io__builder.hpp
[9.863s] -- Installing: /root/irslab_ws/install/tm_msgs/include/tm_msgs/tm_msgs/srv/detail/set_io__type_support.hpp
[9.863s] -- Installing: /root/irslab_ws/install/tm_msgs/include/tm_msgs/tm_msgs/srv/detail/send_script__type_support.hpp
[9.863s] -- Installing: /root/irslab_ws/install/tm_msgs/include/tm_msgs/tm_msgs/srv/detail/set_event__struct.hpp
[9.863s] -- Installing: /root/irslab_ws/install/tm_msgs/include/tm_msgs/tm_msgs/srv/detail/set_positions__type_support.hpp
[9.863s] -- Installing: /root/irslab_ws/install/tm_msgs/include/tm_msgs/tm_msgs/srv/detail/send_script__traits.hpp
[9.863s] -- Installing: /root/irslab_ws/install/tm_msgs/include/tm_msgs/tm_msgs/srv/detail/ask_item__traits.hpp
[9.863s] -- Installing: /root/irslab_ws/install/tm_msgs/include/tm_msgs/tm_msgs/srv/detail/connect_tm__traits.hpp
[9.863s] -- Installing: /root/irslab_ws/install/tm_msgs/include/tm_msgs/tm_msgs/srv/detail/ask_sta__traits.hpp
[9.863s] -- Installing: /root/irslab_ws/install/tm_msgs/include/tm_msgs/tm_msgs/srv/detail/write_item__traits.hpp
[9.864s] -- Installing: /root/irslab_ws/install/tm_msgs/include/tm_msgs/tm_msgs/srv/detail/ask_item__type_support.hpp
[9.864s] -- Installing: /root/irslab_ws/install/tm_msgs/include/tm_msgs/tm_msgs/srv/detail/set_event__builder.hpp
[9.864s] -- Installing: /root/irslab_ws/install/tm_msgs/include/tm_msgs/tm_msgs/srv/detail/send_script__builder.hpp
[9.864s] -- Installing: /root/irslab_ws/install/tm_msgs/include/tm_msgs/tm_msgs/srv/detail/set_positions__struct.hpp
[9.864s] -- Installing: /root/irslab_ws/install/tm_msgs/include/tm_msgs/tm_msgs/srv/detail/set_positions__builder.hpp
[9.864s] -- Installing: /root/irslab_ws/install/tm_msgs/include/tm_msgs/tm_msgs/srv/detail/ask_item__struct.hpp
[9.864s] -- Installing: /root/irslab_ws/install/tm_msgs/include/tm_msgs/tm_msgs/srv/detail/robot_command__struct.hpp
[9.864s] -- Installing: /root/irslab_ws/install/tm_msgs/include/tm_msgs/tm_msgs/srv/detail/write_item__builder.hpp
[9.864s] -- Installing: /root/irslab_ws/install/tm_msgs/include/tm_msgs/tm_msgs/srv/detail/ask_sta__struct.hpp
[9.864s] -- Installing: /root/irslab_ws/install/tm_msgs/include/tm_msgs/tm_msgs/srv/detail/set_io__traits.hpp
[9.864s] -- Installing: /root/irslab_ws/install/tm_msgs/include/tm_msgs/tm_msgs/srv/detail/ask_item__builder.hpp
[9.864s] -- Installing: /root/irslab_ws/install/tm_msgs/include/tm_msgs/tm_msgs/srv/detail/connect_tm__type_support.hpp
[9.864s] -- Installing: /root/irslab_ws/install/tm_msgs/include/tm_msgs/tm_msgs/srv/detail/connect_tm__struct.hpp
[9.864s] -- Installing: /root/irslab_ws/install/tm_msgs/include/tm_msgs/tm_msgs/srv/detail/send_script__struct.hpp
[9.864s] -- Up-to-date: /root/irslab_ws/install/tm_msgs/include/tm_msgs/tm_msgs/msg
[9.864s] -- Installing: /root/irslab_ws/install/tm_msgs/include/tm_msgs/tm_msgs/msg/sct_response.hpp
[9.864s] -- Installing: /root/irslab_ws/install/tm_msgs/include/tm_msgs/tm_msgs/msg/svr_response.hpp
[9.864s] -- Installing: /root/irslab_ws/install/tm_msgs/include/tm_msgs/tm_msgs/msg/rosidl_generator_cpp__visibility_control.hpp
[9.864s] -- Installing: /root/irslab_ws/install/tm_msgs/include/tm_msgs/tm_msgs/msg/feedback_state.hpp
[9.864s] -- Installing: /root/irslab_ws/install/tm_msgs/include/tm_msgs/tm_msgs/msg/sta_response.hpp
[9.864s] -- Up-to-date: /root/irslab_ws/install/tm_msgs/include/tm_msgs/tm_msgs/msg/detail
[9.864s] -- Installing: /root/irslab_ws/install/tm_msgs/include/tm_msgs/tm_msgs/msg/detail/svr_response__struct.hpp
[9.864s] -- Installing: /root/irslab_ws/install/tm_msgs/include/tm_msgs/tm_msgs/msg/detail/svr_response__traits.hpp
[9.865s] -- Installing: /root/irslab_ws/install/tm_msgs/include/tm_msgs/tm_msgs/msg/detail/sta_response__type_support.hpp
[9.865s] -- Installing: /root/irslab_ws/install/tm_msgs/include/tm_msgs/tm_msgs/msg/detail/sta_response__traits.hpp
[9.865s] -- Installing: /root/irslab_ws/install/tm_msgs/include/tm_msgs/tm_msgs/msg/detail/svr_response__type_support.hpp
[9.865s] -- Installing: /root/irslab_ws/install/tm_msgs/include/tm_msgs/tm_msgs/msg/detail/feedback_state__traits.hpp
[9.865s] -- Installing: /root/irslab_ws/install/tm_msgs/include/tm_msgs/tm_msgs/msg/detail/sct_response__struct.hpp
[9.865s] -- Installing: /root/irslab_ws/install/tm_msgs/include/tm_msgs/tm_msgs/msg/detail/feedback_state__struct.hpp
[9.865s] -- Installing: /root/irslab_ws/install/tm_msgs/include/tm_msgs/tm_msgs/msg/detail/sta_response__builder.hpp
[9.865s] -- Installing: /root/irslab_ws/install/tm_msgs/include/tm_msgs/tm_msgs/msg/detail/sct_response__type_support.hpp
[9.865s] -- Installing: /root/irslab_ws/install/tm_msgs/include/tm_msgs/tm_msgs/msg/detail/sta_response__struct.hpp
[9.865s] -- Installing: /root/irslab_ws/install/tm_msgs/include/tm_msgs/tm_msgs/msg/detail/feedback_state__type_support.hpp
[9.865s] -- Installing: /root/irslab_ws/install/tm_msgs/include/tm_msgs/tm_msgs/msg/detail/feedback_state__builder.hpp
[9.865s] -- Installing: /root/irslab_ws/install/tm_msgs/include/tm_msgs/tm_msgs/msg/detail/sct_response__traits.hpp
[9.865s] -- Installing: /root/irslab_ws/install/tm_msgs/include/tm_msgs/tm_msgs/msg/detail/svr_response__builder.hpp
[9.865s] -- Installing: /root/irslab_ws/install/tm_msgs/include/tm_msgs/tm_msgs/msg/detail/sct_response__builder.hpp
[9.865s] -- Up-to-date: /root/irslab_ws/install/tm_msgs/include/tm_msgs/tm_msgs
[9.865s] -- Up-to-date: /root/irslab_ws/install/tm_msgs/include/tm_msgs/tm_msgs/srv
[9.865s] -- Up-to-date: /root/irslab_ws/install/tm_msgs/include/tm_msgs/tm_msgs/srv/detail
[9.865s] -- Installing: /root/irslab_ws/install/tm_msgs/include/tm_msgs/tm_msgs/srv/detail/ask_sta__rosidl_typesupport_fastrtps_cpp.hpp
[9.865s] -- Installing: /root/irslab_ws/install/tm_msgs/include/tm_msgs/tm_msgs/srv/detail/robot_command__rosidl_typesupport_fastrtps_cpp.hpp
[9.865s] -- Installing: /root/irslab_ws/install/tm_msgs/include/tm_msgs/tm_msgs/srv/detail/connect_tm__rosidl_typesupport_fastrtps_cpp.hpp
[9.865s] -- Installing: /root/irslab_ws/install/tm_msgs/include/tm_msgs/tm_msgs/srv/detail/ask_item__rosidl_typesupport_fastrtps_cpp.hpp
[9.866s] -- Installing: /root/irslab_ws/install/tm_msgs/include/tm_msgs/tm_msgs/srv/detail/write_item__rosidl_typesupport_fastrtps_cpp.hpp
[9.866s] -- Installing: /root/irslab_ws/install/tm_msgs/include/tm_msgs/tm_msgs/srv/detail/set_io__rosidl_typesupport_fastrtps_cpp.hpp
[9.866s] -- Installing: /root/irslab_ws/install/tm_msgs/include/tm_msgs/tm_msgs/srv/detail/send_script__rosidl_typesupport_fastrtps_cpp.hpp
[9.866s] -- Installing: /root/irslab_ws/install/tm_msgs/include/tm_msgs/tm_msgs/srv/detail/set_event__rosidl_typesupport_fastrtps_cpp.hpp
[9.866s] -- Installing: /root/irslab_ws/install/tm_msgs/include/tm_msgs/tm_msgs/srv/detail/dds_fastrtps
[9.866s] -- Installing: /root/irslab_ws/install/tm_msgs/include/tm_msgs/tm_msgs/srv/detail/set_positions__rosidl_typesupport_fastrtps_cpp.hpp
[9.866s] -- Up-to-date: /root/irslab_ws/install/tm_msgs/include/tm_msgs/tm_msgs/msg
[9.866s] -- Installing: /root/irslab_ws/install/tm_msgs/include/tm_msgs/tm_msgs/msg/rosidl_typesupport_fastrtps_cpp__visibility_control.h
[9.866s] -- Up-to-date: /root/irslab_ws/install/tm_msgs/include/tm_msgs/tm_msgs/msg/detail
[9.866s] -- Installing: /root/irslab_ws/install/tm_msgs/include/tm_msgs/tm_msgs/msg/detail/feedback_state__rosidl_typesupport_fastrtps_cpp.hpp
[9.866s] -- Installing: /root/irslab_ws/install/tm_msgs/include/tm_msgs/tm_msgs/msg/detail/svr_response__rosidl_typesupport_fastrtps_cpp.hpp
[9.866s] -- Installing: /root/irslab_ws/install/tm_msgs/include/tm_msgs/tm_msgs/msg/detail/sta_response__rosidl_typesupport_fastrtps_cpp.hpp
[9.866s] -- Installing: /root/irslab_ws/install/tm_msgs/include/tm_msgs/tm_msgs/msg/detail/sct_response__rosidl_typesupport_fastrtps_cpp.hpp
[9.866s] -- Installing: /root/irslab_ws/install/tm_msgs/include/tm_msgs/tm_msgs/msg/detail/dds_fastrtps
[9.866s] -- Installing: /root/irslab_ws/install/tm_msgs/lib/libtm_msgs__rosidl_typesupport_fastrtps_cpp.so
[9.867s] -- Set runtime path of "/root/irslab_ws/install/tm_msgs/lib/libtm_msgs__rosidl_typesupport_fastrtps_cpp.so" to ""
[9.867s] -- Up-to-date: /root/irslab_ws/install/tm_msgs/include/tm_msgs/tm_msgs
[9.867s] -- Up-to-date: /root/irslab_ws/install/tm_msgs/include/tm_msgs/tm_msgs/srv
[9.867s] -- Up-to-date: /root/irslab_ws/install/tm_msgs/include/tm_msgs/tm_msgs/srv/detail
[9.867s] -- Installing: /root/irslab_ws/install/tm_msgs/include/tm_msgs/tm_msgs/srv/detail/send_script__type_support.cpp
[9.867s] -- Installing: /root/irslab_ws/install/tm_msgs/include/tm_msgs/tm_msgs/srv/detail/ask_item__type_support.cpp
[9.867s] -- Installing: /root/irslab_ws/install/tm_msgs/include/tm_msgs/tm_msgs/srv/detail/set_event__rosidl_typesupport_introspection_cpp.hpp
[9.867s] -- Installing: /root/irslab_ws/install/tm_msgs/include/tm_msgs/tm_msgs/srv/detail/ask_item__rosidl_typesupport_introspection_cpp.hpp
[9.867s] -- Installing: /root/irslab_ws/install/tm_msgs/include/tm_msgs/tm_msgs/srv/detail/send_script__rosidl_typesupport_introspection_cpp.hpp
[9.867s] -- Installing: /root/irslab_ws/install/tm_msgs/include/tm_msgs/tm_msgs/srv/detail/ask_sta__rosidl_typesupport_introspection_cpp.hpp
[9.867s] -- Installing: /root/irslab_ws/install/tm_msgs/include/tm_msgs/tm_msgs/srv/detail/ask_sta__type_support.cpp
[9.867s] -- Installing: /root/irslab_ws/install/tm_msgs/include/tm_msgs/tm_msgs/srv/detail/set_event__type_support.cpp
[9.867s] -- Installing: /root/irslab_ws/install/tm_msgs/include/tm_msgs/tm_msgs/srv/detail/set_positions__rosidl_typesupport_introspection_cpp.hpp
[9.867s] -- Installing: /root/irslab_ws/install/tm_msgs/include/tm_msgs/tm_msgs/srv/detail/write_item__rosidl_typesupport_introspection_cpp.hpp
[9.867s] -- Installing: /root/irslab_ws/install/tm_msgs/include/tm_msgs/tm_msgs/srv/detail/robot_command__rosidl_typesupport_introspection_cpp.hpp
[9.867s] -- Installing: /root/irslab_ws/install/tm_msgs/include/tm_msgs/tm_msgs/srv/detail/write_item__type_support.cpp
[9.867s] -- Installing: /root/irslab_ws/install/tm_msgs/include/tm_msgs/tm_msgs/srv/detail/connect_tm__rosidl_typesupport_introspection_cpp.hpp
[9.867s] -- Installing: /root/irslab_ws/install/tm_msgs/include/tm_msgs/tm_msgs/srv/detail/set_io__rosidl_typesupport_introspection_cpp.hpp
[9.867s] -- Installing: /root/irslab_ws/install/tm_msgs/include/tm_msgs/tm_msgs/srv/detail/connect_tm__type_support.cpp
[9.867s] -- Installing: /root/irslab_ws/install/tm_msgs/include/tm_msgs/tm_msgs/srv/detail/robot_command__type_support.cpp
[9.867s] -- Installing: /root/irslab_ws/install/tm_msgs/include/tm_msgs/tm_msgs/srv/detail/set_positions__type_support.cpp
[9.867s] -- Installing: /root/irslab_ws/install/tm_msgs/include/tm_msgs/tm_msgs/srv/detail/set_io__type_support.cpp
[9.867s] -- Up-to-date: /root/irslab_ws/install/tm_msgs/include/tm_msgs/tm_msgs/msg
[9.868s] -- Up-to-date: /root/irslab_ws/install/tm_msgs/include/tm_msgs/tm_msgs/msg/detail
[9.868s] -- Installing: /root/irslab_ws/install/tm_msgs/include/tm_msgs/tm_msgs/msg/detail/sta_response__rosidl_typesupport_introspection_cpp.hpp
[9.868s] -- Installing: /root/irslab_ws/install/tm_msgs/include/tm_msgs/tm_msgs/msg/detail/svr_response__type_support.cpp
[9.868s] -- Installing: /root/irslab_ws/install/tm_msgs/include/tm_msgs/tm_msgs/msg/detail/feedback_state__rosidl_typesupport_introspection_cpp.hpp
[9.868s] -- Installing: /root/irslab_ws/install/tm_msgs/include/tm_msgs/tm_msgs/msg/detail/feedback_state__type_support.cpp
[9.868s] -- Installing: /root/irslab_ws/install/tm_msgs/include/tm_msgs/tm_msgs/msg/detail/sct_response__rosidl_typesupport_introspection_cpp.hpp
[9.868s] -- Installing: /root/irslab_ws/install/tm_msgs/include/tm_msgs/tm_msgs/msg/detail/sta_response__type_support.cpp
[9.868s] -- Installing: /root/irslab_ws/install/tm_msgs/include/tm_msgs/tm_msgs/msg/detail/sct_response__type_support.cpp
[9.868s] -- Installing: /root/irslab_ws/install/tm_msgs/include/tm_msgs/tm_msgs/msg/detail/svr_response__rosidl_typesupport_introspection_cpp.hpp
[9.868s] -- Installing: /root/irslab_ws/install/tm_msgs/lib/libtm_msgs__rosidl_typesupport_introspection_cpp.so
[9.868s] -- Set runtime path of "/root/irslab_ws/install/tm_msgs/lib/libtm_msgs__rosidl_typesupport_introspection_cpp.so" to ""
[9.868s] -- Installing: /root/irslab_ws/install/tm_msgs/lib/libtm_msgs__rosidl_typesupport_cpp.so
[9.868s] -- Set runtime path of "/root/irslab_ws/install/tm_msgs/lib/libtm_msgs__rosidl_typesupport_cpp.so" to ""
[9.869s] -- Installing: /root/irslab_ws/install/tm_msgs/share/tm_msgs/environment/pythonpath.sh
[9.869s] -- Installing: /root/irslab_ws/install/tm_msgs/share/tm_msgs/environment/pythonpath.dsv
[9.869s] -- Installing: /root/irslab_ws/install/tm_msgs/local/lib/python3.10/dist-packages/tm_msgs-1.1.2-py3.10.egg-info
[9.869s] -- Installing: /root/irslab_ws/install/tm_msgs/local/lib/python3.10/dist-packages/tm_msgs-1.1.2-py3.10.egg-info/top_level.txt
[9.869s] -- Installing: /root/irslab_ws/install/tm_msgs/local/lib/python3.10/dist-packages/tm_msgs-1.1.2-py3.10.egg-info/SOURCES.txt
[9.869s] -- Installing: /root/irslab_ws/install/tm_msgs/local/lib/python3.10/dist-packages/tm_msgs-1.1.2-py3.10.egg-info/PKG-INFO
[9.869s] -- Installing: /root/irslab_ws/install/tm_msgs/local/lib/python3.10/dist-packages/tm_msgs-1.1.2-py3.10.egg-info/dependency_links.txt
[9.869s] -- Installing: /root/irslab_ws/install/tm_msgs/local/lib/python3.10/dist-packages/tm_msgs
[9.869s] -- Installing: /root/irslab_ws/install/tm_msgs/local/lib/python3.10/dist-packages/tm_msgs/__init__.py
[9.869s] -- Installing: /root/irslab_ws/install/tm_msgs/local/lib/python3.10/dist-packages/tm_msgs/_tm_msgs_s.ep.rosidl_typesupport_fastrtps_c.c
[9.869s] -- Installing: /root/irslab_ws/install/tm_msgs/local/lib/python3.10/dist-packages/tm_msgs/tm_msgs_s__rosidl_typesupport_c.cpython-310-x86_64-linux-gnu.so
[9.869s] -- Installing: /root/irslab_ws/install/tm_msgs/local/lib/python3.10/dist-packages/tm_msgs/libtm_msgs__rosidl_generator_py.so
[9.869s] -- Installing: /root/irslab_ws/install/tm_msgs/local/lib/python3.10/dist-packages/tm_msgs/srv
[9.869s] -- Installing: /root/irslab_ws/install/tm_msgs/local/lib/python3.10/dist-packages/tm_msgs/srv/_send_script.py
[9.869s] -- Installing: /root/irslab_ws/install/tm_msgs/local/lib/python3.10/dist-packages/tm_msgs/srv/_ask_item.py
[9.869s] -- Installing: /root/irslab_ws/install/tm_msgs/local/lib/python3.10/dist-packages/tm_msgs/srv/_ask_sta_s.c
[9.870s] -- Installing: /root/irslab_ws/install/tm_msgs/local/lib/python3.10/dist-packages/tm_msgs/srv/__init__.py
[9.870s] -- Installing: /root/irslab_ws/install/tm_msgs/local/lib/python3.10/dist-packages/tm_msgs/srv/_ask_item_s.c
[9.870s] -- Installing: /root/irslab_ws/install/tm_msgs/local/lib/python3.10/dist-packages/tm_msgs/srv/_robot_command_s.c
[9.870s] -- Installing: /root/irslab_ws/install/tm_msgs/local/lib/python3.10/dist-packages/tm_msgs/srv/_robot_command.py
[9.870s] -- Installing: /root/irslab_ws/install/tm_msgs/local/lib/python3.10/dist-packages/tm_msgs/srv/_write_item_s.c
[9.870s] -- Installing: /root/irslab_ws/install/tm_msgs/local/lib/python3.10/dist-packages/tm_msgs/srv/_set_io.py
[9.870s] -- Installing: /root/irslab_ws/install/tm_msgs/local/lib/python3.10/dist-packages/tm_msgs/srv/_send_script_s.c
[9.870s] -- Installing: /root/irslab_ws/install/tm_msgs/local/lib/python3.10/dist-packages/tm_msgs/srv/_write_item.py
[9.870s] -- Installing: /root/irslab_ws/install/tm_msgs/local/lib/python3.10/dist-packages/tm_msgs/srv/_ask_sta.py
[9.871s] -- Installing: /root/irslab_ws/install/tm_msgs/local/lib/python3.10/dist-packages/tm_msgs/srv/_set_event.py
[9.871s] -- Installing: /root/irslab_ws/install/tm_msgs/local/lib/python3.10/dist-packages/tm_msgs/srv/_connect_tm_s.c
[9.871s] -- Installing: /root/irslab_ws/install/tm_msgs/local/lib/python3.10/dist-packages/tm_msgs/srv/_connect_tm.py
[9.871s] -- Installing: /root/irslab_ws/install/tm_msgs/local/lib/python3.10/dist-packages/tm_msgs/srv/_set_positions.py
[9.871s] -- Installing: /root/irslab_ws/install/tm_msgs/local/lib/python3.10/dist-packages/tm_msgs/srv/_set_io_s.c
[9.871s] -- Installing: /root/irslab_ws/install/tm_msgs/local/lib/python3.10/dist-packages/tm_msgs/srv/_set_positions_s.c
[9.871s] -- Installing: /root/irslab_ws/install/tm_msgs/local/lib/python3.10/dist-packages/tm_msgs/srv/_set_event_s.c
[9.871s] -- Installing: /root/irslab_ws/install/tm_msgs/local/lib/python3.10/dist-packages/tm_msgs/_tm_msgs_s.ep.rosidl_typesupport_c.c
[9.871s] -- Installing: /root/irslab_ws/install/tm_msgs/local/lib/python3.10/dist-packages/tm_msgs/_tm_msgs_s.ep.rosidl_typesupport_introspection_c.c
[9.871s] -- Installing: /root/irslab_ws/install/tm_msgs/local/lib/python3.10/dist-packages/tm_msgs/tm_msgs_s__rosidl_typesupport_introspection_c.cpython-310-x86_64-linux-gnu.so
[9.871s] -- Installing: /root/irslab_ws/install/tm_msgs/local/lib/python3.10/dist-packages/tm_msgs/tm_msgs_s__rosidl_typesupport_fastrtps_c.cpython-310-x86_64-linux-gnu.so
[9.871s] -- Installing: /root/irslab_ws/install/tm_msgs/local/lib/python3.10/dist-packages/tm_msgs/msg
[9.871s] -- Installing: /root/irslab_ws/install/tm_msgs/local/lib/python3.10/dist-packages/tm_msgs/msg/__init__.py
[9.872s] -- Installing: /root/irslab_ws/install/tm_msgs/local/lib/python3.10/dist-packages/tm_msgs/msg/_feedback_state_s.c
[9.872s] -- Installing: /root/irslab_ws/install/tm_msgs/local/lib/python3.10/dist-packages/tm_msgs/msg/_sct_response_s.c
[9.872s] -- Installing: /root/irslab_ws/install/tm_msgs/local/lib/python3.10/dist-packages/tm_msgs/msg/_feedback_state.py
[9.872s] -- Installing: /root/irslab_ws/install/tm_msgs/local/lib/python3.10/dist-packages/tm_msgs/msg/_svr_response_s.c
[9.872s] -- Installing: /root/irslab_ws/install/tm_msgs/local/lib/python3.10/dist-packages/tm_msgs/msg/_sta_response_s.c
[9.872s] -- Installing: /root/irslab_ws/install/tm_msgs/local/lib/python3.10/dist-packages/tm_msgs/msg/_sct_response.py
[9.872s] -- Installing: /root/irslab_ws/install/tm_msgs/local/lib/python3.10/dist-packages/tm_msgs/msg/_sta_response.py
[9.872s] -- Installing: /root/irslab_ws/install/tm_msgs/local/lib/python3.10/dist-packages/tm_msgs/msg/_svr_response.py
[9.900s] Listing '/root/irslab_ws/install/tm_msgs/local/lib/python3.10/dist-packages/tm_msgs'...
[9.900s] Compiling '/root/irslab_ws/install/tm_msgs/local/lib/python3.10/dist-packages/tm_msgs/__init__.py'...
[9.901s] Listing '/root/irslab_ws/install/tm_msgs/local/lib/python3.10/dist-packages/tm_msgs/msg'...
[9.901s] Compiling '/root/irslab_ws/install/tm_msgs/local/lib/python3.10/dist-packages/tm_msgs/msg/__init__.py'...
[9.901s] Compiling '/root/irslab_ws/install/tm_msgs/local/lib/python3.10/dist-packages/tm_msgs/msg/_feedback_state.py'...
[9.907s] Compiling '/root/irslab_ws/install/tm_msgs/local/lib/python3.10/dist-packages/tm_msgs/msg/_sct_response.py'...
[9.907s] Compiling '/root/irslab_ws/install/tm_msgs/local/lib/python3.10/dist-packages/tm_msgs/msg/_sta_response.py'...
[9.908s] Compiling '/root/irslab_ws/install/tm_msgs/local/lib/python3.10/dist-packages/tm_msgs/msg/_svr_response.py'...
[9.909s] Listing '/root/irslab_ws/install/tm_msgs/local/lib/python3.10/dist-packages/tm_msgs/srv'...
[9.909s] Compiling '/root/irslab_ws/install/tm_msgs/local/lib/python3.10/dist-packages/tm_msgs/srv/__init__.py'...
[9.909s] Compiling '/root/irslab_ws/install/tm_msgs/local/lib/python3.10/dist-packages/tm_msgs/srv/_ask_item.py'...
[9.910s] Compiling '/root/irslab_ws/install/tm_msgs/local/lib/python3.10/dist-packages/tm_msgs/srv/_ask_sta.py'...
[9.912s] Compiling '/root/irslab_ws/install/tm_msgs/local/lib/python3.10/dist-packages/tm_msgs/srv/_connect_tm.py'...
[9.913s] Compiling '/root/irslab_ws/install/tm_msgs/local/lib/python3.10/dist-packages/tm_msgs/srv/_robot_command.py'...
[9.915s] Compiling '/root/irslab_ws/install/tm_msgs/local/lib/python3.10/dist-packages/tm_msgs/srv/_send_script.py'...
[9.916s] Compiling '/root/irslab_ws/install/tm_msgs/local/lib/python3.10/dist-packages/tm_msgs/srv/_set_event.py'...
[9.917s] Compiling '/root/irslab_ws/install/tm_msgs/local/lib/python3.10/dist-packages/tm_msgs/srv/_set_io.py'...
[9.919s] Compiling '/root/irslab_ws/install/tm_msgs/local/lib/python3.10/dist-packages/tm_msgs/srv/_set_positions.py'...
[9.920s] Compiling '/root/irslab_ws/install/tm_msgs/local/lib/python3.10/dist-packages/tm_msgs/srv/_write_item.py'...
[9.927s] -- Installing: /root/irslab_ws/install/tm_msgs/local/lib/python3.10/dist-packages/tm_msgs/tm_msgs_s__rosidl_typesupport_fastrtps_c.cpython-310-x86_64-linux-gnu.so
[9.927s] -- Set runtime path of "/root/irslab_ws/install/tm_msgs/local/lib/python3.10/dist-packages/tm_msgs/tm_msgs_s__rosidl_typesupport_fastrtps_c.cpython-310-x86_64-linux-gnu.so" to ""
[9.927s] -- Installing: /root/irslab_ws/install/tm_msgs/local/lib/python3.10/dist-packages/tm_msgs/tm_msgs_s__rosidl_typesupport_introspection_c.cpython-310-x86_64-linux-gnu.so
[9.927s] -- Set runtime path of "/root/irslab_ws/install/tm_msgs/local/lib/python3.10/dist-packages/tm_msgs/tm_msgs_s__rosidl_typesupport_introspection_c.cpython-310-x86_64-linux-gnu.so" to ""
[9.927s] -- Installing: /root/irslab_ws/install/tm_msgs/local/lib/python3.10/dist-packages/tm_msgs/tm_msgs_s__rosidl_typesupport_c.cpython-310-x86_64-linux-gnu.so
[9.927s] -- Set runtime path of "/root/irslab_ws/install/tm_msgs/local/lib/python3.10/dist-packages/tm_msgs/tm_msgs_s__rosidl_typesupport_c.cpython-310-x86_64-linux-gnu.so" to ""
[9.927s] -- Installing: /root/irslab_ws/install/tm_msgs/lib/libtm_msgs__rosidl_generator_py.so
[9.928s] -- Set runtime path of "/root/irslab_ws/install/tm_msgs/lib/libtm_msgs__rosidl_generator_py.so" to ""
[9.928s] -- Installing: /root/irslab_ws/install/tm_msgs/share/tm_msgs/msg/FeedbackState.idl
[9.928s] -- Installing: /root/irslab_ws/install/tm_msgs/share/tm_msgs/msg/SvrResponse.idl
[9.928s] -- Installing: /root/irslab_ws/install/tm_msgs/share/tm_msgs/msg/SctResponse.idl
[9.928s] -- Installing: /root/irslab_ws/install/tm_msgs/share/tm_msgs/msg/StaResponse.idl
[9.928s] -- Installing: /root/irslab_ws/install/tm_msgs/share/tm_msgs/srv/ConnectTM.idl
[9.928s] -- Installing: /root/irslab_ws/install/tm_msgs/share/tm_msgs/srv/WriteItem.idl
[9.928s] -- Installing: /root/irslab_ws/install/tm_msgs/share/tm_msgs/srv/AskItem.idl
[9.928s] -- Installing: /root/irslab_ws/install/tm_msgs/share/tm_msgs/srv/SendScript.idl
[9.928s] -- Installing: /root/irslab_ws/install/tm_msgs/share/tm_msgs/srv/SetEvent.idl
[9.928s] -- Installing: /root/irslab_ws/install/tm_msgs/share/tm_msgs/srv/SetIO.idl
[9.928s] -- Installing: /root/irslab_ws/install/tm_msgs/share/tm_msgs/srv/SetPositions.idl
[9.928s] -- Installing: /root/irslab_ws/install/tm_msgs/share/tm_msgs/srv/AskSta.idl
[9.928s] -- Installing: /root/irslab_ws/install/tm_msgs/share/tm_msgs/srv/RobotCommand.idl
[9.928s] -- Installing: /root/irslab_ws/install/tm_msgs/share/tm_msgs/msg/FeedbackState.msg
[9.928s] -- Installing: /root/irslab_ws/install/tm_msgs/share/tm_msgs/msg/SvrResponse.msg
[9.929s] -- Installing: /root/irslab_ws/install/tm_msgs/share/tm_msgs/msg/SctResponse.msg
[9.929s] -- Installing: /root/irslab_ws/install/tm_msgs/share/tm_msgs/msg/StaResponse.msg
[9.929s] -- Installing: /root/irslab_ws/install/tm_msgs/share/tm_msgs/srv/ConnectTM.srv
[9.929s] -- Installing: /root/irslab_ws/install/tm_msgs/share/tm_msgs/srv/ConnectTM_Request.msg
[9.929s] -- Installing: /root/irslab_ws/install/tm_msgs/share/tm_msgs/srv/ConnectTM_Response.msg
[9.929s] -- Installing: /root/irslab_ws/install/tm_msgs/share/tm_msgs/srv/WriteItem.srv
[9.929s] -- Installing: /root/irslab_ws/install/tm_msgs/share/tm_msgs/srv/WriteItem_Request.msg
[9.929s] -- Installing: /root/irslab_ws/install/tm_msgs/share/tm_msgs/srv/WriteItem_Response.msg
[9.929s] -- Installing: /root/irslab_ws/install/tm_msgs/share/tm_msgs/srv/AskItem.srv
[9.929s] -- Installing: /root/irslab_ws/install/tm_msgs/share/tm_msgs/srv/AskItem_Request.msg
[9.929s] -- Installing: /root/irslab_ws/install/tm_msgs/share/tm_msgs/srv/AskItem_Response.msg
[9.929s] -- Installing: /root/irslab_ws/install/tm_msgs/share/tm_msgs/srv/SendScript.srv
[9.929s] -- Installing: /root/irslab_ws/install/tm_msgs/share/tm_msgs/srv/SendScript_Request.msg
[9.929s] -- Installing: /root/irslab_ws/install/tm_msgs/share/tm_msgs/srv/SendScript_Response.msg
[9.929s] -- Installing: /root/irslab_ws/install/tm_msgs/share/tm_msgs/srv/SetEvent.srv
[9.929s] -- Installing: /root/irslab_ws/install/tm_msgs/share/tm_msgs/srv/SetEvent_Request.msg
[9.929s] -- Installing: /root/irslab_ws/install/tm_msgs/share/tm_msgs/srv/SetEvent_Response.msg
[9.929s] -- Installing: /root/irslab_ws/install/tm_msgs/share/tm_msgs/srv/SetIO.srv
[9.929s] -- Installing: /root/irslab_ws/install/tm_msgs/share/tm_msgs/srv/SetIO_Request.msg
[9.930s] -- Installing: /root/irslab_ws/install/tm_msgs/share/tm_msgs/srv/SetIO_Response.msg
[9.930s] -- Installing: /root/irslab_ws/install/tm_msgs/share/tm_msgs/srv/SetPositions.srv
[9.930s] -- Installing: /root/irslab_ws/install/tm_msgs/share/tm_msgs/srv/SetPositions_Request.msg
[9.930s] -- Installing: /root/irslab_ws/install/tm_msgs/share/tm_msgs/srv/SetPositions_Response.msg
[9.930s] -- Installing: /root/irslab_ws/install/tm_msgs/share/tm_msgs/srv/AskSta.srv
[9.930s] -- Installing: /root/irslab_ws/install/tm_msgs/share/tm_msgs/srv/AskSta_Request.msg
[9.930s] -- Installing: /root/irslab_ws/install/tm_msgs/share/tm_msgs/srv/AskSta_Response.msg
[9.930s] -- Installing: /root/irslab_ws/install/tm_msgs/share/tm_msgs/srv/RobotCommand.srv
[9.930s] -- Installing: /root/irslab_ws/install/tm_msgs/share/tm_msgs/srv/RobotCommand_Request.msg
[9.930s] -- Installing: /root/irslab_ws/install/tm_msgs/share/tm_msgs/srv/RobotCommand_Response.msg
[9.930s] -- Installing: /root/irslab_ws/install/tm_msgs/share/ament_index/resource_index/package_run_dependencies/tm_msgs
[9.930s] -- Installing: /root/irslab_ws/install/tm_msgs/share/ament_index/resource_index/parent_prefix_path/tm_msgs
[9.930s] -- Installing: /root/irslab_ws/install/tm_msgs/share/tm_msgs/environment/ament_prefix_path.sh
[9.930s] -- Installing: /root/irslab_ws/install/tm_msgs/share/tm_msgs/environment/ament_prefix_path.dsv
[9.930s] -- Installing: /root/irslab_ws/install/tm_msgs/share/tm_msgs/environment/path.sh
[9.930s] -- Installing: /root/irslab_ws/install/tm_msgs/share/tm_msgs/environment/path.dsv
[9.930s] -- Installing: /root/irslab_ws/install/tm_msgs/share/tm_msgs/local_setup.bash
[9.931s] -- Installing: /root/irslab_ws/install/tm_msgs/share/tm_msgs/local_setup.sh
[9.931s] -- Installing: /root/irslab_ws/install/tm_msgs/share/tm_msgs/local_setup.zsh
[9.931s] -- Installing: /root/irslab_ws/install/tm_msgs/share/tm_msgs/local_setup.dsv
[9.931s] -- Installing: /root/irslab_ws/install/tm_msgs/share/tm_msgs/package.dsv
[9.931s] -- Installing: /root/irslab_ws/install/tm_msgs/share/ament_index/resource_index/packages/tm_msgs
[9.931s] -- Installing: /root/irslab_ws/install/tm_msgs/share/tm_msgs/cmake/export_tm_msgs__rosidl_generator_cExport.cmake
[9.931s] -- Installing: /root/irslab_ws/install/tm_msgs/share/tm_msgs/cmake/export_tm_msgs__rosidl_generator_cExport-noconfig.cmake
[9.931s] -- Installing: /root/irslab_ws/install/tm_msgs/share/tm_msgs/cmake/export_tm_msgs__rosidl_typesupport_fastrtps_cExport.cmake
[9.931s] -- Installing: /root/irslab_ws/install/tm_msgs/share/tm_msgs/cmake/export_tm_msgs__rosidl_typesupport_fastrtps_cExport-noconfig.cmake
[9.931s] -- Installing: /root/irslab_ws/install/tm_msgs/share/tm_msgs/cmake/tm_msgs__rosidl_typesupport_introspection_cExport.cmake
[9.931s] -- Installing: /root/irslab_ws/install/tm_msgs/share/tm_msgs/cmake/tm_msgs__rosidl_typesupport_introspection_cExport-noconfig.cmake
[9.931s] -- Installing: /root/irslab_ws/install/tm_msgs/share/tm_msgs/cmake/tm_msgs__rosidl_typesupport_cExport.cmake
[9.931s] -- Installing: /root/irslab_ws/install/tm_msgs/share/tm_msgs/cmake/tm_msgs__rosidl_typesupport_cExport-noconfig.cmake
[9.931s] -- Installing: /root/irslab_ws/install/tm_msgs/share/tm_msgs/cmake/export_tm_msgs__rosidl_generator_cppExport.cmake
[9.931s] -- Installing: /root/irslab_ws/install/tm_msgs/share/tm_msgs/cmake/export_tm_msgs__rosidl_typesupport_fastrtps_cppExport.cmake
[9.931s] -- Installing: /root/irslab_ws/install/tm_msgs/share/tm_msgs/cmake/export_tm_msgs__rosidl_typesupport_fastrtps_cppExport-noconfig.cmake
[9.932s] -- Installing: /root/irslab_ws/install/tm_msgs/share/tm_msgs/cmake/tm_msgs__rosidl_typesupport_introspection_cppExport.cmake
[9.932s] -- Installing: /root/irslab_ws/install/tm_msgs/share/tm_msgs/cmake/tm_msgs__rosidl_typesupport_introspection_cppExport-noconfig.cmake
[9.932s] -- Installing: /root/irslab_ws/install/tm_msgs/share/tm_msgs/cmake/tm_msgs__rosidl_typesupport_cppExport.cmake
[9.932s] -- Installing: /root/irslab_ws/install/tm_msgs/share/tm_msgs/cmake/tm_msgs__rosidl_typesupport_cppExport-noconfig.cmake
[9.932s] -- Installing: /root/irslab_ws/install/tm_msgs/share/tm_msgs/cmake/export_tm_msgs__rosidl_generator_pyExport.cmake
[9.932s] -- Installing: /root/irslab_ws/install/tm_msgs/share/tm_msgs/cmake/export_tm_msgs__rosidl_generator_pyExport-noconfig.cmake
[9.932s] -- Installing: /root/irslab_ws/install/tm_msgs/share/tm_msgs/cmake/rosidl_cmake-extras.cmake
[9.932s] -- Installing: /root/irslab_ws/install/tm_msgs/share/tm_msgs/cmake/ament_cmake_export_dependencies-extras.cmake
[9.932s] -- Installing: /root/irslab_ws/install/tm_msgs/share/tm_msgs/cmake/ament_cmake_export_include_directories-extras.cmake
[9.932s] -- Installing: /root/irslab_ws/install/tm_msgs/share/tm_msgs/cmake/ament_cmake_export_libraries-extras.cmake
[9.932s] -- Installing: /root/irslab_ws/install/tm_msgs/share/tm_msgs/cmake/ament_cmake_export_targets-extras.cmake
[9.932s] -- Installing: /root/irslab_ws/install/tm_msgs/share/tm_msgs/cmake/rosidl_cmake_export_typesupport_targets-extras.cmake
[9.932s] -- Installing: /root/irslab_ws/install/tm_msgs/share/tm_msgs/cmake/rosidl_cmake_export_typesupport_libraries-extras.cmake
[9.932s] -- Installing: /root/irslab_ws/install/tm_msgs/share/tm_msgs/cmake/tm_msgsConfig.cmake
[9.932s] -- Installing: /root/irslab_ws/install/tm_msgs/share/tm_msgs/cmake/tm_msgsConfig-version.cmake
[9.932s] -- Installing: /root/irslab_ws/install/tm_msgs/share/tm_msgs/package.xml
[9.935s] Invoked command in '/root/irslab_ws/build/tm_msgs' returned '0': CMAKE_PREFIX_PATH=${CMAKE_PREFIX_PATH}:/root/irslab_ws/install/tm_mod_urdf:/root/irslab_ws/install/pa_warehouse_status:/root/irslab_ws/install/hand_solo_virtual_nav:/opt/ros/humble /usr/bin/cmake --install /root/irslab_ws/build/tm_msgs
