[1.491s] Invoking command in '/root/irslab_ws/src/pa_warehouse_status': PYTHONPATH=/root/irslab_ws/build/pa_warehouse_status/prefix_override:/usr/lib/python3/dist-packages/colcon_core/task/python/colcon_distutils_commands:/root/irslab_ws/install/pa_warehouse_status/lib/python3.10/site-packages:${PYTHONPATH} /usr/bin/python3 -W ignore:setup.py install is deprecated -W ignore:easy_install command is deprecated setup.py egg_info --egg-base ../../build/pa_warehouse_status build --build-base /root/irslab_ws/build/pa_warehouse_status/build install --record /root/irslab_ws/build/pa_warehouse_status/install.log --single-version-externally-managed install_data
[1.930s] running egg_info
[1.930s] creating ../../build/pa_warehouse_status/pa_warehouse_status.egg-info
[1.930s] writing ../../build/pa_warehouse_status/pa_warehouse_status.egg-info/PKG-INFO
[1.930s] writing dependency_links to ../../build/pa_warehouse_status/pa_warehouse_status.egg-info/dependency_links.txt
[1.930s] writing entry points to ../../build/pa_warehouse_status/pa_warehouse_status.egg-info/entry_points.txt
[1.930s] writing requirements to ../../build/pa_warehouse_status/pa_warehouse_status.egg-info/requires.txt
[1.931s] writing top-level names to ../../build/pa_warehouse_status/pa_warehouse_status.egg-info/top_level.txt
[1.931s] writing manifest file '../../build/pa_warehouse_status/pa_warehouse_status.egg-info/SOURCES.txt'
[1.931s] reading manifest file '../../build/pa_warehouse_status/pa_warehouse_status.egg-info/SOURCES.txt'
[1.931s] adding license file 'LICENSE'
[1.931s] writing manifest file '../../build/pa_warehouse_status/pa_warehouse_status.egg-info/SOURCES.txt'
[1.931s] running build
[1.931s] running build_py
[1.931s] creating /root/irslab_ws/build/pa_warehouse_status/build
[1.931s] creating /root/irslab_ws/build/pa_warehouse_status/build/lib
[1.931s] creating /root/irslab_ws/build/pa_warehouse_status/build/lib/pa_warehouse_status
[1.931s] copying pa_warehouse_status/plc_hmi_listener.py -> /root/irslab_ws/build/pa_warehouse_status/build/lib/pa_warehouse_status
[1.931s] copying pa_warehouse_status/__init__.py -> /root/irslab_ws/build/pa_warehouse_status/build/lib/pa_warehouse_status
[1.931s] copying pa_warehouse_status/pineapple_listener_bot.py -> /root/irslab_ws/build/pa_warehouse_status/build/lib/pa_warehouse_status
[1.931s] copying pa_warehouse_status/pineapple_gossip_bot.py -> /root/irslab_ws/build/pa_warehouse_status/build/lib/pa_warehouse_status
[1.931s] running install
[1.931s] running install_lib
[1.931s] creating /root/irslab_ws/install/pa_warehouse_status/lib/python3.10/site-packages/pa_warehouse_status
[1.931s] copying /root/irslab_ws/build/pa_warehouse_status/build/lib/pa_warehouse_status/plc_hmi_listener.py -> /root/irslab_ws/install/pa_warehouse_status/lib/python3.10/site-packages/pa_warehouse_status
[1.932s] copying /root/irslab_ws/build/pa_warehouse_status/build/lib/pa_warehouse_status/__init__.py -> /root/irslab_ws/install/pa_warehouse_status/lib/python3.10/site-packages/pa_warehouse_status
[1.932s] copying /root/irslab_ws/build/pa_warehouse_status/build/lib/pa_warehouse_status/pineapple_listener_bot.py -> /root/irslab_ws/install/pa_warehouse_status/lib/python3.10/site-packages/pa_warehouse_status
[1.932s] copying /root/irslab_ws/build/pa_warehouse_status/build/lib/pa_warehouse_status/pineapple_gossip_bot.py -> /root/irslab_ws/install/pa_warehouse_status/lib/python3.10/site-packages/pa_warehouse_status
[1.932s] byte-compiling /root/irslab_ws/install/pa_warehouse_status/lib/python3.10/site-packages/pa_warehouse_status/plc_hmi_listener.py to plc_hmi_listener.cpython-310.pyc
[1.932s] byte-compiling /root/irslab_ws/install/pa_warehouse_status/lib/python3.10/site-packages/pa_warehouse_status/__init__.py to __init__.cpython-310.pyc
[1.932s] byte-compiling /root/irslab_ws/install/pa_warehouse_status/lib/python3.10/site-packages/pa_warehouse_status/pineapple_listener_bot.py to pineapple_listener_bot.cpython-310.pyc
[1.932s] byte-compiling /root/irslab_ws/install/pa_warehouse_status/lib/python3.10/site-packages/pa_warehouse_status/pineapple_gossip_bot.py to pineapple_gossip_bot.cpython-310.pyc
[1.932s] running install_data
[1.932s] creating /root/irslab_ws/install/pa_warehouse_status/share/ament_index
[1.932s] creating /root/irslab_ws/install/pa_warehouse_status/share/ament_index/resource_index
[1.932s] creating /root/irslab_ws/install/pa_warehouse_status/share/ament_index/resource_index/packages
[1.932s] copying resource/pa_warehouse_status -> /root/irslab_ws/install/pa_warehouse_status/share/ament_index/resource_index/packages
[1.932s] copying package.xml -> /root/irslab_ws/install/pa_warehouse_status/share/pa_warehouse_status
[1.932s] running install_egg_info
[1.932s] Copying ../../build/pa_warehouse_status/pa_warehouse_status.egg-info to /root/irslab_ws/install/pa_warehouse_status/lib/python3.10/site-packages/pa_warehouse_status-0.0.0-py3.10.egg-info
[1.932s] running install_scripts
[1.932s] Installing pineapple_gossip_bot script to /root/irslab_ws/install/pa_warehouse_status/lib/pa_warehouse_status
[1.932s] Installing pineapple_listener_bot script to /root/irslab_ws/install/pa_warehouse_status/lib/pa_warehouse_status
[1.933s] Installing plc_hmi_listener script to /root/irslab_ws/install/pa_warehouse_status/lib/pa_warehouse_status
[1.933s] writing list of installed files to '/root/irslab_ws/build/pa_warehouse_status/install.log'
[1.951s] Invoked command in '/root/irslab_ws/src/pa_warehouse_status' returned '0': PYTHONPATH=/root/irslab_ws/build/pa_warehouse_status/prefix_override:/usr/lib/python3/dist-packages/colcon_core/task/python/colcon_distutils_commands:/root/irslab_ws/install/pa_warehouse_status/lib/python3.10/site-packages:${PYTHONPATH} /usr/bin/python3 -W ignore:setup.py install is deprecated -W ignore:easy_install command is deprecated setup.py egg_info --egg-base ../../build/pa_warehouse_status build --build-base /root/irslab_ws/build/pa_warehouse_status/build install --record /root/irslab_ws/build/pa_warehouse_status/install.log --single-version-externally-managed install_data
