-- Found ament_cmake: 1.3.12 (/opt/ros/humble/share/ament_cmake/cmake)
-- Found rclcpp: 16.0.15 (/opt/ros/humble/share/rclcpp/cmake)
-- Found rosidl_generator_c: 3.1.7 (/opt/ros/humble/share/rosidl_generator_c/cmake)
-- Found rosidl_adapter: 3.1.7 (/opt/ros/humble/share/rosidl_adapter/cmake)
-- Found rosidl_generator_cpp: 3.1.7 (/opt/ros/humble/share/rosidl_generator_cpp/cmake)
-- Using all available rosidl_typesupport_c: rosidl_typesupport_fastrtps_c;rosidl_typesupport_introspection_c
-- Using all available rosidl_typesupport_cpp: rosidl_typesupport_fastrtps_cpp;rosidl_typesupport_introspection_cpp
-- Found rmw_implementation_cmake: 6.1.2 (/opt/ros/humble/share/rmw_implementation_cmake/cmake)
-- Found rmw_cyclonedds_cpp: 1.3.4 (/opt/ros/humble/share/rmw_cyclonedds_cpp/cmake)
-- Using RMW implementation 'rmw_cyclonedds_cpp' as default
-- Found rclcpp_action: 16.0.15 (/opt/ros/humble/share/rclcpp_action/cmake)
-- Found tm_msgs: 1.1.2 (/root/irslab_ws/install/tm_msgs/share/tm_msgs/cmake)
-- Found ament_lint_auto: 0.12.14 (/opt/ros/humble/share/ament_lint_auto/cmake)
-- Added test 'copyright' to check source files copyright and LICENSE
-- Added test 'cppcheck' to perform static code analysis on C / C++ code
-- Configured cppcheck include dirs: 
-- Configured cppcheck exclude dirs and/or files: 
-- Added test 'cpplint' to check C / C++ code against the Google style
-- Configured cpplint exclude dirs and/or files: 
-- Added test 'flake8' to check Python code syntax and style conventions
-- Added test 'lint_cmake' to check CMake code style
-- Added test 'pep257' to check Python code against some of the docstring style conventions in PEP 257
-- Added test 'uncrustify' to check C / C++ code style
-- Configured uncrustify additional arguments: 
-- Added test 'xmllint' to check XML markup files
-- Configuring done
-- Generating done
-- Build files have been written to: /root/irslab_ws/build/tm_inspect
[ 14%] [34m[1mAutomatic MOC and UIC for target robot_ui[0m
[ 14%] Built target robot_ui_autogen
[35m[1mConsolidate compiler generated dependencies of target robot_ui[0m
[ 28%] [32mBuilding CXX object CMakeFiles/robot_ui.dir/src/ros_page.cpp.o[0m
[32m[1mLinking CXX executable robot_ui[0m
Built target robot_ui
-- Install configuration: "Release"
-- Installing: /root/irslab_ws/install/tm_inspect/lib/tm_inspect/robot_ui
-- Set runtime path of "/root/irslab_ws/install/tm_inspect/lib/tm_inspect/robot_ui" to ""
-- Up-to-date: /root/irslab_ws/install/tm_inspect/share/tm_inspect/launch
-- Up-to-date: /root/irslab_ws/install/tm_inspect/share/tm_inspect/launch/tm_gui.launch.py
-- Up-to-date: /root/irslab_ws/install/tm_inspect/share/ament_index/resource_index/package_run_dependencies/tm_inspect
-- Up-to-date: /root/irslab_ws/install/tm_inspect/share/ament_index/resource_index/parent_prefix_path/tm_inspect
-- Up-to-date: /root/irslab_ws/install/tm_inspect/share/tm_inspect/environment/ament_prefix_path.sh
-- Up-to-date: /root/irslab_ws/install/tm_inspect/share/tm_inspect/environment/ament_prefix_path.dsv
-- Up-to-date: /root/irslab_ws/install/tm_inspect/share/tm_inspect/environment/path.sh
-- Up-to-date: /root/irslab_ws/install/tm_inspect/share/tm_inspect/environment/path.dsv
-- Up-to-date: /root/irslab_ws/install/tm_inspect/share/tm_inspect/local_setup.bash
-- Up-to-date: /root/irslab_ws/install/tm_inspect/share/tm_inspect/local_setup.sh
-- Up-to-date: /root/irslab_ws/install/tm_inspect/share/tm_inspect/local_setup.zsh
-- Up-to-date: /root/irslab_ws/install/tm_inspect/share/tm_inspect/local_setup.dsv
-- Installing: /root/irslab_ws/install/tm_inspect/share/tm_inspect/package.dsv
-- Up-to-date: /root/irslab_ws/install/tm_inspect/share/ament_index/resource_index/packages/tm_inspect
-- Up-to-date: /root/irslab_ws/install/tm_inspect/share/tm_inspect/cmake/tm_inspectConfig.cmake
-- Up-to-date: /root/irslab_ws/install/tm_inspect/share/tm_inspect/cmake/tm_inspectConfig-version.cmake
-- Up-to-date: /root/irslab_ws/install/tm_inspect/share/tm_inspect/package.xml
