[3.100s] Invoking command in '/root/irslab_ws/src/pa_warehouse_status': PYTHONPATH=/root/irslab_ws/build/pa_warehouse_status/prefix_override:/usr/lib/python3/dist-packages/colcon_core/task/python/colcon_distutils_commands:/root/irslab_ws/install/pa_warehouse_status/lib/python3.10/site-packages:${PYTHONPATH} /usr/bin/python3 -W ignore:setup.py install is deprecated -W ignore:easy_install command is deprecated setup.py egg_info --egg-base ../../build/pa_warehouse_status build --build-base /root/irslab_ws/build/pa_warehouse_status/build install --record /root/irslab_ws/build/pa_warehouse_status/install.log --single-version-externally-managed install_data
[3.466s] running egg_info
[3.467s] writing ../../build/pa_warehouse_status/pa_warehouse_status.egg-info/PKG-INFO
[3.467s] writing dependency_links to ../../build/pa_warehouse_status/pa_warehouse_status.egg-info/dependency_links.txt
[3.468s] writing entry points to ../../build/pa_warehouse_status/pa_warehouse_status.egg-info/entry_points.txt
[3.468s] writing requirements to ../../build/pa_warehouse_status/pa_warehouse_status.egg-info/requires.txt
[3.468s] writing top-level names to ../../build/pa_warehouse_status/pa_warehouse_status.egg-info/top_level.txt
[3.472s] reading manifest file '../../build/pa_warehouse_status/pa_warehouse_status.egg-info/SOURCES.txt'
[3.473s] adding license file 'LICENSE'
[3.474s] writing manifest file '../../build/pa_warehouse_status/pa_warehouse_status.egg-info/SOURCES.txt'
[3.474s] running build
[3.474s] running build_py
[3.475s] running install
[3.476s] running install_lib
[3.479s] running install_data
[3.480s] running install_egg_info
[3.484s] removing '/root/irslab_ws/install/pa_warehouse_status/lib/python3.10/site-packages/pa_warehouse_status-0.0.0-py3.10.egg-info' (and everything under it)
[3.485s] Copying ../../build/pa_warehouse_status/pa_warehouse_status.egg-info to /root/irslab_ws/install/pa_warehouse_status/lib/python3.10/site-packages/pa_warehouse_status-0.0.0-py3.10.egg-info
[3.486s] running install_scripts
[3.533s] Installing pineapple_gossip_bot script to /root/irslab_ws/install/pa_warehouse_status/lib/pa_warehouse_status
[3.534s] Installing pineapple_listener_bot script to /root/irslab_ws/install/pa_warehouse_status/lib/pa_warehouse_status
[3.535s] Installing plc_hmi_listener script to /root/irslab_ws/install/pa_warehouse_status/lib/pa_warehouse_status
[3.535s] writing list of installed files to '/root/irslab_ws/build/pa_warehouse_status/install.log'
[3.577s] Invoked command in '/root/irslab_ws/src/pa_warehouse_status' returned '0': PYTHONPATH=/root/irslab_ws/build/pa_warehouse_status/prefix_override:/usr/lib/python3/dist-packages/colcon_core/task/python/colcon_distutils_commands:/root/irslab_ws/install/pa_warehouse_status/lib/python3.10/site-packages:${PYTHONPATH} /usr/bin/python3 -W ignore:setup.py install is deprecated -W ignore:easy_install command is deprecated setup.py egg_info --egg-base ../../build/pa_warehouse_status build --build-base /root/irslab_ws/build/pa_warehouse_status/build install --record /root/irslab_ws/build/pa_warehouse_status/install.log --single-version-externally-managed install_data
