[0.119s] Invoking command in '/root/irslab_ws/build/tm_driver': CMAKE_PREFIX_PATH=/root/irslab_ws/install/tm_msgs:/root/irslab_ws/install/tm_test:/root/irslab_ws/install/tm_inspect:/root/irslab_ws/install/tm_driver:/root/irslab_ws/install/tm5x-900_moveit_config:/root/irslab_ws/install/tm5x-700_moveit_config:/root/irslab_ws/install/tm5-900_moveit_config:/root/irslab_ws/install/tm5-700_moveit_config:/root/irslab_ws/install/tm20_moveit_config:/root/irslab_ws/install/tm16_moveit_config:/root/irslab_ws/install/tm14x_moveit_config:/root/irslab_ws/install/tm14_moveit_config:/root/irslab_ws/install/tm12x_moveit_config:/root/irslab_ws/install/tm12_moveit_config:/root/irslab_ws/install/tm_description:/root/irslab_ws/install/tm_mod_urdf:/root/irslab_ws/install/pick_nav_place:/root/irslab_ws/install/pa_warehouse_status:/root/irslab_ws/install/hand_solo_virtual_nav:/root/irslab_ws/install/hand_solo_arm:/opt/ros/humble /usr/bin/cmake --build /root/irslab_ws/build/tm_driver -- -j20 -l20
[0.341s] [100%] Built target tm_driver
[0.449s] Invoked command in '/root/irslab_ws/build/tm_driver' returned '0': CMAKE_PREFIX_PATH=/root/irslab_ws/install/tm_msgs:/root/irslab_ws/install/tm_test:/root/irslab_ws/install/tm_inspect:/root/irslab_ws/install/tm_driver:/root/irslab_ws/install/tm5x-900_moveit_config:/root/irslab_ws/install/tm5x-700_moveit_config:/root/irslab_ws/install/tm5-900_moveit_config:/root/irslab_ws/install/tm5-700_moveit_config:/root/irslab_ws/install/tm20_moveit_config:/root/irslab_ws/install/tm16_moveit_config:/root/irslab_ws/install/tm14x_moveit_config:/root/irslab_ws/install/tm14_moveit_config:/root/irslab_ws/install/tm12x_moveit_config:/root/irslab_ws/install/tm12_moveit_config:/root/irslab_ws/install/tm_description:/root/irslab_ws/install/tm_mod_urdf:/root/irslab_ws/install/pick_nav_place:/root/irslab_ws/install/pa_warehouse_status:/root/irslab_ws/install/hand_solo_virtual_nav:/root/irslab_ws/install/hand_solo_arm:/opt/ros/humble /usr/bin/cmake --build /root/irslab_ws/build/tm_driver -- -j20 -l20
[0.452s] Invoking command in '/root/irslab_ws/build/tm_driver': CMAKE_PREFIX_PATH=/root/irslab_ws/install/tm_msgs:/root/irslab_ws/install/tm_test:/root/irslab_ws/install/tm_inspect:/root/irslab_ws/install/tm_driver:/root/irslab_ws/install/tm5x-900_moveit_config:/root/irslab_ws/install/tm5x-700_moveit_config:/root/irslab_ws/install/tm5-900_moveit_config:/root/irslab_ws/install/tm5-700_moveit_config:/root/irslab_ws/install/tm20_moveit_config:/root/irslab_ws/install/tm16_moveit_config:/root/irslab_ws/install/tm14x_moveit_config:/root/irslab_ws/install/tm14_moveit_config:/root/irslab_ws/install/tm12x_moveit_config:/root/irslab_ws/install/tm12_moveit_config:/root/irslab_ws/install/tm_description:/root/irslab_ws/install/tm_mod_urdf:/root/irslab_ws/install/pick_nav_place:/root/irslab_ws/install/pa_warehouse_status:/root/irslab_ws/install/hand_solo_virtual_nav:/root/irslab_ws/install/hand_solo_arm:/opt/ros/humble /usr/bin/cmake --install /root/irslab_ws/build/tm_driver
[0.501s] -- Install configuration: ""
[0.503s] -- Up-to-date: /root/irslab_ws/install/tm_driver/lib/tm_driver/tm_driver
[0.504s] -- Up-to-date: /root/irslab_ws/install/tm_driver/share/tm_driver/launch
[0.505s] -- Up-to-date: /root/irslab_ws/install/tm_driver/share/tm_driver/launch/tm_bringup.launch.py
[0.505s] -- Up-to-date: /root/irslab_ws/install/tm_driver/share/ament_index/resource_index/package_run_dependencies/tm_driver
[0.505s] -- Up-to-date: /root/irslab_ws/install/tm_driver/share/ament_index/resource_index/parent_prefix_path/tm_driver
[0.506s] -- Up-to-date: /root/irslab_ws/install/tm_driver/share/tm_driver/environment/ament_prefix_path.sh
[0.506s] -- Up-to-date: /root/irslab_ws/install/tm_driver/share/tm_driver/environment/ament_prefix_path.dsv
[0.507s] -- Up-to-date: /root/irslab_ws/install/tm_driver/share/tm_driver/environment/path.sh
[0.508s] -- Up-to-date: /root/irslab_ws/install/tm_driver/share/tm_driver/environment/path.dsv
[0.509s] -- Up-to-date: /root/irslab_ws/install/tm_driver/share/tm_driver/local_setup.bash
[0.510s] -- Up-to-date: /root/irslab_ws/install/tm_driver/share/tm_driver/local_setup.sh
[0.510s] -- Up-to-date: /root/irslab_ws/install/tm_driver/share/tm_driver/local_setup.zsh
[0.511s] -- Up-to-date: /root/irslab_ws/install/tm_driver/share/tm_driver/local_setup.dsv
[0.512s] -- Installing: /root/irslab_ws/install/tm_driver/share/tm_driver/package.dsv
[0.512s] -- Up-to-date: /root/irslab_ws/install/tm_driver/share/ament_index/resource_index/packages/tm_driver
[0.513s] -- Up-to-date: /root/irslab_ws/install/tm_driver/share/tm_driver/cmake/tm_driverConfig.cmake
[0.513s] -- Up-to-date: /root/irslab_ws/install/tm_driver/share/tm_driver/cmake/tm_driverConfig-version.cmake
[0.514s] -- Up-to-date: /root/irslab_ws/install/tm_driver/share/tm_driver/package.xml
[0.521s] Invoked command in '/root/irslab_ws/build/tm_driver' returned '0': CMAKE_PREFIX_PATH=/root/irslab_ws/install/tm_msgs:/root/irslab_ws/install/tm_test:/root/irslab_ws/install/tm_inspect:/root/irslab_ws/install/tm_driver:/root/irslab_ws/install/tm5x-900_moveit_config:/root/irslab_ws/install/tm5x-700_moveit_config:/root/irslab_ws/install/tm5-900_moveit_config:/root/irslab_ws/install/tm5-700_moveit_config:/root/irslab_ws/install/tm20_moveit_config:/root/irslab_ws/install/tm16_moveit_config:/root/irslab_ws/install/tm14x_moveit_config:/root/irslab_ws/install/tm14_moveit_config:/root/irslab_ws/install/tm12x_moveit_config:/root/irslab_ws/install/tm12_moveit_config:/root/irslab_ws/install/tm_description:/root/irslab_ws/install/tm_mod_urdf:/root/irslab_ws/install/pick_nav_place:/root/irslab_ws/install/pa_warehouse_status:/root/irslab_ws/install/hand_solo_virtual_nav:/root/irslab_ws/install/hand_solo_arm:/opt/ros/humble /usr/bin/cmake --install /root/irslab_ws/build/tm_driver
