[0.046s] Invoking command in '/root/irslab_ws/build/custom_nav2_bt_nodes': CMAKE_PREFIX_PATH=${CMAKE_PREFIX_PATH}:/root/irslab_ws/install/tm_mod_urdf:/root/irslab_ws/install/pick_nav_place:/root/irslab_ws/install/pa_warehouse_status:/root/irslab_ws/install/hand_solo_virtual_nav:/root/irslab_ws/install/hand_solo_arm:/opt/ros/humble /usr/bin/cmake --build /root/irslab_ws/build/custom_nav2_bt_nodes -- -j20 -l20
[0.777s] [100%] Built target nav2_bt_nodes_check_path_alignment
[0.984s] Invoked command in '/root/irslab_ws/build/custom_nav2_bt_nodes' returned '0': CMAKE_PREFIX_PATH=${CMAKE_PREFIX_PATH}:/root/irslab_ws/install/tm_mod_urdf:/root/irslab_ws/install/pick_nav_place:/root/irslab_ws/install/pa_warehouse_status:/root/irslab_ws/install/hand_solo_virtual_nav:/root/irslab_ws/install/hand_solo_arm:/opt/ros/humble /usr/bin/cmake --build /root/irslab_ws/build/custom_nav2_bt_nodes -- -j20 -l20
[0.986s] Invoking command in '/root/irslab_ws/build/custom_nav2_bt_nodes': CMAKE_PREFIX_PATH=${CMAKE_PREFIX_PATH}:/root/irslab_ws/install/tm_mod_urdf:/root/irslab_ws/install/pick_nav_place:/root/irslab_ws/install/pa_warehouse_status:/root/irslab_ws/install/hand_solo_virtual_nav:/root/irslab_ws/install/hand_solo_arm:/opt/ros/humble /usr/bin/cmake --install /root/irslab_ws/build/custom_nav2_bt_nodes
[1.020s] -- Install configuration: "Release"
[1.023s] -- Up-to-date: /root/irslab_ws/install/custom_nav2_bt_nodes/lib/libnav2_bt_nodes_check_path_alignment.so
[1.023s] -- Up-to-date: /root/irslab_ws/install/custom_nav2_bt_nodes/share/custom_nav2_bt_nodes/environment/library_path.sh
[1.023s] -- Up-to-date: /root/irslab_ws/install/custom_nav2_bt_nodes/share/custom_nav2_bt_nodes/environment/library_path.dsv
[1.023s] -- Up-to-date: /root/irslab_ws/install/custom_nav2_bt_nodes/share/custom_nav2_bt_nodes/behavior_tree_plugins.xml
[1.024s] -- Up-to-date: /root/irslab_ws/install/custom_nav2_bt_nodes/share/ament_index/resource_index/package_run_dependencies/custom_nav2_bt_nodes
[1.024s] -- Up-to-date: /root/irslab_ws/install/custom_nav2_bt_nodes/share/ament_index/resource_index/parent_prefix_path/custom_nav2_bt_nodes
[1.024s] -- Up-to-date: /root/irslab_ws/install/custom_nav2_bt_nodes/share/custom_nav2_bt_nodes/environment/ament_prefix_path.sh
[1.025s] -- Up-to-date: /root/irslab_ws/install/custom_nav2_bt_nodes/share/custom_nav2_bt_nodes/environment/ament_prefix_path.dsv
[1.025s] -- Up-to-date: /root/irslab_ws/install/custom_nav2_bt_nodes/share/custom_nav2_bt_nodes/environment/path.sh
[1.025s] -- Up-to-date: /root/irslab_ws/install/custom_nav2_bt_nodes/share/custom_nav2_bt_nodes/environment/path.dsv
[1.025s] -- Up-to-date: /root/irslab_ws/install/custom_nav2_bt_nodes/share/custom_nav2_bt_nodes/local_setup.bash
[1.025s] -- Up-to-date: /root/irslab_ws/install/custom_nav2_bt_nodes/share/custom_nav2_bt_nodes/local_setup.sh
[1.025s] -- Up-to-date: /root/irslab_ws/install/custom_nav2_bt_nodes/share/custom_nav2_bt_nodes/local_setup.zsh
[1.025s] -- Up-to-date: /root/irslab_ws/install/custom_nav2_bt_nodes/share/custom_nav2_bt_nodes/local_setup.dsv
[1.026s] -- Installing: /root/irslab_ws/install/custom_nav2_bt_nodes/share/custom_nav2_bt_nodes/package.dsv
[1.026s] -- Up-to-date: /root/irslab_ws/install/custom_nav2_bt_nodes/share/ament_index/resource_index/packages/custom_nav2_bt_nodes
[1.026s] -- Up-to-date: /root/irslab_ws/install/custom_nav2_bt_nodes/share/custom_nav2_bt_nodes/cmake/export_custom_nav2_bt_nodesExport.cmake
[1.027s] -- Up-to-date: /root/irslab_ws/install/custom_nav2_bt_nodes/share/custom_nav2_bt_nodes/cmake/export_custom_nav2_bt_nodesExport-release.cmake
[1.027s] -- Up-to-date: /root/irslab_ws/install/custom_nav2_bt_nodes/share/custom_nav2_bt_nodes/cmake/ament_cmake_export_targets-extras.cmake
[1.027s] -- Up-to-date: /root/irslab_ws/install/custom_nav2_bt_nodes/share/custom_nav2_bt_nodes/cmake/ament_cmake_export_libraries-extras.cmake
[1.027s] -- Up-to-date: /root/irslab_ws/install/custom_nav2_bt_nodes/share/custom_nav2_bt_nodes/cmake/ament_cmake_export_dependencies-extras.cmake
[1.028s] -- Up-to-date: /root/irslab_ws/install/custom_nav2_bt_nodes/share/custom_nav2_bt_nodes/cmake/custom_nav2_bt_nodesConfig.cmake
[1.028s] -- Up-to-date: /root/irslab_ws/install/custom_nav2_bt_nodes/share/custom_nav2_bt_nodes/cmake/custom_nav2_bt_nodesConfig-version.cmake
[1.028s] -- Up-to-date: /root/irslab_ws/install/custom_nav2_bt_nodes/share/custom_nav2_bt_nodes/package.xml
[1.131s] Invoked command in '/root/irslab_ws/build/custom_nav2_bt_nodes' returned '0': CMAKE_PREFIX_PATH=${CMAKE_PREFIX_PATH}:/root/irslab_ws/install/tm_mod_urdf:/root/irslab_ws/install/pick_nav_place:/root/irslab_ws/install/pa_warehouse_status:/root/irslab_ws/install/hand_solo_virtual_nav:/root/irslab_ws/install/hand_solo_arm:/opt/ros/humble /usr/bin/cmake --install /root/irslab_ws/build/custom_nav2_bt_nodes
