[0.157s] Invoking command in '/root/irslab_ws/build/tm_inspect': AMENT_PREFIX_PATH=/root/irslab_ws/install/tm_msgs:${AMENT_PREFIX_PATH} CMAKE_PREFIX_PATH=/root/irslab_ws/install/tm_msgs:/opt/ros/humble LD_LIBRARY_PATH=/root/irslab_ws/install/tm_msgs/lib:${LD_LIBRARY_PATH} PYTHONPATH=/root/irslab_ws/install/tm_msgs/local/lib/python3.10/dist-packages:${PYTHONPATH} /usr/bin/cmake --build /root/irslab_ws/build/tm_inspect -- -j20 -l20
[0.631s] [ 14%] [34m[1mAutomatic MOC and UIC for target robot_ui[0m
[0.632s] [ 14%] Built target robot_ui_autogen
[0.696s] [100%] Built target robot_ui
[0.974s] Invoked command in '/root/irslab_ws/build/tm_inspect' returned '0': AMENT_PREFIX_PATH=/root/irslab_ws/install/tm_msgs:${AMENT_PREFIX_PATH} CMAKE_PREFIX_PATH=/root/irslab_ws/install/tm_msgs:/opt/ros/humble LD_LIBRARY_PATH=/root/irslab_ws/install/tm_msgs/lib:${LD_LIBRARY_PATH} PYTHONPATH=/root/irslab_ws/install/tm_msgs/local/lib/python3.10/dist-packages:${PYTHONPATH} /usr/bin/cmake --build /root/irslab_ws/build/tm_inspect -- -j20 -l20
[0.979s] Invoking command in '/root/irslab_ws/build/tm_inspect': AMENT_PREFIX_PATH=/root/irslab_ws/install/tm_msgs:${AMENT_PREFIX_PATH} CMAKE_PREFIX_PATH=/root/irslab_ws/install/tm_msgs:/opt/ros/humble LD_LIBRARY_PATH=/root/irslab_ws/install/tm_msgs/lib:${LD_LIBRARY_PATH} PYTHONPATH=/root/irslab_ws/install/tm_msgs/local/lib/python3.10/dist-packages:${PYTHONPATH} /usr/bin/cmake --install /root/irslab_ws/build/tm_inspect
[1.026s] -- Install configuration: "Release"
[1.026s] -- Up-to-date: /root/irslab_ws/install/tm_inspect/lib/tm_inspect/robot_ui
[1.027s] -- Up-to-date: /root/irslab_ws/install/tm_inspect/share/tm_inspect/launch
[1.028s] -- Up-to-date: /root/irslab_ws/install/tm_inspect/share/tm_inspect/launch/tm_gui.launch.py
[1.028s] -- Up-to-date: /root/irslab_ws/install/tm_inspect/share/ament_index/resource_index/package_run_dependencies/tm_inspect
[1.028s] -- Up-to-date: /root/irslab_ws/install/tm_inspect/share/ament_index/resource_index/parent_prefix_path/tm_inspect
[1.028s] -- Up-to-date: /root/irslab_ws/install/tm_inspect/share/tm_inspect/environment/ament_prefix_path.sh
[1.029s] -- Up-to-date: /root/irslab_ws/install/tm_inspect/share/tm_inspect/environment/ament_prefix_path.dsv
[1.029s] -- Up-to-date: /root/irslab_ws/install/tm_inspect/share/tm_inspect/environment/path.sh
[1.030s] -- Up-to-date: /root/irslab_ws/install/tm_inspect/share/tm_inspect/environment/path.dsv
[1.030s] -- Up-to-date: /root/irslab_ws/install/tm_inspect/share/tm_inspect/local_setup.bash
[1.031s] -- Up-to-date: /root/irslab_ws/install/tm_inspect/share/tm_inspect/local_setup.sh
[1.031s] -- Up-to-date: /root/irslab_ws/install/tm_inspect/share/tm_inspect/local_setup.zsh
[1.032s] -- Up-to-date: /root/irslab_ws/install/tm_inspect/share/tm_inspect/local_setup.dsv
[1.032s] -- Up-to-date: /root/irslab_ws/install/tm_inspect/share/tm_inspect/package.dsv
[1.032s] -- Up-to-date: /root/irslab_ws/install/tm_inspect/share/ament_index/resource_index/packages/tm_inspect
[1.032s] -- Up-to-date: /root/irslab_ws/install/tm_inspect/share/tm_inspect/cmake/tm_inspectConfig.cmake
[1.032s] -- Up-to-date: /root/irslab_ws/install/tm_inspect/share/tm_inspect/cmake/tm_inspectConfig-version.cmake
[1.032s] -- Up-to-date: /root/irslab_ws/install/tm_inspect/share/tm_inspect/package.xml
[1.058s] Invoked command in '/root/irslab_ws/build/tm_inspect' returned '0': AMENT_PREFIX_PATH=/root/irslab_ws/install/tm_msgs:${AMENT_PREFIX_PATH} CMAKE_PREFIX_PATH=/root/irslab_ws/install/tm_msgs:/opt/ros/humble LD_LIBRARY_PATH=/root/irslab_ws/install/tm_msgs/lib:${LD_LIBRARY_PATH} PYTHONPATH=/root/irslab_ws/install/tm_msgs/local/lib/python3.10/dist-packages:${PYTHONPATH} /usr/bin/cmake --install /root/irslab_ws/build/tm_inspect
