[3.168s] Invoking command in '/root/irslab_ws/src/tmr_ros2/tm_mod_urdf': PYTHONPATH=/root/irslab_ws/build/tm_mod_urdf/prefix_override:/usr/lib/python3/dist-packages/colcon_core/task/python/colcon_distutils_commands:/root/irslab_ws/install/tm_mod_urdf/lib/python3.10/site-packages:${PYTHONPATH} /usr/bin/python3 -W ignore:setup.py install is deprecated -W ignore:easy_install command is deprecated setup.py egg_info --egg-base ../../../build/tm_mod_urdf build --build-base /root/irslab_ws/build/tm_mod_urdf/build install --record /root/irslab_ws/build/tm_mod_urdf/install.log --single-version-externally-managed install_data
[3.398s] running egg_info
[3.400s] writing ../../../build/tm_mod_urdf/tm_mod_urdf.egg-info/PKG-INFO
[3.401s] writing dependency_links to ../../../build/tm_mod_urdf/tm_mod_urdf.egg-info/dependency_links.txt
[3.401s] writing entry points to ../../../build/tm_mod_urdf/tm_mod_urdf.egg-info/entry_points.txt
[3.402s] writing requirements to ../../../build/tm_mod_urdf/tm_mod_urdf.egg-info/requires.txt
[3.402s] writing top-level names to ../../../build/tm_mod_urdf/tm_mod_urdf.egg-info/top_level.txt
[3.405s] reading manifest file '../../../build/tm_mod_urdf/tm_mod_urdf.egg-info/SOURCES.txt'
[3.407s] writing manifest file '../../../build/tm_mod_urdf/tm_mod_urdf.egg-info/SOURCES.txt'
[3.407s] running build
[3.407s] running build_py
[3.407s] running install
[3.407s] running install_lib
[3.408s] running install_data
[3.408s] running install_egg_info
[3.409s] removing '/root/irslab_ws/install/tm_mod_urdf/lib/python3.10/site-packages/tm_mod_urdf-1.1.2-py3.10.egg-info' (and everything under it)
[3.409s] Copying ../../../build/tm_mod_urdf/tm_mod_urdf.egg-info to /root/irslab_ws/install/tm_mod_urdf/lib/python3.10/site-packages/tm_mod_urdf-1.1.2-py3.10.egg-info
[3.410s] running install_scripts
[3.436s] Installing modify_urdf script to /root/irslab_ws/install/tm_mod_urdf/lib/tm_mod_urdf
[3.437s] Installing modify_xacro script to /root/irslab_ws/install/tm_mod_urdf/lib/tm_mod_urdf
[3.437s] writing list of installed files to '/root/irslab_ws/build/tm_mod_urdf/install.log'
[3.500s] Invoked command in '/root/irslab_ws/src/tmr_ros2/tm_mod_urdf' returned '0': PYTHONPATH=/root/irslab_ws/build/tm_mod_urdf/prefix_override:/usr/lib/python3/dist-packages/colcon_core/task/python/colcon_distutils_commands:/root/irslab_ws/install/tm_mod_urdf/lib/python3.10/site-packages:${PYTHONPATH} /usr/bin/python3 -W ignore:setup.py install is deprecated -W ignore:easy_install command is deprecated setup.py egg_info --egg-base ../../../build/tm_mod_urdf build --build-base /root/irslab_ws/build/tm_mod_urdf/build install --record /root/irslab_ws/build/tm_mod_urdf/install.log --single-version-externally-managed install_data
