[0.825s] Invoking command in '/root/irslab_ws/src/hand_solo_virtual_nav': PYTHONPATH=/root/irslab_ws/build/hand_solo_virtual_nav/prefix_override:/usr/lib/python3/dist-packages/colcon_core/task/python/colcon_distutils_commands:/root/irslab_ws/install/hand_solo_virtual_nav/lib/python3.10/site-packages:${PYTHONPATH} /usr/bin/python3 -W ignore:setup.py install is deprecated -W ignore:easy_install command is deprecated setup.py egg_info --egg-base ../../build/hand_solo_virtual_nav build --build-base /root/irslab_ws/build/hand_solo_virtual_nav/build install --record /root/irslab_ws/build/hand_solo_virtual_nav/install.log --single-version-externally-managed install_data
[0.928s] running egg_info
[0.929s] writing ../../build/hand_solo_virtual_nav/hand_solo_virtual_nav.egg-info/PKG-INFO
[0.929s] writing dependency_links to ../../build/hand_solo_virtual_nav/hand_solo_virtual_nav.egg-info/dependency_links.txt
[0.929s] writing entry points to ../../build/hand_solo_virtual_nav/hand_solo_virtual_nav.egg-info/entry_points.txt
[0.929s] writing requirements to ../../build/hand_solo_virtual_nav/hand_solo_virtual_nav.egg-info/requires.txt
[0.929s] writing top-level names to ../../build/hand_solo_virtual_nav/hand_solo_virtual_nav.egg-info/top_level.txt
[0.930s] reading manifest file '../../build/hand_solo_virtual_nav/hand_solo_virtual_nav.egg-info/SOURCES.txt'
[0.930s] adding license file 'LICENSE'
[0.930s] writing manifest file '../../build/hand_solo_virtual_nav/hand_solo_virtual_nav.egg-info/SOURCES.txt'
[0.930s] running build
[0.930s] running build_py
[0.931s] running install
[0.931s] running install_lib
[0.931s] running install_data
[0.931s] running install_egg_info
[0.932s] removing '/root/irslab_ws/install/hand_solo_virtual_nav/lib/python3.10/site-packages/hand_solo_virtual_nav-0.0.0-py3.10.egg-info' (and everything under it)
[0.933s] Copying ../../build/hand_solo_virtual_nav/hand_solo_virtual_nav.egg-info to /root/irslab_ws/install/hand_solo_virtual_nav/lib/python3.10/site-packages/hand_solo_virtual_nav-0.0.0-py3.10.egg-info
[0.933s] running install_scripts
[0.946s] Installing hs_waypoint_follower script to /root/irslab_ws/install/hand_solo_virtual_nav/lib/hand_solo_virtual_nav
[0.946s] writing list of installed files to '/root/irslab_ws/build/hand_solo_virtual_nav/install.log'
[0.964s] Invoked command in '/root/irslab_ws/src/hand_solo_virtual_nav' returned '0': PYTHONPATH=/root/irslab_ws/build/hand_solo_virtual_nav/prefix_override:/usr/lib/python3/dist-packages/colcon_core/task/python/colcon_distutils_commands:/root/irslab_ws/install/hand_solo_virtual_nav/lib/python3.10/site-packages:${PYTHONPATH} /usr/bin/python3 -W ignore:setup.py install is deprecated -W ignore:easy_install command is deprecated setup.py egg_info --egg-base ../../build/hand_solo_virtual_nav build --build-base /root/irslab_ws/build/hand_solo_virtual_nav/build install --record /root/irslab_ws/build/hand_solo_virtual_nav/install.log --single-version-externally-managed install_data
