[0.057s] Invoking command in '/root/irslab_ws/build/tm14_moveit_config': AMENT_PREFIX_PATH=/root/irslab_ws/install/tm_description:${AMENT_PREFIX_PATH} CMAKE_PREFIX_PATH=/root/irslab_ws/install/tm_description:/opt/ros/humble /usr/bin/cmake --build /root/irslab_ws/build/tm14_moveit_config -- -j20 -l20
[0.099s] Invoked command in '/root/irslab_ws/build/tm14_moveit_config' returned '0': AMENT_PREFIX_PATH=/root/irslab_ws/install/tm_description:${AMENT_PREFIX_PATH} CMAKE_PREFIX_PATH=/root/irslab_ws/install/tm_description:/opt/ros/humble /usr/bin/cmake --build /root/irslab_ws/build/tm14_moveit_config -- -j20 -l20
[0.101s] Invoking command in '/root/irslab_ws/build/tm14_moveit_config': AMENT_PREFIX_PATH=/root/irslab_ws/install/tm_description:${AMENT_PREFIX_PATH} CMAKE_PREFIX_PATH=/root/irslab_ws/install/tm_description:/opt/ros/humble /usr/bin/cmake --install /root/irslab_ws/build/tm14_moveit_config
[0.111s] -- Install configuration: "Release"
[0.111s] -- Up-to-date: /root/irslab_ws/install/tm14_moveit_config/share/ament_index/resource_index/package_run_dependencies/tm14_moveit_config
[0.112s] -- Up-to-date: /root/irslab_ws/install/tm14_moveit_config/share/ament_index/resource_index/parent_prefix_path/tm14_moveit_config
[0.112s] -- Up-to-date: /root/irslab_ws/install/tm14_moveit_config/share/tm14_moveit_config/environment/ament_prefix_path.sh
[0.112s] -- Up-to-date: /root/irslab_ws/install/tm14_moveit_config/share/tm14_moveit_config/environment/ament_prefix_path.dsv
[0.112s] -- Up-to-date: /root/irslab_ws/install/tm14_moveit_config/share/tm14_moveit_config/environment/path.sh
[0.114s] -- Up-to-date: /root/irslab_ws/install/tm14_moveit_config/share/tm14_moveit_config/environment/path.dsv
[0.114s] -- Up-to-date: /root/irslab_ws/install/tm14_moveit_config/share/tm14_moveit_config/local_setup.bash
[0.115s] -- Up-to-date: /root/irslab_ws/install/tm14_moveit_config/share/tm14_moveit_config/local_setup.sh
[0.115s] -- Up-to-date: /root/irslab_ws/install/tm14_moveit_config/share/tm14_moveit_config/local_setup.zsh
[0.116s] -- Up-to-date: /root/irslab_ws/install/tm14_moveit_config/share/tm14_moveit_config/local_setup.dsv
[0.117s] -- Installing: /root/irslab_ws/install/tm14_moveit_config/share/tm14_moveit_config/package.dsv
[0.119s] -- Up-to-date: /root/irslab_ws/install/tm14_moveit_config/share/ament_index/resource_index/packages/tm14_moveit_config
[0.119s] -- Up-to-date: /root/irslab_ws/install/tm14_moveit_config/share/tm14_moveit_config/cmake/tm14_moveit_configConfig.cmake
[0.119s] -- Up-to-date: /root/irslab_ws/install/tm14_moveit_config/share/tm14_moveit_config/cmake/tm14_moveit_configConfig-version.cmake
[0.120s] -- Up-to-date: /root/irslab_ws/install/tm14_moveit_config/share/tm14_moveit_config/package.xml
[0.120s] -- Up-to-date: /root/irslab_ws/install/tm14_moveit_config/share/tm14_moveit_config/launch
[0.120s] -- Up-to-date: /root/irslab_ws/install/tm14_moveit_config/share/tm14_moveit_config/launch/setup_assistant.launch.py
[0.120s] -- Up-to-date: /root/irslab_ws/install/tm14_moveit_config/share/tm14_moveit_config/launch/warehouse_db.launch.py
[0.120s] -- Up-to-date: /root/irslab_ws/install/tm14_moveit_config/share/tm14_moveit_config/launch/spawn_controllers.launch.py
[0.120s] -- Up-to-date: /root/irslab_ws/install/tm14_moveit_config/share/tm14_moveit_config/launch/rsp.launch.py
[0.120s] -- Up-to-date: /root/irslab_ws/install/tm14_moveit_config/share/tm14_moveit_config/launch/move_group.launch.py
[0.120s] -- Up-to-date: /root/irslab_ws/install/tm14_moveit_config/share/tm14_moveit_config/launch/demo.launch.py
[0.120s] -- Up-to-date: /root/irslab_ws/install/tm14_moveit_config/share/tm14_moveit_config/launch/tm14_moveit.launch.py
[0.120s] -- Up-to-date: /root/irslab_ws/install/tm14_moveit_config/share/tm14_moveit_config/launch/moveit_rviz.launch.py
[0.120s] -- Up-to-date: /root/irslab_ws/install/tm14_moveit_config/share/tm14_moveit_config/launch/static_virtual_joint_tfs.launch.py
[0.120s] -- Up-to-date: /root/irslab_ws/install/tm14_moveit_config/share/tm14_moveit_config/launch/run_move_group.rviz
[0.120s] -- Up-to-date: /root/irslab_ws/install/tm14_moveit_config/share/tm14_moveit_config/launch/tm14_run_move_group.launch.py
[0.120s] -- Up-to-date: /root/irslab_ws/install/tm14_moveit_config/share/tm14_moveit_config/config
[0.120s] -- Up-to-date: /root/irslab_ws/install/tm14_moveit_config/share/tm14_moveit_config/config/controllers.yaml
[0.120s] -- Up-to-date: /root/irslab_ws/install/tm14_moveit_config/share/tm14_moveit_config/config/tm14.ros2_control.xacro
[0.120s] -- Up-to-date: /root/irslab_ws/install/tm14_moveit_config/share/tm14_moveit_config/config/kinematics.yaml
[0.120s] -- Up-to-date: /root/irslab_ws/install/tm14_moveit_config/share/tm14_moveit_config/config/sensors_3d.yaml
[0.121s] -- Up-to-date: /root/irslab_ws/install/tm14_moveit_config/share/tm14_moveit_config/config/moveit2_controllers.yaml
[0.121s] -- Up-to-date: /root/irslab_ws/install/tm14_moveit_config/share/tm14_moveit_config/config/moveit.rviz
[0.121s] -- Up-to-date: /root/irslab_ws/install/tm14_moveit_config/share/tm14_moveit_config/config/joint_limits.yaml
[0.122s] -- Up-to-date: /root/irslab_ws/install/tm14_moveit_config/share/tm14_moveit_config/config/ros2_controllers.yaml
[0.122s] -- Up-to-date: /root/irslab_ws/install/tm14_moveit_config/share/tm14_moveit_config/config/moveit_controllers.yaml
[0.123s] -- Up-to-date: /root/irslab_ws/install/tm14_moveit_config/share/tm14_moveit_config/config/pilz_cartesian_limits.yaml
[0.123s] -- Up-to-date: /root/irslab_ws/install/tm14_moveit_config/share/tm14_moveit_config/config/tm14.urdf.xacro
[0.123s] -- Up-to-date: /root/irslab_ws/install/tm14_moveit_config/share/tm14_moveit_config/config/tm14.srdf
[0.124s] -- Up-to-date: /root/irslab_ws/install/tm14_moveit_config/share/tm14_moveit_config/config/initial_positions.yaml
[0.124s] -- Up-to-date: /root/irslab_ws/install/tm14_moveit_config/share/tm14_moveit_config/config/pilz_industrial_motion_planner_planning.yaml
[0.124s] -- Up-to-date: /root/irslab_ws/install/tm14_moveit_config/share/tm14_moveit_config/config/chomp_planning.yaml
[0.124s] -- Up-to-date: /root/irslab_ws/install/tm14_moveit_config/share/tm14_moveit_config/config/ompl_planning.yaml
[0.124s] -- Up-to-date: /root/irslab_ws/install/tm14_moveit_config/share/tm14_moveit_config/rviz
[0.125s] -- Up-to-date: /root/irslab_ws/install/tm14_moveit_config/share/tm14_moveit_config/rviz/moveit.rviz
[0.126s] -- Up-to-date: /root/irslab_ws/install/tm14_moveit_config/share/tm14_moveit_config/.setup_assistant
[0.206s] Invoked command in '/root/irslab_ws/build/tm14_moveit_config' returned '0': AMENT_PREFIX_PATH=/root/irslab_ws/install/tm_description:${AMENT_PREFIX_PATH} CMAKE_PREFIX_PATH=/root/irslab_ws/install/tm_description:/opt/ros/humble /usr/bin/cmake --install /root/irslab_ws/build/tm14_moveit_config
