[4.054s] Invoking command in '/root/irslab_ws/src/tmr_ros2/tm_mod_urdf': PYTHONPATH=/root/irslab_ws/build/tm_mod_urdf/prefix_override:/usr/lib/python3/dist-packages/colcon_core/task/python/colcon_distutils_commands:/root/irslab_ws/install/tm_mod_urdf/lib/python3.10/site-packages:${PYTHONPATH} /usr/bin/python3 -W ignore:setup.py install is deprecated -W ignore:easy_install command is deprecated setup.py egg_info --egg-base ../../../build/tm_mod_urdf build --build-base /root/irslab_ws/build/tm_mod_urdf/build install --record /root/irslab_ws/build/tm_mod_urdf/install.log --single-version-externally-managed install_data
[4.375s] running egg_info
[4.377s] writing ../../../build/tm_mod_urdf/tm_mod_urdf.egg-info/PKG-INFO
[4.378s] writing dependency_links to ../../../build/tm_mod_urdf/tm_mod_urdf.egg-info/dependency_links.txt
[4.379s] writing entry points to ../../../build/tm_mod_urdf/tm_mod_urdf.egg-info/entry_points.txt
[4.379s] writing requirements to ../../../build/tm_mod_urdf/tm_mod_urdf.egg-info/requires.txt
[4.379s] writing top-level names to ../../../build/tm_mod_urdf/tm_mod_urdf.egg-info/top_level.txt
[4.383s] reading manifest file '../../../build/tm_mod_urdf/tm_mod_urdf.egg-info/SOURCES.txt'
[4.384s] writing manifest file '../../../build/tm_mod_urdf/tm_mod_urdf.egg-info/SOURCES.txt'
[4.384s] running build
[4.384s] running build_py
[4.385s] running install
[4.386s] running install_lib
[4.390s] running install_data
[4.390s] running install_egg_info
[4.394s] removing '/root/irslab_ws/install/tm_mod_urdf/lib/python3.10/site-packages/tm_mod_urdf-1.1.2-py3.10.egg-info' (and everything under it)
[4.394s] Copying ../../../build/tm_mod_urdf/tm_mod_urdf.egg-info to /root/irslab_ws/install/tm_mod_urdf/lib/python3.10/site-packages/tm_mod_urdf-1.1.2-py3.10.egg-info
[4.396s] running install_scripts
[4.434s] Installing modify_urdf script to /root/irslab_ws/install/tm_mod_urdf/lib/tm_mod_urdf
[4.435s] Installing modify_xacro script to /root/irslab_ws/install/tm_mod_urdf/lib/tm_mod_urdf
[4.437s] writing list of installed files to '/root/irslab_ws/build/tm_mod_urdf/install.log'
[4.500s] Invoked command in '/root/irslab_ws/src/tmr_ros2/tm_mod_urdf' returned '0': PYTHONPATH=/root/irslab_ws/build/tm_mod_urdf/prefix_override:/usr/lib/python3/dist-packages/colcon_core/task/python/colcon_distutils_commands:/root/irslab_ws/install/tm_mod_urdf/lib/python3.10/site-packages:${PYTHONPATH} /usr/bin/python3 -W ignore:setup.py install is deprecated -W ignore:easy_install command is deprecated setup.py egg_info --egg-base ../../../build/tm_mod_urdf build --build-base /root/irslab_ws/build/tm_mod_urdf/build install --record /root/irslab_ws/build/tm_mod_urdf/install.log --single-version-externally-managed install_data
