[0.028s] Invoking command in '/root/irslab_ws/build/custom_nav2_bt_nodes': CMAKE_PREFIX_PATH=/opt/ros/humble /usr/bin/cmake --build /root/irslab_ws/build/custom_nav2_bt_nodes -- -j20 -l20
[0.571s] [100%] Built target check_path_alignment_plugin
[0.706s] Invoked command in '/root/irslab_ws/build/custom_nav2_bt_nodes' returned '0': CMAKE_PREFIX_PATH=/opt/ros/humble /usr/bin/cmake --build /root/irslab_ws/build/custom_nav2_bt_nodes -- -j20 -l20
[0.714s] Invoking command in '/root/irslab_ws/build/custom_nav2_bt_nodes': CMAKE_PREFIX_PATH=/opt/ros/humble /usr/bin/cmake --install /root/irslab_ws/build/custom_nav2_bt_nodes
[0.726s] -- Install configuration: "Release"
[0.727s] -- Up-to-date: /root/irslab_ws/install/custom_nav2_bt_nodes/lib/libcheck_path_alignment_plugin.so
[0.729s] -- Up-to-date: /root/irslab_ws/install/custom_nav2_bt_nodes/share/custom_nav2_bt_nodes/environment/library_path.sh
[0.730s] -- Up-to-date: /root/irslab_ws/install/custom_nav2_bt_nodes/share/custom_nav2_bt_nodes/environment/library_path.dsv
[0.731s] -- Up-to-date: /root/irslab_ws/install/custom_nav2_bt_nodes/share/custom_nav2_bt_nodes/plugin_description.xml
[0.733s] -- Up-to-date: /root/irslab_ws/install/custom_nav2_bt_nodes/share/ament_index/resource_index/package_run_dependencies/custom_nav2_bt_nodes
[0.734s] -- Up-to-date: /root/irslab_ws/install/custom_nav2_bt_nodes/share/ament_index/resource_index/parent_prefix_path/custom_nav2_bt_nodes
[0.735s] -- Up-to-date: /root/irslab_ws/install/custom_nav2_bt_nodes/share/custom_nav2_bt_nodes/environment/ament_prefix_path.sh
[0.736s] -- Up-to-date: /root/irslab_ws/install/custom_nav2_bt_nodes/share/custom_nav2_bt_nodes/environment/ament_prefix_path.dsv
[0.736s] -- Up-to-date: /root/irslab_ws/install/custom_nav2_bt_nodes/share/custom_nav2_bt_nodes/environment/path.sh
[0.737s] -- Up-to-date: /root/irslab_ws/install/custom_nav2_bt_nodes/share/custom_nav2_bt_nodes/environment/path.dsv
[0.737s] -- Up-to-date: /root/irslab_ws/install/custom_nav2_bt_nodes/share/custom_nav2_bt_nodes/local_setup.bash
[0.738s] -- Up-to-date: /root/irslab_ws/install/custom_nav2_bt_nodes/share/custom_nav2_bt_nodes/local_setup.sh
[0.738s] -- Up-to-date: /root/irslab_ws/install/custom_nav2_bt_nodes/share/custom_nav2_bt_nodes/local_setup.zsh
[0.738s] -- Up-to-date: /root/irslab_ws/install/custom_nav2_bt_nodes/share/custom_nav2_bt_nodes/local_setup.dsv
[0.739s] -- Installing: /root/irslab_ws/install/custom_nav2_bt_nodes/share/custom_nav2_bt_nodes/package.dsv
[0.739s] -- Up-to-date: /root/irslab_ws/install/custom_nav2_bt_nodes/share/ament_index/resource_index/packages/custom_nav2_bt_nodes
[0.739s] -- Up-to-date: /root/irslab_ws/install/custom_nav2_bt_nodes/share/custom_nav2_bt_nodes/cmake/export_custom_nav2_bt_nodesExport.cmake
[0.739s] -- Up-to-date: /root/irslab_ws/install/custom_nav2_bt_nodes/share/custom_nav2_bt_nodes/cmake/export_custom_nav2_bt_nodesExport-release.cmake
[0.739s] -- Up-to-date: /root/irslab_ws/install/custom_nav2_bt_nodes/share/custom_nav2_bt_nodes/cmake/ament_cmake_export_targets-extras.cmake
[0.739s] -- Up-to-date: /root/irslab_ws/install/custom_nav2_bt_nodes/share/custom_nav2_bt_nodes/cmake/ament_cmake_export_libraries-extras.cmake
[0.739s] -- Up-to-date: /root/irslab_ws/install/custom_nav2_bt_nodes/share/custom_nav2_bt_nodes/cmake/ament_cmake_export_dependencies-extras.cmake
[0.739s] -- Up-to-date: /root/irslab_ws/install/custom_nav2_bt_nodes/share/custom_nav2_bt_nodes/cmake/custom_nav2_bt_nodesConfig.cmake
[0.739s] -- Up-to-date: /root/irslab_ws/install/custom_nav2_bt_nodes/share/custom_nav2_bt_nodes/cmake/custom_nav2_bt_nodesConfig-version.cmake
[0.739s] -- Up-to-date: /root/irslab_ws/install/custom_nav2_bt_nodes/share/custom_nav2_bt_nodes/package.xml
[0.797s] Invoked command in '/root/irslab_ws/build/custom_nav2_bt_nodes' returned '0': CMAKE_PREFIX_PATH=/opt/ros/humble /usr/bin/cmake --install /root/irslab_ws/build/custom_nav2_bt_nodes
