[1.446s] Invoking command in '/root/irslab_ws/src/hand_solo_arm': PYTHONPATH=/root/irslab_ws/build/hand_solo_arm/prefix_override:/usr/lib/python3/dist-packages/colcon_core/task/python/colcon_distutils_commands:/root/irslab_ws/install/hand_solo_arm/lib/python3.10/site-packages:${PYTHONPATH} /usr/bin/python3 -W ignore:setup.py install is deprecated -W ignore:easy_install command is deprecated setup.py egg_info --egg-base ../../build/hand_solo_arm build --build-base /root/irslab_ws/build/hand_solo_arm/build install --record /root/irslab_ws/build/hand_solo_arm/install.log --single-version-externally-managed install_data
[1.723s] running egg_info
[1.724s] creating ../../build/hand_solo_arm/hand_solo_arm.egg-info
[1.724s] writing ../../build/hand_solo_arm/hand_solo_arm.egg-info/PKG-INFO
[1.725s] writing dependency_links to ../../build/hand_solo_arm/hand_solo_arm.egg-info/dependency_links.txt
[1.725s] writing entry points to ../../build/hand_solo_arm/hand_solo_arm.egg-info/entry_points.txt
[1.725s] writing requirements to ../../build/hand_solo_arm/hand_solo_arm.egg-info/requires.txt
[1.725s] writing top-level names to ../../build/hand_solo_arm/hand_solo_arm.egg-info/top_level.txt
[1.726s] writing manifest file '../../build/hand_solo_arm/hand_solo_arm.egg-info/SOURCES.txt'
[1.728s] reading manifest file '../../build/hand_solo_arm/hand_solo_arm.egg-info/SOURCES.txt'
[1.730s] writing manifest file '../../build/hand_solo_arm/hand_solo_arm.egg-info/SOURCES.txt'
[1.730s] running build
[1.731s] running build_py
[1.731s] creating /root/irslab_ws/build/hand_solo_arm/build
[1.731s] creating /root/irslab_ws/build/hand_solo_arm/build/lib
[1.731s] creating /root/irslab_ws/build/hand_solo_arm/build/lib/hand_solo_arm
[1.731s] copying hand_solo_arm/__init__.py -> /root/irslab_ws/build/hand_solo_arm/build/lib/hand_solo_arm
[1.731s] copying hand_solo_arm/hs_pick_place.py -> /root/irslab_ws/build/hand_solo_arm/build/lib/hand_solo_arm
[1.733s] running install
[1.733s] running install_lib
[1.733s] creating /root/irslab_ws/install/hand_solo_arm/lib/python3.10/site-packages/hand_solo_arm
[1.734s] copying /root/irslab_ws/build/hand_solo_arm/build/lib/hand_solo_arm/__init__.py -> /root/irslab_ws/install/hand_solo_arm/lib/python3.10/site-packages/hand_solo_arm
[1.734s] copying /root/irslab_ws/build/hand_solo_arm/build/lib/hand_solo_arm/hs_pick_place.py -> /root/irslab_ws/install/hand_solo_arm/lib/python3.10/site-packages/hand_solo_arm
[1.734s] byte-compiling /root/irslab_ws/install/hand_solo_arm/lib/python3.10/site-packages/hand_solo_arm/__init__.py to __init__.cpython-310.pyc
[1.734s] byte-compiling /root/irslab_ws/install/hand_solo_arm/lib/python3.10/site-packages/hand_solo_arm/hs_pick_place.py to hs_pick_place.cpython-310.pyc
[1.737s] running install_data
[1.737s] creating /root/irslab_ws/install/hand_solo_arm/share/ament_index
[1.737s] creating /root/irslab_ws/install/hand_solo_arm/share/ament_index/resource_index
[1.737s] creating /root/irslab_ws/install/hand_solo_arm/share/ament_index/resource_index/packages
[1.737s] copying resource/hand_solo_arm -> /root/irslab_ws/install/hand_solo_arm/share/ament_index/resource_index/packages
[1.738s] copying package.xml -> /root/irslab_ws/install/hand_solo_arm/share/hand_solo_arm
[1.738s] running install_egg_info
[1.739s] Copying ../../build/hand_solo_arm/hand_solo_arm.egg-info to /root/irslab_ws/install/hand_solo_arm/lib/python3.10/site-packages/hand_solo_arm-0.0.0-py3.10.egg-info
[1.740s] running install_scripts
[1.772s] Installing hs_pick_place script to /root/irslab_ws/install/hand_solo_arm/lib/hand_solo_arm
[1.773s] writing list of installed files to '/root/irslab_ws/build/hand_solo_arm/install.log'
[1.833s] Invoked command in '/root/irslab_ws/src/hand_solo_arm' returned '0': PYTHONPATH=/root/irslab_ws/build/hand_solo_arm/prefix_override:/usr/lib/python3/dist-packages/colcon_core/task/python/colcon_distutils_commands:/root/irslab_ws/install/hand_solo_arm/lib/python3.10/site-packages:${PYTHONPATH} /usr/bin/python3 -W ignore:setup.py install is deprecated -W ignore:easy_install command is deprecated setup.py egg_info --egg-base ../../build/hand_solo_arm build --build-base /root/irslab_ws/build/hand_solo_arm/build install --record /root/irslab_ws/build/hand_solo_arm/install.log --single-version-externally-managed install_data
