running egg_info
writing ../../build/pick_nav_place/pick_nav_place.egg-info/PKG-INFO
writing dependency_links to ../../build/pick_nav_place/pick_nav_place.egg-info/dependency_links.txt
writing entry points to ../../build/pick_nav_place/pick_nav_place.egg-info/entry_points.txt
writing requirements to ../../build/pick_nav_place/pick_nav_place.egg-info/requires.txt
writing top-level names to ../../build/pick_nav_place/pick_nav_place.egg-info/top_level.txt
reading manifest file '../../build/pick_nav_place/pick_nav_place.egg-info/SOURCES.txt'
adding license file 'LICENSE'
writing manifest file '../../build/pick_nav_place/pick_nav_place.egg-info/SOURCES.txt'
running build
running build_py
running install
running install_lib
running install_data
copying launch/mapping_launch.py -> /root/irslab_ws/install/pick_nav_place/share/pick_nav_place/launch
copying launch/pick_nav_place_launch.py -> /root/irslab_ws/install/pick_nav_place/share/pick_nav_place/launch
copying launch/nav_launch.py -> /root/irslab_ws/install/pick_nav_place/share/pick_nav_place/launch
copying config/pnp_slam_params.yaml -> /root/irslab_ws/install/pick_nav_place/share/pick_nav_place/config
copying config/pnp_nav2_params.yaml -> /root/irslab_ws/install/pick_nav_place/share/pick_nav_place/config
copying rviz/pnp_rviz_mapping.rviz -> /root/irslab_ws/install/pick_nav_place/share/pick_nav_place/rviz
copying rviz/pnp_rviz_nav2.rviz -> /root/irslab_ws/install/pick_nav_place/share/pick_nav_place/rviz
copying map/pnp_warehouse_map_01.pgm -> /root/irslab_ws/install/pick_nav_place/share/pick_nav_place/map
copying map/pnp_warehouse_map_01.yaml -> /root/irslab_ws/install/pick_nav_place/share/pick_nav_place/map
running install_egg_info
removing '/root/irslab_ws/install/pick_nav_place/lib/python3.10/site-packages/pick_nav_place-0.0.0-py3.10.egg-info' (and everything under it)
Copying ../../build/pick_nav_place/pick_nav_place.egg-info to /root/irslab_ws/install/pick_nav_place/lib/python3.10/site-packages/pick_nav_place-0.0.0-py3.10.egg-info
running install_scripts
Installing plc_hmi_listener script to /root/irslab_ws/install/pick_nav_place/lib/pick_nav_place
Installing robot_arm_controller script to /root/irslab_ws/install/pick_nav_place/lib/pick_nav_place
Installing robot_waypoint_follower script to /root/irslab_ws/install/pick_nav_place/lib/pick_nav_place
Installing warehouse_coordinator script to /root/irslab_ws/install/pick_nav_place/lib/pick_nav_place
writing list of installed files to '/root/irslab_ws/build/pick_nav_place/install.log'
