/root/irslab_ws/install/pa_warehouse_status/lib/python3.10/site-packages/pa_warehouse_status/plc_hmi_listener.py
/root/irslab_ws/install/pa_warehouse_status/lib/python3.10/site-packages/pa_warehouse_status/__init__.py
/root/irslab_ws/install/pa_warehouse_status/lib/python3.10/site-packages/pa_warehouse_status/pineapple_listener_bot.py
/root/irslab_ws/install/pa_warehouse_status/lib/python3.10/site-packages/pa_warehouse_status/pineapple_gossip_bot.py
/root/irslab_ws/install/pa_warehouse_status/lib/python3.10/site-packages/pa_warehouse_status/__pycache__/plc_hmi_listener.cpython-310.pyc
/root/irslab_ws/install/pa_warehouse_status/lib/python3.10/site-packages/pa_warehouse_status/__pycache__/__init__.cpython-310.pyc
/root/irslab_ws/install/pa_warehouse_status/lib/python3.10/site-packages/pa_warehouse_status/__pycache__/pineapple_listener_bot.cpython-310.pyc
/root/irslab_ws/install/pa_warehouse_status/lib/python3.10/site-packages/pa_warehouse_status/__pycache__/pineapple_gossip_bot.cpython-310.pyc
/root/irslab_ws/install/pa_warehouse_status/share/ament_index/resource_index/packages/pa_warehouse_status
/root/irslab_ws/install/pa_warehouse_status/share/pa_warehouse_status/package.xml
/root/irslab_ws/install/pa_warehouse_status/lib/python3.10/site-packages/pa_warehouse_status-0.0.0-py3.10.egg-info/top_level.txt
/root/irslab_ws/install/pa_warehouse_status/lib/python3.10/site-packages/pa_warehouse_status-0.0.0-py3.10.egg-info/SOURCES.txt
/root/irslab_ws/install/pa_warehouse_status/lib/python3.10/site-packages/pa_warehouse_status-0.0.0-py3.10.egg-info/requires.txt
/root/irslab_ws/install/pa_warehouse_status/lib/python3.10/site-packages/pa_warehouse_status-0.0.0-py3.10.egg-info/PKG-INFO
/root/irslab_ws/install/pa_warehouse_status/lib/python3.10/site-packages/pa_warehouse_status-0.0.0-py3.10.egg-info/entry_points.txt
/root/irslab_ws/install/pa_warehouse_status/lib/python3.10/site-packages/pa_warehouse_status-0.0.0-py3.10.egg-info/zip-safe
/root/irslab_ws/install/pa_warehouse_status/lib/python3.10/site-packages/pa_warehouse_status-0.0.0-py3.10.egg-info/dependency_links.txt
/root/irslab_ws/install/pa_warehouse_status/lib/pa_warehouse_status/pineapple_gossip_bot
/root/irslab_ws/install/pa_warehouse_status/lib/pa_warehouse_status/pineapple_listener_bot
/root/irslab_ws/install/pa_warehouse_status/lib/pa_warehouse_status/plc_hmi_listener
