[0.144s] Invoking command in '/root/irslab_ws/build/tm_description': CMAKE_PREFIX_PATH=${CMAKE_PREFIX_PATH}:/root/irslab_ws/install/tm_mod_urdf:/root/irslab_ws/install/pick_nav_place:/root/irslab_ws/install/pa_warehouse_status:/root/irslab_ws/install/hand_solo_virtual_nav:/root/irslab_ws/install/hand_solo_arm:/opt/ros/humble /usr/bin/cmake --build /root/irslab_ws/build/tm_description -- -j20 -l20
[2.401s] Invoked command in '/root/irslab_ws/build/tm_description' returned '0': CMAKE_PREFIX_PATH=${CMAKE_PREFIX_PATH}:/root/irslab_ws/install/tm_mod_urdf:/root/irslab_ws/install/pick_nav_place:/root/irslab_ws/install/pa_warehouse_status:/root/irslab_ws/install/hand_solo_virtual_nav:/root/irslab_ws/install/hand_solo_arm:/opt/ros/humble /usr/bin/cmake --build /root/irslab_ws/build/tm_description -- -j20 -l20
[2.431s] Invoking command in '/root/irslab_ws/build/tm_description': CMAKE_PREFIX_PATH=${CMAKE_PREFIX_PATH}:/root/irslab_ws/install/tm_mod_urdf:/root/irslab_ws/install/pick_nav_place:/root/irslab_ws/install/pa_warehouse_status:/root/irslab_ws/install/hand_solo_virtual_nav:/root/irslab_ws/install/hand_solo_arm:/opt/ros/humble /usr/bin/cmake --install /root/irslab_ws/build/tm_description
[3.159s] -- Install configuration: "Release"
[3.164s] -- Up-to-date: /root/irslab_ws/install/tm_description/share/ament_index/resource_index/package_run_dependencies/tm_description
[3.166s] -- Up-to-date: /root/irslab_ws/install/tm_description/share/ament_index/resource_index/parent_prefix_path/tm_description
[3.167s] -- Up-to-date: /root/irslab_ws/install/tm_description/share/tm_description/environment/ament_prefix_path.sh
[3.167s] -- Up-to-date: /root/irslab_ws/install/tm_description/share/tm_description/environment/ament_prefix_path.dsv
[3.167s] -- Up-to-date: /root/irslab_ws/install/tm_description/share/tm_description/environment/path.sh
[3.167s] -- Up-to-date: /root/irslab_ws/install/tm_description/share/tm_description/environment/path.dsv
[3.168s] -- Up-to-date: /root/irslab_ws/install/tm_description/share/tm_description/local_setup.bash
[3.168s] -- Up-to-date: /root/irslab_ws/install/tm_description/share/tm_description/local_setup.sh
[3.168s] -- Up-to-date: /root/irslab_ws/install/tm_description/share/tm_description/local_setup.zsh
[3.168s] -- Up-to-date: /root/irslab_ws/install/tm_description/share/tm_description/local_setup.dsv
[3.169s] -- Installing: /root/irslab_ws/install/tm_description/share/tm_description/package.dsv
[3.169s] -- Up-to-date: /root/irslab_ws/install/tm_description/share/ament_index/resource_index/packages/tm_description
[3.169s] -- Up-to-date: /root/irslab_ws/install/tm_description/share/tm_description/cmake/tm_descriptionConfig.cmake
[3.169s] -- Up-to-date: /root/irslab_ws/install/tm_description/share/tm_description/cmake/tm_descriptionConfig-version.cmake
[3.169s] -- Up-to-date: /root/irslab_ws/install/tm_description/share/tm_description/package.xml
[3.170s] -- Up-to-date: /root/irslab_ws/install/tm_description/share/tm_description/meshes
[3.171s] -- Up-to-date: /root/irslab_ws/install/tm_description/share/tm_description/meshes/tm5-700
[3.171s] -- Up-to-date: /root/irslab_ws/install/tm_description/share/tm_description/meshes/tm5-700/visual
[3.171s] -- Up-to-date: /root/irslab_ws/install/tm_description/share/tm_description/meshes/tm5-700/visual/tm5-700_arm1.stl
[3.172s] -- Up-to-date: /root/irslab_ws/install/tm_description/share/tm_description/meshes/tm5-700/visual/tm5-700_arm2.obj
[3.172s] -- Up-to-date: /root/irslab_ws/install/tm_description/share/tm_description/meshes/tm5-700/visual/tm5-700_arm2.mtl
[3.172s] -- Up-to-date: /root/irslab_ws/install/tm_description/share/tm_description/meshes/tm5-700/visual/tm5-700_arm2.stl
[3.172s] -- Up-to-date: /root/irslab_ws/install/tm_description/share/tm_description/meshes/tm5-700/visual/tm5-700_arm1.obj
[3.173s] -- Up-to-date: /root/irslab_ws/install/tm_description/share/tm_description/meshes/tm5-700/visual/tm5-700_arm1.mtl
[3.174s] -- Up-to-date: /root/irslab_ws/install/tm_description/share/tm_description/meshes/tm5-700/collision
[3.174s] -- Up-to-date: /root/irslab_ws/install/tm_description/share/tm_description/meshes/tm5-700/collision/tm5-700_arm1_c.stl
[3.175s] -- Up-to-date: /root/irslab_ws/install/tm_description/share/tm_description/meshes/tm5-700/collision/tm5-700_arm2_c.stl
[3.175s] -- Up-to-date: /root/irslab_ws/install/tm_description/share/tm_description/meshes/tm5-900
[3.175s] -- Up-to-date: /root/irslab_ws/install/tm_description/share/tm_description/meshes/tm5-900/visual
[3.180s] -- Up-to-date: /root/irslab_ws/install/tm_description/share/tm_description/meshes/tm5-900/visual/tmr_100w_01.mtl
[3.181s] -- Up-to-date: /root/irslab_ws/install/tm_description/share/tm_description/meshes/tm5-900/visual/tm5-base.obj
[3.182s] -- Up-to-date: /root/irslab_ws/install/tm_description/share/tm_description/meshes/tm5-900/visual/tm5-base.mtl
[3.182s] -- Up-to-date: /root/irslab_ws/install/tm_description/share/tm_description/meshes/tm5-900/visual/tmr_400w_01.obj
[3.182s] -- Up-to-date: /root/irslab_ws/install/tm_description/share/tm_description/meshes/tm5-900/visual/tmr_ee.obj
[3.183s] -- Up-to-date: /root/irslab_ws/install/tm_description/share/tm_description/meshes/tm5-900/visual/tmr_400w_01.stl
[3.183s] -- Up-to-date: /root/irslab_ws/install/tm_description/share/tm_description/meshes/tm5-900/visual/tmr_100w_02.mtl
[3.184s] -- Up-to-date: /root/irslab_ws/install/tm_description/share/tm_description/meshes/tm5-900/visual/tmr_ee.mtl
[3.184s] -- Up-to-date: /root/irslab_ws/install/tm_description/share/tm_description/meshes/tm5-900/visual/tmr_100w_02.stl
[3.184s] -- Up-to-date: /root/irslab_ws/install/tm_description/share/tm_description/meshes/tm5-900/visual/tm5-900_arm1.obj
[3.184s] -- Up-to-date: /root/irslab_ws/install/tm_description/share/tm_description/meshes/tm5-900/visual/tmr_100w_01.stl
[3.185s] -- Up-to-date: /root/irslab_ws/install/tm_description/share/tm_description/meshes/tm5-900/visual/tmr_iox.obj
[3.185s] -- Up-to-date: /root/irslab_ws/install/tm_description/share/tm_description/meshes/tm5-900/visual/tm5_base_moma.stl
[3.186s] -- Up-to-date: /root/irslab_ws/install/tm_description/share/tm_description/meshes/tm5-900/visual/tmr_100w_02.obj
[3.188s] -- Up-to-date: /root/irslab_ws/install/tm_description/share/tm_description/meshes/tm5-900/visual/tm5-900_arm1.mtl
[3.189s] -- Up-to-date: /root/irslab_ws/install/tm_description/share/tm_description/meshes/tm5-900/visual/tmr_400w_01.mtl
[3.190s] -- Up-to-date: /root/irslab_ws/install/tm_description/share/tm_description/meshes/tm5-900/visual/tm5-900_arm2.stl
[3.191s] -- Up-to-date: /root/irslab_ws/install/tm_description/share/tm_description/meshes/tm5-900/visual/tm5-900_arm2.obj
[3.193s] -- Up-to-date: /root/irslab_ws/install/tm_description/share/tm_description/meshes/tm5-900/visual/tmr_100w_01.obj
[3.194s] -- Up-to-date: /root/irslab_ws/install/tm_description/share/tm_description/meshes/tm5-900/visual/tmr_ee.stl
[3.195s] -- Up-to-date: /root/irslab_ws/install/tm_description/share/tm_description/meshes/tm5-900/visual/tm5-900_arm1.stl
[3.195s] -- Up-to-date: /root/irslab_ws/install/tm_description/share/tm_description/meshes/tm5-900/visual/tm5_base_moma.mtl
[3.195s] -- Up-to-date: /root/irslab_ws/install/tm_description/share/tm_description/meshes/tm5-900/visual/tm5-900_arm2.mtl
[3.196s] -- Up-to-date: /root/irslab_ws/install/tm_description/share/tm_description/meshes/tm5-900/visual/tm5_base_moma.obj
[3.196s] -- Up-to-date: /root/irslab_ws/install/tm_description/share/tm_description/meshes/tm5-900/visual/tmr_iox.mtl
[3.196s] -- Up-to-date: /root/irslab_ws/install/tm_description/share/tm_description/meshes/tm5-900/visual/tmr_iox.stl
[3.196s] -- Up-to-date: /root/irslab_ws/install/tm_description/share/tm_description/meshes/tm5-900/visual/tm5-base.stl
[3.197s] -- Up-to-date: /root/irslab_ws/install/tm_description/share/tm_description/meshes/tm5-900/collision
[3.197s] -- Up-to-date: /root/irslab_ws/install/tm_description/share/tm_description/meshes/tm5-900/collision/tmr_ee_c.stl
[3.197s] -- Up-to-date: /root/irslab_ws/install/tm_description/share/tm_description/meshes/tm5-900/collision/tm5_base_c.stl
[3.198s] -- Up-to-date: /root/irslab_ws/install/tm_description/share/tm_description/meshes/tm5-900/collision/tmr_iox_c.stl
[3.200s] -- Up-to-date: /root/irslab_ws/install/tm_description/share/tm_description/meshes/tm5-900/collision/tmr_400w_01_c.stl
[3.201s] -- Up-to-date: /root/irslab_ws/install/tm_description/share/tm_description/meshes/tm5-900/collision/tm5-900_arm1_c.stl
[3.201s] -- Up-to-date: /root/irslab_ws/install/tm_description/share/tm_description/meshes/tm5-900/collision/tmr_100w_01_c.stl
[3.202s] -- Up-to-date: /root/irslab_ws/install/tm_description/share/tm_description/meshes/tm5-900/collision/tmr_100w_02_c.stl
[3.203s] -- Up-to-date: /root/irslab_ws/install/tm_description/share/tm_description/meshes/tm5-900/collision/tm5-base_c.stl
[3.204s] -- Up-to-date: /root/irslab_ws/install/tm_description/share/tm_description/meshes/tm5-900/collision/tm5-900_arm2_c.stl
[3.204s] -- Up-to-date: /root/irslab_ws/install/tm_description/share/tm_description/meshes/tm20
[3.205s] -- Up-to-date: /root/irslab_ws/install/tm_description/share/tm_description/meshes/tm20/visual
[3.206s] -- Up-to-date: /root/irslab_ws/install/tm_description/share/tm_description/meshes/tm20/visual/tm20-j6.obj
[3.206s] -- Up-to-date: /root/irslab_ws/install/tm_description/share/tm_description/meshes/tm20/visual/tm20-j1.mtl
[3.206s] -- Up-to-date: /root/irslab_ws/install/tm_description/share/tm_description/meshes/tm20/visual/tm20-j5.obj
[3.206s] -- Up-to-date: /root/irslab_ws/install/tm_description/share/tm_description/meshes/tm20/visual/tm20-j1.stl
[3.207s] -- Up-to-date: /root/irslab_ws/install/tm_description/share/tm_description/meshes/tm20/visual/tm20-arm2.stl
[3.207s] -- Up-to-date: /root/irslab_ws/install/tm_description/share/tm_description/meshes/tm20/visual/tm20-arm1.obj
[3.225s] -- Up-to-date: /root/irslab_ws/install/tm_description/share/tm_description/meshes/tm20/visual/tm20-j1.obj
[3.225s] -- Up-to-date: /root/irslab_ws/install/tm_description/share/tm_description/meshes/tm20/visual/tm20-j5.mtl
[3.225s] -- Up-to-date: /root/irslab_ws/install/tm_description/share/tm_description/meshes/tm20/visual/tm20-arm1.stl
[3.226s] -- Up-to-date: /root/irslab_ws/install/tm_description/share/tm_description/meshes/tm20/visual/tm20-j5.stl
[3.226s] -- Up-to-date: /root/irslab_ws/install/tm_description/share/tm_description/meshes/tm20/visual/tm20-arm2.obj
[3.226s] -- Up-to-date: /root/irslab_ws/install/tm_description/share/tm_description/meshes/tm20/visual/tm20-j6.mtl
[3.226s] -- Up-to-date: /root/irslab_ws/install/tm_description/share/tm_description/meshes/tm20/visual/tm20-arm1.mtl
[3.226s] -- Up-to-date: /root/irslab_ws/install/tm_description/share/tm_description/meshes/tm20/visual/tm20-j6.stl
[3.227s] -- Up-to-date: /root/irslab_ws/install/tm_description/share/tm_description/meshes/tm20/visual/tm20-arm2.mtl
[3.227s] -- Up-to-date: /root/irslab_ws/install/tm_description/share/tm_description/meshes/tm20/collision
[3.227s] -- Up-to-date: /root/irslab_ws/install/tm_description/share/tm_description/meshes/tm20/collision/tm20-arm2_c.stl
[3.227s] -- Up-to-date: /root/irslab_ws/install/tm_description/share/tm_description/meshes/tm20/collision/tm20-j1_c.stl
[3.228s] -- Up-to-date: /root/irslab_ws/install/tm_description/share/tm_description/meshes/tm20/collision/tm20-j5_c.stl
[3.228s] -- Up-to-date: /root/irslab_ws/install/tm_description/share/tm_description/meshes/tm20/collision/tm20-j6_c.stl
[3.229s] -- Up-to-date: /root/irslab_ws/install/tm_description/share/tm_description/meshes/tm20/collision/tm20-arm1_c.stl
[3.231s] -- Up-to-date: /root/irslab_ws/install/tm_description/share/tm_description/meshes/tm12
[3.231s] -- Up-to-date: /root/irslab_ws/install/tm_description/share/tm_description/meshes/tm12/visual
[3.231s] -- Up-to-date: /root/irslab_ws/install/tm_description/share/tm_description/meshes/tm12/visual/tm12-base.stl
[3.232s] -- Up-to-date: /root/irslab_ws/install/tm_description/share/tm_description/meshes/tm12/visual/tmr_750w_01.obj
[3.232s] -- Up-to-date: /root/irslab_ws/install/tm_description/share/tm_description/meshes/tm12/visual/tm12-base.mtl
[3.232s] -- Up-to-date: /root/irslab_ws/install/tm_description/share/tm_description/meshes/tm12/visual/tm12-base.obj
[3.233s] -- Up-to-date: /root/irslab_ws/install/tm_description/share/tm_description/meshes/tm12/visual/tm12-arm2.obj
[3.234s] -- Up-to-date: /root/irslab_ws/install/tm_description/share/tm_description/meshes/tm12/visual/tm12-arm2.mtl
[3.234s] -- Up-to-date: /root/irslab_ws/install/tm_description/share/tm_description/meshes/tm12/visual/tm12-arm1.mtl
[3.234s] -- Up-to-date: /root/irslab_ws/install/tm_description/share/tm_description/meshes/tm12/visual/tmr_750w_01.mtl
[3.235s] -- Up-to-date: /root/irslab_ws/install/tm_description/share/tm_description/meshes/tm12/visual/tm12-arm2.stl
[3.235s] -- Up-to-date: /root/irslab_ws/install/tm_description/share/tm_description/meshes/tm12/visual/tm12-arm1.stl
[3.235s] -- Up-to-date: /root/irslab_ws/install/tm_description/share/tm_description/meshes/tm12/visual/tmr_750w_01.stl
[3.235s] -- Up-to-date: /root/irslab_ws/install/tm_description/share/tm_description/meshes/tm12/visual/tm12-arm1.obj
[3.235s] -- Up-to-date: /root/irslab_ws/install/tm_description/share/tm_description/meshes/tm12/collision
[3.236s] -- Up-to-date: /root/irslab_ws/install/tm_description/share/tm_description/meshes/tm12/collision/tmr_750w_01_c.stl
[3.236s] -- Up-to-date: /root/irslab_ws/install/tm_description/share/tm_description/meshes/tm12/collision/tm12-arm2_c.stl
[3.236s] -- Up-to-date: /root/irslab_ws/install/tm_description/share/tm_description/meshes/tm12/collision/tm12-arm1_c.stl
[3.236s] -- Up-to-date: /root/irslab_ws/install/tm_description/share/tm_description/meshes/tm12/collision/tm12-base_c.stl
[3.237s] -- Up-to-date: /root/irslab_ws/install/tm_description/share/tm_description/meshes/tm14
[3.237s] -- Up-to-date: /root/irslab_ws/install/tm_description/share/tm_description/meshes/tm14/visual
[3.237s] -- Up-to-date: /root/irslab_ws/install/tm_description/share/tm_description/meshes/tm14/visual/tm14_arm2.mtl
[3.237s] -- Up-to-date: /root/irslab_ws/install/tm_description/share/tm_description/meshes/tm14/visual/tm14_arm2.obj
[3.275s] -- Up-to-date: /root/irslab_ws/install/tm_description/share/tm_description/meshes/tm14/visual/tm14_arm1.stl
[3.276s] -- Up-to-date: /root/irslab_ws/install/tm_description/share/tm_description/meshes/tm14/visual/tm14_arm1.obj
[3.276s] -- Up-to-date: /root/irslab_ws/install/tm_description/share/tm_description/meshes/tm14/visual/tm14_arm2.stl
[3.276s] -- Up-to-date: /root/irslab_ws/install/tm_description/share/tm_description/meshes/tm14/visual/tm14_arm1.mtl
[3.276s] -- Up-to-date: /root/irslab_ws/install/tm_description/share/tm_description/meshes/tm14/collision
[3.277s] -- Up-to-date: /root/irslab_ws/install/tm_description/share/tm_description/meshes/tm14/collision/tm14_arm1_c.stl
[3.277s] -- Up-to-date: /root/irslab_ws/install/tm_description/share/tm_description/meshes/tm14/collision/tm14_arm2_c.stl
[3.278s] -- Up-to-date: /root/irslab_ws/install/tm_description/share/tm_description/meshes/tm16
[3.278s] -- Up-to-date: /root/irslab_ws/install/tm_description/share/tm_description/meshes/tm16/visual
[3.278s] -- Up-to-date: /root/irslab_ws/install/tm_description/share/tm_description/meshes/tm16/visual/tm16-arm1.mtl
[3.278s] -- Up-to-date: /root/irslab_ws/install/tm_description/share/tm_description/meshes/tm16/visual/tm16-arm1.obj
[3.279s] -- Up-to-date: /root/irslab_ws/install/tm_description/share/tm_description/meshes/tm16/visual/tm16-arm2.obj
[3.279s] -- Up-to-date: /root/irslab_ws/install/tm_description/share/tm_description/meshes/tm16/visual/tm16-arm2.mtl
[3.280s] -- Up-to-date: /root/irslab_ws/install/tm_description/share/tm_description/meshes/tm16/visual/tm16-arm1.stl
[3.281s] -- Up-to-date: /root/irslab_ws/install/tm_description/share/tm_description/meshes/tm16/visual/tm16-arm2.stl
[3.281s] -- Up-to-date: /root/irslab_ws/install/tm_description/share/tm_description/meshes/tm16/collision
[3.281s] -- Up-to-date: /root/irslab_ws/install/tm_description/share/tm_description/meshes/tm16/collision/tm16-arm2_c.stl
[3.282s] -- Up-to-date: /root/irslab_ws/install/tm_description/share/tm_description/meshes/tm16/collision/tm16-arm1_c.stl
[3.282s] -- Up-to-date: /root/irslab_ws/install/tm_description/share/tm_description/urdf
[3.284s] -- Up-to-date: /root/irslab_ws/install/tm_description/share/tm_description/urdf/tm16-nominal.urdf
[3.284s] -- Up-to-date: /root/irslab_ws/install/tm_description/share/tm_description/urdf/tm5x-700-nominal.urdf
[3.285s] -- Up-to-date: /root/irslab_ws/install/tm_description/share/tm_description/urdf/tm20-nominal.urdf
[3.286s] -- Up-to-date: /root/irslab_ws/install/tm_description/share/tm_description/urdf/tm14x-nominal.urdf
[3.286s] -- Up-to-date: /root/irslab_ws/install/tm_description/share/tm_description/urdf/tm5-900-nominal.urdf
[3.286s] -- Up-to-date: /root/irslab_ws/install/tm_description/share/tm_description/urdf/tm5x-900-nominal.urdf
[3.286s] -- Up-to-date: /root/irslab_ws/install/tm_description/share/tm_description/urdf/tm12-nominal.urdf
[3.287s] -- Up-to-date: /root/irslab_ws/install/tm_description/share/tm_description/urdf/tm5-700-nominal.urdf
[3.288s] -- Up-to-date: /root/irslab_ws/install/tm_description/share/tm_description/urdf/tm5-900.urdf
[3.288s] -- Up-to-date: /root/irslab_ws/install/tm_description/share/tm_description/urdf/tm12x-nominal.urdf
[3.288s] -- Up-to-date: /root/irslab_ws/install/tm_description/share/tm_description/urdf/tm14-nominal.urdf
[3.289s] -- Up-to-date: /root/irslab_ws/install/tm_description/share/tm_description/xacro
[3.290s] -- Up-to-date: /root/irslab_ws/install/tm_description/share/tm_description/xacro/macro.materials.xacro
[3.290s] -- Up-to-date: /root/irslab_ws/install/tm_description/share/tm_description/xacro/tm20.urdf.xacro
[3.293s] -- Up-to-date: /root/irslab_ws/install/tm_description/share/tm_description/xacro/macro.gazebo.xacro
[3.294s] -- Up-to-date: /root/irslab_ws/install/tm_description/share/tm_description/xacro/macro.handsolo.urdf.xacro
[3.294s] -- Up-to-date: /root/irslab_ws/install/tm_description/share/tm_description/xacro/tm5x-900.urdf.xacro
[3.295s] -- Up-to-date: /root/irslab_ws/install/tm_description/share/tm_description/xacro/macro.tm12-nominal.urdf.xacro
[3.295s] -- Up-to-date: /root/irslab_ws/install/tm_description/share/tm_description/xacro/macro.inertial.xacro
[3.295s] -- Up-to-date: /root/irslab_ws/install/tm_description/share/tm_description/xacro/tm16.urdf.xacro
[3.296s] -- Up-to-date: /root/irslab_ws/install/tm_description/share/tm_description/xacro/tm5x-700.urdf.xacro
[3.296s] -- Up-to-date: /root/irslab_ws/install/tm_description/share/tm_description/xacro/macro.tm5x-900-nominal.urdf.xacro
[3.296s] -- Up-to-date: /root/irslab_ws/install/tm_description/share/tm_description/xacro/tm5-700.urdf.xacro
[3.297s] -- Up-to-date: /root/irslab_ws/install/tm_description/share/tm_description/xacro/tm5-900.urdf.xacro
[3.298s] -- Up-to-date: /root/irslab_ws/install/tm_description/share/tm_description/xacro/macro.tm14x-nominal.urdf.xacro
[3.298s] -- Up-to-date: /root/irslab_ws/install/tm_description/share/tm_description/xacro/tm12x.urdf.xacro
[3.298s] -- Up-to-date: /root/irslab_ws/install/tm_description/share/tm_description/xacro/handsolo.urdf.xacro
[3.299s] -- Up-to-date: /root/irslab_ws/install/tm_description/share/tm_description/xacro/macro.tm5-700-nominal.urdf.xacro
[3.300s] -- Up-to-date: /root/irslab_ws/install/tm_description/share/tm_description/xacro/tm12.urdf.xacro
[3.300s] -- Up-to-date: /root/irslab_ws/install/tm_description/share/tm_description/xacro/tm14x.urdf.xacro
[3.300s] -- Up-to-date: /root/irslab_ws/install/tm_description/share/tm_description/xacro/tm14.urdf.xacro
[3.300s] -- Up-to-date: /root/irslab_ws/install/tm_description/share/tm_description/xacro/macro.tm14-nominal.urdf.xacro
[3.301s] -- Up-to-date: /root/irslab_ws/install/tm_description/share/tm_description/xacro/macro.transmission.xacro
[3.302s] -- Up-to-date: /root/irslab_ws/install/tm_description/share/tm_description/xacro/macro.tm20-nominal.urdf.xacro
[3.303s] -- Up-to-date: /root/irslab_ws/install/tm_description/share/tm_description/xacro/macro.tm12x-nominal.urdf.xacro
[3.303s] -- Up-to-date: /root/irslab_ws/install/tm_description/share/tm_description/xacro/macro.tm5x-700-nominal.urdf.xacro
[3.303s] -- Up-to-date: /root/irslab_ws/install/tm_description/share/tm_description/xacro/macro.tm16-nominal.urdf.xacro
[3.304s] -- Up-to-date: /root/irslab_ws/install/tm_description/share/tm_description/xacro/macro.tm5-900-nominal.urdf.xacro
[3.389s] Invoked command in '/root/irslab_ws/build/tm_description' returned '0': CMAKE_PREFIX_PATH=${CMAKE_PREFIX_PATH}:/root/irslab_ws/install/tm_mod_urdf:/root/irslab_ws/install/pick_nav_place:/root/irslab_ws/install/pa_warehouse_status:/root/irslab_ws/install/hand_solo_virtual_nav:/root/irslab_ws/install/hand_solo_arm:/opt/ros/humble /usr/bin/cmake --install /root/irslab_ws/build/tm_description
