[0.027s] Invoking command in '/root/irslab_ws/build/custom_nav2_bt_nodes': CMAKE_PREFIX_PATH=/opt/ros/humble /usr/bin/cmake --build /root/irslab_ws/build/custom_nav2_bt_nodes -- -j20 -l20
[0.583s] [100%] Built target nav2_bt_nodes_check_path_alignment
[0.595s] Invoked command in '/root/irslab_ws/build/custom_nav2_bt_nodes' returned '0': CMAKE_PREFIX_PATH=/opt/ros/humble /usr/bin/cmake --build /root/irslab_ws/build/custom_nav2_bt_nodes -- -j20 -l20
[0.597s] Invoking command in '/root/irslab_ws/build/custom_nav2_bt_nodes': CMAKE_PREFIX_PATH=/opt/ros/humble /usr/bin/cmake --install /root/irslab_ws/build/custom_nav2_bt_nodes
[0.775s] -- Install configuration: "Release"
[0.775s] -- Up-to-date: /root/irslab_ws/install/custom_nav2_bt_nodes/lib/libnav2_bt_nodes_check_path_alignment.so
[0.775s] -- Up-to-date: /root/irslab_ws/install/custom_nav2_bt_nodes/share/custom_nav2_bt_nodes/environment/library_path.sh
[0.776s] -- Up-to-date: /root/irslab_ws/install/custom_nav2_bt_nodes/share/custom_nav2_bt_nodes/environment/library_path.dsv
[0.776s] -- Up-to-date: /root/irslab_ws/install/custom_nav2_bt_nodes/share/custom_nav2_bt_nodes/behavior_tree_plugins.xml
[0.776s] -- Up-to-date: /root/irslab_ws/install/custom_nav2_bt_nodes/share/ament_index/resource_index/package_run_dependencies/custom_nav2_bt_nodes
[0.776s] -- Up-to-date: /root/irslab_ws/install/custom_nav2_bt_nodes/share/ament_index/resource_index/parent_prefix_path/custom_nav2_bt_nodes
[0.777s] -- Up-to-date: /root/irslab_ws/install/custom_nav2_bt_nodes/share/custom_nav2_bt_nodes/environment/ament_prefix_path.sh
[0.777s] -- Up-to-date: /root/irslab_ws/install/custom_nav2_bt_nodes/share/custom_nav2_bt_nodes/environment/ament_prefix_path.dsv
[0.777s] -- Up-to-date: /root/irslab_ws/install/custom_nav2_bt_nodes/share/custom_nav2_bt_nodes/environment/path.sh
[0.777s] -- Up-to-date: /root/irslab_ws/install/custom_nav2_bt_nodes/share/custom_nav2_bt_nodes/environment/path.dsv
[0.778s] -- Up-to-date: /root/irslab_ws/install/custom_nav2_bt_nodes/share/custom_nav2_bt_nodes/local_setup.bash
[0.778s] -- Up-to-date: /root/irslab_ws/install/custom_nav2_bt_nodes/share/custom_nav2_bt_nodes/local_setup.sh
[0.778s] -- Up-to-date: /root/irslab_ws/install/custom_nav2_bt_nodes/share/custom_nav2_bt_nodes/local_setup.zsh
[0.778s] -- Up-to-date: /root/irslab_ws/install/custom_nav2_bt_nodes/share/custom_nav2_bt_nodes/local_setup.dsv
[0.778s] -- Installing: /root/irslab_ws/install/custom_nav2_bt_nodes/share/custom_nav2_bt_nodes/package.dsv
[0.778s] -- Up-to-date: /root/irslab_ws/install/custom_nav2_bt_nodes/share/ament_index/resource_index/packages/custom_nav2_bt_nodes
[0.778s] -- Up-to-date: /root/irslab_ws/install/custom_nav2_bt_nodes/share/custom_nav2_bt_nodes/cmake/export_custom_nav2_bt_nodesExport.cmake
[0.779s] -- Up-to-date: /root/irslab_ws/install/custom_nav2_bt_nodes/share/custom_nav2_bt_nodes/cmake/export_custom_nav2_bt_nodesExport-release.cmake
[0.779s] -- Up-to-date: /root/irslab_ws/install/custom_nav2_bt_nodes/share/custom_nav2_bt_nodes/cmake/ament_cmake_export_targets-extras.cmake
[0.779s] -- Up-to-date: /root/irslab_ws/install/custom_nav2_bt_nodes/share/custom_nav2_bt_nodes/cmake/ament_cmake_export_libraries-extras.cmake
[0.779s] -- Up-to-date: /root/irslab_ws/install/custom_nav2_bt_nodes/share/custom_nav2_bt_nodes/cmake/ament_cmake_export_dependencies-extras.cmake
[0.780s] -- Up-to-date: /root/irslab_ws/install/custom_nav2_bt_nodes/share/custom_nav2_bt_nodes/cmake/custom_nav2_bt_nodesConfig.cmake
[0.781s] -- Up-to-date: /root/irslab_ws/install/custom_nav2_bt_nodes/share/custom_nav2_bt_nodes/cmake/custom_nav2_bt_nodesConfig-version.cmake
[0.781s] -- Up-to-date: /root/irslab_ws/install/custom_nav2_bt_nodes/share/custom_nav2_bt_nodes/package.xml
[0.796s] Invoked command in '/root/irslab_ws/build/custom_nav2_bt_nodes' returned '0': CMAKE_PREFIX_PATH=/opt/ros/humble /usr/bin/cmake --install /root/irslab_ws/build/custom_nav2_bt_nodes
