[1.145s] Invoking command in '/root/irslab_ws/src/pa_warehouse_status': PYTHONPATH=/root/irslab_ws/build/pa_warehouse_status/prefix_override:/usr/lib/python3/dist-packages/colcon_core/task/python/colcon_distutils_commands:/root/irslab_ws/install/pa_warehouse_status/lib/python3.10/site-packages:${PYTHONPATH} /usr/bin/python3 -W ignore:setup.py install is deprecated -W ignore:easy_install command is deprecated setup.py egg_info --egg-base ../../build/pa_warehouse_status build --build-base /root/irslab_ws/build/pa_warehouse_status/build install --record /root/irslab_ws/build/pa_warehouse_status/install.log --single-version-externally-managed install_data
[1.270s] running egg_info
[1.270s] writing ../../build/pa_warehouse_status/pa_warehouse_status.egg-info/PKG-INFO
[1.270s] writing dependency_links to ../../build/pa_warehouse_status/pa_warehouse_status.egg-info/dependency_links.txt
[1.271s] writing entry points to ../../build/pa_warehouse_status/pa_warehouse_status.egg-info/entry_points.txt
[1.271s] writing requirements to ../../build/pa_warehouse_status/pa_warehouse_status.egg-info/requires.txt
[1.271s] writing top-level names to ../../build/pa_warehouse_status/pa_warehouse_status.egg-info/top_level.txt
[1.272s] reading manifest file '../../build/pa_warehouse_status/pa_warehouse_status.egg-info/SOURCES.txt'
[1.272s] adding license file 'LICENSE'
[1.272s] writing manifest file '../../build/pa_warehouse_status/pa_warehouse_status.egg-info/SOURCES.txt'
[1.272s] running build
[1.272s] running build_py
[1.273s] running install
[1.273s] running install_lib
[1.274s] running install_data
[1.274s] running install_egg_info
[1.275s] removing '/root/irslab_ws/install/pa_warehouse_status/lib/python3.10/site-packages/pa_warehouse_status-0.0.0-py3.10.egg-info' (and everything under it)
[1.275s] Copying ../../build/pa_warehouse_status/pa_warehouse_status.egg-info to /root/irslab_ws/install/pa_warehouse_status/lib/python3.10/site-packages/pa_warehouse_status-0.0.0-py3.10.egg-info
[1.275s] running install_scripts
[1.290s] Installing pineapple_gossip_bot script to /root/irslab_ws/install/pa_warehouse_status/lib/pa_warehouse_status
[1.290s] Installing pineapple_listener_bot script to /root/irslab_ws/install/pa_warehouse_status/lib/pa_warehouse_status
[1.291s] Installing plc_hmi_listener script to /root/irslab_ws/install/pa_warehouse_status/lib/pa_warehouse_status
[1.291s] writing list of installed files to '/root/irslab_ws/build/pa_warehouse_status/install.log'
[1.306s] Invoked command in '/root/irslab_ws/src/pa_warehouse_status' returned '0': PYTHONPATH=/root/irslab_ws/build/pa_warehouse_status/prefix_override:/usr/lib/python3/dist-packages/colcon_core/task/python/colcon_distutils_commands:/root/irslab_ws/install/pa_warehouse_status/lib/python3.10/site-packages:${PYTHONPATH} /usr/bin/python3 -W ignore:setup.py install is deprecated -W ignore:easy_install command is deprecated setup.py egg_info --egg-base ../../build/pa_warehouse_status build --build-base /root/irslab_ws/build/pa_warehouse_status/build install --record /root/irslab_ws/build/pa_warehouse_status/install.log --single-version-externally-managed install_data
