[2.181s] Invoking command in '/root/irslab_ws/src/hand_solo_arm': PYTHONPATH=/root/irslab_ws/build/hand_solo_arm/prefix_override:/usr/lib/python3/dist-packages/colcon_core/task/python/colcon_distutils_commands:/root/irslab_ws/install/hand_solo_arm/lib/python3.10/site-packages:${PYTHONPATH} /usr/bin/python3 -W ignore:setup.py install is deprecated -W ignore:easy_install command is deprecated setup.py egg_info --egg-base ../../build/hand_solo_arm build --build-base /root/irslab_ws/build/hand_solo_arm/build install --record /root/irslab_ws/build/hand_solo_arm/install.log --single-version-externally-managed install_data
[2.436s] running egg_info
[2.437s] writing ../../build/hand_solo_arm/hand_solo_arm.egg-info/PKG-INFO
[2.437s] writing dependency_links to ../../build/hand_solo_arm/hand_solo_arm.egg-info/dependency_links.txt
[2.437s] writing entry points to ../../build/hand_solo_arm/hand_solo_arm.egg-info/entry_points.txt
[2.437s] writing requirements to ../../build/hand_solo_arm/hand_solo_arm.egg-info/requires.txt
[2.437s] writing top-level names to ../../build/hand_solo_arm/hand_solo_arm.egg-info/top_level.txt
[2.441s] reading manifest file '../../build/hand_solo_arm/hand_solo_arm.egg-info/SOURCES.txt'
[2.445s] writing manifest file '../../build/hand_solo_arm/hand_solo_arm.egg-info/SOURCES.txt'
[2.446s] running build
[2.446s] running build_py
[2.448s] running install
[2.449s] running install_lib
[2.449s] running install_data
[2.450s] running install_egg_info
[2.451s] removing '/root/irslab_ws/install/hand_solo_arm/lib/python3.10/site-packages/hand_solo_arm-0.0.0-py3.10.egg-info' (and everything under it)
[2.452s] Copying ../../build/hand_solo_arm/hand_solo_arm.egg-info to /root/irslab_ws/install/hand_solo_arm/lib/python3.10/site-packages/hand_solo_arm-0.0.0-py3.10.egg-info
[2.454s] running install_scripts
[2.494s] Installing hs_pick_place script to /root/irslab_ws/install/hand_solo_arm/lib/hand_solo_arm
[2.494s] writing list of installed files to '/root/irslab_ws/build/hand_solo_arm/install.log'
[2.504s] Invoked command in '/root/irslab_ws/src/hand_solo_arm' returned '0': PYTHONPATH=/root/irslab_ws/build/hand_solo_arm/prefix_override:/usr/lib/python3/dist-packages/colcon_core/task/python/colcon_distutils_commands:/root/irslab_ws/install/hand_solo_arm/lib/python3.10/site-packages:${PYTHONPATH} /usr/bin/python3 -W ignore:setup.py install is deprecated -W ignore:easy_install command is deprecated setup.py egg_info --egg-base ../../build/hand_solo_arm build --build-base /root/irslab_ws/build/hand_solo_arm/build install --record /root/irslab_ws/build/hand_solo_arm/install.log --single-version-externally-managed install_data
