[0.000000] (-) TimerEvent: {}
[0.000153] (custom_nav2_bt_nodes) JobQueued: {'identifier': 'custom_nav2_bt_nodes', 'dependencies': OrderedDict()}
[0.000367] (hand_solo_arm) JobQueued: {'identifier': 'hand_solo_arm', 'dependencies': OrderedDict()}
[0.000561] (hand_solo_virtual_nav) JobQueued: {'identifier': 'hand_solo_virtual_nav', 'dependencies': OrderedDict()}
[0.000591] (pa_warehouse_status) JobQueued: {'identifier': 'pa_warehouse_status', 'dependencies': OrderedDict()}
[0.000601] (pick_nav_place) JobQueued: {'identifier': 'pick_nav_place', 'dependencies': OrderedDict()}
[0.000632] (tm_description) JobQueued: {'identifier': 'tm_description', 'dependencies': OrderedDict()}
[0.000646] (tm_mod_urdf) JobQueued: {'identifier': 'tm_mod_urdf', 'dependencies': OrderedDict()}
[0.000654] (tm_msgs) JobQueued: {'identifier': 'tm_msgs', 'dependencies': OrderedDict()}
[0.000662] (tm12_moveit_config) JobQueued: {'identifier': 'tm12_moveit_config', 'dependencies': OrderedDict([('tm_description', '/root/irslab_ws/install/tm_description')])}
[0.000672] (tm12x_moveit_config) JobQueued: {'identifier': 'tm12x_moveit_config', 'dependencies': OrderedDict([('tm_description', '/root/irslab_ws/install/tm_description')])}
[0.000680] (tm14_moveit_config) JobQueued: {'identifier': 'tm14_moveit_config', 'dependencies': OrderedDict([('tm_description', '/root/irslab_ws/install/tm_description')])}
[0.000688] (tm14x_moveit_config) JobQueued: {'identifier': 'tm14x_moveit_config', 'dependencies': OrderedDict([('tm_description', '/root/irslab_ws/install/tm_description')])}
[0.000696] (tm16_moveit_config) JobQueued: {'identifier': 'tm16_moveit_config', 'dependencies': OrderedDict([('tm_description', '/root/irslab_ws/install/tm_description')])}
[0.000707] (tm20_moveit_config) JobQueued: {'identifier': 'tm20_moveit_config', 'dependencies': OrderedDict([('tm_description', '/root/irslab_ws/install/tm_description')])}
[0.000714] (tm5-700_moveit_config) JobQueued: {'identifier': 'tm5-700_moveit_config', 'dependencies': OrderedDict([('tm_description', '/root/irslab_ws/install/tm_description')])}
[0.000721] (tm5-900_moveit_config) JobQueued: {'identifier': 'tm5-900_moveit_config', 'dependencies': OrderedDict([('tm_description', '/root/irslab_ws/install/tm_description')])}
[0.000728] (tm5x-700_moveit_config) JobQueued: {'identifier': 'tm5x-700_moveit_config', 'dependencies': OrderedDict([('tm_description', '/root/irslab_ws/install/tm_description')])}
[0.000736] (tm5x-900_moveit_config) JobQueued: {'identifier': 'tm5x-900_moveit_config', 'dependencies': OrderedDict([('tm_description', '/root/irslab_ws/install/tm_description')])}
[0.000743] (tm_driver) JobQueued: {'identifier': 'tm_driver', 'dependencies': OrderedDict([('tm_msgs', '/root/irslab_ws/install/tm_msgs')])}
[0.000754] (tm_inspect) JobQueued: {'identifier': 'tm_inspect', 'dependencies': OrderedDict([('tm_msgs', '/root/irslab_ws/install/tm_msgs')])}
[0.000761] (tm_test) JobQueued: {'identifier': 'tm_test', 'dependencies': OrderedDict([('tm_msgs', '/root/irslab_ws/install/tm_msgs')])}
[0.000769] (tm_description) JobStarted: {'identifier': 'tm_description'}
[0.005301] (tm_msgs) JobStarted: {'identifier': 'tm_msgs'}
[0.009314] (custom_nav2_bt_nodes) JobStarted: {'identifier': 'custom_nav2_bt_nodes'}
[0.012196] (hand_solo_arm) JobStarted: {'identifier': 'hand_solo_arm'}
[0.016735] (hand_solo_virtual_nav) JobStarted: {'identifier': 'hand_solo_virtual_nav'}
[0.020457] (pa_warehouse_status) JobStarted: {'identifier': 'pa_warehouse_status'}
[0.024358] (pick_nav_place) JobStarted: {'identifier': 'pick_nav_place'}
[0.027336] (tm_mod_urdf) JobStarted: {'identifier': 'tm_mod_urdf'}
[0.031423] (tm_description) JobProgress: {'identifier': 'tm_description', 'progress': 'cmake'}
[0.031804] (tm_description) JobProgress: {'identifier': 'tm_description', 'progress': 'build'}
[0.032287] (tm_description) Command: {'cmd': ['/usr/bin/cmake', '--build', '/root/irslab_ws/build/tm_description', '--', '-j20', '-l20'], 'cwd': '/root/irslab_ws/build/tm_description', 'env': OrderedDict([('HOSTNAME', 'hugh-Zenbook-UX3404VC'), ('SHLVL', '1'), ('LD_LIBRARY_PATH', '/opt/ros/humble/opt/rviz_ogre_vendor/lib:/opt/ros/humble/lib/x86_64-linux-gnu:/opt/ros/humble/lib'), ('HOME', '/root'), ('OLDPWD', '/'), ('PYTHONUNBUFFERED', '1'), ('ROS_PYTHON_VERSION', '3'), ('ROS_DISTRO', 'humble'), ('_', '/usr/bin/colcon'), ('ROS_VERSION', '2'), ('NVIDIA_DRIVER_CAPABILITIES', 'all'), ('TERM', 'xterm'), ('ROS_LOCALHOST_ONLY', '0'), ('QT_X11_NO_MITSHM', '1'), ('PATH', '/opt/ros/humble/bin:/usr/local/sbin:/usr/local/bin:/usr/sbin:/usr/bin:/sbin:/bin'), ('DISPLAY', ':1'), ('LANG', 'C.UTF-8'), ('RMW_IMPLEMENTATION', 'rmw_cyclonedds_cpp'), ('ROS_DOMAIN_ID', '0'), ('AMENT_PREFIX_PATH', '/opt/ros/humble'), ('DEBIAN_FRONTEND', 'noninteractive'), ('PWD', '/root/irslab_ws/build/tm_description'), ('LC_ALL', 'C.UTF-8'), ('PYTHONPATH', '/opt/ros/humble/lib/python3.10/site-packages:/opt/ros/humble/local/lib/python3.10/dist-packages'), ('NVIDIA_VISIBLE_DEVICES', 'all'), ('COLCON', '1'), ('CMAKE_PREFIX_PATH', '/opt/ros/humble')]), 'shell': False}
[0.033879] (tm_msgs) JobProgress: {'identifier': 'tm_msgs', 'progress': 'cmake'}
[0.034628] (tm_msgs) JobProgress: {'identifier': 'tm_msgs', 'progress': 'build'}
[0.034930] (tm_msgs) Command: {'cmd': ['/usr/bin/cmake', '--build', '/root/irslab_ws/build/tm_msgs', '--', '-j20', '-l20'], 'cwd': '/root/irslab_ws/build/tm_msgs', 'env': OrderedDict([('HOSTNAME', 'hugh-Zenbook-UX3404VC'), ('SHLVL', '1'), ('LD_LIBRARY_PATH', '/opt/ros/humble/opt/rviz_ogre_vendor/lib:/opt/ros/humble/lib/x86_64-linux-gnu:/opt/ros/humble/lib'), ('HOME', '/root'), ('OLDPWD', '/'), ('PYTHONUNBUFFERED', '1'), ('ROS_PYTHON_VERSION', '3'), ('ROS_DISTRO', 'humble'), ('_', '/usr/bin/colcon'), ('ROS_VERSION', '2'), ('NVIDIA_DRIVER_CAPABILITIES', 'all'), ('TERM', 'xterm'), ('ROS_LOCALHOST_ONLY', '0'), ('QT_X11_NO_MITSHM', '1'), ('PATH', '/opt/ros/humble/bin:/usr/local/sbin:/usr/local/bin:/usr/sbin:/usr/bin:/sbin:/bin'), ('DISPLAY', ':1'), ('LANG', 'C.UTF-8'), ('RMW_IMPLEMENTATION', 'rmw_cyclonedds_cpp'), ('ROS_DOMAIN_ID', '0'), ('AMENT_PREFIX_PATH', '/opt/ros/humble'), ('DEBIAN_FRONTEND', 'noninteractive'), ('PWD', '/root/irslab_ws/build/tm_msgs'), ('LC_ALL', 'C.UTF-8'), ('PYTHONPATH', '/opt/ros/humble/lib/python3.10/site-packages:/opt/ros/humble/local/lib/python3.10/dist-packages'), ('NVIDIA_VISIBLE_DEVICES', 'all'), ('COLCON', '1'), ('CMAKE_PREFIX_PATH', '/opt/ros/humble')]), 'shell': False}
[0.036616] (custom_nav2_bt_nodes) JobProgress: {'identifier': 'custom_nav2_bt_nodes', 'progress': 'cmake'}
[0.036733] (custom_nav2_bt_nodes) JobProgress: {'identifier': 'custom_nav2_bt_nodes', 'progress': 'build'}
[0.036980] (custom_nav2_bt_nodes) Command: {'cmd': ['/usr/bin/cmake', '--build', '/root/irslab_ws/build/custom_nav2_bt_nodes', '--', '-j20', '-l20'], 'cwd': '/root/irslab_ws/build/custom_nav2_bt_nodes', 'env': OrderedDict([('HOSTNAME', 'hugh-Zenbook-UX3404VC'), ('SHLVL', '1'), ('LD_LIBRARY_PATH', '/opt/ros/humble/opt/rviz_ogre_vendor/lib:/opt/ros/humble/lib/x86_64-linux-gnu:/opt/ros/humble/lib'), ('HOME', '/root'), ('OLDPWD', '/'), ('PYTHONUNBUFFERED', '1'), ('ROS_PYTHON_VERSION', '3'), ('ROS_DISTRO', 'humble'), ('_', '/usr/bin/colcon'), ('ROS_VERSION', '2'), ('NVIDIA_DRIVER_CAPABILITIES', 'all'), ('TERM', 'xterm'), ('ROS_LOCALHOST_ONLY', '0'), ('QT_X11_NO_MITSHM', '1'), ('PATH', '/opt/ros/humble/bin:/usr/local/sbin:/usr/local/bin:/usr/sbin:/usr/bin:/sbin:/bin'), ('DISPLAY', ':1'), ('LANG', 'C.UTF-8'), ('RMW_IMPLEMENTATION', 'rmw_cyclonedds_cpp'), ('ROS_DOMAIN_ID', '0'), ('AMENT_PREFIX_PATH', '/opt/ros/humble'), ('DEBIAN_FRONTEND', 'noninteractive'), ('PWD', '/root/irslab_ws/build/custom_nav2_bt_nodes'), ('LC_ALL', 'C.UTF-8'), ('PYTHONPATH', '/opt/ros/humble/lib/python3.10/site-packages:/opt/ros/humble/local/lib/python3.10/dist-packages'), ('NVIDIA_VISIBLE_DEVICES', 'all'), ('COLCON', '1'), ('CMAKE_PREFIX_PATH', '/opt/ros/humble')]), 'shell': False}
[0.099901] (-) TimerEvent: {}
[0.200301] (-) TimerEvent: {}
[0.300729] (-) TimerEvent: {}
[0.401003] (-) TimerEvent: {}
[0.501391] (-) TimerEvent: {}
[0.515239] (tm_msgs) StdoutLine: {'line': b'[  0%] Built target tm_msgs__cpp\n'}
[0.516693] (tm_msgs) StdoutLine: {'line': b'[ 12%] Built target tm_msgs__rosidl_generator_c\n'}
[0.517188] (tm_msgs) StdoutLine: {'line': b'[ 12%] Built target ament_cmake_python_copy_tm_msgs\n'}
[0.517294] (tm_msgs) StdoutLine: {'line': b'[ 24%] Built target tm_msgs__rosidl_typesupport_introspection_c\n'}
[0.517381] (tm_msgs) StdoutLine: {'line': b'[ 36%] Built target tm_msgs__rosidl_typesupport_c\n'}
[0.517472] (tm_msgs) StdoutLine: {'line': b'[ 48%] Built target tm_msgs__rosidl_typesupport_fastrtps_cpp\n'}
[0.517562] (tm_msgs) StdoutLine: {'line': b'[ 60%] Built target tm_msgs__rosidl_typesupport_fastrtps_c\n'}
[0.517647] (tm_msgs) StdoutLine: {'line': b'[ 72%] Built target tm_msgs__rosidl_typesupport_cpp\n'}
[0.517741] (tm_msgs) StdoutLine: {'line': b'[ 84%] Built target tm_msgs__rosidl_typesupport_introspection_cpp\n'}
[0.517833] (tm_msgs) StdoutLine: {'line': b'[ 84%] Built target tm_msgs\n'}
[0.517929] (tm_msgs) StdoutLine: {'line': b'[ 85%] Built target tm_msgs__py\n'}
[0.518018] (tm_msgs) StdoutLine: {'line': b'[ 96%] Built target tm_msgs__rosidl_generator_py\n'}
[0.518112] (tm_msgs) StdoutLine: {'line': b'[ 97%] Built target tm_msgs__rosidl_typesupport_fastrtps_c__pyext\n'}
[0.518201] (tm_msgs) StdoutLine: {'line': b'[ 99%] Built target tm_msgs__rosidl_typesupport_introspection_c__pyext\n'}
[0.518332] (tm_msgs) StdoutLine: {'line': b'[100%] Built target tm_msgs__rosidl_typesupport_c__pyext\n'}
[0.518399] (tm_msgs) StdoutLine: {'line': b'running egg_info\n'}
[0.518441] (tm_msgs) StdoutLine: {'line': b'writing tm_msgs.egg-info/PKG-INFO\n'}
[0.518477] (tm_msgs) StdoutLine: {'line': b'writing dependency_links to tm_msgs.egg-info/dependency_links.txt\n'}
[0.518511] (tm_msgs) StdoutLine: {'line': b'writing top-level names to tm_msgs.egg-info/top_level.txt\n'}
[0.518550] (tm_msgs) StdoutLine: {'line': b"reading manifest file 'tm_msgs.egg-info/SOURCES.txt'\n"}
[0.518584] (tm_msgs) StdoutLine: {'line': b"writing manifest file 'tm_msgs.egg-info/SOURCES.txt'\n"}
[0.518619] (tm_msgs) StdoutLine: {'line': b'[100%] Built target ament_cmake_python_build_tm_msgs_egg\n'}
[0.518654] (custom_nav2_bt_nodes) StdoutLine: {'line': b'-- Found ament_cmake: 1.3.12 (/opt/ros/humble/share/ament_cmake/cmake)\n'}
[0.518702] (custom_nav2_bt_nodes) StdoutLine: {'line': b'-- Found rclcpp: 16.0.15 (/opt/ros/humble/share/rclcpp/cmake)\n'}
[0.518737] (custom_nav2_bt_nodes) StdoutLine: {'line': b'-- Found rosidl_generator_c: 3.1.7 (/opt/ros/humble/share/rosidl_generator_c/cmake)\n'}
[0.518773] (custom_nav2_bt_nodes) StdoutLine: {'line': b'-- Found rosidl_adapter: 3.1.7 (/opt/ros/humble/share/rosidl_adapter/cmake)\n'}
[0.518807] (custom_nav2_bt_nodes) StdoutLine: {'line': b'-- Found rosidl_generator_cpp: 3.1.7 (/opt/ros/humble/share/rosidl_generator_cpp/cmake)\n'}
[0.518840] (custom_nav2_bt_nodes) StdoutLine: {'line': b'-- Using all available rosidl_typesupport_c: rosidl_typesupport_fastrtps_c;rosidl_typesupport_introspection_c\n'}
[0.518873] (custom_nav2_bt_nodes) StdoutLine: {'line': b'-- Using all available rosidl_typesupport_cpp: rosidl_typesupport_fastrtps_cpp;rosidl_typesupport_introspection_cpp\n'}
[0.518905] (custom_nav2_bt_nodes) StdoutLine: {'line': b'-- Found rmw_implementation_cmake: 6.1.2 (/opt/ros/humble/share/rmw_implementation_cmake/cmake)\n'}
[0.518940] (custom_nav2_bt_nodes) StdoutLine: {'line': b'-- Found rmw_cyclonedds_cpp: 1.3.4 (/opt/ros/humble/share/rmw_cyclonedds_cpp/cmake)\n'}
[0.518972] (custom_nav2_bt_nodes) StdoutLine: {'line': b"-- Using RMW implementation 'rmw_cyclonedds_cpp' as default\n"}
[0.519003] (custom_nav2_bt_nodes) StdoutLine: {'line': b'-- Found nav2_behavior_tree: 1.1.18 (/opt/ros/humble/share/nav2_behavior_tree/cmake)\n'}
[0.519034] (custom_nav2_bt_nodes) StdoutLine: {'line': b'-- Found eigen3_cmake_module: 0.1.1 (/opt/ros/humble/share/eigen3_cmake_module/cmake)\n'}
[0.519068] (custom_nav2_bt_nodes) StdoutLine: {'line': b'-- Ensuring Eigen3 include directory is part of orocos-kdl CMake target\n'}
[0.519097] (custom_nav2_bt_nodes) StdoutLine: {'line': b'-- Found pluginlib: 5.1.0 (/opt/ros/humble/share/pluginlib/cmake)\n'}
[0.519130] (custom_nav2_bt_nodes) StdoutLine: {'line': b'-- Configuring incomplete, errors occurred!\n'}
[0.519165] (custom_nav2_bt_nodes) StdoutLine: {'line': b'See also "/root/irslab_ws/build/custom_nav2_bt_nodes/CMakeFiles/CMakeOutput.log".\n'}
[0.519199] (custom_nav2_bt_nodes) StderrLine: {'line': b'\x1b[31mCMake Error at /opt/ros/humble/share/ament_cmake_core/cmake/core/assert_file_exists.cmake:20 (message):\n'}
[0.519241] (custom_nav2_bt_nodes) StderrLine: {'line': b"  ament_package() called with extra file 'install/local_setup.bash' which\n"}
[0.519281] (custom_nav2_bt_nodes) StderrLine: {'line': b'  does not exist\n'}
[0.519316] (custom_nav2_bt_nodes) StderrLine: {'line': b'Call Stack (most recent call first):\n'}
[0.519350] (custom_nav2_bt_nodes) StderrLine: {'line': b'  /opt/ros/humble/share/ament_cmake_core/cmake/core/ament_package.cmake:98 (assert_file_exists)\n'}
[0.519384] (custom_nav2_bt_nodes) StderrLine: {'line': b'  /opt/ros/humble/share/ament_cmake_core/cmake/core/ament_package.cmake:68 (_ament_package)\n'}
[0.519417] (custom_nav2_bt_nodes) StderrLine: {'line': b'  CMakeLists.txt:62 (ament_package)\n'}
[0.519450] (custom_nav2_bt_nodes) StderrLine: {'line': b'\n'}
[0.519481] (custom_nav2_bt_nodes) StderrLine: {'line': b'\x1b[0m\n'}
[0.519512] (custom_nav2_bt_nodes) StderrLine: {'line': b'gmake: *** [Makefile:267: cmake_check_build_system] Error 1\n'}
[0.601508] (-) TimerEvent: {}
[0.626458] (custom_nav2_bt_nodes) CommandEnded: {'returncode': 2}
[0.632548] (custom_nav2_bt_nodes) JobEnded: {'identifier': 'custom_nav2_bt_nodes', 'rc': 2}
[0.632977] (tm_description) CommandEnded: {'returncode': 0}
[0.633445] (tm_description) JobProgress: {'identifier': 'tm_description', 'progress': 'install'}
[0.641495] (tm_description) Command: {'cmd': ['/usr/bin/cmake', '--install', '/root/irslab_ws/build/tm_description'], 'cwd': '/root/irslab_ws/build/tm_description', 'env': OrderedDict([('HOSTNAME', 'hugh-Zenbook-UX3404VC'), ('SHLVL', '1'), ('LD_LIBRARY_PATH', '/opt/ros/humble/opt/rviz_ogre_vendor/lib:/opt/ros/humble/lib/x86_64-linux-gnu:/opt/ros/humble/lib'), ('HOME', '/root'), ('OLDPWD', '/'), ('PYTHONUNBUFFERED', '1'), ('ROS_PYTHON_VERSION', '3'), ('ROS_DISTRO', 'humble'), ('_', '/usr/bin/colcon'), ('ROS_VERSION', '2'), ('NVIDIA_DRIVER_CAPABILITIES', 'all'), ('TERM', 'xterm'), ('ROS_LOCALHOST_ONLY', '0'), ('QT_X11_NO_MITSHM', '1'), ('PATH', '/opt/ros/humble/bin:/usr/local/sbin:/usr/local/bin:/usr/sbin:/usr/bin:/sbin:/bin'), ('DISPLAY', ':1'), ('LANG', 'C.UTF-8'), ('RMW_IMPLEMENTATION', 'rmw_cyclonedds_cpp'), ('ROS_DOMAIN_ID', '0'), ('AMENT_PREFIX_PATH', '/opt/ros/humble'), ('DEBIAN_FRONTEND', 'noninteractive'), ('PWD', '/root/irslab_ws/build/tm_description'), ('LC_ALL', 'C.UTF-8'), ('PYTHONPATH', '/opt/ros/humble/lib/python3.10/site-packages:/opt/ros/humble/local/lib/python3.10/dist-packages'), ('NVIDIA_VISIBLE_DEVICES', 'all'), ('COLCON', '1'), ('CMAKE_PREFIX_PATH', '/opt/ros/humble')]), 'shell': False}
[0.642639] (tm_msgs) CommandEnded: {'returncode': 0}
[0.643074] (tm_msgs) JobProgress: {'identifier': 'tm_msgs', 'progress': 'install'}
[0.643243] (tm_msgs) Command: {'cmd': ['/usr/bin/cmake', '--install', '/root/irslab_ws/build/tm_msgs'], 'cwd': '/root/irslab_ws/build/tm_msgs', 'env': OrderedDict([('HOSTNAME', 'hugh-Zenbook-UX3404VC'), ('SHLVL', '1'), ('LD_LIBRARY_PATH', '/opt/ros/humble/opt/rviz_ogre_vendor/lib:/opt/ros/humble/lib/x86_64-linux-gnu:/opt/ros/humble/lib'), ('HOME', '/root'), ('OLDPWD', '/'), ('PYTHONUNBUFFERED', '1'), ('ROS_PYTHON_VERSION', '3'), ('ROS_DISTRO', 'humble'), ('_', '/usr/bin/colcon'), ('ROS_VERSION', '2'), ('NVIDIA_DRIVER_CAPABILITIES', 'all'), ('TERM', 'xterm'), ('ROS_LOCALHOST_ONLY', '0'), ('QT_X11_NO_MITSHM', '1'), ('PATH', '/opt/ros/humble/bin:/usr/local/sbin:/usr/local/bin:/usr/sbin:/usr/bin:/sbin:/bin'), ('DISPLAY', ':1'), ('LANG', 'C.UTF-8'), ('RMW_IMPLEMENTATION', 'rmw_cyclonedds_cpp'), ('ROS_DOMAIN_ID', '0'), ('AMENT_PREFIX_PATH', '/opt/ros/humble'), ('DEBIAN_FRONTEND', 'noninteractive'), ('PWD', '/root/irslab_ws/build/tm_msgs'), ('LC_ALL', 'C.UTF-8'), ('PYTHONPATH', '/opt/ros/humble/lib/python3.10/site-packages:/opt/ros/humble/local/lib/python3.10/dist-packages'), ('NVIDIA_VISIBLE_DEVICES', 'all'), ('COLCON', '1'), ('CMAKE_PREFIX_PATH', '/opt/ros/humble')]), 'shell': False}
[0.644498] (tm_mod_urdf) JobEnded: {'identifier': 'tm_mod_urdf', 'rc': 'SIGINT'}
[0.645326] (hand_solo_arm) JobEnded: {'identifier': 'hand_solo_arm', 'rc': 'SIGINT'}
[0.645642] (hand_solo_virtual_nav) JobEnded: {'identifier': 'hand_solo_virtual_nav', 'rc': 'SIGINT'}
[0.645900] (pa_warehouse_status) JobEnded: {'identifier': 'pa_warehouse_status', 'rc': 'SIGINT'}
[0.646134] (pick_nav_place) JobEnded: {'identifier': 'pick_nav_place', 'rc': 'SIGINT'}
[0.646379] (tm_msgs) JobEnded: {'identifier': 'tm_msgs', 'rc': 'SIGINT'}
[0.646641] (tm_description) JobEnded: {'identifier': 'tm_description', 'rc': 'SIGINT'}
[0.655908] (tm12_moveit_config) JobSkipped: {'identifier': 'tm12_moveit_config'}
[0.656015] (tm12x_moveit_config) JobSkipped: {'identifier': 'tm12x_moveit_config'}
[0.656071] (tm14_moveit_config) JobSkipped: {'identifier': 'tm14_moveit_config'}
[0.656119] (tm14x_moveit_config) JobSkipped: {'identifier': 'tm14x_moveit_config'}
[0.656144] (tm16_moveit_config) JobSkipped: {'identifier': 'tm16_moveit_config'}
[0.656166] (tm20_moveit_config) JobSkipped: {'identifier': 'tm20_moveit_config'}
[0.656188] (tm5-700_moveit_config) JobSkipped: {'identifier': 'tm5-700_moveit_config'}
[0.656210] (tm5-900_moveit_config) JobSkipped: {'identifier': 'tm5-900_moveit_config'}
[0.656232] (tm5x-700_moveit_config) JobSkipped: {'identifier': 'tm5x-700_moveit_config'}
[0.656253] (tm5x-900_moveit_config) JobSkipped: {'identifier': 'tm5x-900_moveit_config'}
[0.656282] (tm_driver) JobSkipped: {'identifier': 'tm_driver'}
[0.656304] (tm_inspect) JobSkipped: {'identifier': 'tm_inspect'}
[0.656324] (tm_test) JobSkipped: {'identifier': 'tm_test'}
[0.656345] (-) EventReactorShutdown: {}
