[ 14%] [34m[1mAutomatic MOC and UIC for target robot_ui[0m
[ 14%] Built target robot_ui_autogen
[35m[1mConsolidate compiler generated dependencies of target robot_ui[0m
[100%] Built target robot_ui
-- Install configuration: ""
-- Up-to-date: /root/irslab_ws/install/tm_inspect/lib/tm_inspect/robot_ui
-- Up-to-date: /root/irslab_ws/install/tm_inspect/share/tm_inspect/launch
-- Up-to-date: /root/irslab_ws/install/tm_inspect/share/tm_inspect/launch/tm_gui.launch.py
-- Up-to-date: /root/irslab_ws/install/tm_inspect/share/ament_index/resource_index/package_run_dependencies/tm_inspect
-- Up-to-date: /root/irslab_ws/install/tm_inspect/share/ament_index/resource_index/parent_prefix_path/tm_inspect
-- Up-to-date: /root/irslab_ws/install/tm_inspect/share/tm_inspect/environment/ament_prefix_path.sh
-- Up-to-date: /root/irslab_ws/install/tm_inspect/share/tm_inspect/environment/ament_prefix_path.dsv
-- Up-to-date: /root/irslab_ws/install/tm_inspect/share/tm_inspect/environment/path.sh
-- Up-to-date: /root/irslab_ws/install/tm_inspect/share/tm_inspect/environment/path.dsv
-- Up-to-date: /root/irslab_ws/install/tm_inspect/share/tm_inspect/local_setup.bash
-- Up-to-date: /root/irslab_ws/install/tm_inspect/share/tm_inspect/local_setup.sh
-- Up-to-date: /root/irslab_ws/install/tm_inspect/share/tm_inspect/local_setup.zsh
-- Up-to-date: /root/irslab_ws/install/tm_inspect/share/tm_inspect/local_setup.dsv
-- Installing: /root/irslab_ws/install/tm_inspect/share/tm_inspect/package.dsv
-- Up-to-date: /root/irslab_ws/install/tm_inspect/share/ament_index/resource_index/packages/tm_inspect
-- Up-to-date: /root/irslab_ws/install/tm_inspect/share/tm_inspect/cmake/tm_inspectConfig.cmake
-- Up-to-date: /root/irslab_ws/install/tm_inspect/share/tm_inspect/cmake/tm_inspectConfig-version.cmake
-- Up-to-date: /root/irslab_ws/install/tm_inspect/share/tm_inspect/package.xml
