[1.529s] Invoking command in '/root/irslab_ws/src/pick_nav_place': PYTHONPATH=/root/irslab_ws/build/pick_nav_place/prefix_override:/usr/lib/python3/dist-packages/colcon_core/task/python/colcon_distutils_commands:/root/irslab_ws/install/pick_nav_place/lib/python3.10/site-packages:${PYTHONPATH} /usr/bin/python3 -W ignore:setup.py install is deprecated -W ignore:easy_install command is deprecated setup.py egg_info --egg-base ../../build/pick_nav_place build --build-base /root/irslab_ws/build/pick_nav_place/build install --record /root/irslab_ws/build/pick_nav_place/install.log --single-version-externally-managed install_data
[1.751s] running egg_info
[1.752s] writing ../../build/pick_nav_place/pick_nav_place.egg-info/PKG-INFO
[1.752s] writing dependency_links to ../../build/pick_nav_place/pick_nav_place.egg-info/dependency_links.txt
[1.753s] writing entry points to ../../build/pick_nav_place/pick_nav_place.egg-info/entry_points.txt
[1.753s] writing requirements to ../../build/pick_nav_place/pick_nav_place.egg-info/requires.txt
[1.753s] writing top-level names to ../../build/pick_nav_place/pick_nav_place.egg-info/top_level.txt
[1.755s] reading manifest file '../../build/pick_nav_place/pick_nav_place.egg-info/SOURCES.txt'
[1.755s] adding license file 'LICENSE'
[1.757s] writing manifest file '../../build/pick_nav_place/pick_nav_place.egg-info/SOURCES.txt'
[1.757s] running build
[1.757s] running build_py
[1.758s] running install
[1.758s] running install_lib
[1.760s] running install_data
[1.761s] running install_egg_info
[1.764s] removing '/root/irslab_ws/install/pick_nav_place/lib/python3.10/site-packages/pick_nav_place-0.0.0-py3.10.egg-info' (and everything under it)
[1.764s] Copying ../../build/pick_nav_place/pick_nav_place.egg-info to /root/irslab_ws/install/pick_nav_place/lib/python3.10/site-packages/pick_nav_place-0.0.0-py3.10.egg-info
[1.765s] running install_scripts
[1.788s] Installing plc_hmi_listener script to /root/irslab_ws/install/pick_nav_place/lib/pick_nav_place
[1.789s] Installing robot_arm_controller script to /root/irslab_ws/install/pick_nav_place/lib/pick_nav_place
[1.789s] Installing robot_waypoint_follower script to /root/irslab_ws/install/pick_nav_place/lib/pick_nav_place
[1.789s] Installing warehouse_coordinator script to /root/irslab_ws/install/pick_nav_place/lib/pick_nav_place
[1.790s] writing list of installed files to '/root/irslab_ws/build/pick_nav_place/install.log'
[1.821s] Invoked command in '/root/irslab_ws/src/pick_nav_place' returned '0': PYTHONPATH=/root/irslab_ws/build/pick_nav_place/prefix_override:/usr/lib/python3/dist-packages/colcon_core/task/python/colcon_distutils_commands:/root/irslab_ws/install/pick_nav_place/lib/python3.10/site-packages:${PYTHONPATH} /usr/bin/python3 -W ignore:setup.py install is deprecated -W ignore:easy_install command is deprecated setup.py egg_info --egg-base ../../build/pick_nav_place build --build-base /root/irslab_ws/build/pick_nav_place/build install --record /root/irslab_ws/build/pick_nav_place/install.log --single-version-externally-managed install_data
