[0.042s] Invoking command in '/root/irslab_ws/build/custom_nav2_bt_nodes': CMAKE_PREFIX_PATH=/opt/ros/humble /usr/bin/cmake --build /root/irslab_ws/build/custom_nav2_bt_nodes -- -j20 -l20
[0.826s] [100%] Built target nav2_bt_nodes_check_path_alignment
[1.027s] Invoked command in '/root/irslab_ws/build/custom_nav2_bt_nodes' returned '0': CMAKE_PREFIX_PATH=/opt/ros/humble /usr/bin/cmake --build /root/irslab_ws/build/custom_nav2_bt_nodes -- -j20 -l20
[1.028s] Invoking command in '/root/irslab_ws/build/custom_nav2_bt_nodes': CMAKE_PREFIX_PATH=/opt/ros/humble /usr/bin/cmake --install /root/irslab_ws/build/custom_nav2_bt_nodes
[1.072s] -- Install configuration: "Release"
[1.072s] -- Up-to-date: /root/irslab_ws/install/custom_nav2_bt_nodes/lib/libnav2_bt_nodes_check_path_alignment.so
[1.073s] -- Up-to-date: /root/irslab_ws/install/custom_nav2_bt_nodes/share/custom_nav2_bt_nodes/environment/library_path.sh
[1.074s] -- Up-to-date: /root/irslab_ws/install/custom_nav2_bt_nodes/share/custom_nav2_bt_nodes/environment/library_path.dsv
[1.075s] -- Up-to-date: /root/irslab_ws/install/custom_nav2_bt_nodes/share/custom_nav2_bt_nodes/behavior_tree_plugins.xml
[1.075s] -- Up-to-date: /root/irslab_ws/install/custom_nav2_bt_nodes/share/ament_index/resource_index/package_run_dependencies/custom_nav2_bt_nodes
[1.075s] -- Up-to-date: /root/irslab_ws/install/custom_nav2_bt_nodes/share/ament_index/resource_index/parent_prefix_path/custom_nav2_bt_nodes
[1.075s] -- Up-to-date: /root/irslab_ws/install/custom_nav2_bt_nodes/share/custom_nav2_bt_nodes/environment/ament_prefix_path.sh
[1.076s] -- Up-to-date: /root/irslab_ws/install/custom_nav2_bt_nodes/share/custom_nav2_bt_nodes/environment/ament_prefix_path.dsv
[1.076s] -- Up-to-date: /root/irslab_ws/install/custom_nav2_bt_nodes/share/custom_nav2_bt_nodes/environment/path.sh
[1.076s] -- Up-to-date: /root/irslab_ws/install/custom_nav2_bt_nodes/share/custom_nav2_bt_nodes/environment/path.dsv
[1.077s] -- Up-to-date: /root/irslab_ws/install/custom_nav2_bt_nodes/share/custom_nav2_bt_nodes/local_setup.bash
[1.077s] -- Up-to-date: /root/irslab_ws/install/custom_nav2_bt_nodes/share/custom_nav2_bt_nodes/local_setup.sh
[1.078s] -- Up-to-date: /root/irslab_ws/install/custom_nav2_bt_nodes/share/custom_nav2_bt_nodes/local_setup.zsh
[1.078s] -- Up-to-date: /root/irslab_ws/install/custom_nav2_bt_nodes/share/custom_nav2_bt_nodes/local_setup.dsv
[1.078s] -- Installing: /root/irslab_ws/install/custom_nav2_bt_nodes/share/custom_nav2_bt_nodes/package.dsv
[1.079s] -- Up-to-date: /root/irslab_ws/install/custom_nav2_bt_nodes/share/ament_index/resource_index/packages/custom_nav2_bt_nodes
[1.080s] -- Up-to-date: /root/irslab_ws/install/custom_nav2_bt_nodes/share/custom_nav2_bt_nodes/cmake/export_custom_nav2_bt_nodesExport.cmake
[1.080s] -- Up-to-date: /root/irslab_ws/install/custom_nav2_bt_nodes/share/custom_nav2_bt_nodes/cmake/export_custom_nav2_bt_nodesExport-release.cmake
[1.080s] -- Up-to-date: /root/irslab_ws/install/custom_nav2_bt_nodes/share/custom_nav2_bt_nodes/cmake/ament_cmake_export_targets-extras.cmake
[1.081s] -- Up-to-date: /root/irslab_ws/install/custom_nav2_bt_nodes/share/custom_nav2_bt_nodes/cmake/ament_cmake_export_libraries-extras.cmake
[1.081s] -- Up-to-date: /root/irslab_ws/install/custom_nav2_bt_nodes/share/custom_nav2_bt_nodes/cmake/ament_cmake_export_dependencies-extras.cmake
[1.082s] -- Up-to-date: /root/irslab_ws/install/custom_nav2_bt_nodes/share/custom_nav2_bt_nodes/cmake/custom_nav2_bt_nodesConfig.cmake
[1.082s] -- Up-to-date: /root/irslab_ws/install/custom_nav2_bt_nodes/share/custom_nav2_bt_nodes/cmake/custom_nav2_bt_nodesConfig-version.cmake
[1.083s] -- Up-to-date: /root/irslab_ws/install/custom_nav2_bt_nodes/share/custom_nav2_bt_nodes/package.xml
[1.189s] Invoked command in '/root/irslab_ws/build/custom_nav2_bt_nodes' returned '0': CMAKE_PREFIX_PATH=/opt/ros/humble /usr/bin/cmake --install /root/irslab_ws/build/custom_nav2_bt_nodes
