[0.026s] Invoking command in '/root/irslab_ws/build/tm_msgs': CMAKE_PREFIX_PATH=/opt/ros/humble /usr/bin/cmake --build /root/irslab_ws/build/tm_msgs -- -j20 -l20
[0.560s] [  0%] Built target tm_msgs__cpp
[0.561s] [ 12%] Built target tm_msgs__rosidl_generator_c
[0.562s] [ 12%] Built target ament_cmake_python_copy_tm_msgs
[0.562s] [ 24%] Built target tm_msgs__rosidl_typesupport_introspection_cpp
[0.562s] [ 36%] Built target tm_msgs__rosidl_typesupport_cpp
[0.562s] [ 48%] Built target tm_msgs__rosidl_typesupport_fastrtps_cpp
[0.562s] [ 72%] Built target tm_msgs__rosidl_typesupport_fastrtps_c
[0.562s] [ 71%] Built target tm_msgs__rosidl_typesupport_c
[0.562s] [ 84%] Built target tm_msgs__rosidl_typesupport_introspection_c
[0.563s] [ 84%] Built target tm_msgs
[0.563s] [ 85%] Built target tm_msgs__py
[0.563s] [ 96%] Built target tm_msgs__rosidl_generator_py
[0.563s] [ 98%] Built target tm_msgs__rosidl_typesupport_c__pyext
[0.563s] [ 99%] Built target tm_msgs__rosidl_typesupport_introspection_c__pyext
[0.563s] [100%] Built target tm_msgs__rosidl_typesupport_fastrtps_c__pyext
[0.563s] running egg_info
[0.563s] writing tm_msgs.egg-info/PKG-INFO
[0.563s] writing dependency_links to tm_msgs.egg-info/dependency_links.txt
[0.563s] writing top-level names to tm_msgs.egg-info/top_level.txt
[0.563s] reading manifest file 'tm_msgs.egg-info/SOURCES.txt'
[0.564s] writing manifest file 'tm_msgs.egg-info/SOURCES.txt'
[0.564s] [100%] Built target ament_cmake_python_build_tm_msgs_egg
[0.707s] Invoked command in '/root/irslab_ws/build/tm_msgs' returned '0': CMAKE_PREFIX_PATH=/opt/ros/humble /usr/bin/cmake --build /root/irslab_ws/build/tm_msgs -- -j20 -l20
[0.708s] Invoking command in '/root/irslab_ws/build/tm_msgs': CMAKE_PREFIX_PATH=/opt/ros/humble /usr/bin/cmake --install /root/irslab_ws/build/tm_msgs
