[0.044s] Invoking command in '/root/irslab_ws/build/tm_description': CMAKE_PREFIX_PATH=/opt/ros/humble /usr/bin/cmake --build /root/irslab_ws/build/tm_description -- -j20 -l20
[0.827s] Invoked command in '/root/irslab_ws/build/tm_description' returned '0': CMAKE_PREFIX_PATH=/opt/ros/humble /usr/bin/cmake --build /root/irslab_ws/build/tm_description -- -j20 -l20
[0.835s] Invoking command in '/root/irslab_ws/build/tm_description': CMAKE_PREFIX_PATH=/opt/ros/humble /usr/bin/cmake --install /root/irslab_ws/build/tm_description
[1.033s] -- Install configuration: "Release"
[1.033s] -- Up-to-date: /root/irslab_ws/install/tm_description/share/ament_index/resource_index/package_run_dependencies/tm_description
[1.033s] -- Up-to-date: /root/irslab_ws/install/tm_description/share/ament_index/resource_index/parent_prefix_path/tm_description
[1.034s] -- Up-to-date: /root/irslab_ws/install/tm_description/share/tm_description/environment/ament_prefix_path.sh
[1.035s] -- Up-to-date: /root/irslab_ws/install/tm_description/share/tm_description/environment/ament_prefix_path.dsv
[1.035s] -- Up-to-date: /root/irslab_ws/install/tm_description/share/tm_description/environment/path.sh
[1.036s] -- Up-to-date: /root/irslab_ws/install/tm_description/share/tm_description/environment/path.dsv
[1.036s] -- Up-to-date: /root/irslab_ws/install/tm_description/share/tm_description/local_setup.bash
[1.037s] -- Up-to-date: /root/irslab_ws/install/tm_description/share/tm_description/local_setup.sh
[1.037s] -- Up-to-date: /root/irslab_ws/install/tm_description/share/tm_description/local_setup.zsh
[1.037s] -- Up-to-date: /root/irslab_ws/install/tm_description/share/tm_description/local_setup.dsv
[1.037s] -- Installing: /root/irslab_ws/install/tm_description/share/tm_description/package.dsv
[1.037s] -- Up-to-date: /root/irslab_ws/install/tm_description/share/ament_index/resource_index/packages/tm_description
[1.037s] -- Up-to-date: /root/irslab_ws/install/tm_description/share/tm_description/cmake/tm_descriptionConfig.cmake
[1.037s] -- Up-to-date: /root/irslab_ws/install/tm_description/share/tm_description/cmake/tm_descriptionConfig-version.cmake
[1.037s] -- Up-to-date: /root/irslab_ws/install/tm_description/share/tm_description/package.xml
[1.037s] -- Up-to-date: /root/irslab_ws/install/tm_description/share/tm_description/meshes
[1.037s] -- Up-to-date: /root/irslab_ws/install/tm_description/share/tm_description/meshes/tm5-700
[1.038s] -- Up-to-date: /root/irslab_ws/install/tm_description/share/tm_description/meshes/tm5-700/visual
[1.038s] -- Up-to-date: /root/irslab_ws/install/tm_description/share/tm_description/meshes/tm5-700/visual/tm5-700_arm1.stl
[1.038s] -- Up-to-date: /root/irslab_ws/install/tm_description/share/tm_description/meshes/tm5-700/visual/tm5-700_arm2.obj
[1.038s] -- Up-to-date: /root/irslab_ws/install/tm_description/share/tm_description/meshes/tm5-700/visual/tm5-700_arm2.mtl
[1.038s] -- Up-to-date: /root/irslab_ws/install/tm_description/share/tm_description/meshes/tm5-700/visual/tm5-700_arm2.stl
[1.038s] -- Up-to-date: /root/irslab_ws/install/tm_description/share/tm_description/meshes/tm5-700/visual/tm5-700_arm1.obj
[1.038s] -- Up-to-date: /root/irslab_ws/install/tm_description/share/tm_description/meshes/tm5-700/visual/tm5-700_arm1.mtl
[1.039s] -- Up-to-date: /root/irslab_ws/install/tm_description/share/tm_description/meshes/tm5-700/collision
[1.041s] -- Up-to-date: /root/irslab_ws/install/tm_description/share/tm_description/meshes/tm5-700/collision/tm5-700_arm1_c.stl
[1.041s] -- Up-to-date: /root/irslab_ws/install/tm_description/share/tm_description/meshes/tm5-700/collision/tm5-700_arm2_c.stl
[1.041s] -- Up-to-date: /root/irslab_ws/install/tm_description/share/tm_description/meshes/tm5-900
[1.043s] -- Up-to-date: /root/irslab_ws/install/tm_description/share/tm_description/meshes/tm5-900/visual
[1.044s] -- Up-to-date: /root/irslab_ws/install/tm_description/share/tm_description/meshes/tm5-900/visual/tmr_100w_01.mtl
[1.045s] -- Up-to-date: /root/irslab_ws/install/tm_description/share/tm_description/meshes/tm5-900/visual/tm5-base.obj
[1.046s] -- Up-to-date: /root/irslab_ws/install/tm_description/share/tm_description/meshes/tm5-900/visual/tm5-base.mtl
[1.047s] -- Up-to-date: /root/irslab_ws/install/tm_description/share/tm_description/meshes/tm5-900/visual/tmr_400w_01.obj
[1.048s] -- Up-to-date: /root/irslab_ws/install/tm_description/share/tm_description/meshes/tm5-900/visual/tmr_ee.obj
[1.048s] -- Up-to-date: /root/irslab_ws/install/tm_description/share/tm_description/meshes/tm5-900/visual/tmr_400w_01.stl
[1.048s] -- Up-to-date: /root/irslab_ws/install/tm_description/share/tm_description/meshes/tm5-900/visual/tmr_100w_02.mtl
[1.048s] -- Up-to-date: /root/irslab_ws/install/tm_description/share/tm_description/meshes/tm5-900/visual/tmr_ee.mtl
[1.049s] -- Up-to-date: /root/irslab_ws/install/tm_description/share/tm_description/meshes/tm5-900/visual/tmr_100w_02.stl
[1.050s] -- Up-to-date: /root/irslab_ws/install/tm_description/share/tm_description/meshes/tm5-900/visual/tm5-900_arm1.obj
[1.050s] -- Up-to-date: /root/irslab_ws/install/tm_description/share/tm_description/meshes/tm5-900/visual/tmr_100w_01.stl
[1.050s] -- Up-to-date: /root/irslab_ws/install/tm_description/share/tm_description/meshes/tm5-900/visual/tmr_iox.obj
[1.050s] -- Up-to-date: /root/irslab_ws/install/tm_description/share/tm_description/meshes/tm5-900/visual/tm5_base_moma.stl
[1.050s] -- Up-to-date: /root/irslab_ws/install/tm_description/share/tm_description/meshes/tm5-900/visual/tmr_100w_02.obj
[1.051s] -- Up-to-date: /root/irslab_ws/install/tm_description/share/tm_description/meshes/tm5-900/visual/tm5-900_arm1.mtl
[1.051s] -- Up-to-date: /root/irslab_ws/install/tm_description/share/tm_description/meshes/tm5-900/visual/tmr_400w_01.mtl
[1.051s] -- Up-to-date: /root/irslab_ws/install/tm_description/share/tm_description/meshes/tm5-900/visual/tm5-900_arm2.stl
[1.051s] -- Up-to-date: /root/irslab_ws/install/tm_description/share/tm_description/meshes/tm5-900/visual/tm5-900_arm2.obj
[1.051s] -- Up-to-date: /root/irslab_ws/install/tm_description/share/tm_description/meshes/tm5-900/visual/tmr_100w_01.obj
[1.051s] -- Up-to-date: /root/irslab_ws/install/tm_description/share/tm_description/meshes/tm5-900/visual/tmr_ee.stl
[1.051s] -- Up-to-date: /root/irslab_ws/install/tm_description/share/tm_description/meshes/tm5-900/visual/tm5-900_arm1.stl
[1.051s] -- Up-to-date: /root/irslab_ws/install/tm_description/share/tm_description/meshes/tm5-900/visual/tm5_base_moma.mtl
[1.051s] -- Up-to-date: /root/irslab_ws/install/tm_description/share/tm_description/meshes/tm5-900/visual/tm5-900_arm2.mtl
[1.051s] -- Up-to-date: /root/irslab_ws/install/tm_description/share/tm_description/meshes/tm5-900/visual/tm5_base_moma.obj
[1.051s] -- Up-to-date: /root/irslab_ws/install/tm_description/share/tm_description/meshes/tm5-900/visual/tmr_iox.mtl
[1.051s] -- Up-to-date: /root/irslab_ws/install/tm_description/share/tm_description/meshes/tm5-900/visual/tmr_iox.stl
[1.051s] -- Up-to-date: /root/irslab_ws/install/tm_description/share/tm_description/meshes/tm5-900/visual/tm5-base.stl
[1.052s] -- Up-to-date: /root/irslab_ws/install/tm_description/share/tm_description/meshes/tm5-900/collision
[1.052s] -- Up-to-date: /root/irslab_ws/install/tm_description/share/tm_description/meshes/tm5-900/collision/tmr_ee_c.stl
[1.052s] -- Up-to-date: /root/irslab_ws/install/tm_description/share/tm_description/meshes/tm5-900/collision/tm5_base_c.stl
[1.052s] -- Up-to-date: /root/irslab_ws/install/tm_description/share/tm_description/meshes/tm5-900/collision/tmr_iox_c.stl
[1.052s] -- Up-to-date: /root/irslab_ws/install/tm_description/share/tm_description/meshes/tm5-900/collision/tmr_400w_01_c.stl
[1.052s] -- Up-to-date: /root/irslab_ws/install/tm_description/share/tm_description/meshes/tm5-900/collision/tm5-900_arm1_c.stl
[1.053s] -- Up-to-date: /root/irslab_ws/install/tm_description/share/tm_description/meshes/tm5-900/collision/tmr_100w_01_c.stl
[1.053s] -- Up-to-date: /root/irslab_ws/install/tm_description/share/tm_description/meshes/tm5-900/collision/tmr_100w_02_c.stl
[1.053s] -- Up-to-date: /root/irslab_ws/install/tm_description/share/tm_description/meshes/tm5-900/collision/tm5-base_c.stl
[1.053s] -- Up-to-date: /root/irslab_ws/install/tm_description/share/tm_description/meshes/tm5-900/collision/tm5-900_arm2_c.stl
[1.053s] -- Up-to-date: /root/irslab_ws/install/tm_description/share/tm_description/meshes/tm20
[1.053s] -- Up-to-date: /root/irslab_ws/install/tm_description/share/tm_description/meshes/tm20/visual
[1.053s] -- Up-to-date: /root/irslab_ws/install/tm_description/share/tm_description/meshes/tm20/visual/tm20-j6.obj
[1.053s] -- Up-to-date: /root/irslab_ws/install/tm_description/share/tm_description/meshes/tm20/visual/tm20-j1.mtl
[1.053s] -- Up-to-date: /root/irslab_ws/install/tm_description/share/tm_description/meshes/tm20/visual/tm20-j5.obj
[1.053s] -- Up-to-date: /root/irslab_ws/install/tm_description/share/tm_description/meshes/tm20/visual/tm20-j1.stl
[1.054s] -- Up-to-date: /root/irslab_ws/install/tm_description/share/tm_description/meshes/tm20/visual/tm20-arm2.stl
[1.054s] -- Up-to-date: /root/irslab_ws/install/tm_description/share/tm_description/meshes/tm20/visual/tm20-arm1.obj
[1.054s] -- Up-to-date: /root/irslab_ws/install/tm_description/share/tm_description/meshes/tm20/visual/tm20-j1.obj
[1.054s] -- Up-to-date: /root/irslab_ws/install/tm_description/share/tm_description/meshes/tm20/visual/tm20-j5.mtl
[1.054s] -- Up-to-date: /root/irslab_ws/install/tm_description/share/tm_description/meshes/tm20/visual/tm20-arm1.stl
[1.054s] -- Up-to-date: /root/irslab_ws/install/tm_description/share/tm_description/meshes/tm20/visual/tm20-j5.stl
[1.054s] -- Up-to-date: /root/irslab_ws/install/tm_description/share/tm_description/meshes/tm20/visual/tm20-arm2.obj
[1.054s] -- Up-to-date: /root/irslab_ws/install/tm_description/share/tm_description/meshes/tm20/visual/tm20-j6.mtl
[1.055s] -- Up-to-date: /root/irslab_ws/install/tm_description/share/tm_description/meshes/tm20/visual/tm20-arm1.mtl
[1.055s] -- Up-to-date: /root/irslab_ws/install/tm_description/share/tm_description/meshes/tm20/visual/tm20-j6.stl
[1.055s] -- Up-to-date: /root/irslab_ws/install/tm_description/share/tm_description/meshes/tm20/visual/tm20-arm2.mtl
[1.055s] -- Up-to-date: /root/irslab_ws/install/tm_description/share/tm_description/meshes/tm20/collision
[1.055s] -- Up-to-date: /root/irslab_ws/install/tm_description/share/tm_description/meshes/tm20/collision/tm20-arm2_c.stl
[1.055s] -- Up-to-date: /root/irslab_ws/install/tm_description/share/tm_description/meshes/tm20/collision/tm20-j1_c.stl
[1.055s] -- Up-to-date: /root/irslab_ws/install/tm_description/share/tm_description/meshes/tm20/collision/tm20-j5_c.stl
[1.055s] -- Up-to-date: /root/irslab_ws/install/tm_description/share/tm_description/meshes/tm20/collision/tm20-j6_c.stl
[1.055s] -- Up-to-date: /root/irslab_ws/install/tm_description/share/tm_description/meshes/tm20/collision/tm20-arm1_c.stl
[1.055s] -- Up-to-date: /root/irslab_ws/install/tm_description/share/tm_description/meshes/tm12
[1.056s] -- Up-to-date: /root/irslab_ws/install/tm_description/share/tm_description/meshes/tm12/visual
[1.056s] -- Up-to-date: /root/irslab_ws/install/tm_description/share/tm_description/meshes/tm12/visual/tm12-base.stl
[1.056s] -- Up-to-date: /root/irslab_ws/install/tm_description/share/tm_description/meshes/tm12/visual/tmr_750w_01.obj
[1.056s] -- Up-to-date: /root/irslab_ws/install/tm_description/share/tm_description/meshes/tm12/visual/tm12-base.mtl
[1.056s] -- Up-to-date: /root/irslab_ws/install/tm_description/share/tm_description/meshes/tm12/visual/tm12-base.obj
[1.056s] -- Up-to-date: /root/irslab_ws/install/tm_description/share/tm_description/meshes/tm12/visual/tm12-arm2.obj
[1.056s] -- Up-to-date: /root/irslab_ws/install/tm_description/share/tm_description/meshes/tm12/visual/tm12-arm2.mtl
[1.056s] -- Up-to-date: /root/irslab_ws/install/tm_description/share/tm_description/meshes/tm12/visual/tm12-arm1.mtl
[1.056s] -- Up-to-date: /root/irslab_ws/install/tm_description/share/tm_description/meshes/tm12/visual/tmr_750w_01.mtl
[1.056s] -- Up-to-date: /root/irslab_ws/install/tm_description/share/tm_description/meshes/tm12/visual/tm12-arm2.stl
[1.056s] -- Up-to-date: /root/irslab_ws/install/tm_description/share/tm_description/meshes/tm12/visual/tm12-arm1.stl
[1.056s] -- Up-to-date: /root/irslab_ws/install/tm_description/share/tm_description/meshes/tm12/visual/tmr_750w_01.stl
[1.057s] -- Up-to-date: /root/irslab_ws/install/tm_description/share/tm_description/meshes/tm12/visual/tm12-arm1.obj
[1.057s] -- Up-to-date: /root/irslab_ws/install/tm_description/share/tm_description/meshes/tm12/collision
[1.057s] -- Up-to-date: /root/irslab_ws/install/tm_description/share/tm_description/meshes/tm12/collision/tmr_750w_01_c.stl
[1.057s] -- Up-to-date: /root/irslab_ws/install/tm_description/share/tm_description/meshes/tm12/collision/tm12-arm2_c.stl
[1.057s] -- Up-to-date: /root/irslab_ws/install/tm_description/share/tm_description/meshes/tm12/collision/tm12-arm1_c.stl
[1.057s] -- Up-to-date: /root/irslab_ws/install/tm_description/share/tm_description/meshes/tm12/collision/tm12-base_c.stl
[1.057s] -- Up-to-date: /root/irslab_ws/install/tm_description/share/tm_description/meshes/tm14
[1.057s] -- Up-to-date: /root/irslab_ws/install/tm_description/share/tm_description/meshes/tm14/visual
[1.058s] -- Up-to-date: /root/irslab_ws/install/tm_description/share/tm_description/meshes/tm14/visual/tm14_arm2.mtl
[1.058s] -- Up-to-date: /root/irslab_ws/install/tm_description/share/tm_description/meshes/tm14/visual/tm14_arm2.obj
[1.062s] -- Up-to-date: /root/irslab_ws/install/tm_description/share/tm_description/meshes/tm14/visual/tm14_arm1.stl
[1.062s] -- Up-to-date: /root/irslab_ws/install/tm_description/share/tm_description/meshes/tm14/visual/tm14_arm1.obj
[1.062s] -- Up-to-date: /root/irslab_ws/install/tm_description/share/tm_description/meshes/tm14/visual/tm14_arm2.stl
[1.062s] -- Up-to-date: /root/irslab_ws/install/tm_description/share/tm_description/meshes/tm14/visual/tm14_arm1.mtl
[1.062s] -- Up-to-date: /root/irslab_ws/install/tm_description/share/tm_description/meshes/tm14/collision
[1.063s] -- Up-to-date: /root/irslab_ws/install/tm_description/share/tm_description/meshes/tm14/collision/tm14_arm1_c.stl
[1.063s] -- Up-to-date: /root/irslab_ws/install/tm_description/share/tm_description/meshes/tm14/collision/tm14_arm2_c.stl
[1.063s] -- Up-to-date: /root/irslab_ws/install/tm_description/share/tm_description/meshes/tm16
[1.063s] -- Up-to-date: /root/irslab_ws/install/tm_description/share/tm_description/meshes/tm16/visual
[1.063s] -- Up-to-date: /root/irslab_ws/install/tm_description/share/tm_description/meshes/tm16/visual/tm16-arm1.mtl
[1.063s] -- Up-to-date: /root/irslab_ws/install/tm_description/share/tm_description/meshes/tm16/visual/tm16-arm1.obj
[1.063s] -- Up-to-date: /root/irslab_ws/install/tm_description/share/tm_description/meshes/tm16/visual/tm16-arm2.obj
[1.063s] -- Up-to-date: /root/irslab_ws/install/tm_description/share/tm_description/meshes/tm16/visual/tm16-arm2.mtl
[1.064s] -- Up-to-date: /root/irslab_ws/install/tm_description/share/tm_description/meshes/tm16/visual/tm16-arm1.stl
[1.064s] -- Up-to-date: /root/irslab_ws/install/tm_description/share/tm_description/meshes/tm16/visual/tm16-arm2.stl
[1.064s] -- Up-to-date: /root/irslab_ws/install/tm_description/share/tm_description/meshes/tm16/collision
[1.064s] -- Up-to-date: /root/irslab_ws/install/tm_description/share/tm_description/meshes/tm16/collision/tm16-arm2_c.stl
[1.064s] -- Up-to-date: /root/irslab_ws/install/tm_description/share/tm_description/meshes/tm16/collision/tm16-arm1_c.stl
[1.065s] -- Up-to-date: /root/irslab_ws/install/tm_description/share/tm_description/urdf
[1.065s] -- Up-to-date: /root/irslab_ws/install/tm_description/share/tm_description/urdf/tm16-nominal.urdf
[1.065s] -- Up-to-date: /root/irslab_ws/install/tm_description/share/tm_description/urdf/tm5x-700-nominal.urdf
[1.065s] -- Up-to-date: /root/irslab_ws/install/tm_description/share/tm_description/urdf/tm20-nominal.urdf
[1.065s] -- Up-to-date: /root/irslab_ws/install/tm_description/share/tm_description/urdf/tm14x-nominal.urdf
[1.066s] -- Up-to-date: /root/irslab_ws/install/tm_description/share/tm_description/urdf/tm5-900-nominal.urdf
[1.066s] -- Up-to-date: /root/irslab_ws/install/tm_description/share/tm_description/urdf/tm5x-900-nominal.urdf
[1.066s] -- Up-to-date: /root/irslab_ws/install/tm_description/share/tm_description/urdf/tm12-nominal.urdf
[1.066s] -- Up-to-date: /root/irslab_ws/install/tm_description/share/tm_description/urdf/tm5-700-nominal.urdf
[1.066s] -- Up-to-date: /root/irslab_ws/install/tm_description/share/tm_description/urdf/tm5-900.urdf
[1.067s] -- Up-to-date: /root/irslab_ws/install/tm_description/share/tm_description/urdf/tm12x-nominal.urdf
[1.067s] -- Up-to-date: /root/irslab_ws/install/tm_description/share/tm_description/urdf/tm14-nominal.urdf
[1.067s] -- Up-to-date: /root/irslab_ws/install/tm_description/share/tm_description/xacro
[1.067s] -- Up-to-date: /root/irslab_ws/install/tm_description/share/tm_description/xacro/macro.materials.xacro
[1.067s] -- Up-to-date: /root/irslab_ws/install/tm_description/share/tm_description/xacro/tm20.urdf.xacro
[1.067s] -- Up-to-date: /root/irslab_ws/install/tm_description/share/tm_description/xacro/macro.gazebo.xacro
[1.068s] -- Up-to-date: /root/irslab_ws/install/tm_description/share/tm_description/xacro/macro.handsolo.urdf.xacro
[1.068s] -- Up-to-date: /root/irslab_ws/install/tm_description/share/tm_description/xacro/tm5x-900.urdf.xacro
[1.068s] -- Up-to-date: /root/irslab_ws/install/tm_description/share/tm_description/xacro/macro.tm12-nominal.urdf.xacro
[1.068s] -- Up-to-date: /root/irslab_ws/install/tm_description/share/tm_description/xacro/macro.inertial.xacro
[1.068s] -- Up-to-date: /root/irslab_ws/install/tm_description/share/tm_description/xacro/tm16.urdf.xacro
[1.068s] -- Up-to-date: /root/irslab_ws/install/tm_description/share/tm_description/xacro/tm5x-700.urdf.xacro
[1.068s] -- Up-to-date: /root/irslab_ws/install/tm_description/share/tm_description/xacro/macro.tm5x-900-nominal.urdf.xacro
[1.068s] -- Up-to-date: /root/irslab_ws/install/tm_description/share/tm_description/xacro/tm5-700.urdf.xacro
[1.068s] -- Up-to-date: /root/irslab_ws/install/tm_description/share/tm_description/xacro/tm5-900.urdf.xacro
[1.068s] -- Up-to-date: /root/irslab_ws/install/tm_description/share/tm_description/xacro/macro.tm14x-nominal.urdf.xacro
[1.068s] -- Up-to-date: /root/irslab_ws/install/tm_description/share/tm_description/xacro/tm12x.urdf.xacro
[1.068s] -- Up-to-date: /root/irslab_ws/install/tm_description/share/tm_description/xacro/handsolo.urdf.xacro
[1.068s] -- Up-to-date: /root/irslab_ws/install/tm_description/share/tm_description/xacro/macro.tm5-700-nominal.urdf.xacro
[1.068s] -- Up-to-date: /root/irslab_ws/install/tm_description/share/tm_description/xacro/tm12.urdf.xacro
[1.069s] -- Up-to-date: /root/irslab_ws/install/tm_description/share/tm_description/xacro/tm14x.urdf.xacro
[1.069s] -- Up-to-date: /root/irslab_ws/install/tm_description/share/tm_description/xacro/tm14.urdf.xacro
[1.069s] -- Up-to-date: /root/irslab_ws/install/tm_description/share/tm_description/xacro/macro.tm14-nominal.urdf.xacro
[1.069s] -- Up-to-date: /root/irslab_ws/install/tm_description/share/tm_description/xacro/macro.transmission.xacro
[1.070s] -- Up-to-date: /root/irslab_ws/install/tm_description/share/tm_description/xacro/macro.tm20-nominal.urdf.xacro
[1.070s] -- Up-to-date: /root/irslab_ws/install/tm_description/share/tm_description/xacro/macro.tm12x-nominal.urdf.xacro
[1.070s] -- Up-to-date: /root/irslab_ws/install/tm_description/share/tm_description/xacro/macro.tm5x-700-nominal.urdf.xacro
[1.070s] -- Up-to-date: /root/irslab_ws/install/tm_description/share/tm_description/xacro/macro.tm16-nominal.urdf.xacro
[1.070s] -- Up-to-date: /root/irslab_ws/install/tm_description/share/tm_description/xacro/macro.tm5-900-nominal.urdf.xacro
[1.130s] Invoked command in '/root/irslab_ws/build/tm_description' returned '0': CMAKE_PREFIX_PATH=/opt/ros/humble /usr/bin/cmake --install /root/irslab_ws/build/tm_description
