running egg_info
writing ../../build/pick_nav_place/pick_nav_place.egg-info/PKG-INFO
writing dependency_links to ../../build/pick_nav_place/pick_nav_place.egg-info/dependency_links.txt
writing entry points to ../../build/pick_nav_place/pick_nav_place.egg-info/entry_points.txt
writing requirements to ../../build/pick_nav_place/pick_nav_place.egg-info/requires.txt
writing top-level names to ../../build/pick_nav_place/pick_nav_place.egg-info/top_level.txt
reading manifest file '../../build/pick_nav_place/pick_nav_place.egg-info/SOURCES.txt'
adding license file 'LICENSE'
writing manifest file '../../build/pick_nav_place/pick_nav_place.egg-info/SOURCES.txt'
running build
running build_py
copying pick_nav_place/hs_waypoint_follower.py -> /root/irslab_ws/build/pick_nav_place/build/lib/pick_nav_place
copying pick_nav_place/hs_pick_place.py -> /root/irslab_ws/build/pick_nav_place/build/lib/pick_nav_place
running install
running install_lib
copying /root/irslab_ws/build/pick_nav_place/build/lib/pick_nav_place/hs_waypoint_follower.py -> /root/irslab_ws/install/pick_nav_place/lib/python3.10/site-packages/pick_nav_place
copying /root/irslab_ws/build/pick_nav_place/build/lib/pick_nav_place/hs_pick_place.py -> /root/irslab_ws/install/pick_nav_place/lib/python3.10/site-packages/pick_nav_place
byte-compiling /root/irslab_ws/install/pick_nav_place/lib/python3.10/site-packages/pick_nav_place/hs_waypoint_follower.py to hs_waypoint_follower.cpython-310.pyc
byte-compiling /root/irslab_ws/install/pick_nav_place/lib/python3.10/site-packages/pick_nav_place/hs_pick_place.py to hs_pick_place.cpython-310.pyc
running install_data
copying config/pa_nav2_params.yaml -> /root/irslab_ws/install/pick_nav_place/share/pick_nav_place/config
running install_egg_info
removing '/root/irslab_ws/install/pick_nav_place/lib/python3.10/site-packages/pick_nav_place-0.0.0-py3.10.egg-info' (and everything under it)
Copying ../../build/pick_nav_place/pick_nav_place.egg-info to /root/irslab_ws/install/pick_nav_place/lib/python3.10/site-packages/pick_nav_place-0.0.0-py3.10.egg-info
running install_scripts
Installing hs_pick_place script to /root/irslab_ws/install/pick_nav_place/lib/pick_nav_place
Installing hs_waypoint_follower script to /root/irslab_ws/install/pick_nav_place/lib/pick_nav_place
Installing plc_hmi_listener script to /root/irslab_ws/install/pick_nav_place/lib/pick_nav_place
Installing warehouse_coordinator script to /root/irslab_ws/install/pick_nav_place/lib/pick_nav_place
writing list of installed files to '/root/irslab_ws/build/pick_nav_place/install.log'
