[0.028s] Invoking command in '/root/irslab_ws/build/tm16_moveit_config': AMENT_PREFIX_PATH=/root/irslab_ws/install/tm_description:${AMENT_PREFIX_PATH} CMAKE_PREFIX_PATH=/root/irslab_ws/install/tm_description:/opt/ros/humble /usr/bin/cmake /root/irslab_ws/src/tmr_ros2/tm_moveit/tm16_moveit_config -DCMAKE_BUILD_TYPE=Release -DCMAKE_INSTALL_PREFIX=/root/irslab_ws/install/tm16_moveit_config
[0.060s] -- Found ament_cmake: 1.3.12 (/opt/ros/humble/share/ament_cmake/cmake)
[0.289s] -- Configuring done
[0.289s] -- Generating done
[0.291s] -- Build files have been written to: /root/irslab_ws/build/tm16_moveit_config
[0.295s] Invoked command in '/root/irslab_ws/build/tm16_moveit_config' returned '0': AMENT_PREFIX_PATH=/root/irslab_ws/install/tm_description:${AMENT_PREFIX_PATH} CMAKE_PREFIX_PATH=/root/irslab_ws/install/tm_description:/opt/ros/humble /usr/bin/cmake /root/irslab_ws/src/tmr_ros2/tm_moveit/tm16_moveit_config -DCMAKE_BUILD_TYPE=Release -DCMAKE_INSTALL_PREFIX=/root/irslab_ws/install/tm16_moveit_config
[0.297s] Invoking command in '/root/irslab_ws/build/tm16_moveit_config': AMENT_PREFIX_PATH=/root/irslab_ws/install/tm_description:${AMENT_PREFIX_PATH} CMAKE_PREFIX_PATH=/root/irslab_ws/install/tm_description:/opt/ros/humble /usr/bin/cmake --build /root/irslab_ws/build/tm16_moveit_config -- -j20 -l20
[0.355s] Invoked command in '/root/irslab_ws/build/tm16_moveit_config' returned '0': AMENT_PREFIX_PATH=/root/irslab_ws/install/tm_description:${AMENT_PREFIX_PATH} CMAKE_PREFIX_PATH=/root/irslab_ws/install/tm_description:/opt/ros/humble /usr/bin/cmake --build /root/irslab_ws/build/tm16_moveit_config -- -j20 -l20
[0.357s] Invoking command in '/root/irslab_ws/build/tm16_moveit_config': AMENT_PREFIX_PATH=/root/irslab_ws/install/tm_description:${AMENT_PREFIX_PATH} CMAKE_PREFIX_PATH=/root/irslab_ws/install/tm_description:/opt/ros/humble /usr/bin/cmake --install /root/irslab_ws/build/tm16_moveit_config
[0.366s] -- Install configuration: "Release"
[0.366s] -- Up-to-date: /root/irslab_ws/install/tm16_moveit_config/share/ament_index/resource_index/package_run_dependencies/tm16_moveit_config
[0.367s] -- Installing: /root/irslab_ws/install/tm16_moveit_config/share/ament_index/resource_index/parent_prefix_path/tm16_moveit_config
[0.367s] -- Up-to-date: /root/irslab_ws/install/tm16_moveit_config/share/tm16_moveit_config/environment/ament_prefix_path.sh
[0.367s] -- Installing: /root/irslab_ws/install/tm16_moveit_config/share/tm16_moveit_config/environment/ament_prefix_path.dsv
[0.370s] -- Up-to-date: /root/irslab_ws/install/tm16_moveit_config/share/tm16_moveit_config/environment/path.sh
[0.370s] -- Installing: /root/irslab_ws/install/tm16_moveit_config/share/tm16_moveit_config/environment/path.dsv
[0.372s] -- Up-to-date: /root/irslab_ws/install/tm16_moveit_config/share/tm16_moveit_config/local_setup.bash
[0.372s] -- Up-to-date: /root/irslab_ws/install/tm16_moveit_config/share/tm16_moveit_config/local_setup.sh
[0.373s] -- Up-to-date: /root/irslab_ws/install/tm16_moveit_config/share/tm16_moveit_config/local_setup.zsh
[0.375s] -- Installing: /root/irslab_ws/install/tm16_moveit_config/share/tm16_moveit_config/local_setup.dsv
[0.375s] -- Installing: /root/irslab_ws/install/tm16_moveit_config/share/tm16_moveit_config/package.dsv
[0.376s] -- Up-to-date: /root/irslab_ws/install/tm16_moveit_config/share/ament_index/resource_index/packages/tm16_moveit_config
[0.376s] -- Up-to-date: /root/irslab_ws/install/tm16_moveit_config/share/tm16_moveit_config/cmake/tm16_moveit_configConfig.cmake
[0.376s] -- Up-to-date: /root/irslab_ws/install/tm16_moveit_config/share/tm16_moveit_config/cmake/tm16_moveit_configConfig-version.cmake
[0.376s] -- Up-to-date: /root/irslab_ws/install/tm16_moveit_config/share/tm16_moveit_config/package.xml
[0.376s] -- Up-to-date: /root/irslab_ws/install/tm16_moveit_config/share/tm16_moveit_config/launch
[0.377s] -- Up-to-date: /root/irslab_ws/install/tm16_moveit_config/share/tm16_moveit_config/launch/setup_assistant.launch.py
[0.379s] -- Up-to-date: /root/irslab_ws/install/tm16_moveit_config/share/tm16_moveit_config/launch/warehouse_db.launch.py
[0.380s] -- Up-to-date: /root/irslab_ws/install/tm16_moveit_config/share/tm16_moveit_config/launch/spawn_controllers.launch.py
[0.380s] -- Up-to-date: /root/irslab_ws/install/tm16_moveit_config/share/tm16_moveit_config/launch/rsp.launch.py
[0.382s] -- Up-to-date: /root/irslab_ws/install/tm16_moveit_config/share/tm16_moveit_config/launch/move_group.launch.py
[0.382s] -- Up-to-date: /root/irslab_ws/install/tm16_moveit_config/share/tm16_moveit_config/launch/demo.launch.py
[0.382s] -- Up-to-date: /root/irslab_ws/install/tm16_moveit_config/share/tm16_moveit_config/launch/tm16_run_move_group.launch.py
[0.383s] -- Up-to-date: /root/irslab_ws/install/tm16_moveit_config/share/tm16_moveit_config/launch/moveit_rviz.launch.py
[0.383s] -- Up-to-date: /root/irslab_ws/install/tm16_moveit_config/share/tm16_moveit_config/launch/static_virtual_joint_tfs.launch.py
[0.383s] -- Up-to-date: /root/irslab_ws/install/tm16_moveit_config/share/tm16_moveit_config/launch/run_move_group.rviz
[0.383s] -- Up-to-date: /root/irslab_ws/install/tm16_moveit_config/share/tm16_moveit_config/launch/tm16_moveit.launch.py
[0.383s] -- Up-to-date: /root/irslab_ws/install/tm16_moveit_config/share/tm16_moveit_config/config
[0.383s] -- Up-to-date: /root/irslab_ws/install/tm16_moveit_config/share/tm16_moveit_config/config/controllers.yaml
[0.383s] -- Up-to-date: /root/irslab_ws/install/tm16_moveit_config/share/tm16_moveit_config/config/tm16.urdf.xacro
[0.383s] -- Up-to-date: /root/irslab_ws/install/tm16_moveit_config/share/tm16_moveit_config/config/kinematics.yaml
[0.384s] -- Up-to-date: /root/irslab_ws/install/tm16_moveit_config/share/tm16_moveit_config/config/sensors_3d.yaml
[0.385s] -- Up-to-date: /root/irslab_ws/install/tm16_moveit_config/share/tm16_moveit_config/config/tm16.srdf
[0.385s] -- Up-to-date: /root/irslab_ws/install/tm16_moveit_config/share/tm16_moveit_config/config/moveit2_controllers.yaml
[0.385s] -- Up-to-date: /root/irslab_ws/install/tm16_moveit_config/share/tm16_moveit_config/config/moveit.rviz
[0.385s] -- Up-to-date: /root/irslab_ws/install/tm16_moveit_config/share/tm16_moveit_config/config/tm16.ros2_control.xacro
[0.385s] -- Up-to-date: /root/irslab_ws/install/tm16_moveit_config/share/tm16_moveit_config/config/joint_limits.yaml
[0.385s] -- Up-to-date: /root/irslab_ws/install/tm16_moveit_config/share/tm16_moveit_config/config/ros2_controllers.yaml
[0.386s] -- Up-to-date: /root/irslab_ws/install/tm16_moveit_config/share/tm16_moveit_config/config/moveit_controllers.yaml
[0.386s] -- Up-to-date: /root/irslab_ws/install/tm16_moveit_config/share/tm16_moveit_config/config/pilz_cartesian_limits.yaml
[0.386s] -- Up-to-date: /root/irslab_ws/install/tm16_moveit_config/share/tm16_moveit_config/config/initial_positions.yaml
[0.386s] -- Up-to-date: /root/irslab_ws/install/tm16_moveit_config/share/tm16_moveit_config/config/pilz_industrial_motion_planner_planning.yaml
[0.386s] -- Up-to-date: /root/irslab_ws/install/tm16_moveit_config/share/tm16_moveit_config/config/chomp_planning.yaml
[0.386s] -- Up-to-date: /root/irslab_ws/install/tm16_moveit_config/share/tm16_moveit_config/config/ompl_planning.yaml
[0.386s] -- Up-to-date: /root/irslab_ws/install/tm16_moveit_config/share/tm16_moveit_config/rviz
[0.386s] -- Up-to-date: /root/irslab_ws/install/tm16_moveit_config/share/tm16_moveit_config/rviz/moveit.rviz
[0.386s] -- Up-to-date: /root/irslab_ws/install/tm16_moveit_config/share/tm16_moveit_config/.setup_assistant
[0.409s] Invoked command in '/root/irslab_ws/build/tm16_moveit_config' returned '0': AMENT_PREFIX_PATH=/root/irslab_ws/install/tm_description:${AMENT_PREFIX_PATH} CMAKE_PREFIX_PATH=/root/irslab_ws/install/tm_description:/opt/ros/humble /usr/bin/cmake --install /root/irslab_ws/build/tm16_moveit_config
