[2.119s] Invoking command in '/root/irslab_ws/src/hand_solo_arm': PYTHONPATH=/root/irslab_ws/build/hand_solo_arm/prefix_override:/usr/lib/python3/dist-packages/colcon_core/task/python/colcon_distutils_commands:/root/irslab_ws/install/hand_solo_arm/lib/python3.10/site-packages:${PYTHONPATH} /usr/bin/python3 -W ignore:setup.py install is deprecated -W ignore:easy_install command is deprecated setup.py egg_info --egg-base ../../build/hand_solo_arm build --build-base /root/irslab_ws/build/hand_solo_arm/build install --record /root/irslab_ws/build/hand_solo_arm/install.log --single-version-externally-managed install_data
[2.471s] running egg_info
[2.471s] writing ../../build/hand_solo_arm/hand_solo_arm.egg-info/PKG-INFO
[2.471s] writing dependency_links to ../../build/hand_solo_arm/hand_solo_arm.egg-info/dependency_links.txt
[2.471s] writing entry points to ../../build/hand_solo_arm/hand_solo_arm.egg-info/entry_points.txt
[2.472s] writing requirements to ../../build/hand_solo_arm/hand_solo_arm.egg-info/requires.txt
[2.472s] writing top-level names to ../../build/hand_solo_arm/hand_solo_arm.egg-info/top_level.txt
[2.474s] reading manifest file '../../build/hand_solo_arm/hand_solo_arm.egg-info/SOURCES.txt'
[2.475s] writing manifest file '../../build/hand_solo_arm/hand_solo_arm.egg-info/SOURCES.txt'
[2.475s] running build
[2.475s] running build_py
[2.475s] running install
[2.476s] running install_lib
[2.478s] running install_data
[2.478s] running install_egg_info
[2.480s] removing '/root/irslab_ws/install/hand_solo_arm/lib/python3.10/site-packages/hand_solo_arm-0.0.0-py3.10.egg-info' (and everything under it)
[2.481s] Copying ../../build/hand_solo_arm/hand_solo_arm.egg-info to /root/irslab_ws/install/hand_solo_arm/lib/python3.10/site-packages/hand_solo_arm-0.0.0-py3.10.egg-info
[2.481s] running install_scripts
[2.506s] Installing hs_pick_place script to /root/irslab_ws/install/hand_solo_arm/lib/hand_solo_arm
[2.507s] writing list of installed files to '/root/irslab_ws/build/hand_solo_arm/install.log'
[2.544s] Invoked command in '/root/irslab_ws/src/hand_solo_arm' returned '0': PYTHONPATH=/root/irslab_ws/build/hand_solo_arm/prefix_override:/usr/lib/python3/dist-packages/colcon_core/task/python/colcon_distutils_commands:/root/irslab_ws/install/hand_solo_arm/lib/python3.10/site-packages:${PYTHONPATH} /usr/bin/python3 -W ignore:setup.py install is deprecated -W ignore:easy_install command is deprecated setup.py egg_info --egg-base ../../build/hand_solo_arm build --build-base /root/irslab_ws/build/hand_solo_arm/build install --record /root/irslab_ws/build/hand_solo_arm/install.log --single-version-externally-managed install_data
