[0.015s] Invoking command in '/root/irslab_ws/build/tm_inspect': CMAKE_PREFIX_PATH=/root/irslab_ws/install/tm_msgs:/root/irslab_ws/install/tm_test:/root/irslab_ws/install/tm_inspect:/root/irslab_ws/install/tm_driver:/root/irslab_ws/install/tm5x-900_moveit_config:/root/irslab_ws/install/tm5x-700_moveit_config:/root/irslab_ws/install/tm5-900_moveit_config:/root/irslab_ws/install/tm5-700_moveit_config:/root/irslab_ws/install/tm20_moveit_config:/root/irslab_ws/install/tm16_moveit_config:/root/irslab_ws/install/tm14x_moveit_config:/root/irslab_ws/install/tm14_moveit_config:/root/irslab_ws/install/tm12x_moveit_config:/root/irslab_ws/install/tm12_moveit_config:/root/irslab_ws/install/tm_description:/root/irslab_ws/install/tm_mod_urdf:/root/irslab_ws/install/pa_warehouse_status:/root/irslab_ws/install/hand_solo_virtual_nav:/opt/ros/humble /usr/bin/cmake /root/irslab_ws/src/tmr_ros2/tm_inspect -DCMAKE_INSTALL_PREFIX=/root/irslab_ws/install/tm_inspect
[0.067s] -- The C compiler identification is GNU 11.4.0
[0.115s] -- The CXX compiler identification is GNU 11.4.0
[0.121s] -- Detecting C compiler ABI info
[0.181s] -- Detecting C compiler ABI info - done
[0.188s] -- Check for working C compiler: /usr/bin/cc - skipped
[0.188s] -- Detecting C compile features
[0.189s] -- Detecting C compile features - done
[0.191s] -- Detecting CXX compiler ABI info
[0.261s] -- Detecting CXX compiler ABI info - done
[0.268s] -- Check for working CXX compiler: /usr/bin/c++ - skipped
[0.268s] -- Detecting CXX compile features
[0.268s] -- Detecting CXX compile features - done
[0.271s] -- Found ament_cmake: 1.3.12 (/opt/ros/humble/share/ament_cmake/cmake)
[0.396s] -- Found Python3: /usr/bin/python3 (found version "3.10.12") found components: Interpreter 
[0.499s] -- Found rclcpp: 16.0.14 (/opt/ros/humble/share/rclcpp/cmake)
[0.541s] -- Found rosidl_generator_c: 3.1.7 (/opt/ros/humble/share/rosidl_generator_c/cmake)
[0.547s] -- Found rosidl_adapter: 3.1.7 (/opt/ros/humble/share/rosidl_adapter/cmake)
[0.556s] -- Found rosidl_generator_cpp: 3.1.7 (/opt/ros/humble/share/rosidl_generator_cpp/cmake)
[0.569s] -- Using all available rosidl_typesupport_c: rosidl_typesupport_fastrtps_c;rosidl_typesupport_introspection_c
[0.586s] -- Using all available rosidl_typesupport_cpp: rosidl_typesupport_fastrtps_cpp;rosidl_typesupport_introspection_cpp
[0.639s] -- Found rmw_implementation_cmake: 6.1.2 (/opt/ros/humble/share/rmw_implementation_cmake/cmake)
[0.643s] -- Found rmw_cyclonedds_cpp: 1.3.4 (/opt/ros/humble/share/rmw_cyclonedds_cpp/cmake)
[0.669s] -- Using RMW implementation 'rmw_cyclonedds_cpp' as default
[0.686s] -- Looking for pthread.h
[0.756s] -- Looking for pthread.h - found
[0.756s] -- Performing Test CMAKE_HAVE_LIBC_PTHREAD
[0.829s] -- Performing Test CMAKE_HAVE_LIBC_PTHREAD - Success
[0.829s] -- Found Threads: TRUE  
[0.882s] -- Found rclcpp_action: 16.0.14 (/opt/ros/humble/share/rclcpp_action/cmake)
[0.922s] -- Found tm_msgs: 1.1.2 (/root/irslab_ws/install/tm_msgs/share/tm_msgs/cmake)
[0.955s] -- Found ament_lint_auto: 0.12.14 (/opt/ros/humble/share/ament_lint_auto/cmake)
[1.044s] -- Added test 'copyright' to check source files copyright and LICENSE
[1.045s] -- Added test 'cppcheck' to perform static code analysis on C / C++ code
[1.046s] -- Configured cppcheck include dirs: 
[1.046s] -- Configured cppcheck exclude dirs and/or files: 
[1.047s] -- Added test 'cpplint' to check C / C++ code against the Google style
[1.047s] -- Configured cpplint exclude dirs and/or files: 
[1.047s] -- Added test 'flake8' to check Python code syntax and style conventions
[1.048s] -- Added test 'lint_cmake' to check CMake code style
[1.048s] -- Added test 'pep257' to check Python code against some of the docstring style conventions in PEP 257
[1.049s] -- Added test 'uncrustify' to check C / C++ code style
[1.049s] -- Configured uncrustify additional arguments: 
[1.050s] -- Added test 'xmllint' to check XML markup files
[1.051s] -- Configuring done
[1.079s] -- Generating done
[1.082s] -- Build files have been written to: /root/irslab_ws/build/tm_inspect
[1.093s] Invoked command in '/root/irslab_ws/build/tm_inspect' returned '0': CMAKE_PREFIX_PATH=/root/irslab_ws/install/tm_msgs:/root/irslab_ws/install/tm_test:/root/irslab_ws/install/tm_inspect:/root/irslab_ws/install/tm_driver:/root/irslab_ws/install/tm5x-900_moveit_config:/root/irslab_ws/install/tm5x-700_moveit_config:/root/irslab_ws/install/tm5-900_moveit_config:/root/irslab_ws/install/tm5-700_moveit_config:/root/irslab_ws/install/tm20_moveit_config:/root/irslab_ws/install/tm16_moveit_config:/root/irslab_ws/install/tm14x_moveit_config:/root/irslab_ws/install/tm14_moveit_config:/root/irslab_ws/install/tm12x_moveit_config:/root/irslab_ws/install/tm12_moveit_config:/root/irslab_ws/install/tm_description:/root/irslab_ws/install/tm_mod_urdf:/root/irslab_ws/install/pa_warehouse_status:/root/irslab_ws/install/hand_solo_virtual_nav:/opt/ros/humble /usr/bin/cmake /root/irslab_ws/src/tmr_ros2/tm_inspect -DCMAKE_INSTALL_PREFIX=/root/irslab_ws/install/tm_inspect
[1.094s] Invoking command in '/root/irslab_ws/build/tm_inspect': CMAKE_PREFIX_PATH=/root/irslab_ws/install/tm_msgs:/root/irslab_ws/install/tm_test:/root/irslab_ws/install/tm_inspect:/root/irslab_ws/install/tm_driver:/root/irslab_ws/install/tm5x-900_moveit_config:/root/irslab_ws/install/tm5x-700_moveit_config:/root/irslab_ws/install/tm5-900_moveit_config:/root/irslab_ws/install/tm5-700_moveit_config:/root/irslab_ws/install/tm20_moveit_config:/root/irslab_ws/install/tm16_moveit_config:/root/irslab_ws/install/tm14x_moveit_config:/root/irslab_ws/install/tm14_moveit_config:/root/irslab_ws/install/tm12x_moveit_config:/root/irslab_ws/install/tm12_moveit_config:/root/irslab_ws/install/tm_description:/root/irslab_ws/install/tm_mod_urdf:/root/irslab_ws/install/pa_warehouse_status:/root/irslab_ws/install/hand_solo_virtual_nav:/opt/ros/humble /usr/bin/cmake --build /root/irslab_ws/build/tm_inspect -- -j20 -l20
[1.146s] [ 14%] [34m[1mAutomatic MOC and UIC for target robot_ui[0m
[1.577s] [ 14%] Built target robot_ui_autogen
[1.594s] [ 28%] [34m[1mGenerating ui_tm_ros_driver_windows.h[0m
[1.649s] [ 42%] [32mBuilding CXX object CMakeFiles/robot_ui.dir/robot_ui_autogen/mocs_compilation.cpp.o[0m
[1.656s] [ 57%] [32mBuilding CXX object CMakeFiles/robot_ui.dir/src/main.cpp.o[0m
[1.658s] [ 71%] [32mBuilding CXX object CMakeFiles/robot_ui.dir/src/ros_page.cpp.o[0m
[1.660s] [ 85%] [32mBuilding CXX object CMakeFiles/robot_ui.dir/src/tm_ros_driver_windows.cpp.o[0m
[28.207s] [100%] [32m[1mLinking CXX executable robot_ui[0m
[29.678s] [100%] Built target robot_ui
[29.701s] Invoked command in '/root/irslab_ws/build/tm_inspect' returned '0': CMAKE_PREFIX_PATH=/root/irslab_ws/install/tm_msgs:/root/irslab_ws/install/tm_test:/root/irslab_ws/install/tm_inspect:/root/irslab_ws/install/tm_driver:/root/irslab_ws/install/tm5x-900_moveit_config:/root/irslab_ws/install/tm5x-700_moveit_config:/root/irslab_ws/install/tm5-900_moveit_config:/root/irslab_ws/install/tm5-700_moveit_config:/root/irslab_ws/install/tm20_moveit_config:/root/irslab_ws/install/tm16_moveit_config:/root/irslab_ws/install/tm14x_moveit_config:/root/irslab_ws/install/tm14_moveit_config:/root/irslab_ws/install/tm12x_moveit_config:/root/irslab_ws/install/tm12_moveit_config:/root/irslab_ws/install/tm_description:/root/irslab_ws/install/tm_mod_urdf:/root/irslab_ws/install/pa_warehouse_status:/root/irslab_ws/install/hand_solo_virtual_nav:/opt/ros/humble /usr/bin/cmake --build /root/irslab_ws/build/tm_inspect -- -j20 -l20
[29.703s] Invoking command in '/root/irslab_ws/build/tm_inspect': CMAKE_PREFIX_PATH=/root/irslab_ws/install/tm_msgs:/root/irslab_ws/install/tm_test:/root/irslab_ws/install/tm_inspect:/root/irslab_ws/install/tm_driver:/root/irslab_ws/install/tm5x-900_moveit_config:/root/irslab_ws/install/tm5x-700_moveit_config:/root/irslab_ws/install/tm5-900_moveit_config:/root/irslab_ws/install/tm5-700_moveit_config:/root/irslab_ws/install/tm20_moveit_config:/root/irslab_ws/install/tm16_moveit_config:/root/irslab_ws/install/tm14x_moveit_config:/root/irslab_ws/install/tm14_moveit_config:/root/irslab_ws/install/tm12x_moveit_config:/root/irslab_ws/install/tm12_moveit_config:/root/irslab_ws/install/tm_description:/root/irslab_ws/install/tm_mod_urdf:/root/irslab_ws/install/pa_warehouse_status:/root/irslab_ws/install/hand_solo_virtual_nav:/opt/ros/humble /usr/bin/cmake --install /root/irslab_ws/build/tm_inspect
[29.713s] -- Install configuration: ""
[29.714s] -- Installing: /root/irslab_ws/install/tm_inspect/lib/tm_inspect/robot_ui
[29.720s] -- Set runtime path of "/root/irslab_ws/install/tm_inspect/lib/tm_inspect/robot_ui" to ""
[29.720s] -- Installing: /root/irslab_ws/install/tm_inspect/share/tm_inspect/launch
[29.720s] -- Installing: /root/irslab_ws/install/tm_inspect/share/tm_inspect/launch/tm_gui.launch.py
[29.720s] -- Installing: /root/irslab_ws/install/tm_inspect/share/ament_index/resource_index/package_run_dependencies/tm_inspect
[29.720s] -- Installing: /root/irslab_ws/install/tm_inspect/share/ament_index/resource_index/parent_prefix_path/tm_inspect
[29.720s] -- Installing: /root/irslab_ws/install/tm_inspect/share/tm_inspect/environment/ament_prefix_path.sh
[29.720s] -- Installing: /root/irslab_ws/install/tm_inspect/share/tm_inspect/environment/ament_prefix_path.dsv
[29.720s] -- Installing: /root/irslab_ws/install/tm_inspect/share/tm_inspect/environment/path.sh
[29.720s] -- Installing: /root/irslab_ws/install/tm_inspect/share/tm_inspect/environment/path.dsv
[29.720s] -- Installing: /root/irslab_ws/install/tm_inspect/share/tm_inspect/local_setup.bash
[29.721s] -- Installing: /root/irslab_ws/install/tm_inspect/share/tm_inspect/local_setup.sh
[29.721s] -- Installing: /root/irslab_ws/install/tm_inspect/share/tm_inspect/local_setup.zsh
[29.721s] -- Installing: /root/irslab_ws/install/tm_inspect/share/tm_inspect/local_setup.dsv
[29.721s] -- Installing: /root/irslab_ws/install/tm_inspect/share/tm_inspect/package.dsv
[29.721s] -- Installing: /root/irslab_ws/install/tm_inspect/share/ament_index/resource_index/packages/tm_inspect
[29.721s] -- Installing: /root/irslab_ws/install/tm_inspect/share/tm_inspect/cmake/tm_inspectConfig.cmake
[29.721s] -- Installing: /root/irslab_ws/install/tm_inspect/share/tm_inspect/cmake/tm_inspectConfig-version.cmake
[29.721s] -- Installing: /root/irslab_ws/install/tm_inspect/share/tm_inspect/package.xml
[29.723s] Invoked command in '/root/irslab_ws/build/tm_inspect' returned '0': CMAKE_PREFIX_PATH=/root/irslab_ws/install/tm_msgs:/root/irslab_ws/install/tm_test:/root/irslab_ws/install/tm_inspect:/root/irslab_ws/install/tm_driver:/root/irslab_ws/install/tm5x-900_moveit_config:/root/irslab_ws/install/tm5x-700_moveit_config:/root/irslab_ws/install/tm5-900_moveit_config:/root/irslab_ws/install/tm5-700_moveit_config:/root/irslab_ws/install/tm20_moveit_config:/root/irslab_ws/install/tm16_moveit_config:/root/irslab_ws/install/tm14x_moveit_config:/root/irslab_ws/install/tm14_moveit_config:/root/irslab_ws/install/tm12x_moveit_config:/root/irslab_ws/install/tm12_moveit_config:/root/irslab_ws/install/tm_description:/root/irslab_ws/install/tm_mod_urdf:/root/irslab_ws/install/pa_warehouse_status:/root/irslab_ws/install/hand_solo_virtual_nav:/opt/ros/humble /usr/bin/cmake --install /root/irslab_ws/build/tm_inspect
