[3.199s] Invoking command in '/root/irslab_ws/src/pick_nav_place': PYTHONPATH=/root/irslab_ws/build/pick_nav_place/prefix_override:/usr/lib/python3/dist-packages/colcon_core/task/python/colcon_distutils_commands:/root/irslab_ws/install/pick_nav_place/lib/python3.10/site-packages:${PYTHONPATH} /usr/bin/python3 -W ignore:setup.py install is deprecated -W ignore:easy_install command is deprecated setup.py egg_info --egg-base ../../build/pick_nav_place build --build-base /root/irslab_ws/build/pick_nav_place/build install --record /root/irslab_ws/build/pick_nav_place/install.log --single-version-externally-managed install_data
[3.454s] running egg_info
[3.455s] writing ../../build/pick_nav_place/pick_nav_place.egg-info/PKG-INFO
[3.455s] writing dependency_links to ../../build/pick_nav_place/pick_nav_place.egg-info/dependency_links.txt
[3.456s] writing entry points to ../../build/pick_nav_place/pick_nav_place.egg-info/entry_points.txt
[3.456s] writing requirements to ../../build/pick_nav_place/pick_nav_place.egg-info/requires.txt
[3.456s] writing top-level names to ../../build/pick_nav_place/pick_nav_place.egg-info/top_level.txt
[3.457s] reading manifest file '../../build/pick_nav_place/pick_nav_place.egg-info/SOURCES.txt'
[3.457s] adding license file 'LICENSE'
[3.458s] writing manifest file '../../build/pick_nav_place/pick_nav_place.egg-info/SOURCES.txt'
[3.459s] running build
[3.459s] running build_py
[3.459s] copying pick_nav_place/robot_waypoint_follower.py -> /root/irslab_ws/build/pick_nav_place/build/lib/pick_nav_place
[3.460s] running install
[3.460s] running install_lib
[3.461s] copying /root/irslab_ws/build/pick_nav_place/build/lib/pick_nav_place/robot_waypoint_follower.py -> /root/irslab_ws/install/pick_nav_place/lib/python3.10/site-packages/pick_nav_place
[3.462s] byte-compiling /root/irslab_ws/install/pick_nav_place/lib/python3.10/site-packages/pick_nav_place/robot_waypoint_follower.py to robot_waypoint_follower.cpython-310.pyc
[3.465s] running install_data
[3.466s] running install_egg_info
[3.468s] removing '/root/irslab_ws/install/pick_nav_place/lib/python3.10/site-packages/pick_nav_place-0.0.0-py3.10.egg-info' (and everything under it)
[3.468s] Copying ../../build/pick_nav_place/pick_nav_place.egg-info to /root/irslab_ws/install/pick_nav_place/lib/python3.10/site-packages/pick_nav_place-0.0.0-py3.10.egg-info
[3.469s] running install_scripts
[3.496s] Installing plc_hmi_listener script to /root/irslab_ws/install/pick_nav_place/lib/pick_nav_place
[3.496s] Installing robot_arm_controller script to /root/irslab_ws/install/pick_nav_place/lib/pick_nav_place
[3.497s] Installing robot_waypoint_follower script to /root/irslab_ws/install/pick_nav_place/lib/pick_nav_place
[3.498s] Installing warehouse_coordinator script to /root/irslab_ws/install/pick_nav_place/lib/pick_nav_place
[3.498s] writing list of installed files to '/root/irslab_ws/build/pick_nav_place/install.log'
[3.527s] Invoked command in '/root/irslab_ws/src/pick_nav_place' returned '0': PYTHONPATH=/root/irslab_ws/build/pick_nav_place/prefix_override:/usr/lib/python3/dist-packages/colcon_core/task/python/colcon_distutils_commands:/root/irslab_ws/install/pick_nav_place/lib/python3.10/site-packages:${PYTHONPATH} /usr/bin/python3 -W ignore:setup.py install is deprecated -W ignore:easy_install command is deprecated setup.py egg_info --egg-base ../../build/pick_nav_place build --build-base /root/irslab_ws/build/pick_nav_place/build install --record /root/irslab_ws/build/pick_nav_place/install.log --single-version-externally-managed install_data
