In file included from [01m[K/root/irslab_ws/src/custom_nav2_bt_nodes/src/check_path_alignment.cpp:1[m[K:
[01m[K/root/irslab_ws/src/custom_nav2_bt_nodes/include/custom_nav2_bt_nodes/check_path_alignment.hpp:24:31:[m[K [01;31m[Kerror: [m[Kexpected primary-expression before ‘[01m[K:[m[K’ token
   24 |   CheckPathAlignment() {} : BT[01;31m[K:[m[KConditionNode("Empty Name", {}) {}
      |                               [01;31m[K^[m[K
[01m[K/root/irslab_ws/src/custom_nav2_bt_nodes/include/custom_nav2_bt_nodes/check_path_alignment.hpp:24:31:[m[K [01;31m[Kerror: [m[KISO C++ forbids declaration of ‘[01m[Ktype name[m[K’ with no type [[01;31m[K-fpermissive[m[K]
[01m[K/root/irslab_ws/src/custom_nav2_bt_nodes/include/custom_nav2_bt_nodes/check_path_alignment.hpp:24:29:[m[K [01;31m[Kerror: [m[Kexpected ‘[01m[K;[m[K’ at end of member declaration
   24 |   CheckPathAlignment() {} : [01;31m[KBT[m[K:ConditionNode("Empty Name", {}) {}
      |                             [01;31m[K^~[m[K
      |                               [32m[K;[m[K
[01m[K/root/irslab_ws/src/custom_nav2_bt_nodes/include/custom_nav2_bt_nodes/check_path_alignment.hpp:24:62:[m[K [01;31m[Kerror: [m[Kinvalid cast to abstract class type ‘[01m[KBT::ConditionNode[m[K’
   24 |   CheckPathAlignment() {} : BT:ConditionNode("Empty Name", {}[01;31m[K)[m[K {}
      |                                                              [01;31m[K^[m[K
In file included from [01m[K/root/irslab_ws/src/custom_nav2_bt_nodes/include/custom_nav2_bt_nodes/check_path_alignment.hpp:3[m[K,
                 from [01m[K/root/irslab_ws/src/custom_nav2_bt_nodes/src/check_path_alignment.cpp:1[m[K:
[01m[K/opt/ros/humble/include/behaviortree_cpp_v3/condition_node.h:21:7:[m[K [01;36m[Knote: [m[K  because the following virtual functions are pure within ‘[01m[KBT::ConditionNode[m[K’:
   21 | class [01;36m[KConditionNode[m[K : public LeafNode
      |       [01;36m[K^~~~~~~~~~~~~[m[K
In file included from [01m[K/opt/ros/humble/include/behaviortree_cpp_v3/leaf_node.h:17[m[K,
                 from [01m[K/opt/ros/humble/include/behaviortree_cpp_v3/condition_node.h:17[m[K,
                 from [01m[K/root/irslab_ws/src/custom_nav2_bt_nodes/include/custom_nav2_bt_nodes/check_path_alignment.hpp:3[m[K,
                 from [01m[K/root/irslab_ws/src/custom_nav2_bt_nodes/src/check_path_alignment.cpp:1[m[K:
[01m[K/opt/ros/humble/include/behaviortree_cpp_v3/tree_node.h:187:26:[m[K [01;36m[Knote: [m[K    ‘[01m[Kvirtual BT::NodeStatus BT::TreeNode::tick()[m[K’
  187 |   virtual BT::NodeStatus [01;36m[Ktick[m[K() = 0;
      |                          [01;36m[K^~~~[m[K
In file included from [01m[K/root/irslab_ws/src/custom_nav2_bt_nodes/src/check_path_alignment.cpp:1[m[K:
[01m[K/root/irslab_ws/src/custom_nav2_bt_nodes/include/custom_nav2_bt_nodes/check_path_alignment.hpp:24:64:[m[K [01;31m[Kerror: [m[Kdefault member initializer for unnamed bit-field
   24 |   CheckPathAlignment() {} : BT:ConditionNode("Empty Name", {}) [01;31m[K{[m[K}
      |                                                                [01;31m[K^[m[K
[01m[K/root/irslab_ws/src/custom_nav2_bt_nodes/include/custom_nav2_bt_nodes/check_path_alignment.hpp:24:65:[m[K [01;31m[Kerror: [m[KISO C++ forbids declaration of ‘[01m[Ktype name[m[K’ with no type [[01;31m[K-fpermissive[m[K]
   24 |   CheckPathAlignment() {} : BT:ConditionNode("Empty Name", {}) {[01;31m[K}[m[K
      |                                                                 [01;31m[K^[m[K
[01m[K/root/irslab_ws/src/custom_nav2_bt_nodes/include/custom_nav2_bt_nodes/check_path_alignment.hpp:24:65:[m[K [01;31m[Kerror: [m[Kexpected ‘[01m[K;[m[K’ at end of member declaration
   24 |   CheckPathAlignment() {} : BT:ConditionNode("Empty Name", {}) {[01;31m[K}[m[K
      |                                                                 [01;31m[K^[m[K
      |                                                                  [32m[K;[m[K
[01m[K/root/irslab_ws/src/custom_nav2_bt_nodes/include/custom_nav2_bt_nodes/check_path_alignment.hpp:[m[K In constructor ‘[01m[Kcustom_nav2_bt_nodes::CheckPathAlignment::CheckPathAlignment()[m[K’:
[01m[K/root/irslab_ws/src/custom_nav2_bt_nodes/include/custom_nav2_bt_nodes/check_path_alignment.hpp:24:24:[m[K [01;31m[Kerror: [m[Kno matching function for call to ‘[01m[KBT::ConditionNode::ConditionNode()[m[K’
   24 |   CheckPathAlignment() [01;31m[K{[m[K} : BT:ConditionNode("Empty Name", {}) {}
      |                        [01;31m[K^[m[K
In file included from [01m[K/root/irslab_ws/src/custom_nav2_bt_nodes/include/custom_nav2_bt_nodes/check_path_alignment.hpp:3[m[K,
                 from [01m[K/root/irslab_ws/src/custom_nav2_bt_nodes/src/check_path_alignment.cpp:1[m[K:
[01m[K/opt/ros/humble/include/behaviortree_cpp_v3/condition_node.h:24:3:[m[K [01;36m[Knote: [m[Kcandidate: ‘[01m[KBT::ConditionNode::ConditionNode(const string&, const BT::NodeConfiguration&)[m[K’
   24 |   [01;36m[KConditionNode[m[K(const std::string& name, const NodeConfiguration& config);
      |   [01;36m[K^~~~~~~~~~~~~[m[K
[01m[K/opt/ros/humble/include/behaviortree_cpp_v3/condition_node.h:24:3:[m[K [01;36m[Knote: [m[K  candidate expects 2 arguments, 0 provided
gmake[2]: *** [CMakeFiles/check_path_alignment_plugin.dir/build.make:76: CMakeFiles/check_path_alignment_plugin.dir/src/check_path_alignment.cpp.o] Error 1
gmake[1]: *** [CMakeFiles/Makefile2:137: CMakeFiles/check_path_alignment_plugin.dir/all] Error 2
gmake: *** [Makefile:146: all] Error 2
