[1.514s] Invoking command in '/root/irslab_ws/src/pick_nav_place': PYTHONPATH=/root/irslab_ws/build/pick_nav_place/prefix_override:/usr/lib/python3/dist-packages/colcon_core/task/python/colcon_distutils_commands:/root/irslab_ws/install/pick_nav_place/lib/python3.10/site-packages:${PYTHONPATH} /usr/bin/python3 -W ignore:setup.py install is deprecated -W ignore:easy_install command is deprecated setup.py egg_info --egg-base ../../build/pick_nav_place build --build-base /root/irslab_ws/build/pick_nav_place/build install --record /root/irslab_ws/build/pick_nav_place/install.log --single-version-externally-managed install_data
[1.775s] running egg_info
[1.776s] writing ../../build/pick_nav_place/pick_nav_place.egg-info/PKG-INFO
[1.776s] writing dependency_links to ../../build/pick_nav_place/pick_nav_place.egg-info/dependency_links.txt
[1.776s] writing entry points to ../../build/pick_nav_place/pick_nav_place.egg-info/entry_points.txt
[1.776s] writing requirements to ../../build/pick_nav_place/pick_nav_place.egg-info/requires.txt
[1.776s] writing top-level names to ../../build/pick_nav_place/pick_nav_place.egg-info/top_level.txt
[1.777s] reading manifest file '../../build/pick_nav_place/pick_nav_place.egg-info/SOURCES.txt'
[1.777s] adding license file 'LICENSE'
[1.779s] writing manifest file '../../build/pick_nav_place/pick_nav_place.egg-info/SOURCES.txt'
[1.779s] running build
[1.779s] running build_py
[1.779s] running install
[1.779s] running install_lib
[1.780s] running install_data
[1.781s] copying package.xml -> /root/irslab_ws/install/pick_nav_place/share/pick_nav_place
[1.781s] copying launch/pick_nav_place_launch.py -> /root/irslab_ws/install/pick_nav_place/share/pick_nav_place/launch
[1.781s] running install_egg_info
[1.783s] removing '/root/irslab_ws/install/pick_nav_place/lib/python3.10/site-packages/pick_nav_place-0.0.0-py3.10.egg-info' (and everything under it)
[1.783s] Copying ../../build/pick_nav_place/pick_nav_place.egg-info to /root/irslab_ws/install/pick_nav_place/lib/python3.10/site-packages/pick_nav_place-0.0.0-py3.10.egg-info
[1.783s] running install_scripts
[1.809s] Installing plc_hmi_listener script to /root/irslab_ws/install/pick_nav_place/lib/pick_nav_place
[1.809s] Installing robot_arm_controller script to /root/irslab_ws/install/pick_nav_place/lib/pick_nav_place
[1.809s] Installing robot_waypoint_follower script to /root/irslab_ws/install/pick_nav_place/lib/pick_nav_place
[1.809s] Installing warehouse_coordinator script to /root/irslab_ws/install/pick_nav_place/lib/pick_nav_place
[1.810s] writing list of installed files to '/root/irslab_ws/build/pick_nav_place/install.log'
[1.838s] Invoked command in '/root/irslab_ws/src/pick_nav_place' returned '0': PYTHONPATH=/root/irslab_ws/build/pick_nav_place/prefix_override:/usr/lib/python3/dist-packages/colcon_core/task/python/colcon_distutils_commands:/root/irslab_ws/install/pick_nav_place/lib/python3.10/site-packages:${PYTHONPATH} /usr/bin/python3 -W ignore:setup.py install is deprecated -W ignore:easy_install command is deprecated setup.py egg_info --egg-base ../../build/pick_nav_place build --build-base /root/irslab_ws/build/pick_nav_place/build install --record /root/irslab_ws/build/pick_nav_place/install.log --single-version-externally-managed install_data
