-- Found ament_cmake: 1.3.12 (/opt/ros/humble/share/ament_cmake/cmake)
-- Found rclcpp: 16.0.15 (/opt/ros/humble/share/rclcpp/cmake)
-- Found rosidl_generator_c: 3.1.7 (/opt/ros/humble/share/rosidl_generator_c/cmake)
-- Found rosidl_adapter: 3.1.7 (/opt/ros/humble/share/rosidl_adapter/cmake)
-- Found rosidl_generator_cpp: 3.1.7 (/opt/ros/humble/share/rosidl_generator_cpp/cmake)
-- Using all available rosidl_typesupport_c: rosidl_typesupport_fastrtps_c;rosidl_typesupport_introspection_c
-- Using all available rosidl_typesupport_cpp: rosidl_typesupport_fastrtps_cpp;rosidl_typesupport_introspection_cpp
-- Found rmw_implementation_cmake: 6.1.2 (/opt/ros/humble/share/rmw_implementation_cmake/cmake)
-- Found rmw_cyclonedds_cpp: 1.3.4 (/opt/ros/humble/share/rmw_cyclonedds_cpp/cmake)
-- Using RMW implementation 'rmw_cyclonedds_cpp' as default
-- Found nav2_behavior_tree: 1.1.18 (/opt/ros/humble/share/nav2_behavior_tree/cmake)
-- Found eigen3_cmake_module: 0.1.1 (/opt/ros/humble/share/eigen3_cmake_module/cmake)
-- Ensuring Eigen3 include directory is part of orocos-kdl CMake target
-- Found pluginlib: 5.1.0 (/opt/ros/humble/share/pluginlib/cmake)
-- Configuring done
-- Generating done
-- Build files have been written to: /root/irslab_ws/build/custom_nav2_bt_nodes
[ 50%] [32mBuilding CXX object CMakeFiles/check_path_alignment_plugin.dir/src/check_path_alignment.cpp.o[0m
[01m[K/root/irslab_ws/src/custom_nav2_bt_nodes/src/check_path_alignment.cpp:[m[K In member function ‘[01m[Kvirtual BT::NodeStatus custom_nav2_bt_nodes::CheckPathAlignment::tick()[m[K’:
[01m[K/root/irslab_ws/src/custom_nav2_bt_nodes/src/check_path_alignment.cpp:65:59:[m[K [01;31m[Kerror: [m[K‘[01m[Knormalize_angle[m[K’ is not a member of ‘[01m[Knav2_util::geometry_utils[m[K’
   65 |   double angle_diff = std::abs(nav2_util::geometry_utils::[01;31m[Knormalize_angle[m[K(path_yaw - robot_yaw));
      |                                                           [01;31m[K^~~~~~~~~~~~~~~[m[K
In file included from [01m[K/opt/ros/humble/include/class_loader/class_loader/class_loader_core.hpp:57[m[K,
                 from [01m[K/opt/ros/humble/include/class_loader/class_loader/class_loader.hpp:55[m[K,
                 from [01m[K/opt/ros/humble/include/pluginlib/pluginlib/class_list_macros.hpp:40[m[K,
                 from [01m[K/root/irslab_ws/src/custom_nav2_bt_nodes/src/check_path_alignment.cpp:82[m[K:
/opt/ros/humble/include/class_loader/class_loader/meta_object.hpp: In instantiation of ‘[01m[KB* class_loader::impl::MetaObject<C, B>::create() const [with C = custom_nav2_bt_nodes::CheckPathAlignment; B = BT::ConditionNode][m[K’:
[01m[K/opt/ros/humble/include/class_loader/class_loader/meta_object.hpp:216:7:[m[K   required from here
[01m[K/opt/ros/humble/include/class_loader/class_loader/meta_object.hpp:218:12:[m[K [01;31m[Kerror: [m[Kuse of deleted function ‘[01m[Kcustom_nav2_bt_nodes::CheckPathAlignment::CheckPathAlignment()[m[K’
  218 |     return [01;31m[Knew C[m[K;
      |            [01;31m[K^~~~~[m[K
In file included from [01m[K/root/irslab_ws/src/custom_nav2_bt_nodes/src/check_path_alignment.cpp:1[m[K:
[01m[K/root/irslab_ws/src/custom_nav2_bt_nodes/include/custom_nav2_bt_nodes/check_path_alignment.hpp:23:3:[m[K [01;36m[Knote: [m[Kdeclared here
   23 |   [01;36m[KCheckPathAlignment[m[K() = delete;
      |   [01;36m[K^~~~~~~~~~~~~~~~~~[m[K
gmake[2]: *** [CMakeFiles/check_path_alignment_plugin.dir/build.make:76: CMakeFiles/check_path_alignment_plugin.dir/src/check_path_alignment.cpp.o] Error 1
gmake[1]: *** [CMakeFiles/Makefile2:137: CMakeFiles/check_path_alignment_plugin.dir/all] Error 2
gmake: *** [Makefile:146: all] Error 2
