[0.058s] Invoking command in '/root/irslab_ws/build/tm_msgs': CMAKE_PREFIX_PATH=${CMAKE_PREFIX_PATH}:/root/irslab_ws/install/tm_mod_urdf:/root/irslab_ws/install/pick_nav_place:/root/irslab_ws/install/pa_warehouse_status:/root/irslab_ws/install/hand_solo_virtual_nav:/root/irslab_ws/install/hand_solo_arm:/opt/ros/humble /usr/bin/cmake /root/irslab_ws/src/tmr_ros2/tm_msgs -DCMAKE_INSTALL_PREFIX=/root/irslab_ws/install/tm_msgs
[1.137s] -- Found ament_cmake: 1.3.12 (/opt/ros/humble/share/ament_cmake/cmake)
[1.137s] -- Found rosidl_default_generators: 1.2.0 (/opt/ros/humble/share/rosidl_default_generators/cmake)
[1.137s] -- Using all available rosidl_typesupport_c: rosidl_typesupport_fastrtps_c;rosidl_typesupport_introspection_c
[1.137s] -- Found rosidl_adapter: 3.1.7 (/opt/ros/humble/share/rosidl_adapter/cmake)
[1.137s] -- Using all available rosidl_typesupport_cpp: rosidl_typesupport_fastrtps_cpp;rosidl_typesupport_introspection_cpp
[1.137s] -- Found std_msgs: 4.9.0 (/opt/ros/humble/share/std_msgs/cmake)
[1.137s] -- Found ament_cmake_ros: 0.10.0 (/opt/ros/humble/share/ament_cmake_ros/cmake)
[1.137s] -- Using all available rosidl_typesupport_c: rosidl_typesupport_fastrtps_c;rosidl_typesupport_introspection_c
[1.337s] -- Using all available rosidl_typesupport_cpp: rosidl_typesupport_fastrtps_cpp;rosidl_typesupport_introspection_cpp
[1.360s] -- Found python_cmake_module: 0.10.0 (/opt/ros/humble/share/python_cmake_module/cmake)
[1.385s] -- Using PYTHON_EXECUTABLE: /usr/bin/python3
[1.385s] -- Using PYTHON_INCLUDE_DIRS: /usr/include/python3.10
[1.386s] -- Using PYTHON_LIBRARIES: /usr/lib/x86_64-linux-gnu/libpython3.10.so
[1.432s] -- Configuring done
[1.509s] -- Generating done
[1.510s] -- Build files have been written to: /root/irslab_ws/build/tm_msgs
[1.603s] Invoked command in '/root/irslab_ws/build/tm_msgs' returned '0': CMAKE_PREFIX_PATH=${CMAKE_PREFIX_PATH}:/root/irslab_ws/install/tm_mod_urdf:/root/irslab_ws/install/pick_nav_place:/root/irslab_ws/install/pa_warehouse_status:/root/irslab_ws/install/hand_solo_virtual_nav:/root/irslab_ws/install/hand_solo_arm:/opt/ros/humble /usr/bin/cmake /root/irslab_ws/src/tmr_ros2/tm_msgs -DCMAKE_INSTALL_PREFIX=/root/irslab_ws/install/tm_msgs
[1.605s] Invoking command in '/root/irslab_ws/build/tm_msgs': CMAKE_PREFIX_PATH=${CMAKE_PREFIX_PATH}:/root/irslab_ws/install/tm_mod_urdf:/root/irslab_ws/install/pick_nav_place:/root/irslab_ws/install/pa_warehouse_status:/root/irslab_ws/install/hand_solo_virtual_nav:/root/irslab_ws/install/hand_solo_arm:/opt/ros/humble /usr/bin/cmake --build /root/irslab_ws/build/tm_msgs -- -j20 -l20
[1.680s] [35m[1mConsolidate compiler generated dependencies of target tm_msgs__rosidl_generator_c[0m
[1.724s] [ 12%] Built target tm_msgs__rosidl_generator_c
[1.728s] [ 12%] Built target tm_msgs__cpp
[1.746s] [35m[1mConsolidate compiler generated dependencies of target tm_msgs__rosidl_typesupport_introspection_c[0m
[1.750s] [35m[1mConsolidate compiler generated dependencies of target tm_msgs__rosidl_typesupport_c[0m
[1.750s] [35m[1mConsolidate compiler generated dependencies of target tm_msgs__rosidl_typesupport_fastrtps_c[0m
[1.755s] [35m[1mConsolidate compiler generated dependencies of target tm_msgs__rosidl_typesupport_fastrtps_cpp[0m
[1.771s] [ 12%] Built target ament_cmake_python_copy_tm_msgs
[1.771s] [35m[1mConsolidate compiler generated dependencies of target tm_msgs__rosidl_typesupport_cpp[0m
[1.771s] [35m[1mConsolidate compiler generated dependencies of target tm_msgs__rosidl_typesupport_introspection_cpp[0m
[1.775s] [ 24%] Built target tm_msgs__rosidl_typesupport_c
[1.778s] [ 36%] Built target tm_msgs__rosidl_typesupport_introspection_c
[1.823s] [ 48%] Built target tm_msgs__rosidl_typesupport_fastrtps_cpp
[1.823s] [ 60%] Built target tm_msgs__rosidl_typesupport_fastrtps_c
[1.823s] [ 72%] Built target tm_msgs__rosidl_typesupport_introspection_cpp
[1.823s] [ 84%] Built target tm_msgs__rosidl_typesupport_cpp
[1.835s] [ 84%] Built target tm_msgs
[1.883s] [ 85%] Built target tm_msgs__py
[1.898s] [35m[1mConsolidate compiler generated dependencies of target tm_msgs__rosidl_generator_py[0m
[1.934s] [ 96%] Built target tm_msgs__rosidl_generator_py
[1.951s] [35m[1mConsolidate compiler generated dependencies of target tm_msgs__rosidl_typesupport_fastrtps_c__pyext[0m
[1.957s] [35m[1mConsolidate compiler generated dependencies of target tm_msgs__rosidl_typesupport_c__pyext[0m
[1.961s] [35m[1mConsolidate compiler generated dependencies of target tm_msgs__rosidl_typesupport_introspection_c__pyext[0m
[1.977s] [ 97%] Built target tm_msgs__rosidl_typesupport_fastrtps_c__pyext
[1.988s] [ 98%] Built target tm_msgs__rosidl_typesupport_c__pyext
[1.992s] [100%] Built target tm_msgs__rosidl_typesupport_introspection_c__pyext
[2.249s] running egg_info
[2.254s] writing tm_msgs.egg-info/PKG-INFO
[2.255s] writing dependency_links to tm_msgs.egg-info/dependency_links.txt
[2.258s] writing top-level names to tm_msgs.egg-info/top_level.txt
[2.260s] reading manifest file 'tm_msgs.egg-info/SOURCES.txt'
[2.261s] writing manifest file 'tm_msgs.egg-info/SOURCES.txt'
[2.293s] [100%] Built target ament_cmake_python_build_tm_msgs_egg
[2.371s] Invoked command in '/root/irslab_ws/build/tm_msgs' returned '0': CMAKE_PREFIX_PATH=${CMAKE_PREFIX_PATH}:/root/irslab_ws/install/tm_mod_urdf:/root/irslab_ws/install/pick_nav_place:/root/irslab_ws/install/pa_warehouse_status:/root/irslab_ws/install/hand_solo_virtual_nav:/root/irslab_ws/install/hand_solo_arm:/opt/ros/humble /usr/bin/cmake --build /root/irslab_ws/build/tm_msgs -- -j20 -l20
[2.373s] Invoking command in '/root/irslab_ws/build/tm_msgs': CMAKE_PREFIX_PATH=${CMAKE_PREFIX_PATH}:/root/irslab_ws/install/tm_mod_urdf:/root/irslab_ws/install/pick_nav_place:/root/irslab_ws/install/pa_warehouse_status:/root/irslab_ws/install/hand_solo_virtual_nav:/root/irslab_ws/install/hand_solo_arm:/opt/ros/humble /usr/bin/cmake --install /root/irslab_ws/build/tm_msgs
[2.385s] -- Install configuration: "Release"
[2.386s] -- Up-to-date: /root/irslab_ws/install/tm_msgs/share/ament_index/resource_index/rosidl_interfaces/tm_msgs
[2.386s] -- Up-to-date: /root/irslab_ws/install/tm_msgs/include/tm_msgs/tm_msgs
[2.386s] -- Up-to-date: /root/irslab_ws/install/tm_msgs/include/tm_msgs/tm_msgs/srv
[2.386s] -- Up-to-date: /root/irslab_ws/install/tm_msgs/include/tm_msgs/tm_msgs/srv/set_positions.h
[2.386s] -- Up-to-date: /root/irslab_ws/install/tm_msgs/include/tm_msgs/tm_msgs/srv/connect_tm.h
[2.386s] -- Up-to-date: /root/irslab_ws/install/tm_msgs/include/tm_msgs/tm_msgs/srv/set_io.h
[2.387s] -- Up-to-date: /root/irslab_ws/install/tm_msgs/include/tm_msgs/tm_msgs/srv/write_item.h
[2.387s] -- Up-to-date: /root/irslab_ws/install/tm_msgs/include/tm_msgs/tm_msgs/srv/ask_item.h
[2.387s] -- Up-to-date: /root/irslab_ws/install/tm_msgs/include/tm_msgs/tm_msgs/srv/ask_sta.h
[2.387s] -- Up-to-date: /root/irslab_ws/install/tm_msgs/include/tm_msgs/tm_msgs/srv/robot_command.h
[2.387s] -- Up-to-date: /root/irslab_ws/install/tm_msgs/include/tm_msgs/tm_msgs/srv/send_script.h
[2.387s] -- Up-to-date: /root/irslab_ws/install/tm_msgs/include/tm_msgs/tm_msgs/srv/detail
[2.387s] -- Up-to-date: /root/irslab_ws/install/tm_msgs/include/tm_msgs/tm_msgs/srv/detail/write_item__struct.h
[2.387s] -- Up-to-date: /root/irslab_ws/install/tm_msgs/include/tm_msgs/tm_msgs/srv/detail/send_script__functions.c
[2.387s] -- Up-to-date: /root/irslab_ws/install/tm_msgs/include/tm_msgs/tm_msgs/srv/detail/ask_sta__functions.h
[2.387s] -- Up-to-date: /root/irslab_ws/install/tm_msgs/include/tm_msgs/tm_msgs/srv/detail/connect_tm__functions.c
[2.388s] -- Up-to-date: /root/irslab_ws/install/tm_msgs/include/tm_msgs/tm_msgs/srv/detail/set_io__functions.h
[2.388s] -- Up-to-date: /root/irslab_ws/install/tm_msgs/include/tm_msgs/tm_msgs/srv/detail/send_script__struct.h
[2.388s] -- Up-to-date: /root/irslab_ws/install/tm_msgs/include/tm_msgs/tm_msgs/srv/detail/ask_item__struct.h
[2.388s] -- Up-to-date: /root/irslab_ws/install/tm_msgs/include/tm_msgs/tm_msgs/srv/detail/send_script__functions.h
[2.388s] -- Up-to-date: /root/irslab_ws/install/tm_msgs/include/tm_msgs/tm_msgs/srv/detail/set_io__functions.c
[2.388s] -- Up-to-date: /root/irslab_ws/install/tm_msgs/include/tm_msgs/tm_msgs/srv/detail/ask_sta__type_support.h
[2.388s] -- Up-to-date: /root/irslab_ws/install/tm_msgs/include/tm_msgs/tm_msgs/srv/detail/connect_tm__struct.h
[2.389s] -- Up-to-date: /root/irslab_ws/install/tm_msgs/include/tm_msgs/tm_msgs/srv/detail/connect_tm__functions.h
[2.389s] -- Up-to-date: /root/irslab_ws/install/tm_msgs/include/tm_msgs/tm_msgs/srv/detail/set_event__type_support.h
[2.392s] -- Up-to-date: /root/irslab_ws/install/tm_msgs/include/tm_msgs/tm_msgs/srv/detail/set_event__functions.c
[2.392s] -- Up-to-date: /root/irslab_ws/install/tm_msgs/include/tm_msgs/tm_msgs/srv/detail/write_item__functions.c
[2.392s] -- Up-to-date: /root/irslab_ws/install/tm_msgs/include/tm_msgs/tm_msgs/srv/detail/send_script__type_support.h
[2.392s] -- Up-to-date: /root/irslab_ws/install/tm_msgs/include/tm_msgs/tm_msgs/srv/detail/set_io__struct.h
[2.392s] -- Up-to-date: /root/irslab_ws/install/tm_msgs/include/tm_msgs/tm_msgs/srv/detail/ask_sta__functions.c
[2.392s] -- Up-to-date: /root/irslab_ws/install/tm_msgs/include/tm_msgs/tm_msgs/srv/detail/robot_command__type_support.h
[2.392s] -- Up-to-date: /root/irslab_ws/install/tm_msgs/include/tm_msgs/tm_msgs/srv/detail/robot_command__functions.c
[2.392s] -- Up-to-date: /root/irslab_ws/install/tm_msgs/include/tm_msgs/tm_msgs/srv/detail/robot_command__functions.h
[2.392s] -- Up-to-date: /root/irslab_ws/install/tm_msgs/include/tm_msgs/tm_msgs/srv/detail/set_event__functions.h
[2.393s] -- Up-to-date: /root/irslab_ws/install/tm_msgs/include/tm_msgs/tm_msgs/srv/detail/ask_sta__struct.h
[2.393s] -- Up-to-date: /root/irslab_ws/install/tm_msgs/include/tm_msgs/tm_msgs/srv/detail/write_item__type_support.h
[2.393s] -- Up-to-date: /root/irslab_ws/install/tm_msgs/include/tm_msgs/tm_msgs/srv/detail/set_positions__type_support.h
[2.393s] -- Up-to-date: /root/irslab_ws/install/tm_msgs/include/tm_msgs/tm_msgs/srv/detail/ask_item__type_support.h
[2.393s] -- Up-to-date: /root/irslab_ws/install/tm_msgs/include/tm_msgs/tm_msgs/srv/detail/ask_item__functions.h
[2.393s] -- Up-to-date: /root/irslab_ws/install/tm_msgs/include/tm_msgs/tm_msgs/srv/detail/write_item__functions.h
[2.393s] -- Up-to-date: /root/irslab_ws/install/tm_msgs/include/tm_msgs/tm_msgs/srv/detail/set_positions__functions.h
[2.393s] -- Up-to-date: /root/irslab_ws/install/tm_msgs/include/tm_msgs/tm_msgs/srv/detail/robot_command__struct.h
[2.393s] -- Up-to-date: /root/irslab_ws/install/tm_msgs/include/tm_msgs/tm_msgs/srv/detail/set_positions__functions.c
[2.393s] -- Up-to-date: /root/irslab_ws/install/tm_msgs/include/tm_msgs/tm_msgs/srv/detail/connect_tm__type_support.h
[2.393s] -- Up-to-date: /root/irslab_ws/install/tm_msgs/include/tm_msgs/tm_msgs/srv/detail/set_io__type_support.h
[2.393s] -- Up-to-date: /root/irslab_ws/install/tm_msgs/include/tm_msgs/tm_msgs/srv/detail/ask_item__functions.c
[2.394s] -- Up-to-date: /root/irslab_ws/install/tm_msgs/include/tm_msgs/tm_msgs/srv/detail/set_positions__struct.h
[2.394s] -- Up-to-date: /root/irslab_ws/install/tm_msgs/include/tm_msgs/tm_msgs/srv/detail/set_event__struct.h
[2.394s] -- Up-to-date: /root/irslab_ws/install/tm_msgs/include/tm_msgs/tm_msgs/srv/set_event.h
[2.394s] -- Up-to-date: /root/irslab_ws/install/tm_msgs/include/tm_msgs/tm_msgs/msg
[2.394s] -- Up-to-date: /root/irslab_ws/install/tm_msgs/include/tm_msgs/tm_msgs/msg/svr_response.h
[2.395s] -- Up-to-date: /root/irslab_ws/install/tm_msgs/include/tm_msgs/tm_msgs/msg/sct_response.h
[2.395s] -- Up-to-date: /root/irslab_ws/install/tm_msgs/include/tm_msgs/tm_msgs/msg/rosidl_generator_c__visibility_control.h
[2.395s] -- Up-to-date: /root/irslab_ws/install/tm_msgs/include/tm_msgs/tm_msgs/msg/feedback_state.h
[2.395s] -- Up-to-date: /root/irslab_ws/install/tm_msgs/include/tm_msgs/tm_msgs/msg/detail
[2.395s] -- Up-to-date: /root/irslab_ws/install/tm_msgs/include/tm_msgs/tm_msgs/msg/detail/feedback_state__type_support.h
[2.395s] -- Up-to-date: /root/irslab_ws/install/tm_msgs/include/tm_msgs/tm_msgs/msg/detail/svr_response__functions.h
[2.395s] -- Up-to-date: /root/irslab_ws/install/tm_msgs/include/tm_msgs/tm_msgs/msg/detail/sct_response__type_support.h
[2.395s] -- Up-to-date: /root/irslab_ws/install/tm_msgs/include/tm_msgs/tm_msgs/msg/detail/svr_response__struct.h
[2.395s] -- Up-to-date: /root/irslab_ws/install/tm_msgs/include/tm_msgs/tm_msgs/msg/detail/sct_response__struct.h
[2.395s] -- Up-to-date: /root/irslab_ws/install/tm_msgs/include/tm_msgs/tm_msgs/msg/detail/sta_response__type_support.h
[2.396s] -- Up-to-date: /root/irslab_ws/install/tm_msgs/include/tm_msgs/tm_msgs/msg/detail/svr_response__type_support.h
[2.396s] -- Up-to-date: /root/irslab_ws/install/tm_msgs/include/tm_msgs/tm_msgs/msg/detail/sta_response__struct.h
[2.396s] -- Up-to-date: /root/irslab_ws/install/tm_msgs/include/tm_msgs/tm_msgs/msg/detail/feedback_state__struct.h
[2.396s] -- Up-to-date: /root/irslab_ws/install/tm_msgs/include/tm_msgs/tm_msgs/msg/detail/sct_response__functions.h
[2.396s] -- Up-to-date: /root/irslab_ws/install/tm_msgs/include/tm_msgs/tm_msgs/msg/detail/feedback_state__functions.c
[2.396s] -- Up-to-date: /root/irslab_ws/install/tm_msgs/include/tm_msgs/tm_msgs/msg/detail/sta_response__functions.h
[2.396s] -- Up-to-date: /root/irslab_ws/install/tm_msgs/include/tm_msgs/tm_msgs/msg/detail/sct_response__functions.c
[2.396s] -- Up-to-date: /root/irslab_ws/install/tm_msgs/include/tm_msgs/tm_msgs/msg/detail/feedback_state__functions.h
[2.396s] -- Up-to-date: /root/irslab_ws/install/tm_msgs/include/tm_msgs/tm_msgs/msg/detail/svr_response__functions.c
[2.396s] -- Up-to-date: /root/irslab_ws/install/tm_msgs/include/tm_msgs/tm_msgs/msg/detail/sta_response__functions.c
[2.396s] -- Up-to-date: /root/irslab_ws/install/tm_msgs/include/tm_msgs/tm_msgs/msg/sta_response.h
[2.396s] -- Up-to-date: /root/irslab_ws/install/tm_msgs/share/tm_msgs/environment/library_path.sh
[2.397s] -- Installing: /root/irslab_ws/install/tm_msgs/share/tm_msgs/environment/library_path.dsv
[2.397s] -- Up-to-date: /root/irslab_ws/install/tm_msgs/lib/libtm_msgs__rosidl_generator_c.so
[2.397s] -- Up-to-date: /root/irslab_ws/install/tm_msgs/include/tm_msgs/tm_msgs
[2.397s] -- Up-to-date: /root/irslab_ws/install/tm_msgs/include/tm_msgs/tm_msgs/srv
[2.397s] -- Up-to-date: /root/irslab_ws/install/tm_msgs/include/tm_msgs/tm_msgs/srv/detail
[2.397s] -- Up-to-date: /root/irslab_ws/install/tm_msgs/include/tm_msgs/tm_msgs/srv/detail/ask_sta__rosidl_typesupport_fastrtps_c.h
[2.397s] -- Up-to-date: /root/irslab_ws/install/tm_msgs/include/tm_msgs/tm_msgs/srv/detail/robot_command__rosidl_typesupport_fastrtps_c.h
[2.397s] -- Up-to-date: /root/irslab_ws/install/tm_msgs/include/tm_msgs/tm_msgs/srv/detail/ask_item__rosidl_typesupport_fastrtps_c.h
[2.397s] -- Up-to-date: /root/irslab_ws/install/tm_msgs/include/tm_msgs/tm_msgs/srv/detail/send_script__rosidl_typesupport_fastrtps_c.h
[2.397s] -- Up-to-date: /root/irslab_ws/install/tm_msgs/include/tm_msgs/tm_msgs/srv/detail/set_io__rosidl_typesupport_fastrtps_c.h
[2.397s] -- Up-to-date: /root/irslab_ws/install/tm_msgs/include/tm_msgs/tm_msgs/srv/detail/set_positions__rosidl_typesupport_fastrtps_c.h
[2.397s] -- Up-to-date: /root/irslab_ws/install/tm_msgs/include/tm_msgs/tm_msgs/srv/detail/connect_tm__rosidl_typesupport_fastrtps_c.h
[2.398s] -- Up-to-date: /root/irslab_ws/install/tm_msgs/include/tm_msgs/tm_msgs/srv/detail/set_event__rosidl_typesupport_fastrtps_c.h
[2.398s] -- Up-to-date: /root/irslab_ws/install/tm_msgs/include/tm_msgs/tm_msgs/srv/detail/write_item__rosidl_typesupport_fastrtps_c.h
[2.398s] -- Up-to-date: /root/irslab_ws/install/tm_msgs/include/tm_msgs/tm_msgs/msg
[2.398s] -- Up-to-date: /root/irslab_ws/install/tm_msgs/include/tm_msgs/tm_msgs/msg/rosidl_typesupport_fastrtps_c__visibility_control.h
[2.398s] -- Up-to-date: /root/irslab_ws/install/tm_msgs/include/tm_msgs/tm_msgs/msg/detail
[2.398s] -- Up-to-date: /root/irslab_ws/install/tm_msgs/include/tm_msgs/tm_msgs/msg/detail/feedback_state__rosidl_typesupport_fastrtps_c.h
[2.398s] -- Up-to-date: /root/irslab_ws/install/tm_msgs/include/tm_msgs/tm_msgs/msg/detail/svr_response__rosidl_typesupport_fastrtps_c.h
[2.398s] -- Up-to-date: /root/irslab_ws/install/tm_msgs/include/tm_msgs/tm_msgs/msg/detail/sta_response__rosidl_typesupport_fastrtps_c.h
[2.398s] -- Up-to-date: /root/irslab_ws/install/tm_msgs/include/tm_msgs/tm_msgs/msg/detail/sct_response__rosidl_typesupport_fastrtps_c.h
[2.398s] -- Up-to-date: /root/irslab_ws/install/tm_msgs/lib/libtm_msgs__rosidl_typesupport_fastrtps_c.so
[2.398s] -- Up-to-date: /root/irslab_ws/install/tm_msgs/include/tm_msgs/tm_msgs
[2.398s] -- Up-to-date: /root/irslab_ws/install/tm_msgs/include/tm_msgs/tm_msgs/srv
[2.398s] -- Up-to-date: /root/irslab_ws/install/tm_msgs/include/tm_msgs/tm_msgs/srv/detail
[2.399s] -- Up-to-date: /root/irslab_ws/install/tm_msgs/include/tm_msgs/tm_msgs/srv/detail/set_positions__type_support.c
[2.399s] -- Up-to-date: /root/irslab_ws/install/tm_msgs/include/tm_msgs/tm_msgs/srv/detail/send_script__type_support.c
[2.399s] -- Up-to-date: /root/irslab_ws/install/tm_msgs/include/tm_msgs/tm_msgs/srv/detail/connect_tm__type_support.c
[2.399s] -- Up-to-date: /root/irslab_ws/install/tm_msgs/include/tm_msgs/tm_msgs/srv/detail/ask_sta__type_support.c
[2.399s] -- Up-to-date: /root/irslab_ws/install/tm_msgs/include/tm_msgs/tm_msgs/srv/detail/connect_tm__rosidl_typesupport_introspection_c.h
[2.399s] -- Up-to-date: /root/irslab_ws/install/tm_msgs/include/tm_msgs/tm_msgs/srv/detail/robot_command__rosidl_typesupport_introspection_c.h
[2.399s] -- Up-to-date: /root/irslab_ws/install/tm_msgs/include/tm_msgs/tm_msgs/srv/detail/set_event__rosidl_typesupport_introspection_c.h
[2.399s] -- Up-to-date: /root/irslab_ws/install/tm_msgs/include/tm_msgs/tm_msgs/srv/detail/send_script__rosidl_typesupport_introspection_c.h
[2.399s] -- Up-to-date: /root/irslab_ws/install/tm_msgs/include/tm_msgs/tm_msgs/srv/detail/write_item__type_support.c
[2.399s] -- Up-to-date: /root/irslab_ws/install/tm_msgs/include/tm_msgs/tm_msgs/srv/detail/write_item__rosidl_typesupport_introspection_c.h
[2.399s] -- Up-to-date: /root/irslab_ws/install/tm_msgs/include/tm_msgs/tm_msgs/srv/detail/ask_item__type_support.c
[2.399s] -- Up-to-date: /root/irslab_ws/install/tm_msgs/include/tm_msgs/tm_msgs/srv/detail/set_event__type_support.c
[2.399s] -- Up-to-date: /root/irslab_ws/install/tm_msgs/include/tm_msgs/tm_msgs/srv/detail/robot_command__type_support.c
[2.399s] -- Up-to-date: /root/irslab_ws/install/tm_msgs/include/tm_msgs/tm_msgs/srv/detail/set_io__type_support.c
[2.400s] -- Up-to-date: /root/irslab_ws/install/tm_msgs/include/tm_msgs/tm_msgs/srv/detail/ask_item__rosidl_typesupport_introspection_c.h
[2.400s] -- Up-to-date: /root/irslab_ws/install/tm_msgs/include/tm_msgs/tm_msgs/srv/detail/ask_sta__rosidl_typesupport_introspection_c.h
[2.400s] -- Up-to-date: /root/irslab_ws/install/tm_msgs/include/tm_msgs/tm_msgs/srv/detail/set_io__rosidl_typesupport_introspection_c.h
[2.400s] -- Up-to-date: /root/irslab_ws/install/tm_msgs/include/tm_msgs/tm_msgs/srv/detail/set_positions__rosidl_typesupport_introspection_c.h
[2.400s] -- Up-to-date: /root/irslab_ws/install/tm_msgs/include/tm_msgs/tm_msgs/msg
[2.400s] -- Up-to-date: /root/irslab_ws/install/tm_msgs/include/tm_msgs/tm_msgs/msg/rosidl_typesupport_introspection_c__visibility_control.h
[2.400s] -- Up-to-date: /root/irslab_ws/install/tm_msgs/include/tm_msgs/tm_msgs/msg/detail
[2.400s] -- Up-to-date: /root/irslab_ws/install/tm_msgs/include/tm_msgs/tm_msgs/msg/detail/feedback_state__rosidl_typesupport_introspection_c.h
[2.400s] -- Up-to-date: /root/irslab_ws/install/tm_msgs/include/tm_msgs/tm_msgs/msg/detail/feedback_state__type_support.c
[2.400s] -- Up-to-date: /root/irslab_ws/install/tm_msgs/include/tm_msgs/tm_msgs/msg/detail/sct_response__type_support.c
[2.401s] -- Up-to-date: /root/irslab_ws/install/tm_msgs/include/tm_msgs/tm_msgs/msg/detail/svr_response__rosidl_typesupport_introspection_c.h
[2.401s] -- Up-to-date: /root/irslab_ws/install/tm_msgs/include/tm_msgs/tm_msgs/msg/detail/sct_response__rosidl_typesupport_introspection_c.h
[2.401s] -- Up-to-date: /root/irslab_ws/install/tm_msgs/include/tm_msgs/tm_msgs/msg/detail/sta_response__rosidl_typesupport_introspection_c.h
[2.401s] -- Up-to-date: /root/irslab_ws/install/tm_msgs/include/tm_msgs/tm_msgs/msg/detail/svr_response__type_support.c
[2.401s] -- Up-to-date: /root/irslab_ws/install/tm_msgs/include/tm_msgs/tm_msgs/msg/detail/sta_response__type_support.c
[2.401s] -- Up-to-date: /root/irslab_ws/install/tm_msgs/lib/libtm_msgs__rosidl_typesupport_introspection_c.so
[2.401s] -- Up-to-date: /root/irslab_ws/install/tm_msgs/lib/libtm_msgs__rosidl_typesupport_c.so
[2.401s] -- Up-to-date: /root/irslab_ws/install/tm_msgs/include/tm_msgs/tm_msgs
[2.401s] -- Up-to-date: /root/irslab_ws/install/tm_msgs/include/tm_msgs/tm_msgs/srv
[2.401s] -- Up-to-date: /root/irslab_ws/install/tm_msgs/include/tm_msgs/tm_msgs/srv/set_event.hpp
[2.401s] -- Up-to-date: /root/irslab_ws/install/tm_msgs/include/tm_msgs/tm_msgs/srv/set_io.hpp
[2.401s] -- Up-to-date: /root/irslab_ws/install/tm_msgs/include/tm_msgs/tm_msgs/srv/ask_sta.hpp
[2.401s] -- Up-to-date: /root/irslab_ws/install/tm_msgs/include/tm_msgs/tm_msgs/srv/write_item.hpp
[2.401s] -- Up-to-date: /root/irslab_ws/install/tm_msgs/include/tm_msgs/tm_msgs/srv/ask_item.hpp
[2.401s] -- Up-to-date: /root/irslab_ws/install/tm_msgs/include/tm_msgs/tm_msgs/srv/send_script.hpp
[2.402s] -- Up-to-date: /root/irslab_ws/install/tm_msgs/include/tm_msgs/tm_msgs/srv/connect_tm.hpp
[2.402s] -- Up-to-date: /root/irslab_ws/install/tm_msgs/include/tm_msgs/tm_msgs/srv/robot_command.hpp
[2.402s] -- Up-to-date: /root/irslab_ws/install/tm_msgs/include/tm_msgs/tm_msgs/srv/set_positions.hpp
[2.402s] -- Up-to-date: /root/irslab_ws/install/tm_msgs/include/tm_msgs/tm_msgs/srv/detail
[2.402s] -- Up-to-date: /root/irslab_ws/install/tm_msgs/include/tm_msgs/tm_msgs/srv/detail/ask_sta__builder.hpp
[2.402s] -- Up-to-date: /root/irslab_ws/install/tm_msgs/include/tm_msgs/tm_msgs/srv/detail/robot_command__builder.hpp
[2.402s] -- Up-to-date: /root/irslab_ws/install/tm_msgs/include/tm_msgs/tm_msgs/srv/detail/write_item__type_support.hpp
[2.402s] -- Up-to-date: /root/irslab_ws/install/tm_msgs/include/tm_msgs/tm_msgs/srv/detail/set_event__type_support.hpp
[2.402s] -- Up-to-date: /root/irslab_ws/install/tm_msgs/include/tm_msgs/tm_msgs/srv/detail/set_event__traits.hpp
[2.402s] -- Up-to-date: /root/irslab_ws/install/tm_msgs/include/tm_msgs/tm_msgs/srv/detail/set_io__struct.hpp
[2.402s] -- Up-to-date: /root/irslab_ws/install/tm_msgs/include/tm_msgs/tm_msgs/srv/detail/connect_tm__builder.hpp
[2.402s] -- Up-to-date: /root/irslab_ws/install/tm_msgs/include/tm_msgs/tm_msgs/srv/detail/ask_sta__type_support.hpp
[2.402s] -- Up-to-date: /root/irslab_ws/install/tm_msgs/include/tm_msgs/tm_msgs/srv/detail/robot_command__traits.hpp
[2.402s] -- Up-to-date: /root/irslab_ws/install/tm_msgs/include/tm_msgs/tm_msgs/srv/detail/set_positions__traits.hpp
[2.403s] -- Up-to-date: /root/irslab_ws/install/tm_msgs/include/tm_msgs/tm_msgs/srv/detail/write_item__struct.hpp
[2.403s] -- Up-to-date: /root/irslab_ws/install/tm_msgs/include/tm_msgs/tm_msgs/srv/detail/robot_command__type_support.hpp
[2.403s] -- Up-to-date: /root/irslab_ws/install/tm_msgs/include/tm_msgs/tm_msgs/srv/detail/set_io__builder.hpp
[2.403s] -- Up-to-date: /root/irslab_ws/install/tm_msgs/include/tm_msgs/tm_msgs/srv/detail/set_io__type_support.hpp
[2.403s] -- Up-to-date: /root/irslab_ws/install/tm_msgs/include/tm_msgs/tm_msgs/srv/detail/send_script__type_support.hpp
[2.403s] -- Up-to-date: /root/irslab_ws/install/tm_msgs/include/tm_msgs/tm_msgs/srv/detail/set_event__struct.hpp
[2.403s] -- Up-to-date: /root/irslab_ws/install/tm_msgs/include/tm_msgs/tm_msgs/srv/detail/set_positions__type_support.hpp
[2.403s] -- Up-to-date: /root/irslab_ws/install/tm_msgs/include/tm_msgs/tm_msgs/srv/detail/send_script__traits.hpp
[2.403s] -- Up-to-date: /root/irslab_ws/install/tm_msgs/include/tm_msgs/tm_msgs/srv/detail/ask_item__traits.hpp
[2.403s] -- Up-to-date: /root/irslab_ws/install/tm_msgs/include/tm_msgs/tm_msgs/srv/detail/connect_tm__traits.hpp
[2.403s] -- Up-to-date: /root/irslab_ws/install/tm_msgs/include/tm_msgs/tm_msgs/srv/detail/ask_sta__traits.hpp
[2.403s] -- Up-to-date: /root/irslab_ws/install/tm_msgs/include/tm_msgs/tm_msgs/srv/detail/write_item__traits.hpp
[2.403s] -- Up-to-date: /root/irslab_ws/install/tm_msgs/include/tm_msgs/tm_msgs/srv/detail/ask_item__type_support.hpp
[2.403s] -- Up-to-date: /root/irslab_ws/install/tm_msgs/include/tm_msgs/tm_msgs/srv/detail/set_event__builder.hpp
[2.403s] -- Up-to-date: /root/irslab_ws/install/tm_msgs/include/tm_msgs/tm_msgs/srv/detail/send_script__builder.hpp
[2.404s] -- Up-to-date: /root/irslab_ws/install/tm_msgs/include/tm_msgs/tm_msgs/srv/detail/set_positions__struct.hpp
[2.404s] -- Up-to-date: /root/irslab_ws/install/tm_msgs/include/tm_msgs/tm_msgs/srv/detail/set_positions__builder.hpp
[2.404s] -- Up-to-date: /root/irslab_ws/install/tm_msgs/include/tm_msgs/tm_msgs/srv/detail/ask_item__struct.hpp
[2.404s] -- Up-to-date: /root/irslab_ws/install/tm_msgs/include/tm_msgs/tm_msgs/srv/detail/robot_command__struct.hpp
[2.404s] -- Up-to-date: /root/irslab_ws/install/tm_msgs/include/tm_msgs/tm_msgs/srv/detail/write_item__builder.hpp
[2.404s] -- Up-to-date: /root/irslab_ws/install/tm_msgs/include/tm_msgs/tm_msgs/srv/detail/ask_sta__struct.hpp
[2.404s] -- Up-to-date: /root/irslab_ws/install/tm_msgs/include/tm_msgs/tm_msgs/srv/detail/set_io__traits.hpp
[2.404s] -- Up-to-date: /root/irslab_ws/install/tm_msgs/include/tm_msgs/tm_msgs/srv/detail/ask_item__builder.hpp
[2.404s] -- Up-to-date: /root/irslab_ws/install/tm_msgs/include/tm_msgs/tm_msgs/srv/detail/connect_tm__type_support.hpp
[2.404s] -- Up-to-date: /root/irslab_ws/install/tm_msgs/include/tm_msgs/tm_msgs/srv/detail/connect_tm__struct.hpp
[2.404s] -- Up-to-date: /root/irslab_ws/install/tm_msgs/include/tm_msgs/tm_msgs/srv/detail/send_script__struct.hpp
[2.404s] -- Up-to-date: /root/irslab_ws/install/tm_msgs/include/tm_msgs/tm_msgs/msg
[2.404s] -- Up-to-date: /root/irslab_ws/install/tm_msgs/include/tm_msgs/tm_msgs/msg/sct_response.hpp
[2.405s] -- Up-to-date: /root/irslab_ws/install/tm_msgs/include/tm_msgs/tm_msgs/msg/svr_response.hpp
[2.405s] -- Up-to-date: /root/irslab_ws/install/tm_msgs/include/tm_msgs/tm_msgs/msg/rosidl_generator_cpp__visibility_control.hpp
[2.405s] -- Up-to-date: /root/irslab_ws/install/tm_msgs/include/tm_msgs/tm_msgs/msg/feedback_state.hpp
[2.405s] -- Up-to-date: /root/irslab_ws/install/tm_msgs/include/tm_msgs/tm_msgs/msg/sta_response.hpp
[2.405s] -- Up-to-date: /root/irslab_ws/install/tm_msgs/include/tm_msgs/tm_msgs/msg/detail
[2.405s] -- Up-to-date: /root/irslab_ws/install/tm_msgs/include/tm_msgs/tm_msgs/msg/detail/svr_response__struct.hpp
[2.405s] -- Up-to-date: /root/irslab_ws/install/tm_msgs/include/tm_msgs/tm_msgs/msg/detail/svr_response__traits.hpp
[2.405s] -- Up-to-date: /root/irslab_ws/install/tm_msgs/include/tm_msgs/tm_msgs/msg/detail/sta_response__type_support.hpp
[2.405s] -- Up-to-date: /root/irslab_ws/install/tm_msgs/include/tm_msgs/tm_msgs/msg/detail/sta_response__traits.hpp
[2.405s] -- Up-to-date: /root/irslab_ws/install/tm_msgs/include/tm_msgs/tm_msgs/msg/detail/svr_response__type_support.hpp
[2.405s] -- Up-to-date: /root/irslab_ws/install/tm_msgs/include/tm_msgs/tm_msgs/msg/detail/feedback_state__traits.hpp
[2.405s] -- Up-to-date: /root/irslab_ws/install/tm_msgs/include/tm_msgs/tm_msgs/msg/detail/sct_response__struct.hpp
[2.405s] -- Up-to-date: /root/irslab_ws/install/tm_msgs/include/tm_msgs/tm_msgs/msg/detail/feedback_state__struct.hpp
[2.405s] -- Up-to-date: /root/irslab_ws/install/tm_msgs/include/tm_msgs/tm_msgs/msg/detail/sta_response__builder.hpp
[2.405s] -- Up-to-date: /root/irslab_ws/install/tm_msgs/include/tm_msgs/tm_msgs/msg/detail/sct_response__type_support.hpp
[2.406s] -- Up-to-date: /root/irslab_ws/install/tm_msgs/include/tm_msgs/tm_msgs/msg/detail/sta_response__struct.hpp
[2.406s] -- Up-to-date: /root/irslab_ws/install/tm_msgs/include/tm_msgs/tm_msgs/msg/detail/feedback_state__type_support.hpp
[2.406s] -- Up-to-date: /root/irslab_ws/install/tm_msgs/include/tm_msgs/tm_msgs/msg/detail/feedback_state__builder.hpp
[2.406s] -- Up-to-date: /root/irslab_ws/install/tm_msgs/include/tm_msgs/tm_msgs/msg/detail/sct_response__traits.hpp
[2.406s] -- Up-to-date: /root/irslab_ws/install/tm_msgs/include/tm_msgs/tm_msgs/msg/detail/svr_response__builder.hpp
[2.406s] -- Up-to-date: /root/irslab_ws/install/tm_msgs/include/tm_msgs/tm_msgs/msg/detail/sct_response__builder.hpp
[2.406s] -- Up-to-date: /root/irslab_ws/install/tm_msgs/include/tm_msgs/tm_msgs
[2.406s] -- Up-to-date: /root/irslab_ws/install/tm_msgs/include/tm_msgs/tm_msgs/srv
[2.406s] -- Up-to-date: /root/irslab_ws/install/tm_msgs/include/tm_msgs/tm_msgs/srv/detail
[2.406s] -- Up-to-date: /root/irslab_ws/install/tm_msgs/include/tm_msgs/tm_msgs/srv/detail/ask_sta__rosidl_typesupport_fastrtps_cpp.hpp
[2.406s] -- Up-to-date: /root/irslab_ws/install/tm_msgs/include/tm_msgs/tm_msgs/srv/detail/robot_command__rosidl_typesupport_fastrtps_cpp.hpp
[2.406s] -- Up-to-date: /root/irslab_ws/install/tm_msgs/include/tm_msgs/tm_msgs/srv/detail/connect_tm__rosidl_typesupport_fastrtps_cpp.hpp
[2.406s] -- Up-to-date: /root/irslab_ws/install/tm_msgs/include/tm_msgs/tm_msgs/srv/detail/ask_item__rosidl_typesupport_fastrtps_cpp.hpp
[2.406s] -- Up-to-date: /root/irslab_ws/install/tm_msgs/include/tm_msgs/tm_msgs/srv/detail/write_item__rosidl_typesupport_fastrtps_cpp.hpp
[2.407s] -- Up-to-date: /root/irslab_ws/install/tm_msgs/include/tm_msgs/tm_msgs/srv/detail/set_io__rosidl_typesupport_fastrtps_cpp.hpp
[2.407s] -- Up-to-date: /root/irslab_ws/install/tm_msgs/include/tm_msgs/tm_msgs/srv/detail/send_script__rosidl_typesupport_fastrtps_cpp.hpp
[2.407s] -- Up-to-date: /root/irslab_ws/install/tm_msgs/include/tm_msgs/tm_msgs/srv/detail/set_event__rosidl_typesupport_fastrtps_cpp.hpp
[2.407s] -- Up-to-date: /root/irslab_ws/install/tm_msgs/include/tm_msgs/tm_msgs/srv/detail/dds_fastrtps
[2.407s] -- Up-to-date: /root/irslab_ws/install/tm_msgs/include/tm_msgs/tm_msgs/srv/detail/set_positions__rosidl_typesupport_fastrtps_cpp.hpp
[2.407s] -- Up-to-date: /root/irslab_ws/install/tm_msgs/include/tm_msgs/tm_msgs/msg
[2.407s] -- Up-to-date: /root/irslab_ws/install/tm_msgs/include/tm_msgs/tm_msgs/msg/rosidl_typesupport_fastrtps_cpp__visibility_control.h
[2.407s] -- Up-to-date: /root/irslab_ws/install/tm_msgs/include/tm_msgs/tm_msgs/msg/detail
[2.407s] -- Up-to-date: /root/irslab_ws/install/tm_msgs/include/tm_msgs/tm_msgs/msg/detail/feedback_state__rosidl_typesupport_fastrtps_cpp.hpp
[2.407s] -- Up-to-date: /root/irslab_ws/install/tm_msgs/include/tm_msgs/tm_msgs/msg/detail/svr_response__rosidl_typesupport_fastrtps_cpp.hpp
[2.407s] -- Up-to-date: /root/irslab_ws/install/tm_msgs/include/tm_msgs/tm_msgs/msg/detail/sta_response__rosidl_typesupport_fastrtps_cpp.hpp
[2.407s] -- Up-to-date: /root/irslab_ws/install/tm_msgs/include/tm_msgs/tm_msgs/msg/detail/sct_response__rosidl_typesupport_fastrtps_cpp.hpp
[2.407s] -- Up-to-date: /root/irslab_ws/install/tm_msgs/include/tm_msgs/tm_msgs/msg/detail/dds_fastrtps
[2.407s] -- Up-to-date: /root/irslab_ws/install/tm_msgs/lib/libtm_msgs__rosidl_typesupport_fastrtps_cpp.so
[2.408s] -- Up-to-date: /root/irslab_ws/install/tm_msgs/include/tm_msgs/tm_msgs
[2.408s] -- Up-to-date: /root/irslab_ws/install/tm_msgs/include/tm_msgs/tm_msgs/srv
[2.408s] -- Up-to-date: /root/irslab_ws/install/tm_msgs/include/tm_msgs/tm_msgs/srv/detail
[2.408s] -- Up-to-date: /root/irslab_ws/install/tm_msgs/include/tm_msgs/tm_msgs/srv/detail/send_script__type_support.cpp
[2.408s] -- Up-to-date: /root/irslab_ws/install/tm_msgs/include/tm_msgs/tm_msgs/srv/detail/ask_item__type_support.cpp
[2.408s] -- Up-to-date: /root/irslab_ws/install/tm_msgs/include/tm_msgs/tm_msgs/srv/detail/set_event__rosidl_typesupport_introspection_cpp.hpp
[2.408s] -- Up-to-date: /root/irslab_ws/install/tm_msgs/include/tm_msgs/tm_msgs/srv/detail/ask_item__rosidl_typesupport_introspection_cpp.hpp
[2.408s] -- Up-to-date: /root/irslab_ws/install/tm_msgs/include/tm_msgs/tm_msgs/srv/detail/send_script__rosidl_typesupport_introspection_cpp.hpp
[2.408s] -- Up-to-date: /root/irslab_ws/install/tm_msgs/include/tm_msgs/tm_msgs/srv/detail/ask_sta__rosidl_typesupport_introspection_cpp.hpp
[2.408s] -- Up-to-date: /root/irslab_ws/install/tm_msgs/include/tm_msgs/tm_msgs/srv/detail/ask_sta__type_support.cpp
[2.408s] -- Up-to-date: /root/irslab_ws/install/tm_msgs/include/tm_msgs/tm_msgs/srv/detail/set_event__type_support.cpp
[2.408s] -- Up-to-date: /root/irslab_ws/install/tm_msgs/include/tm_msgs/tm_msgs/srv/detail/set_positions__rosidl_typesupport_introspection_cpp.hpp
[2.408s] -- Up-to-date: /root/irslab_ws/install/tm_msgs/include/tm_msgs/tm_msgs/srv/detail/write_item__rosidl_typesupport_introspection_cpp.hpp
[2.409s] -- Up-to-date: /root/irslab_ws/install/tm_msgs/include/tm_msgs/tm_msgs/srv/detail/robot_command__rosidl_typesupport_introspection_cpp.hpp
[2.409s] -- Up-to-date: /root/irslab_ws/install/tm_msgs/include/tm_msgs/tm_msgs/srv/detail/write_item__type_support.cpp
[2.409s] -- Up-to-date: /root/irslab_ws/install/tm_msgs/include/tm_msgs/tm_msgs/srv/detail/connect_tm__rosidl_typesupport_introspection_cpp.hpp
[2.409s] -- Up-to-date: /root/irslab_ws/install/tm_msgs/include/tm_msgs/tm_msgs/srv/detail/set_io__rosidl_typesupport_introspection_cpp.hpp
[2.409s] -- Up-to-date: /root/irslab_ws/install/tm_msgs/include/tm_msgs/tm_msgs/srv/detail/connect_tm__type_support.cpp
[2.409s] -- Up-to-date: /root/irslab_ws/install/tm_msgs/include/tm_msgs/tm_msgs/srv/detail/robot_command__type_support.cpp
[2.409s] -- Up-to-date: /root/irslab_ws/install/tm_msgs/include/tm_msgs/tm_msgs/srv/detail/set_positions__type_support.cpp
[2.409s] -- Up-to-date: /root/irslab_ws/install/tm_msgs/include/tm_msgs/tm_msgs/srv/detail/set_io__type_support.cpp
[2.409s] -- Up-to-date: /root/irslab_ws/install/tm_msgs/include/tm_msgs/tm_msgs/msg
[2.409s] -- Up-to-date: /root/irslab_ws/install/tm_msgs/include/tm_msgs/tm_msgs/msg/detail
[2.410s] -- Up-to-date: /root/irslab_ws/install/tm_msgs/include/tm_msgs/tm_msgs/msg/detail/sta_response__rosidl_typesupport_introspection_cpp.hpp
[2.410s] -- Up-to-date: /root/irslab_ws/install/tm_msgs/include/tm_msgs/tm_msgs/msg/detail/svr_response__type_support.cpp
[2.410s] -- Up-to-date: /root/irslab_ws/install/tm_msgs/include/tm_msgs/tm_msgs/msg/detail/feedback_state__rosidl_typesupport_introspection_cpp.hpp
[2.410s] -- Up-to-date: /root/irslab_ws/install/tm_msgs/include/tm_msgs/tm_msgs/msg/detail/feedback_state__type_support.cpp
[2.410s] -- Up-to-date: /root/irslab_ws/install/tm_msgs/include/tm_msgs/tm_msgs/msg/detail/sct_response__rosidl_typesupport_introspection_cpp.hpp
[2.410s] -- Up-to-date: /root/irslab_ws/install/tm_msgs/include/tm_msgs/tm_msgs/msg/detail/sta_response__type_support.cpp
[2.410s] -- Up-to-date: /root/irslab_ws/install/tm_msgs/include/tm_msgs/tm_msgs/msg/detail/sct_response__type_support.cpp
[2.410s] -- Up-to-date: /root/irslab_ws/install/tm_msgs/include/tm_msgs/tm_msgs/msg/detail/svr_response__rosidl_typesupport_introspection_cpp.hpp
[2.410s] -- Up-to-date: /root/irslab_ws/install/tm_msgs/lib/libtm_msgs__rosidl_typesupport_introspection_cpp.so
[2.410s] -- Up-to-date: /root/irslab_ws/install/tm_msgs/lib/libtm_msgs__rosidl_typesupport_cpp.so
[2.410s] -- Up-to-date: /root/irslab_ws/install/tm_msgs/share/tm_msgs/environment/pythonpath.sh
[2.411s] -- Installing: /root/irslab_ws/install/tm_msgs/share/tm_msgs/environment/pythonpath.dsv
[2.411s] -- Up-to-date: /root/irslab_ws/install/tm_msgs/local/lib/python3.10/dist-packages/tm_msgs-1.1.2-py3.10.egg-info
[2.411s] -- Installing: /root/irslab_ws/install/tm_msgs/local/lib/python3.10/dist-packages/tm_msgs-1.1.2-py3.10.egg-info/top_level.txt
[2.411s] -- Installing: /root/irslab_ws/install/tm_msgs/local/lib/python3.10/dist-packages/tm_msgs-1.1.2-py3.10.egg-info/SOURCES.txt
[2.411s] -- Installing: /root/irslab_ws/install/tm_msgs/local/lib/python3.10/dist-packages/tm_msgs-1.1.2-py3.10.egg-info/PKG-INFO
[2.411s] -- Installing: /root/irslab_ws/install/tm_msgs/local/lib/python3.10/dist-packages/tm_msgs-1.1.2-py3.10.egg-info/dependency_links.txt
[2.411s] -- Up-to-date: /root/irslab_ws/install/tm_msgs/local/lib/python3.10/dist-packages/tm_msgs
[2.411s] -- Installing: /root/irslab_ws/install/tm_msgs/local/lib/python3.10/dist-packages/tm_msgs/__init__.py
[2.412s] -- Up-to-date: /root/irslab_ws/install/tm_msgs/local/lib/python3.10/dist-packages/tm_msgs/_tm_msgs_s.ep.rosidl_typesupport_fastrtps_c.c
[2.412s] -- Up-to-date: /root/irslab_ws/install/tm_msgs/local/lib/python3.10/dist-packages/tm_msgs/tm_msgs_s__rosidl_typesupport_c.cpython-310-x86_64-linux-gnu.so
[2.412s] -- Up-to-date: /root/irslab_ws/install/tm_msgs/local/lib/python3.10/dist-packages/tm_msgs/libtm_msgs__rosidl_generator_py.so
[2.412s] -- Up-to-date: /root/irslab_ws/install/tm_msgs/local/lib/python3.10/dist-packages/tm_msgs/srv
[2.412s] -- Up-to-date: /root/irslab_ws/install/tm_msgs/local/lib/python3.10/dist-packages/tm_msgs/srv/_send_script.py
[2.412s] -- Up-to-date: /root/irslab_ws/install/tm_msgs/local/lib/python3.10/dist-packages/tm_msgs/srv/_ask_item.py
[2.412s] -- Up-to-date: /root/irslab_ws/install/tm_msgs/local/lib/python3.10/dist-packages/tm_msgs/srv/_ask_sta_s.c
[2.412s] -- Up-to-date: /root/irslab_ws/install/tm_msgs/local/lib/python3.10/dist-packages/tm_msgs/srv/__init__.py
[2.412s] -- Up-to-date: /root/irslab_ws/install/tm_msgs/local/lib/python3.10/dist-packages/tm_msgs/srv/_ask_item_s.c
[2.412s] -- Up-to-date: /root/irslab_ws/install/tm_msgs/local/lib/python3.10/dist-packages/tm_msgs/srv/_robot_command_s.c
[2.413s] -- Up-to-date: /root/irslab_ws/install/tm_msgs/local/lib/python3.10/dist-packages/tm_msgs/srv/_robot_command.py
[2.413s] -- Up-to-date: /root/irslab_ws/install/tm_msgs/local/lib/python3.10/dist-packages/tm_msgs/srv/_write_item_s.c
[2.413s] -- Up-to-date: /root/irslab_ws/install/tm_msgs/local/lib/python3.10/dist-packages/tm_msgs/srv/_set_io.py
[2.413s] -- Up-to-date: /root/irslab_ws/install/tm_msgs/local/lib/python3.10/dist-packages/tm_msgs/srv/_send_script_s.c
[2.413s] -- Up-to-date: /root/irslab_ws/install/tm_msgs/local/lib/python3.10/dist-packages/tm_msgs/srv/_write_item.py
[2.413s] -- Up-to-date: /root/irslab_ws/install/tm_msgs/local/lib/python3.10/dist-packages/tm_msgs/srv/_ask_sta.py
[2.413s] -- Up-to-date: /root/irslab_ws/install/tm_msgs/local/lib/python3.10/dist-packages/tm_msgs/srv/_set_event.py
[2.413s] -- Up-to-date: /root/irslab_ws/install/tm_msgs/local/lib/python3.10/dist-packages/tm_msgs/srv/_connect_tm_s.c
[2.413s] -- Up-to-date: /root/irslab_ws/install/tm_msgs/local/lib/python3.10/dist-packages/tm_msgs/srv/_connect_tm.py
[2.413s] -- Up-to-date: /root/irslab_ws/install/tm_msgs/local/lib/python3.10/dist-packages/tm_msgs/srv/_set_positions.py
[2.413s] -- Up-to-date: /root/irslab_ws/install/tm_msgs/local/lib/python3.10/dist-packages/tm_msgs/srv/_set_io_s.c
[2.413s] -- Up-to-date: /root/irslab_ws/install/tm_msgs/local/lib/python3.10/dist-packages/tm_msgs/srv/_set_positions_s.c
[2.413s] -- Up-to-date: /root/irslab_ws/install/tm_msgs/local/lib/python3.10/dist-packages/tm_msgs/srv/_set_event_s.c
[2.413s] -- Up-to-date: /root/irslab_ws/install/tm_msgs/local/lib/python3.10/dist-packages/tm_msgs/_tm_msgs_s.ep.rosidl_typesupport_c.c
[2.414s] -- Up-to-date: /root/irslab_ws/install/tm_msgs/local/lib/python3.10/dist-packages/tm_msgs/_tm_msgs_s.ep.rosidl_typesupport_introspection_c.c
[2.414s] -- Up-to-date: /root/irslab_ws/install/tm_msgs/local/lib/python3.10/dist-packages/tm_msgs/tm_msgs_s__rosidl_typesupport_introspection_c.cpython-310-x86_64-linux-gnu.so
[2.414s] -- Up-to-date: /root/irslab_ws/install/tm_msgs/local/lib/python3.10/dist-packages/tm_msgs/tm_msgs_s__rosidl_typesupport_fastrtps_c.cpython-310-x86_64-linux-gnu.so
[2.414s] -- Up-to-date: /root/irslab_ws/install/tm_msgs/local/lib/python3.10/dist-packages/tm_msgs/msg
[2.414s] -- Up-to-date: /root/irslab_ws/install/tm_msgs/local/lib/python3.10/dist-packages/tm_msgs/msg/__init__.py
[2.414s] -- Up-to-date: /root/irslab_ws/install/tm_msgs/local/lib/python3.10/dist-packages/tm_msgs/msg/_feedback_state_s.c
[2.414s] -- Up-to-date: /root/irslab_ws/install/tm_msgs/local/lib/python3.10/dist-packages/tm_msgs/msg/_sct_response_s.c
[2.414s] -- Up-to-date: /root/irslab_ws/install/tm_msgs/local/lib/python3.10/dist-packages/tm_msgs/msg/_feedback_state.py
[2.414s] -- Up-to-date: /root/irslab_ws/install/tm_msgs/local/lib/python3.10/dist-packages/tm_msgs/msg/_svr_response_s.c
[2.414s] -- Up-to-date: /root/irslab_ws/install/tm_msgs/local/lib/python3.10/dist-packages/tm_msgs/msg/_sta_response_s.c
[2.414s] -- Up-to-date: /root/irslab_ws/install/tm_msgs/local/lib/python3.10/dist-packages/tm_msgs/msg/_sct_response.py
[2.414s] -- Up-to-date: /root/irslab_ws/install/tm_msgs/local/lib/python3.10/dist-packages/tm_msgs/msg/_sta_response.py
[2.414s] -- Up-to-date: /root/irslab_ws/install/tm_msgs/local/lib/python3.10/dist-packages/tm_msgs/msg/_svr_response.py
[2.438s] Listing '/root/irslab_ws/install/tm_msgs/local/lib/python3.10/dist-packages/tm_msgs'...
[2.439s] Compiling '/root/irslab_ws/install/tm_msgs/local/lib/python3.10/dist-packages/tm_msgs/__init__.py'...
[2.440s] Listing '/root/irslab_ws/install/tm_msgs/local/lib/python3.10/dist-packages/tm_msgs/msg'...
[2.440s] Listing '/root/irslab_ws/install/tm_msgs/local/lib/python3.10/dist-packages/tm_msgs/srv'...
[2.446s] -- Up-to-date: /root/irslab_ws/install/tm_msgs/local/lib/python3.10/dist-packages/tm_msgs/tm_msgs_s__rosidl_typesupport_fastrtps_c.cpython-310-x86_64-linux-gnu.so
[2.446s] -- Up-to-date: /root/irslab_ws/install/tm_msgs/local/lib/python3.10/dist-packages/tm_msgs/tm_msgs_s__rosidl_typesupport_introspection_c.cpython-310-x86_64-linux-gnu.so
[2.446s] -- Up-to-date: /root/irslab_ws/install/tm_msgs/local/lib/python3.10/dist-packages/tm_msgs/tm_msgs_s__rosidl_typesupport_c.cpython-310-x86_64-linux-gnu.so
[2.447s] -- Up-to-date: /root/irslab_ws/install/tm_msgs/lib/libtm_msgs__rosidl_generator_py.so
[2.447s] -- Up-to-date: /root/irslab_ws/install/tm_msgs/share/tm_msgs/msg/FeedbackState.idl
[2.448s] -- Up-to-date: /root/irslab_ws/install/tm_msgs/share/tm_msgs/msg/SvrResponse.idl
[2.448s] -- Up-to-date: /root/irslab_ws/install/tm_msgs/share/tm_msgs/msg/SctResponse.idl
[2.449s] -- Up-to-date: /root/irslab_ws/install/tm_msgs/share/tm_msgs/msg/StaResponse.idl
[2.449s] -- Up-to-date: /root/irslab_ws/install/tm_msgs/share/tm_msgs/srv/ConnectTM.idl
[2.449s] -- Up-to-date: /root/irslab_ws/install/tm_msgs/share/tm_msgs/srv/WriteItem.idl
[2.450s] -- Up-to-date: /root/irslab_ws/install/tm_msgs/share/tm_msgs/srv/AskItem.idl
[2.451s] -- Up-to-date: /root/irslab_ws/install/tm_msgs/share/tm_msgs/srv/SendScript.idl
[2.451s] -- Up-to-date: /root/irslab_ws/install/tm_msgs/share/tm_msgs/srv/SetEvent.idl
[2.451s] -- Up-to-date: /root/irslab_ws/install/tm_msgs/share/tm_msgs/srv/SetIO.idl
[2.451s] -- Up-to-date: /root/irslab_ws/install/tm_msgs/share/tm_msgs/srv/SetPositions.idl
[2.451s] -- Up-to-date: /root/irslab_ws/install/tm_msgs/share/tm_msgs/srv/AskSta.idl
[2.451s] -- Up-to-date: /root/irslab_ws/install/tm_msgs/share/tm_msgs/srv/RobotCommand.idl
[2.451s] -- Up-to-date: /root/irslab_ws/install/tm_msgs/share/tm_msgs/msg/FeedbackState.msg
[2.451s] -- Up-to-date: /root/irslab_ws/install/tm_msgs/share/tm_msgs/msg/SvrResponse.msg
[2.452s] -- Up-to-date: /root/irslab_ws/install/tm_msgs/share/tm_msgs/msg/SctResponse.msg
[2.454s] -- Up-to-date: /root/irslab_ws/install/tm_msgs/share/tm_msgs/msg/StaResponse.msg
[2.454s] -- Up-to-date: /root/irslab_ws/install/tm_msgs/share/tm_msgs/srv/ConnectTM.srv
[2.455s] -- Up-to-date: /root/irslab_ws/install/tm_msgs/share/tm_msgs/srv/ConnectTM_Request.msg
[2.455s] -- Up-to-date: /root/irslab_ws/install/tm_msgs/share/tm_msgs/srv/ConnectTM_Response.msg
[2.456s] -- Up-to-date: /root/irslab_ws/install/tm_msgs/share/tm_msgs/srv/WriteItem.srv
[2.456s] -- Up-to-date: /root/irslab_ws/install/tm_msgs/share/tm_msgs/srv/WriteItem_Request.msg
[2.456s] -- Up-to-date: /root/irslab_ws/install/tm_msgs/share/tm_msgs/srv/WriteItem_Response.msg
[2.457s] -- Up-to-date: /root/irslab_ws/install/tm_msgs/share/tm_msgs/srv/AskItem.srv
[2.457s] -- Up-to-date: /root/irslab_ws/install/tm_msgs/share/tm_msgs/srv/AskItem_Request.msg
[2.458s] -- Up-to-date: /root/irslab_ws/install/tm_msgs/share/tm_msgs/srv/AskItem_Response.msg
[2.458s] -- Up-to-date: /root/irslab_ws/install/tm_msgs/share/tm_msgs/srv/SendScript.srv
[2.458s] -- Up-to-date: /root/irslab_ws/install/tm_msgs/share/tm_msgs/srv/SendScript_Request.msg
[2.459s] -- Up-to-date: /root/irslab_ws/install/tm_msgs/share/tm_msgs/srv/SendScript_Response.msg
[2.459s] -- Up-to-date: /root/irslab_ws/install/tm_msgs/share/tm_msgs/srv/SetEvent.srv
[2.459s] -- Up-to-date: /root/irslab_ws/install/tm_msgs/share/tm_msgs/srv/SetEvent_Request.msg
[2.460s] -- Up-to-date: /root/irslab_ws/install/tm_msgs/share/tm_msgs/srv/SetEvent_Response.msg
[2.460s] -- Up-to-date: /root/irslab_ws/install/tm_msgs/share/tm_msgs/srv/SetIO.srv
[2.460s] -- Up-to-date: /root/irslab_ws/install/tm_msgs/share/tm_msgs/srv/SetIO_Request.msg
[2.460s] -- Up-to-date: /root/irslab_ws/install/tm_msgs/share/tm_msgs/srv/SetIO_Response.msg
[2.460s] -- Up-to-date: /root/irslab_ws/install/tm_msgs/share/tm_msgs/srv/SetPositions.srv
[2.460s] -- Up-to-date: /root/irslab_ws/install/tm_msgs/share/tm_msgs/srv/SetPositions_Request.msg
[2.461s] -- Up-to-date: /root/irslab_ws/install/tm_msgs/share/tm_msgs/srv/SetPositions_Response.msg
[2.461s] -- Up-to-date: /root/irslab_ws/install/tm_msgs/share/tm_msgs/srv/AskSta.srv
[2.461s] -- Up-to-date: /root/irslab_ws/install/tm_msgs/share/tm_msgs/srv/AskSta_Request.msg
[2.462s] -- Up-to-date: /root/irslab_ws/install/tm_msgs/share/tm_msgs/srv/AskSta_Response.msg
[2.462s] -- Up-to-date: /root/irslab_ws/install/tm_msgs/share/tm_msgs/srv/RobotCommand.srv
[2.462s] -- Up-to-date: /root/irslab_ws/install/tm_msgs/share/tm_msgs/srv/RobotCommand_Request.msg
[2.463s] -- Up-to-date: /root/irslab_ws/install/tm_msgs/share/tm_msgs/srv/RobotCommand_Response.msg
[2.463s] -- Up-to-date: /root/irslab_ws/install/tm_msgs/share/ament_index/resource_index/package_run_dependencies/tm_msgs
[2.463s] -- Installing: /root/irslab_ws/install/tm_msgs/share/ament_index/resource_index/parent_prefix_path/tm_msgs
[2.464s] -- Up-to-date: /root/irslab_ws/install/tm_msgs/share/tm_msgs/environment/ament_prefix_path.sh
[2.464s] -- Installing: /root/irslab_ws/install/tm_msgs/share/tm_msgs/environment/ament_prefix_path.dsv
[2.466s] -- Up-to-date: /root/irslab_ws/install/tm_msgs/share/tm_msgs/environment/path.sh
[2.467s] -- Installing: /root/irslab_ws/install/tm_msgs/share/tm_msgs/environment/path.dsv
[2.467s] -- Up-to-date: /root/irslab_ws/install/tm_msgs/share/tm_msgs/local_setup.bash
[2.468s] -- Up-to-date: /root/irslab_ws/install/tm_msgs/share/tm_msgs/local_setup.sh
[2.468s] -- Up-to-date: /root/irslab_ws/install/tm_msgs/share/tm_msgs/local_setup.zsh
[2.468s] -- Installing: /root/irslab_ws/install/tm_msgs/share/tm_msgs/local_setup.dsv
[2.469s] -- Installing: /root/irslab_ws/install/tm_msgs/share/tm_msgs/package.dsv
[2.469s] -- Up-to-date: /root/irslab_ws/install/tm_msgs/share/ament_index/resource_index/packages/tm_msgs
[2.469s] -- Up-to-date: /root/irslab_ws/install/tm_msgs/share/tm_msgs/cmake/export_tm_msgs__rosidl_generator_cExport.cmake
[2.470s] -- Up-to-date: /root/irslab_ws/install/tm_msgs/share/tm_msgs/cmake/export_tm_msgs__rosidl_generator_cExport-release.cmake
[2.470s] -- Up-to-date: /root/irslab_ws/install/tm_msgs/share/tm_msgs/cmake/export_tm_msgs__rosidl_typesupport_fastrtps_cExport.cmake
[2.470s] -- Up-to-date: /root/irslab_ws/install/tm_msgs/share/tm_msgs/cmake/export_tm_msgs__rosidl_typesupport_fastrtps_cExport-release.cmake
[2.471s] -- Up-to-date: /root/irslab_ws/install/tm_msgs/share/tm_msgs/cmake/tm_msgs__rosidl_typesupport_introspection_cExport.cmake
[2.471s] -- Up-to-date: /root/irslab_ws/install/tm_msgs/share/tm_msgs/cmake/tm_msgs__rosidl_typesupport_introspection_cExport-release.cmake
[2.472s] -- Up-to-date: /root/irslab_ws/install/tm_msgs/share/tm_msgs/cmake/tm_msgs__rosidl_typesupport_cExport.cmake
[2.472s] -- Up-to-date: /root/irslab_ws/install/tm_msgs/share/tm_msgs/cmake/tm_msgs__rosidl_typesupport_cExport-release.cmake
[2.472s] -- Up-to-date: /root/irslab_ws/install/tm_msgs/share/tm_msgs/cmake/export_tm_msgs__rosidl_generator_cppExport.cmake
[2.472s] -- Up-to-date: /root/irslab_ws/install/tm_msgs/share/tm_msgs/cmake/export_tm_msgs__rosidl_typesupport_fastrtps_cppExport.cmake
[2.473s] -- Up-to-date: /root/irslab_ws/install/tm_msgs/share/tm_msgs/cmake/export_tm_msgs__rosidl_typesupport_fastrtps_cppExport-release.cmake
[2.473s] -- Up-to-date: /root/irslab_ws/install/tm_msgs/share/tm_msgs/cmake/tm_msgs__rosidl_typesupport_introspection_cppExport.cmake
[2.473s] -- Up-to-date: /root/irslab_ws/install/tm_msgs/share/tm_msgs/cmake/tm_msgs__rosidl_typesupport_introspection_cppExport-release.cmake
[2.473s] -- Up-to-date: /root/irslab_ws/install/tm_msgs/share/tm_msgs/cmake/tm_msgs__rosidl_typesupport_cppExport.cmake
[2.473s] -- Up-to-date: /root/irslab_ws/install/tm_msgs/share/tm_msgs/cmake/tm_msgs__rosidl_typesupport_cppExport-release.cmake
[2.473s] -- Up-to-date: /root/irslab_ws/install/tm_msgs/share/tm_msgs/cmake/export_tm_msgs__rosidl_generator_pyExport.cmake
[2.474s] -- Up-to-date: /root/irslab_ws/install/tm_msgs/share/tm_msgs/cmake/export_tm_msgs__rosidl_generator_pyExport-release.cmake
[2.474s] -- Up-to-date: /root/irslab_ws/install/tm_msgs/share/tm_msgs/cmake/rosidl_cmake-extras.cmake
[2.475s] -- Up-to-date: /root/irslab_ws/install/tm_msgs/share/tm_msgs/cmake/ament_cmake_export_dependencies-extras.cmake
[2.475s] -- Up-to-date: /root/irslab_ws/install/tm_msgs/share/tm_msgs/cmake/ament_cmake_export_include_directories-extras.cmake
[2.475s] -- Up-to-date: /root/irslab_ws/install/tm_msgs/share/tm_msgs/cmake/ament_cmake_export_libraries-extras.cmake
[2.476s] -- Up-to-date: /root/irslab_ws/install/tm_msgs/share/tm_msgs/cmake/ament_cmake_export_targets-extras.cmake
[2.476s] -- Up-to-date: /root/irslab_ws/install/tm_msgs/share/tm_msgs/cmake/rosidl_cmake_export_typesupport_targets-extras.cmake
[2.477s] -- Up-to-date: /root/irslab_ws/install/tm_msgs/share/tm_msgs/cmake/rosidl_cmake_export_typesupport_libraries-extras.cmake
[2.477s] -- Up-to-date: /root/irslab_ws/install/tm_msgs/share/tm_msgs/cmake/tm_msgsConfig.cmake
[2.478s] -- Up-to-date: /root/irslab_ws/install/tm_msgs/share/tm_msgs/cmake/tm_msgsConfig-version.cmake
[2.478s] -- Up-to-date: /root/irslab_ws/install/tm_msgs/share/tm_msgs/package.xml
[2.496s] Invoked command in '/root/irslab_ws/build/tm_msgs' returned '0': CMAKE_PREFIX_PATH=${CMAKE_PREFIX_PATH}:/root/irslab_ws/install/tm_mod_urdf:/root/irslab_ws/install/pick_nav_place:/root/irslab_ws/install/pa_warehouse_status:/root/irslab_ws/install/hand_solo_virtual_nav:/root/irslab_ws/install/hand_solo_arm:/opt/ros/humble /usr/bin/cmake --install /root/irslab_ws/build/tm_msgs
