[1.852s] Invoking command in '/root/irslab_ws/src/pick_nav_place': PYTHONPATH=/root/irslab_ws/build/pick_nav_place/prefix_override:/usr/lib/python3/dist-packages/colcon_core/task/python/colcon_distutils_commands:/root/irslab_ws/install/pick_nav_place/lib/python3.10/site-packages:${PYTHONPATH} /usr/bin/python3 -W ignore:setup.py install is deprecated -W ignore:easy_install command is deprecated setup.py egg_info --egg-base ../../build/pick_nav_place build --build-base /root/irslab_ws/build/pick_nav_place/build install --record /root/irslab_ws/build/pick_nav_place/install.log --single-version-externally-managed install_data
[2.344s] running egg_info
[2.345s] writing ../../build/pick_nav_place/pick_nav_place.egg-info/PKG-INFO
[2.345s] writing dependency_links to ../../build/pick_nav_place/pick_nav_place.egg-info/dependency_links.txt
[2.345s] writing entry points to ../../build/pick_nav_place/pick_nav_place.egg-info/entry_points.txt
[2.346s] writing requirements to ../../build/pick_nav_place/pick_nav_place.egg-info/requires.txt
[2.346s] writing top-level names to ../../build/pick_nav_place/pick_nav_place.egg-info/top_level.txt
[2.347s] reading manifest file '../../build/pick_nav_place/pick_nav_place.egg-info/SOURCES.txt'
[2.347s] adding license file 'LICENSE'
[2.348s] writing manifest file '../../build/pick_nav_place/pick_nav_place.egg-info/SOURCES.txt'
[2.348s] running build
[2.349s] running build_py
[2.349s] copying pick_nav_place/robot_arm_controller.py -> /root/irslab_ws/build/pick_nav_place/build/lib/pick_nav_place
[2.349s] copying pick_nav_place/robot_waypoint_follower.py -> /root/irslab_ws/build/pick_nav_place/build/lib/pick_nav_place
[2.349s] running install
[2.349s] running install_lib
[2.351s] copying /root/irslab_ws/build/pick_nav_place/build/lib/pick_nav_place/robot_arm_controller.py -> /root/irslab_ws/install/pick_nav_place/lib/python3.10/site-packages/pick_nav_place
[2.351s] copying /root/irslab_ws/build/pick_nav_place/build/lib/pick_nav_place/robot_waypoint_follower.py -> /root/irslab_ws/install/pick_nav_place/lib/python3.10/site-packages/pick_nav_place
[2.352s] byte-compiling /root/irslab_ws/install/pick_nav_place/lib/python3.10/site-packages/pick_nav_place/robot_arm_controller.py to robot_arm_controller.cpython-310.pyc
[2.354s] byte-compiling /root/irslab_ws/install/pick_nav_place/lib/python3.10/site-packages/pick_nav_place/robot_waypoint_follower.py to robot_waypoint_follower.cpython-310.pyc
[2.357s] running install_data
[2.357s] running install_egg_info
[2.359s] removing '/root/irslab_ws/install/pick_nav_place/lib/python3.10/site-packages/pick_nav_place-0.0.0-py3.10.egg-info' (and everything under it)
[2.360s] Copying ../../build/pick_nav_place/pick_nav_place.egg-info to /root/irslab_ws/install/pick_nav_place/lib/python3.10/site-packages/pick_nav_place-0.0.0-py3.10.egg-info
[2.362s] running install_scripts
[2.383s] Installing plc_hmi_listener script to /root/irslab_ws/install/pick_nav_place/lib/pick_nav_place
[2.383s] Installing robot_arm_controller script to /root/irslab_ws/install/pick_nav_place/lib/pick_nav_place
[2.383s] Installing robot_waypoint_follower script to /root/irslab_ws/install/pick_nav_place/lib/pick_nav_place
[2.383s] Installing warehouse_coordinator script to /root/irslab_ws/install/pick_nav_place/lib/pick_nav_place
[2.383s] writing list of installed files to '/root/irslab_ws/build/pick_nav_place/install.log'
[2.473s] Invoked command in '/root/irslab_ws/src/pick_nav_place' returned '0': PYTHONPATH=/root/irslab_ws/build/pick_nav_place/prefix_override:/usr/lib/python3/dist-packages/colcon_core/task/python/colcon_distutils_commands:/root/irslab_ws/install/pick_nav_place/lib/python3.10/site-packages:${PYTHONPATH} /usr/bin/python3 -W ignore:setup.py install is deprecated -W ignore:easy_install command is deprecated setup.py egg_info --egg-base ../../build/pick_nav_place build --build-base /root/irslab_ws/build/pick_nav_place/build install --record /root/irslab_ws/build/pick_nav_place/install.log --single-version-externally-managed install_data
