[0.106s] DEBUG:colcon:Command line arguments: ['/usr/bin/colcon', 'build', '--packages-select', 'hand_solo_moveit']
[0.106s] DEBUG:colcon:Parsed command line arguments: Namespace(log_base=None, log_level=None, verb_name='build', build_base='build', install_base='install', merge_install=False, symlink_install=False, test_result_base=None, continue_on_error=False, executor='parallel', parallel_workers=20, event_handlers=None, ignore_user_meta=False, metas=['./colcon.meta'], base_paths=['.'], packages_ignore=None, packages_ignore_regex=None, paths=None, packages_up_to=None, packages_up_to_regex=None, packages_above=None, packages_above_and_dependencies=None, packages_above_depth=None, packages_select_by_dep=None, packages_skip_by_dep=None, packages_skip_up_to=None, packages_select_build_failed=False, packages_skip_build_finished=False, packages_select_test_failures=False, packages_skip_test_passed=False, packages_select=['hand_solo_moveit'], packages_skip=None, packages_select_regex=None, packages_skip_regex=None, packages_start=None, packages_end=None, cmake_args=None, cmake_target=None, cmake_target_skip_unavailable=False, cmake_clean_cache=False, cmake_clean_first=False, cmake_force_configure=False, ament_cmake_args=None, catkin_cmake_args=None, catkin_skip_building_tests=False, mixin_files=None, mixin=None, verb_parser=<colcon_mixin.mixin.mixin_argument.MixinArgumentDecorator object at 0x79154dfb26b0>, verb_extension=<colcon_core.verb.build.BuildVerb object at 0x79154dfb20b0>, main=<bound method BuildVerb.main of <colcon_core.verb.build.BuildVerb object at 0x79154dfb20b0>>, mixin_verb=('build',))
[0.222s] Level 1:colcon.colcon_core.package_discovery:discover_packages(colcon_meta) check parameters
[0.223s] INFO:colcon.colcon_metadata.package_discovery.colcon_meta:Using configuration from '/root/.colcon/metadata/default/Gazebo.meta'
[0.223s] INFO:colcon.colcon_metadata.package_discovery.colcon_meta:Using configuration from '/root/.colcon/metadata/default/fastdds.meta'
[0.224s] INFO:colcon.colcon_metadata.package_discovery.colcon_meta:Using configuration from '/root/.colcon/metadata/default/fastrtps.meta'
[0.224s] Level 1:colcon.colcon_core.package_discovery:discover_packages(recursive) check parameters
[0.224s] Level 1:colcon.colcon_core.package_discovery:discover_packages(ignore) check parameters
[0.224s] Level 1:colcon.colcon_core.package_discovery:discover_packages(path) check parameters
[0.224s] Level 1:colcon.colcon_core.package_discovery:discover_packages(colcon_meta) discover
[0.224s] Level 1:colcon.colcon_core.package_discovery:discover_packages(recursive) discover
[0.224s] INFO:colcon.colcon_core.package_discovery:Crawling recursively for packages in '/root/irslab_ws/src'
[0.224s] Level 1:colcon.colcon_core.package_identification:_identify(.) by extensions ['ignore', 'ignore_ament_install']
[0.224s] Level 1:colcon.colcon_core.package_identification:_identify(.) by extension 'ignore'
[0.224s] Level 1:colcon.colcon_core.package_identification:_identify(.) by extension 'ignore_ament_install'
[0.224s] Level 1:colcon.colcon_core.package_identification:_identify(.) by extensions ['colcon_pkg']
[0.224s] Level 1:colcon.colcon_core.package_identification:_identify(.) by extension 'colcon_pkg'
[0.224s] Level 1:colcon.colcon_core.package_identification:_identify(.) by extensions ['colcon_meta']
[0.224s] Level 1:colcon.colcon_core.package_identification:_identify(.) by extension 'colcon_meta'
[0.224s] Level 1:colcon.colcon_core.package_identification:_identify(.) by extensions ['ros']
[0.224s] Level 1:colcon.colcon_core.package_identification:_identify(.) by extension 'ros'
[0.235s] Level 1:colcon.colcon_core.package_identification:_identify(.) by extensions ['cmake', 'python']
[0.235s] Level 1:colcon.colcon_core.package_identification:_identify(.) by extension 'cmake'
[0.235s] Level 1:colcon.colcon_core.package_identification:_identify(.) by extension 'python'
[0.235s] Level 1:colcon.colcon_core.package_identification:_identify(.) by extensions ['python_setup_py']
[0.235s] Level 1:colcon.colcon_core.package_identification:_identify(.) by extension 'python_setup_py'
[0.235s] Level 1:colcon.colcon_core.package_identification:_identify(build) by extensions ['ignore', 'ignore_ament_install']
[0.235s] Level 1:colcon.colcon_core.package_identification:_identify(build) by extension 'ignore'
[0.235s] Level 1:colcon.colcon_core.package_identification:_identify(build) ignored
[0.235s] Level 1:colcon.colcon_core.package_identification:_identify(hand_solo_virtual_nav) by extensions ['ignore', 'ignore_ament_install']
[0.235s] Level 1:colcon.colcon_core.package_identification:_identify(hand_solo_virtual_nav) by extension 'ignore'
[0.235s] Level 1:colcon.colcon_core.package_identification:_identify(hand_solo_virtual_nav) by extension 'ignore_ament_install'
[0.236s] Level 1:colcon.colcon_core.package_identification:_identify(hand_solo_virtual_nav) by extensions ['colcon_pkg']
[0.236s] Level 1:colcon.colcon_core.package_identification:_identify(hand_solo_virtual_nav) by extension 'colcon_pkg'
[0.236s] Level 1:colcon.colcon_core.package_identification:_identify(hand_solo_virtual_nav) by extensions ['colcon_meta']
[0.236s] Level 1:colcon.colcon_core.package_identification:_identify(hand_solo_virtual_nav) by extension 'colcon_meta'
[0.236s] Level 1:colcon.colcon_core.package_identification:_identify(hand_solo_virtual_nav) by extensions ['ros']
[0.236s] Level 1:colcon.colcon_core.package_identification:_identify(hand_solo_virtual_nav) by extension 'ros'
[0.238s] DEBUG:colcon.colcon_core.package_identification:Package 'hand_solo_virtual_nav' with type 'ros.ament_python' and name 'hand_solo_virtual_nav'
[0.239s] Level 1:colcon.colcon_core.package_identification:_identify(install) by extensions ['ignore', 'ignore_ament_install']
[0.239s] Level 1:colcon.colcon_core.package_identification:_identify(install) by extension 'ignore'
[0.239s] Level 1:colcon.colcon_core.package_identification:_identify(install) ignored
[0.239s] Level 1:colcon.colcon_core.package_identification:_identify(lab_shell_docker) by extensions ['ignore', 'ignore_ament_install']
[0.239s] Level 1:colcon.colcon_core.package_identification:_identify(lab_shell_docker) by extension 'ignore'
[0.239s] Level 1:colcon.colcon_core.package_identification:_identify(lab_shell_docker) by extension 'ignore_ament_install'
[0.239s] Level 1:colcon.colcon_core.package_identification:_identify(lab_shell_docker) by extensions ['colcon_pkg']
[0.239s] Level 1:colcon.colcon_core.package_identification:_identify(lab_shell_docker) by extension 'colcon_pkg'
[0.239s] Level 1:colcon.colcon_core.package_identification:_identify(lab_shell_docker) by extensions ['colcon_meta']
[0.239s] Level 1:colcon.colcon_core.package_identification:_identify(lab_shell_docker) by extension 'colcon_meta'
[0.239s] Level 1:colcon.colcon_core.package_identification:_identify(lab_shell_docker) by extensions ['ros']
[0.239s] Level 1:colcon.colcon_core.package_identification:_identify(lab_shell_docker) by extension 'ros'
[0.239s] Level 1:colcon.colcon_core.package_identification:_identify(lab_shell_docker) by extensions ['cmake', 'python']
[0.239s] Level 1:colcon.colcon_core.package_identification:_identify(lab_shell_docker) by extension 'cmake'
[0.239s] Level 1:colcon.colcon_core.package_identification:_identify(lab_shell_docker) by extension 'python'
[0.239s] Level 1:colcon.colcon_core.package_identification:_identify(lab_shell_docker) by extensions ['python_setup_py']
[0.239s] Level 1:colcon.colcon_core.package_identification:_identify(lab_shell_docker) by extension 'python_setup_py'
[0.239s] Level 1:colcon.colcon_core.package_identification:_identify(lab_shell_docker/lib) by extensions ['ignore', 'ignore_ament_install']
[0.239s] Level 1:colcon.colcon_core.package_identification:_identify(lab_shell_docker/lib) by extension 'ignore'
[0.239s] Level 1:colcon.colcon_core.package_identification:_identify(lab_shell_docker/lib) by extension 'ignore_ament_install'
[0.239s] Level 1:colcon.colcon_core.package_identification:_identify(lab_shell_docker/lib) by extensions ['colcon_pkg']
[0.239s] Level 1:colcon.colcon_core.package_identification:_identify(lab_shell_docker/lib) by extension 'colcon_pkg'
[0.239s] Level 1:colcon.colcon_core.package_identification:_identify(lab_shell_docker/lib) by extensions ['colcon_meta']
[0.239s] Level 1:colcon.colcon_core.package_identification:_identify(lab_shell_docker/lib) by extension 'colcon_meta'
[0.239s] Level 1:colcon.colcon_core.package_identification:_identify(lab_shell_docker/lib) by extensions ['ros']
[0.239s] Level 1:colcon.colcon_core.package_identification:_identify(lab_shell_docker/lib) by extension 'ros'
[0.240s] Level 1:colcon.colcon_core.package_identification:_identify(lab_shell_docker/lib) by extensions ['cmake', 'python']
[0.240s] Level 1:colcon.colcon_core.package_identification:_identify(lab_shell_docker/lib) by extension 'cmake'
[0.240s] Level 1:colcon.colcon_core.package_identification:_identify(lab_shell_docker/lib) by extension 'python'
[0.240s] Level 1:colcon.colcon_core.package_identification:_identify(lab_shell_docker/lib) by extensions ['python_setup_py']
[0.240s] Level 1:colcon.colcon_core.package_identification:_identify(lab_shell_docker/lib) by extension 'python_setup_py'
[0.240s] Level 1:colcon.colcon_core.package_identification:_identify(lab_shell_docker/scripts) by extensions ['ignore', 'ignore_ament_install']
[0.240s] Level 1:colcon.colcon_core.package_identification:_identify(lab_shell_docker/scripts) by extension 'ignore'
[0.240s] Level 1:colcon.colcon_core.package_identification:_identify(lab_shell_docker/scripts) by extension 'ignore_ament_install'
[0.240s] Level 1:colcon.colcon_core.package_identification:_identify(lab_shell_docker/scripts) by extensions ['colcon_pkg']
[0.240s] Level 1:colcon.colcon_core.package_identification:_identify(lab_shell_docker/scripts) by extension 'colcon_pkg'
[0.240s] Level 1:colcon.colcon_core.package_identification:_identify(lab_shell_docker/scripts) by extensions ['colcon_meta']
[0.240s] Level 1:colcon.colcon_core.package_identification:_identify(lab_shell_docker/scripts) by extension 'colcon_meta'
[0.240s] Level 1:colcon.colcon_core.package_identification:_identify(lab_shell_docker/scripts) by extensions ['ros']
[0.240s] Level 1:colcon.colcon_core.package_identification:_identify(lab_shell_docker/scripts) by extension 'ros'
[0.240s] Level 1:colcon.colcon_core.package_identification:_identify(lab_shell_docker/scripts) by extensions ['cmake', 'python']
[0.240s] Level 1:colcon.colcon_core.package_identification:_identify(lab_shell_docker/scripts) by extension 'cmake'
[0.240s] Level 1:colcon.colcon_core.package_identification:_identify(lab_shell_docker/scripts) by extension 'python'
[0.240s] Level 1:colcon.colcon_core.package_identification:_identify(lab_shell_docker/scripts) by extensions ['python_setup_py']
[0.240s] Level 1:colcon.colcon_core.package_identification:_identify(lab_shell_docker/scripts) by extension 'python_setup_py'
[0.240s] Level 1:colcon.colcon_core.package_identification:_identify(log) by extensions ['ignore', 'ignore_ament_install']
[0.240s] Level 1:colcon.colcon_core.package_identification:_identify(log) by extension 'ignore'
[0.240s] Level 1:colcon.colcon_core.package_identification:_identify(log) ignored
[0.240s] Level 1:colcon.colcon_core.package_identification:_identify(maps) by extensions ['ignore', 'ignore_ament_install']
[0.240s] Level 1:colcon.colcon_core.package_identification:_identify(maps) by extension 'ignore'
[0.240s] Level 1:colcon.colcon_core.package_identification:_identify(maps) by extension 'ignore_ament_install'
[0.240s] Level 1:colcon.colcon_core.package_identification:_identify(maps) by extensions ['colcon_pkg']
[0.240s] Level 1:colcon.colcon_core.package_identification:_identify(maps) by extension 'colcon_pkg'
[0.240s] Level 1:colcon.colcon_core.package_identification:_identify(maps) by extensions ['colcon_meta']
[0.240s] Level 1:colcon.colcon_core.package_identification:_identify(maps) by extension 'colcon_meta'
[0.240s] Level 1:colcon.colcon_core.package_identification:_identify(maps) by extensions ['ros']
[0.240s] Level 1:colcon.colcon_core.package_identification:_identify(maps) by extension 'ros'
[0.240s] Level 1:colcon.colcon_core.package_identification:_identify(maps) by extensions ['cmake', 'python']
[0.241s] Level 1:colcon.colcon_core.package_identification:_identify(maps) by extension 'cmake'
[0.241s] Level 1:colcon.colcon_core.package_identification:_identify(maps) by extension 'python'
[0.241s] Level 1:colcon.colcon_core.package_identification:_identify(maps) by extensions ['python_setup_py']
[0.241s] Level 1:colcon.colcon_core.package_identification:_identify(maps) by extension 'python_setup_py'
[0.241s] Level 1:colcon.colcon_core.package_identification:_identify(pa_warehouse_status) by extensions ['ignore', 'ignore_ament_install']
[0.241s] Level 1:colcon.colcon_core.package_identification:_identify(pa_warehouse_status) by extension 'ignore'
[0.241s] Level 1:colcon.colcon_core.package_identification:_identify(pa_warehouse_status) by extension 'ignore_ament_install'
[0.241s] Level 1:colcon.colcon_core.package_identification:_identify(pa_warehouse_status) by extensions ['colcon_pkg']
[0.241s] Level 1:colcon.colcon_core.package_identification:_identify(pa_warehouse_status) by extension 'colcon_pkg'
[0.241s] Level 1:colcon.colcon_core.package_identification:_identify(pa_warehouse_status) by extensions ['colcon_meta']
[0.241s] Level 1:colcon.colcon_core.package_identification:_identify(pa_warehouse_status) by extension 'colcon_meta'
[0.241s] Level 1:colcon.colcon_core.package_identification:_identify(pa_warehouse_status) by extensions ['ros']
[0.241s] Level 1:colcon.colcon_core.package_identification:_identify(pa_warehouse_status) by extension 'ros'
[0.241s] DEBUG:colcon.colcon_core.package_identification:Package 'pa_warehouse_status' with type 'ros.ament_python' and name 'pa_warehouse_status'
[0.241s] Level 1:colcon.colcon_core.package_identification:_identify(src) by extensions ['ignore', 'ignore_ament_install']
[0.242s] Level 1:colcon.colcon_core.package_identification:_identify(src) by extension 'ignore'
[0.242s] Level 1:colcon.colcon_core.package_identification:_identify(src) by extension 'ignore_ament_install'
[0.242s] Level 1:colcon.colcon_core.package_identification:_identify(src) by extensions ['colcon_pkg']
[0.242s] Level 1:colcon.colcon_core.package_identification:_identify(src) by extension 'colcon_pkg'
[0.242s] Level 1:colcon.colcon_core.package_identification:_identify(src) by extensions ['colcon_meta']
[0.242s] Level 1:colcon.colcon_core.package_identification:_identify(src) by extension 'colcon_meta'
[0.242s] Level 1:colcon.colcon_core.package_identification:_identify(src) by extensions ['ros']
[0.242s] Level 1:colcon.colcon_core.package_identification:_identify(src) by extension 'ros'
[0.242s] Level 1:colcon.colcon_core.package_identification:_identify(src) by extensions ['cmake', 'python']
[0.242s] Level 1:colcon.colcon_core.package_identification:_identify(src) by extension 'cmake'
[0.242s] Level 1:colcon.colcon_core.package_identification:_identify(src) by extension 'python'
[0.242s] Level 1:colcon.colcon_core.package_identification:_identify(src) by extensions ['python_setup_py']
[0.242s] Level 1:colcon.colcon_core.package_identification:_identify(src) by extension 'python_setup_py'
[0.242s] Level 1:colcon.colcon_core.package_identification:_identify(tmr_ros2) by extensions ['ignore', 'ignore_ament_install']
[0.242s] Level 1:colcon.colcon_core.package_identification:_identify(tmr_ros2) by extension 'ignore'
[0.242s] Level 1:colcon.colcon_core.package_identification:_identify(tmr_ros2) by extension 'ignore_ament_install'
[0.242s] Level 1:colcon.colcon_core.package_identification:_identify(tmr_ros2) by extensions ['colcon_pkg']
[0.242s] Level 1:colcon.colcon_core.package_identification:_identify(tmr_ros2) by extension 'colcon_pkg'
[0.242s] Level 1:colcon.colcon_core.package_identification:_identify(tmr_ros2) by extensions ['colcon_meta']
[0.242s] Level 1:colcon.colcon_core.package_identification:_identify(tmr_ros2) by extension 'colcon_meta'
[0.242s] Level 1:colcon.colcon_core.package_identification:_identify(tmr_ros2) by extensions ['ros']
[0.242s] Level 1:colcon.colcon_core.package_identification:_identify(tmr_ros2) by extension 'ros'
[0.242s] Level 1:colcon.colcon_core.package_identification:_identify(tmr_ros2) by extensions ['cmake', 'python']
[0.242s] Level 1:colcon.colcon_core.package_identification:_identify(tmr_ros2) by extension 'cmake'
[0.242s] Level 1:colcon.colcon_core.package_identification:_identify(tmr_ros2) by extension 'python'
[0.242s] Level 1:colcon.colcon_core.package_identification:_identify(tmr_ros2) by extensions ['python_setup_py']
[0.242s] Level 1:colcon.colcon_core.package_identification:_identify(tmr_ros2) by extension 'python_setup_py'
[0.242s] Level 1:colcon.colcon_core.package_identification:_identify(tmr_ros2/amr_visualisation) by extensions ['ignore', 'ignore_ament_install']
[0.242s] Level 1:colcon.colcon_core.package_identification:_identify(tmr_ros2/amr_visualisation) by extension 'ignore'
[0.242s] Level 1:colcon.colcon_core.package_identification:_identify(tmr_ros2/amr_visualisation) by extension 'ignore_ament_install'
[0.242s] Level 1:colcon.colcon_core.package_identification:_identify(tmr_ros2/amr_visualisation) by extensions ['colcon_pkg']
[0.242s] Level 1:colcon.colcon_core.package_identification:_identify(tmr_ros2/amr_visualisation) by extension 'colcon_pkg'
[0.243s] Level 1:colcon.colcon_core.package_identification:_identify(tmr_ros2/amr_visualisation) by extensions ['colcon_meta']
[0.243s] Level 1:colcon.colcon_core.package_identification:_identify(tmr_ros2/amr_visualisation) by extension 'colcon_meta'
[0.243s] Level 1:colcon.colcon_core.package_identification:_identify(tmr_ros2/amr_visualisation) by extensions ['ros']
[0.243s] Level 1:colcon.colcon_core.package_identification:_identify(tmr_ros2/amr_visualisation) by extension 'ros'
[0.244s] DEBUG:colcon.colcon_core.package_identification:Package 'tmr_ros2/amr_visualisation' with type 'ros.ament_cmake' and name 'amr_visualisation'
[0.245s] Level 1:colcon.colcon_core.package_identification:_identify(tmr_ros2/custom_package) by extensions ['ignore', 'ignore_ament_install']
[0.245s] Level 1:colcon.colcon_core.package_identification:_identify(tmr_ros2/custom_package) by extension 'ignore'
[0.245s] Level 1:colcon.colcon_core.package_identification:_identify(tmr_ros2/custom_package) by extension 'ignore_ament_install'
[0.245s] Level 1:colcon.colcon_core.package_identification:_identify(tmr_ros2/custom_package) by extensions ['colcon_pkg']
[0.245s] Level 1:colcon.colcon_core.package_identification:_identify(tmr_ros2/custom_package) by extension 'colcon_pkg'
[0.245s] Level 1:colcon.colcon_core.package_identification:_identify(tmr_ros2/custom_package) by extensions ['colcon_meta']
[0.245s] Level 1:colcon.colcon_core.package_identification:_identify(tmr_ros2/custom_package) by extension 'colcon_meta'
[0.245s] Level 1:colcon.colcon_core.package_identification:_identify(tmr_ros2/custom_package) by extensions ['ros']
[0.245s] Level 1:colcon.colcon_core.package_identification:_identify(tmr_ros2/custom_package) by extension 'ros'
[0.246s] DEBUG:colcon.colcon_core.package_identification:Package 'tmr_ros2/custom_package' with type 'ros.ament_cmake' and name 'custom_package'
[0.246s] Level 1:colcon.colcon_core.package_identification:_identify(tmr_ros2/demo) by extensions ['ignore', 'ignore_ament_install']
[0.246s] Level 1:colcon.colcon_core.package_identification:_identify(tmr_ros2/demo) by extension 'ignore'
[0.246s] Level 1:colcon.colcon_core.package_identification:_identify(tmr_ros2/demo) by extension 'ignore_ament_install'
[0.246s] Level 1:colcon.colcon_core.package_identification:_identify(tmr_ros2/demo) by extensions ['colcon_pkg']
[0.246s] Level 1:colcon.colcon_core.package_identification:_identify(tmr_ros2/demo) by extension 'colcon_pkg'
[0.246s] Level 1:colcon.colcon_core.package_identification:_identify(tmr_ros2/demo) by extensions ['colcon_meta']
[0.246s] Level 1:colcon.colcon_core.package_identification:_identify(tmr_ros2/demo) by extension 'colcon_meta'
[0.246s] Level 1:colcon.colcon_core.package_identification:_identify(tmr_ros2/demo) by extensions ['ros']
[0.246s] Level 1:colcon.colcon_core.package_identification:_identify(tmr_ros2/demo) by extension 'ros'
[0.247s] DEBUG:colcon.colcon_core.package_identification:Package 'tmr_ros2/demo' with type 'ros.ament_cmake' and name 'demo'
[0.247s] Level 1:colcon.colcon_core.package_identification:_identify(tmr_ros2/figures) by extensions ['ignore', 'ignore_ament_install']
[0.247s] Level 1:colcon.colcon_core.package_identification:_identify(tmr_ros2/figures) by extension 'ignore'
[0.247s] Level 1:colcon.colcon_core.package_identification:_identify(tmr_ros2/figures) by extension 'ignore_ament_install'
[0.247s] Level 1:colcon.colcon_core.package_identification:_identify(tmr_ros2/figures) by extensions ['colcon_pkg']
[0.247s] Level 1:colcon.colcon_core.package_identification:_identify(tmr_ros2/figures) by extension 'colcon_pkg'
[0.247s] Level 1:colcon.colcon_core.package_identification:_identify(tmr_ros2/figures) by extensions ['colcon_meta']
[0.247s] Level 1:colcon.colcon_core.package_identification:_identify(tmr_ros2/figures) by extension 'colcon_meta'
[0.247s] Level 1:colcon.colcon_core.package_identification:_identify(tmr_ros2/figures) by extensions ['ros']
[0.247s] Level 1:colcon.colcon_core.package_identification:_identify(tmr_ros2/figures) by extension 'ros'
[0.247s] Level 1:colcon.colcon_core.package_identification:_identify(tmr_ros2/figures) by extensions ['cmake', 'python']
[0.247s] Level 1:colcon.colcon_core.package_identification:_identify(tmr_ros2/figures) by extension 'cmake'
[0.247s] Level 1:colcon.colcon_core.package_identification:_identify(tmr_ros2/figures) by extension 'python'
[0.247s] Level 1:colcon.colcon_core.package_identification:_identify(tmr_ros2/figures) by extensions ['python_setup_py']
[0.247s] Level 1:colcon.colcon_core.package_identification:_identify(tmr_ros2/figures) by extension 'python_setup_py'
[0.247s] Level 1:colcon.colcon_core.package_identification:_identify(tmr_ros2/techman_robot_get_status) by extensions ['ignore', 'ignore_ament_install']
[0.247s] Level 1:colcon.colcon_core.package_identification:_identify(tmr_ros2/techman_robot_get_status) by extension 'ignore'
[0.247s] Level 1:colcon.colcon_core.package_identification:_identify(tmr_ros2/techman_robot_get_status) by extension 'ignore_ament_install'
[0.247s] Level 1:colcon.colcon_core.package_identification:_identify(tmr_ros2/techman_robot_get_status) by extensions ['colcon_pkg']
[0.247s] Level 1:colcon.colcon_core.package_identification:_identify(tmr_ros2/techman_robot_get_status) by extension 'colcon_pkg'
[0.247s] Level 1:colcon.colcon_core.package_identification:_identify(tmr_ros2/techman_robot_get_status) by extensions ['colcon_meta']
[0.247s] Level 1:colcon.colcon_core.package_identification:_identify(tmr_ros2/techman_robot_get_status) by extension 'colcon_meta'
[0.247s] Level 1:colcon.colcon_core.package_identification:_identify(tmr_ros2/techman_robot_get_status) by extensions ['ros']
[0.247s] Level 1:colcon.colcon_core.package_identification:_identify(tmr_ros2/techman_robot_get_status) by extension 'ros'
[0.248s] DEBUG:colcon.colcon_core.package_identification:Package 'tmr_ros2/techman_robot_get_status' with type 'ros.ament_python' and name 'tm_get_status'
[0.248s] Level 1:colcon.colcon_core.package_identification:_identify(tmr_ros2/techman_robot_msgs) by extensions ['ignore', 'ignore_ament_install']
[0.248s] Level 1:colcon.colcon_core.package_identification:_identify(tmr_ros2/techman_robot_msgs) by extension 'ignore'
[0.248s] Level 1:colcon.colcon_core.package_identification:_identify(tmr_ros2/techman_robot_msgs) by extension 'ignore_ament_install'
[0.248s] Level 1:colcon.colcon_core.package_identification:_identify(tmr_ros2/techman_robot_msgs) by extensions ['colcon_pkg']
[0.248s] Level 1:colcon.colcon_core.package_identification:_identify(tmr_ros2/techman_robot_msgs) by extension 'colcon_pkg'
[0.248s] Level 1:colcon.colcon_core.package_identification:_identify(tmr_ros2/techman_robot_msgs) by extensions ['colcon_meta']
[0.248s] Level 1:colcon.colcon_core.package_identification:_identify(tmr_ros2/techman_robot_msgs) by extension 'colcon_meta'
[0.248s] Level 1:colcon.colcon_core.package_identification:_identify(tmr_ros2/techman_robot_msgs) by extensions ['ros']
[0.248s] Level 1:colcon.colcon_core.package_identification:_identify(tmr_ros2/techman_robot_msgs) by extension 'ros'
[0.249s] DEBUG:colcon.colcon_core.package_identification:Package 'tmr_ros2/techman_robot_msgs' with type 'ros.ament_cmake' and name 'techman_robot_msgs'
[0.249s] Level 1:colcon.colcon_core.package_identification:_identify(tmr_ros2/tm_description) by extensions ['ignore', 'ignore_ament_install']
[0.249s] Level 1:colcon.colcon_core.package_identification:_identify(tmr_ros2/tm_description) by extension 'ignore'
[0.249s] Level 1:colcon.colcon_core.package_identification:_identify(tmr_ros2/tm_description) by extension 'ignore_ament_install'
[0.249s] Level 1:colcon.colcon_core.package_identification:_identify(tmr_ros2/tm_description) by extensions ['colcon_pkg']
[0.249s] Level 1:colcon.colcon_core.package_identification:_identify(tmr_ros2/tm_description) by extension 'colcon_pkg'
[0.249s] Level 1:colcon.colcon_core.package_identification:_identify(tmr_ros2/tm_description) by extensions ['colcon_meta']
[0.249s] Level 1:colcon.colcon_core.package_identification:_identify(tmr_ros2/tm_description) by extension 'colcon_meta'
[0.249s] Level 1:colcon.colcon_core.package_identification:_identify(tmr_ros2/tm_description) by extensions ['ros']
[0.249s] Level 1:colcon.colcon_core.package_identification:_identify(tmr_ros2/tm_description) by extension 'ros'
[0.249s] DEBUG:colcon.colcon_core.package_identification:Package 'tmr_ros2/tm_description' with type 'ros.ament_cmake' and name 'tm_description'
[0.249s] Level 1:colcon.colcon_core.package_identification:_identify(tmr_ros2/tm_driver) by extensions ['ignore', 'ignore_ament_install']
[0.249s] Level 1:colcon.colcon_core.package_identification:_identify(tmr_ros2/tm_driver) by extension 'ignore'
[0.249s] Level 1:colcon.colcon_core.package_identification:_identify(tmr_ros2/tm_driver) by extension 'ignore_ament_install'
[0.250s] Level 1:colcon.colcon_core.package_identification:_identify(tmr_ros2/tm_driver) by extensions ['colcon_pkg']
[0.250s] Level 1:colcon.colcon_core.package_identification:_identify(tmr_ros2/tm_driver) by extension 'colcon_pkg'
[0.250s] Level 1:colcon.colcon_core.package_identification:_identify(tmr_ros2/tm_driver) by extensions ['colcon_meta']
[0.250s] Level 1:colcon.colcon_core.package_identification:_identify(tmr_ros2/tm_driver) by extension 'colcon_meta'
[0.250s] Level 1:colcon.colcon_core.package_identification:_identify(tmr_ros2/tm_driver) by extensions ['ros']
[0.250s] Level 1:colcon.colcon_core.package_identification:_identify(tmr_ros2/tm_driver) by extension 'ros'
[0.250s] DEBUG:colcon.colcon_core.package_identification:Package 'tmr_ros2/tm_driver' with type 'ros.ament_cmake' and name 'tm_driver'
[0.250s] Level 1:colcon.colcon_core.package_identification:_identify(tmr_ros2/tm_mod_urdf) by extensions ['ignore', 'ignore_ament_install']
[0.250s] Level 1:colcon.colcon_core.package_identification:_identify(tmr_ros2/tm_mod_urdf) by extension 'ignore'
[0.250s] Level 1:colcon.colcon_core.package_identification:_identify(tmr_ros2/tm_mod_urdf) by extension 'ignore_ament_install'
[0.250s] Level 1:colcon.colcon_core.package_identification:_identify(tmr_ros2/tm_mod_urdf) by extensions ['colcon_pkg']
[0.250s] Level 1:colcon.colcon_core.package_identification:_identify(tmr_ros2/tm_mod_urdf) by extension 'colcon_pkg'
[0.250s] Level 1:colcon.colcon_core.package_identification:_identify(tmr_ros2/tm_mod_urdf) by extensions ['colcon_meta']
[0.250s] Level 1:colcon.colcon_core.package_identification:_identify(tmr_ros2/tm_mod_urdf) by extension 'colcon_meta'
[0.251s] Level 1:colcon.colcon_core.package_identification:_identify(tmr_ros2/tm_mod_urdf) by extensions ['ros']
[0.251s] Level 1:colcon.colcon_core.package_identification:_identify(tmr_ros2/tm_mod_urdf) by extension 'ros'
[0.251s] DEBUG:colcon.colcon_core.package_identification:Package 'tmr_ros2/tm_mod_urdf' with type 'ros.ament_python' and name 'tm_mod_urdf'
[0.251s] Level 1:colcon.colcon_core.package_identification:_identify(tmr_ros2/tm_moveit) by extensions ['ignore', 'ignore_ament_install']
[0.251s] Level 1:colcon.colcon_core.package_identification:_identify(tmr_ros2/tm_moveit) by extension 'ignore'
[0.251s] Level 1:colcon.colcon_core.package_identification:_identify(tmr_ros2/tm_moveit) by extension 'ignore_ament_install'
[0.251s] Level 1:colcon.colcon_core.package_identification:_identify(tmr_ros2/tm_moveit) by extensions ['colcon_pkg']
[0.251s] Level 1:colcon.colcon_core.package_identification:_identify(tmr_ros2/tm_moveit) by extension 'colcon_pkg'
[0.251s] Level 1:colcon.colcon_core.package_identification:_identify(tmr_ros2/tm_moveit) by extensions ['colcon_meta']
[0.251s] Level 1:colcon.colcon_core.package_identification:_identify(tmr_ros2/tm_moveit) by extension 'colcon_meta'
[0.251s] Level 1:colcon.colcon_core.package_identification:_identify(tmr_ros2/tm_moveit) by extensions ['ros']
[0.251s] Level 1:colcon.colcon_core.package_identification:_identify(tmr_ros2/tm_moveit) by extension 'ros'
[0.251s] Level 1:colcon.colcon_core.package_identification:_identify(tmr_ros2/tm_moveit) by extensions ['cmake', 'python']
[0.251s] Level 1:colcon.colcon_core.package_identification:_identify(tmr_ros2/tm_moveit) by extension 'cmake'
[0.251s] Level 1:colcon.colcon_core.package_identification:_identify(tmr_ros2/tm_moveit) by extension 'python'
[0.251s] Level 1:colcon.colcon_core.package_identification:_identify(tmr_ros2/tm_moveit) by extensions ['python_setup_py']
[0.251s] Level 1:colcon.colcon_core.package_identification:_identify(tmr_ros2/tm_moveit) by extension 'python_setup_py'
[0.252s] Level 1:colcon.colcon_core.package_identification:_identify(tmr_ros2/tm_moveit/tm12_moveit_config) by extensions ['ignore', 'ignore_ament_install']
[0.252s] Level 1:colcon.colcon_core.package_identification:_identify(tmr_ros2/tm_moveit/tm12_moveit_config) by extension 'ignore'
[0.252s] Level 1:colcon.colcon_core.package_identification:_identify(tmr_ros2/tm_moveit/tm12_moveit_config) by extension 'ignore_ament_install'
[0.252s] Level 1:colcon.colcon_core.package_identification:_identify(tmr_ros2/tm_moveit/tm12_moveit_config) by extensions ['colcon_pkg']
[0.252s] Level 1:colcon.colcon_core.package_identification:_identify(tmr_ros2/tm_moveit/tm12_moveit_config) by extension 'colcon_pkg'
[0.252s] Level 1:colcon.colcon_core.package_identification:_identify(tmr_ros2/tm_moveit/tm12_moveit_config) by extensions ['colcon_meta']
[0.252s] Level 1:colcon.colcon_core.package_identification:_identify(tmr_ros2/tm_moveit/tm12_moveit_config) by extension 'colcon_meta'
[0.252s] Level 1:colcon.colcon_core.package_identification:_identify(tmr_ros2/tm_moveit/tm12_moveit_config) by extensions ['ros']
[0.252s] Level 1:colcon.colcon_core.package_identification:_identify(tmr_ros2/tm_moveit/tm12_moveit_config) by extension 'ros'
[0.252s] DEBUG:colcon.colcon_core.package_identification:Package 'tmr_ros2/tm_moveit/tm12_moveit_config' with type 'ros.ament_cmake' and name 'tm12_moveit_config'
[0.253s] Level 1:colcon.colcon_core.package_identification:_identify(tmr_ros2/tm_moveit/tm12x_moveit_config) by extensions ['ignore', 'ignore_ament_install']
[0.253s] Level 1:colcon.colcon_core.package_identification:_identify(tmr_ros2/tm_moveit/tm12x_moveit_config) by extension 'ignore'
[0.253s] Level 1:colcon.colcon_core.package_identification:_identify(tmr_ros2/tm_moveit/tm12x_moveit_config) by extension 'ignore_ament_install'
[0.253s] Level 1:colcon.colcon_core.package_identification:_identify(tmr_ros2/tm_moveit/tm12x_moveit_config) by extensions ['colcon_pkg']
[0.253s] Level 1:colcon.colcon_core.package_identification:_identify(tmr_ros2/tm_moveit/tm12x_moveit_config) by extension 'colcon_pkg'
[0.253s] Level 1:colcon.colcon_core.package_identification:_identify(tmr_ros2/tm_moveit/tm12x_moveit_config) by extensions ['colcon_meta']
[0.253s] Level 1:colcon.colcon_core.package_identification:_identify(tmr_ros2/tm_moveit/tm12x_moveit_config) by extension 'colcon_meta'
[0.253s] Level 1:colcon.colcon_core.package_identification:_identify(tmr_ros2/tm_moveit/tm12x_moveit_config) by extensions ['ros']
[0.253s] Level 1:colcon.colcon_core.package_identification:_identify(tmr_ros2/tm_moveit/tm12x_moveit_config) by extension 'ros'
[0.254s] DEBUG:colcon.colcon_core.package_identification:Package 'tmr_ros2/tm_moveit/tm12x_moveit_config' with type 'ros.ament_cmake' and name 'tm12x_moveit_config'
[0.254s] Level 1:colcon.colcon_core.package_identification:_identify(tmr_ros2/tm_moveit/tm14_moveit_config) by extensions ['ignore', 'ignore_ament_install']
[0.254s] Level 1:colcon.colcon_core.package_identification:_identify(tmr_ros2/tm_moveit/tm14_moveit_config) by extension 'ignore'
[0.254s] Level 1:colcon.colcon_core.package_identification:_identify(tmr_ros2/tm_moveit/tm14_moveit_config) by extension 'ignore_ament_install'
[0.254s] Level 1:colcon.colcon_core.package_identification:_identify(tmr_ros2/tm_moveit/tm14_moveit_config) by extensions ['colcon_pkg']
[0.254s] Level 1:colcon.colcon_core.package_identification:_identify(tmr_ros2/tm_moveit/tm14_moveit_config) by extension 'colcon_pkg'
[0.254s] Level 1:colcon.colcon_core.package_identification:_identify(tmr_ros2/tm_moveit/tm14_moveit_config) by extensions ['colcon_meta']
[0.254s] Level 1:colcon.colcon_core.package_identification:_identify(tmr_ros2/tm_moveit/tm14_moveit_config) by extension 'colcon_meta'
[0.254s] Level 1:colcon.colcon_core.package_identification:_identify(tmr_ros2/tm_moveit/tm14_moveit_config) by extensions ['ros']
[0.254s] Level 1:colcon.colcon_core.package_identification:_identify(tmr_ros2/tm_moveit/tm14_moveit_config) by extension 'ros'
[0.255s] DEBUG:colcon.colcon_core.package_identification:Package 'tmr_ros2/tm_moveit/tm14_moveit_config' with type 'ros.ament_cmake' and name 'tm14_moveit_config'
[0.255s] Level 1:colcon.colcon_core.package_identification:_identify(tmr_ros2/tm_moveit/tm14x_moveit_config) by extensions ['ignore', 'ignore_ament_install']
[0.255s] Level 1:colcon.colcon_core.package_identification:_identify(tmr_ros2/tm_moveit/tm14x_moveit_config) by extension 'ignore'
[0.255s] Level 1:colcon.colcon_core.package_identification:_identify(tmr_ros2/tm_moveit/tm14x_moveit_config) by extension 'ignore_ament_install'
[0.255s] Level 1:colcon.colcon_core.package_identification:_identify(tmr_ros2/tm_moveit/tm14x_moveit_config) by extensions ['colcon_pkg']
[0.255s] Level 1:colcon.colcon_core.package_identification:_identify(tmr_ros2/tm_moveit/tm14x_moveit_config) by extension 'colcon_pkg'
[0.255s] Level 1:colcon.colcon_core.package_identification:_identify(tmr_ros2/tm_moveit/tm14x_moveit_config) by extensions ['colcon_meta']
[0.255s] Level 1:colcon.colcon_core.package_identification:_identify(tmr_ros2/tm_moveit/tm14x_moveit_config) by extension 'colcon_meta'
[0.255s] Level 1:colcon.colcon_core.package_identification:_identify(tmr_ros2/tm_moveit/tm14x_moveit_config) by extensions ['ros']
[0.255s] Level 1:colcon.colcon_core.package_identification:_identify(tmr_ros2/tm_moveit/tm14x_moveit_config) by extension 'ros'
[0.256s] DEBUG:colcon.colcon_core.package_identification:Package 'tmr_ros2/tm_moveit/tm14x_moveit_config' with type 'ros.ament_cmake' and name 'tm14x_moveit_config'
[0.256s] Level 1:colcon.colcon_core.package_identification:_identify(tmr_ros2/tm_moveit/tm16_moveit_config) by extensions ['ignore', 'ignore_ament_install']
[0.256s] Level 1:colcon.colcon_core.package_identification:_identify(tmr_ros2/tm_moveit/tm16_moveit_config) by extension 'ignore'
[0.256s] Level 1:colcon.colcon_core.package_identification:_identify(tmr_ros2/tm_moveit/tm16_moveit_config) by extension 'ignore_ament_install'
[0.256s] Level 1:colcon.colcon_core.package_identification:_identify(tmr_ros2/tm_moveit/tm16_moveit_config) by extensions ['colcon_pkg']
[0.256s] Level 1:colcon.colcon_core.package_identification:_identify(tmr_ros2/tm_moveit/tm16_moveit_config) by extension 'colcon_pkg'
[0.256s] Level 1:colcon.colcon_core.package_identification:_identify(tmr_ros2/tm_moveit/tm16_moveit_config) by extensions ['colcon_meta']
[0.256s] Level 1:colcon.colcon_core.package_identification:_identify(tmr_ros2/tm_moveit/tm16_moveit_config) by extension 'colcon_meta'
[0.256s] Level 1:colcon.colcon_core.package_identification:_identify(tmr_ros2/tm_moveit/tm16_moveit_config) by extensions ['ros']
[0.256s] Level 1:colcon.colcon_core.package_identification:_identify(tmr_ros2/tm_moveit/tm16_moveit_config) by extension 'ros'
[0.257s] DEBUG:colcon.colcon_core.package_identification:Package 'tmr_ros2/tm_moveit/tm16_moveit_config' with type 'ros.ament_cmake' and name 'tm16_moveit_config'
[0.257s] Level 1:colcon.colcon_core.package_identification:_identify(tmr_ros2/tm_moveit/tm20_moveit_config) by extensions ['ignore', 'ignore_ament_install']
[0.257s] Level 1:colcon.colcon_core.package_identification:_identify(tmr_ros2/tm_moveit/tm20_moveit_config) by extension 'ignore'
[0.257s] Level 1:colcon.colcon_core.package_identification:_identify(tmr_ros2/tm_moveit/tm20_moveit_config) by extension 'ignore_ament_install'
[0.257s] Level 1:colcon.colcon_core.package_identification:_identify(tmr_ros2/tm_moveit/tm20_moveit_config) by extensions ['colcon_pkg']
[0.257s] Level 1:colcon.colcon_core.package_identification:_identify(tmr_ros2/tm_moveit/tm20_moveit_config) by extension 'colcon_pkg'
[0.257s] Level 1:colcon.colcon_core.package_identification:_identify(tmr_ros2/tm_moveit/tm20_moveit_config) by extensions ['colcon_meta']
[0.257s] Level 1:colcon.colcon_core.package_identification:_identify(tmr_ros2/tm_moveit/tm20_moveit_config) by extension 'colcon_meta'
[0.257s] Level 1:colcon.colcon_core.package_identification:_identify(tmr_ros2/tm_moveit/tm20_moveit_config) by extensions ['ros']
[0.257s] Level 1:colcon.colcon_core.package_identification:_identify(tmr_ros2/tm_moveit/tm20_moveit_config) by extension 'ros'
[0.258s] DEBUG:colcon.colcon_core.package_identification:Package 'tmr_ros2/tm_moveit/tm20_moveit_config' with type 'ros.ament_cmake' and name 'tm20_moveit_config'
[0.258s] Level 1:colcon.colcon_core.package_identification:_identify(tmr_ros2/tm_moveit/tm5-700_moveit_config) by extensions ['ignore', 'ignore_ament_install']
[0.258s] Level 1:colcon.colcon_core.package_identification:_identify(tmr_ros2/tm_moveit/tm5-700_moveit_config) by extension 'ignore'
[0.258s] Level 1:colcon.colcon_core.package_identification:_identify(tmr_ros2/tm_moveit/tm5-700_moveit_config) by extension 'ignore_ament_install'
[0.258s] Level 1:colcon.colcon_core.package_identification:_identify(tmr_ros2/tm_moveit/tm5-700_moveit_config) by extensions ['colcon_pkg']
[0.258s] Level 1:colcon.colcon_core.package_identification:_identify(tmr_ros2/tm_moveit/tm5-700_moveit_config) by extension 'colcon_pkg'
[0.258s] Level 1:colcon.colcon_core.package_identification:_identify(tmr_ros2/tm_moveit/tm5-700_moveit_config) by extensions ['colcon_meta']
[0.258s] Level 1:colcon.colcon_core.package_identification:_identify(tmr_ros2/tm_moveit/tm5-700_moveit_config) by extension 'colcon_meta'
[0.258s] Level 1:colcon.colcon_core.package_identification:_identify(tmr_ros2/tm_moveit/tm5-700_moveit_config) by extensions ['ros']
[0.258s] Level 1:colcon.colcon_core.package_identification:_identify(tmr_ros2/tm_moveit/tm5-700_moveit_config) by extension 'ros'
[0.259s] DEBUG:colcon.colcon_core.package_identification:Package 'tmr_ros2/tm_moveit/tm5-700_moveit_config' with type 'ros.ament_cmake' and name 'tm5-700_moveit_config'
[0.259s] Level 1:colcon.colcon_core.package_identification:_identify(tmr_ros2/tm_moveit/tm5-900_moveit_config) by extensions ['ignore', 'ignore_ament_install']
[0.259s] Level 1:colcon.colcon_core.package_identification:_identify(tmr_ros2/tm_moveit/tm5-900_moveit_config) by extension 'ignore'
[0.259s] Level 1:colcon.colcon_core.package_identification:_identify(tmr_ros2/tm_moveit/tm5-900_moveit_config) by extension 'ignore_ament_install'
[0.259s] Level 1:colcon.colcon_core.package_identification:_identify(tmr_ros2/tm_moveit/tm5-900_moveit_config) by extensions ['colcon_pkg']
[0.259s] Level 1:colcon.colcon_core.package_identification:_identify(tmr_ros2/tm_moveit/tm5-900_moveit_config) by extension 'colcon_pkg'
[0.259s] Level 1:colcon.colcon_core.package_identification:_identify(tmr_ros2/tm_moveit/tm5-900_moveit_config) by extensions ['colcon_meta']
[0.259s] Level 1:colcon.colcon_core.package_identification:_identify(tmr_ros2/tm_moveit/tm5-900_moveit_config) by extension 'colcon_meta'
[0.259s] Level 1:colcon.colcon_core.package_identification:_identify(tmr_ros2/tm_moveit/tm5-900_moveit_config) by extensions ['ros']
[0.259s] Level 1:colcon.colcon_core.package_identification:_identify(tmr_ros2/tm_moveit/tm5-900_moveit_config) by extension 'ros'
[0.260s] DEBUG:colcon.colcon_core.package_identification:Package 'tmr_ros2/tm_moveit/tm5-900_moveit_config' with type 'ros.ament_cmake' and name 'tm5-900_moveit_config'
[0.260s] Level 1:colcon.colcon_core.package_identification:_identify(tmr_ros2/tm_moveit/tm5x-700_moveit_config) by extensions ['ignore', 'ignore_ament_install']
[0.260s] Level 1:colcon.colcon_core.package_identification:_identify(tmr_ros2/tm_moveit/tm5x-700_moveit_config) by extension 'ignore'
[0.260s] Level 1:colcon.colcon_core.package_identification:_identify(tmr_ros2/tm_moveit/tm5x-700_moveit_config) by extension 'ignore_ament_install'
[0.260s] Level 1:colcon.colcon_core.package_identification:_identify(tmr_ros2/tm_moveit/tm5x-700_moveit_config) by extensions ['colcon_pkg']
[0.260s] Level 1:colcon.colcon_core.package_identification:_identify(tmr_ros2/tm_moveit/tm5x-700_moveit_config) by extension 'colcon_pkg'
[0.260s] Level 1:colcon.colcon_core.package_identification:_identify(tmr_ros2/tm_moveit/tm5x-700_moveit_config) by extensions ['colcon_meta']
[0.260s] Level 1:colcon.colcon_core.package_identification:_identify(tmr_ros2/tm_moveit/tm5x-700_moveit_config) by extension 'colcon_meta'
[0.260s] Level 1:colcon.colcon_core.package_identification:_identify(tmr_ros2/tm_moveit/tm5x-700_moveit_config) by extensions ['ros']
[0.260s] Level 1:colcon.colcon_core.package_identification:_identify(tmr_ros2/tm_moveit/tm5x-700_moveit_config) by extension 'ros'
[0.261s] DEBUG:colcon.colcon_core.package_identification:Package 'tmr_ros2/tm_moveit/tm5x-700_moveit_config' with type 'ros.ament_cmake' and name 'tm5x-700_moveit_config'
[0.261s] Level 1:colcon.colcon_core.package_identification:_identify(tmr_ros2/tm_moveit/tm5x-900_moveit_config) by extensions ['ignore', 'ignore_ament_install']
[0.261s] Level 1:colcon.colcon_core.package_identification:_identify(tmr_ros2/tm_moveit/tm5x-900_moveit_config) by extension 'ignore'
[0.261s] Level 1:colcon.colcon_core.package_identification:_identify(tmr_ros2/tm_moveit/tm5x-900_moveit_config) by extension 'ignore_ament_install'
[0.261s] Level 1:colcon.colcon_core.package_identification:_identify(tmr_ros2/tm_moveit/tm5x-900_moveit_config) by extensions ['colcon_pkg']
[0.261s] Level 1:colcon.colcon_core.package_identification:_identify(tmr_ros2/tm_moveit/tm5x-900_moveit_config) by extension 'colcon_pkg'
[0.261s] Level 1:colcon.colcon_core.package_identification:_identify(tmr_ros2/tm_moveit/tm5x-900_moveit_config) by extensions ['colcon_meta']
[0.261s] Level 1:colcon.colcon_core.package_identification:_identify(tmr_ros2/tm_moveit/tm5x-900_moveit_config) by extension 'colcon_meta'
[0.261s] Level 1:colcon.colcon_core.package_identification:_identify(tmr_ros2/tm_moveit/tm5x-900_moveit_config) by extensions ['ros']
[0.261s] Level 1:colcon.colcon_core.package_identification:_identify(tmr_ros2/tm_moveit/tm5x-900_moveit_config) by extension 'ros'
[0.262s] DEBUG:colcon.colcon_core.package_identification:Package 'tmr_ros2/tm_moveit/tm5x-900_moveit_config' with type 'ros.ament_cmake' and name 'tm5x-900_moveit_config'
[0.262s] Level 1:colcon.colcon_core.package_identification:_identify(tmr_ros2/tm_msgs) by extensions ['ignore', 'ignore_ament_install']
[0.262s] Level 1:colcon.colcon_core.package_identification:_identify(tmr_ros2/tm_msgs) by extension 'ignore'
[0.262s] Level 1:colcon.colcon_core.package_identification:_identify(tmr_ros2/tm_msgs) by extension 'ignore_ament_install'
[0.262s] Level 1:colcon.colcon_core.package_identification:_identify(tmr_ros2/tm_msgs) by extensions ['colcon_pkg']
[0.262s] Level 1:colcon.colcon_core.package_identification:_identify(tmr_ros2/tm_msgs) by extension 'colcon_pkg'
[0.262s] Level 1:colcon.colcon_core.package_identification:_identify(tmr_ros2/tm_msgs) by extensions ['colcon_meta']
[0.262s] Level 1:colcon.colcon_core.package_identification:_identify(tmr_ros2/tm_msgs) by extension 'colcon_meta'
[0.262s] Level 1:colcon.colcon_core.package_identification:_identify(tmr_ros2/tm_msgs) by extensions ['ros']
[0.262s] Level 1:colcon.colcon_core.package_identification:_identify(tmr_ros2/tm_msgs) by extension 'ros'
[0.263s] DEBUG:colcon.colcon_core.package_identification:Package 'tmr_ros2/tm_msgs' with type 'ros.ament_cmake' and name 'tm_msgs'
[0.263s] Level 1:colcon.colcon_core.package_identification:_identify(tmr_ros2/ui_for_debug_and_demo) by extensions ['ignore', 'ignore_ament_install']
[0.263s] Level 1:colcon.colcon_core.package_identification:_identify(tmr_ros2/ui_for_debug_and_demo) by extension 'ignore'
[0.263s] Level 1:colcon.colcon_core.package_identification:_identify(tmr_ros2/ui_for_debug_and_demo) by extension 'ignore_ament_install'
[0.263s] Level 1:colcon.colcon_core.package_identification:_identify(tmr_ros2/ui_for_debug_and_demo) by extensions ['colcon_pkg']
[0.263s] Level 1:colcon.colcon_core.package_identification:_identify(tmr_ros2/ui_for_debug_and_demo) by extension 'colcon_pkg'
[0.263s] Level 1:colcon.colcon_core.package_identification:_identify(tmr_ros2/ui_for_debug_and_demo) by extensions ['colcon_meta']
[0.263s] Level 1:colcon.colcon_core.package_identification:_identify(tmr_ros2/ui_for_debug_and_demo) by extension 'colcon_meta'
[0.263s] Level 1:colcon.colcon_core.package_identification:_identify(tmr_ros2/ui_for_debug_and_demo) by extensions ['ros']
[0.263s] Level 1:colcon.colcon_core.package_identification:_identify(tmr_ros2/ui_for_debug_and_demo) by extension 'ros'
[0.264s] DEBUG:colcon.colcon_core.package_identification:Package 'tmr_ros2/ui_for_debug_and_demo' with type 'ros.ament_cmake' and name 'ui_for_debug_and_demo'
[0.264s] Level 1:colcon.colcon_core.package_discovery:discover_packages(recursive) using defaults
[0.264s] Level 1:colcon.colcon_core.package_discovery:discover_packages(ignore) discover
[0.264s] Level 1:colcon.colcon_core.package_discovery:discover_packages(ignore) using defaults
[0.264s] Level 1:colcon.colcon_core.package_discovery:discover_packages(path) discover
[0.264s] Level 1:colcon.colcon_core.package_discovery:discover_packages(path) using defaults
[0.265s] WARNING:colcon.colcon_core.package_selection:ignoring unknown package 'hand_solo_moveit' in --packages-select
[0.288s] INFO:colcon.colcon_core.package_selection:Skipping not selected package 'amr_visualisation' in 'tmr_ros2/amr_visualisation'
[0.288s] INFO:colcon.colcon_core.package_selection:Skipping not selected package 'hand_solo_virtual_nav' in 'hand_solo_virtual_nav'
[0.288s] INFO:colcon.colcon_core.package_selection:Skipping not selected package 'pa_warehouse_status' in 'pa_warehouse_status'
[0.288s] INFO:colcon.colcon_core.package_selection:Skipping not selected package 'techman_robot_msgs' in 'tmr_ros2/techman_robot_msgs'
[0.288s] INFO:colcon.colcon_core.package_selection:Skipping not selected package 'tm_description' in 'tmr_ros2/tm_description'
[0.288s] INFO:colcon.colcon_core.package_selection:Skipping not selected package 'tm_get_status' in 'tmr_ros2/techman_robot_get_status'
[0.288s] INFO:colcon.colcon_core.package_selection:Skipping not selected package 'tm_mod_urdf' in 'tmr_ros2/tm_mod_urdf'
[0.288s] INFO:colcon.colcon_core.package_selection:Skipping not selected package 'tm_msgs' in 'tmr_ros2/tm_msgs'
[0.288s] INFO:colcon.colcon_core.package_selection:Skipping not selected package 'custom_package' in 'tmr_ros2/custom_package'
[0.288s] INFO:colcon.colcon_core.package_selection:Skipping not selected package 'demo' in 'tmr_ros2/demo'
[0.288s] INFO:colcon.colcon_core.package_selection:Skipping not selected package 'tm12_moveit_config' in 'tmr_ros2/tm_moveit/tm12_moveit_config'
[0.288s] INFO:colcon.colcon_core.package_selection:Skipping not selected package 'tm12x_moveit_config' in 'tmr_ros2/tm_moveit/tm12x_moveit_config'
[0.288s] INFO:colcon.colcon_core.package_selection:Skipping not selected package 'tm14_moveit_config' in 'tmr_ros2/tm_moveit/tm14_moveit_config'
[0.288s] INFO:colcon.colcon_core.package_selection:Skipping not selected package 'tm14x_moveit_config' in 'tmr_ros2/tm_moveit/tm14x_moveit_config'
[0.288s] INFO:colcon.colcon_core.package_selection:Skipping not selected package 'tm16_moveit_config' in 'tmr_ros2/tm_moveit/tm16_moveit_config'
[0.288s] INFO:colcon.colcon_core.package_selection:Skipping not selected package 'tm20_moveit_config' in 'tmr_ros2/tm_moveit/tm20_moveit_config'
[0.289s] INFO:colcon.colcon_core.package_selection:Skipping not selected package 'tm5-700_moveit_config' in 'tmr_ros2/tm_moveit/tm5-700_moveit_config'
[0.289s] INFO:colcon.colcon_core.package_selection:Skipping not selected package 'tm5-900_moveit_config' in 'tmr_ros2/tm_moveit/tm5-900_moveit_config'
[0.289s] INFO:colcon.colcon_core.package_selection:Skipping not selected package 'tm5x-700_moveit_config' in 'tmr_ros2/tm_moveit/tm5x-700_moveit_config'
[0.289s] INFO:colcon.colcon_core.package_selection:Skipping not selected package 'tm5x-900_moveit_config' in 'tmr_ros2/tm_moveit/tm5x-900_moveit_config'
[0.289s] INFO:colcon.colcon_core.package_selection:Skipping not selected package 'tm_driver' in 'tmr_ros2/tm_driver'
[0.289s] INFO:colcon.colcon_core.package_selection:Skipping not selected package 'ui_for_debug_and_demo' in 'tmr_ros2/ui_for_debug_and_demo'
[0.289s] INFO:colcon.colcon_core.executor:Executing jobs using 'parallel' executor
[0.303s] DEBUG:colcon.colcon_parallel_executor.executor.parallel:run_until_complete
[0.303s] DEBUG:colcon.colcon_parallel_executor.executor.parallel:closing loop
[0.303s] DEBUG:colcon.colcon_parallel_executor.executor.parallel:loop closed
[0.303s] DEBUG:colcon.colcon_parallel_executor.executor.parallel:run_until_complete finished with '0'
[0.303s] DEBUG:colcon.colcon_core.event_reactor:joining thread
[0.312s] INFO:colcon.colcon_core.plugin_system:Skipping extension 'colcon_notification.desktop_notification.notify_send': Could not find 'notify-send'
[0.312s] INFO:colcon.colcon_core.plugin_system:Skipping extension 'colcon_notification.desktop_notification.terminal_notifier': Not used on non-Darwin systems
[0.312s] INFO:colcon.colcon_core.plugin_system:Skipping extension 'colcon_notification.desktop_notification.win32': Not used on non-Windows systems
[0.312s] INFO:colcon.colcon_notification.desktop_notification:Sending desktop notification using 'notify2'
[0.316s] DEBUG:colcon.colcon_notification.desktop_notification.notify2:Failed to initialize notify2: org.freedesktop.DBus.Error.Spawn.ExecFailed: /usr/bin/dbus-launch terminated abnormally without any error message
[0.316s] DEBUG:colcon.colcon_core.event_reactor:joined thread
[0.319s] INFO:colcon.colcon_core.plugin_system:Skipping extension 'colcon_core.shell.bat': Not used on non-Windows systems
[0.319s] INFO:colcon.colcon_core.shell:Creating prefix script '/root/irslab_ws/src/install/local_setup.ps1'
[0.320s] INFO:colcon.colcon_core.shell:Creating prefix util module '/root/irslab_ws/src/install/_local_setup_util_ps1.py'
[0.321s] INFO:colcon.colcon_core.shell:Creating prefix chain script '/root/irslab_ws/src/install/setup.ps1'
[0.323s] INFO:colcon.colcon_core.shell:Creating prefix script '/root/irslab_ws/src/install/local_setup.sh'
[0.324s] INFO:colcon.colcon_core.shell:Creating prefix util module '/root/irslab_ws/src/install/_local_setup_util_sh.py'
[0.324s] INFO:colcon.colcon_core.shell:Creating prefix chain script '/root/irslab_ws/src/install/setup.sh'
[0.325s] INFO:colcon.colcon_core.shell:Creating prefix script '/root/irslab_ws/src/install/local_setup.bash'
[0.325s] INFO:colcon.colcon_core.shell:Creating prefix chain script '/root/irslab_ws/src/install/setup.bash'
[0.327s] INFO:colcon.colcon_core.shell:Creating prefix script '/root/irslab_ws/src/install/local_setup.zsh'
[0.327s] INFO:colcon.colcon_core.shell:Creating prefix chain script '/root/irslab_ws/src/install/setup.zsh'
