[1.036s] Invoking command in '/root/irslab_ws/src/pick_nav_place': PYTHONPATH=/root/irslab_ws/build/pick_nav_place/prefix_override:/usr/lib/python3/dist-packages/colcon_core/task/python/colcon_distutils_commands:/root/irslab_ws/install/pick_nav_place/lib/python3.10/site-packages:${PYTHONPATH} /usr/bin/python3 -W ignore:setup.py install is deprecated -W ignore:easy_install command is deprecated setup.py egg_info --egg-base ../../build/pick_nav_place build --build-base /root/irslab_ws/build/pick_nav_place/build install --record /root/irslab_ws/build/pick_nav_place/install.log --single-version-externally-managed install_data
[1.215s] running egg_info
[1.216s] writing ../../build/pick_nav_place/pick_nav_place.egg-info/PKG-INFO
[1.221s] writing dependency_links to ../../build/pick_nav_place/pick_nav_place.egg-info/dependency_links.txt
[1.221s] writing entry points to ../../build/pick_nav_place/pick_nav_place.egg-info/entry_points.txt
[1.221s] writing requirements to ../../build/pick_nav_place/pick_nav_place.egg-info/requires.txt
[1.221s] writing top-level names to ../../build/pick_nav_place/pick_nav_place.egg-info/top_level.txt
[1.221s] reading manifest file '../../build/pick_nav_place/pick_nav_place.egg-info/SOURCES.txt'
[1.223s] adding license file 'LICENSE'
[1.224s] writing manifest file '../../build/pick_nav_place/pick_nav_place.egg-info/SOURCES.txt'
[1.224s] running build
[1.224s] running build_py
[1.224s] copying pick_nav_place/plc_hmi_listener.py -> /root/irslab_ws/build/pick_nav_place/build/lib/pick_nav_place
[1.230s] copying pick_nav_place/hs_waypoint_follower.py -> /root/irslab_ws/build/pick_nav_place/build/lib/pick_nav_place
[1.231s] copying pick_nav_place/__init__.py -> /root/irslab_ws/build/pick_nav_place/build/lib/pick_nav_place
[1.231s] copying pick_nav_place/warehouse_coordinator.py -> /root/irslab_ws/build/pick_nav_place/build/lib/pick_nav_place
[1.231s] copying pick_nav_place/hs_pick_place.py -> /root/irslab_ws/build/pick_nav_place/build/lib/pick_nav_place
[1.231s] running install
[1.231s] running install_lib
[1.231s] copying /root/irslab_ws/build/pick_nav_place/build/lib/pick_nav_place/plc_hmi_listener.py -> /root/irslab_ws/install/pick_nav_place/lib/python3.10/site-packages/pick_nav_place
[1.231s] copying /root/irslab_ws/build/pick_nav_place/build/lib/pick_nav_place/hs_waypoint_follower.py -> /root/irslab_ws/install/pick_nav_place/lib/python3.10/site-packages/pick_nav_place
[1.231s] copying /root/irslab_ws/build/pick_nav_place/build/lib/pick_nav_place/__init__.py -> /root/irslab_ws/install/pick_nav_place/lib/python3.10/site-packages/pick_nav_place
[1.232s] copying /root/irslab_ws/build/pick_nav_place/build/lib/pick_nav_place/warehouse_coordinator.py -> /root/irslab_ws/install/pick_nav_place/lib/python3.10/site-packages/pick_nav_place
[1.232s] copying /root/irslab_ws/build/pick_nav_place/build/lib/pick_nav_place/hs_pick_place.py -> /root/irslab_ws/install/pick_nav_place/lib/python3.10/site-packages/pick_nav_place
[1.232s] byte-compiling /root/irslab_ws/install/pick_nav_place/lib/python3.10/site-packages/pick_nav_place/plc_hmi_listener.py to plc_hmi_listener.cpython-310.pyc
[1.237s] byte-compiling /root/irslab_ws/install/pick_nav_place/lib/python3.10/site-packages/pick_nav_place/hs_waypoint_follower.py to hs_waypoint_follower.cpython-310.pyc
[1.238s] byte-compiling /root/irslab_ws/install/pick_nav_place/lib/python3.10/site-packages/pick_nav_place/__init__.py to __init__.cpython-310.pyc
[1.239s] byte-compiling /root/irslab_ws/install/pick_nav_place/lib/python3.10/site-packages/pick_nav_place/warehouse_coordinator.py to warehouse_coordinator.cpython-310.pyc
[1.239s] byte-compiling /root/irslab_ws/install/pick_nav_place/lib/python3.10/site-packages/pick_nav_place/hs_pick_place.py to hs_pick_place.cpython-310.pyc
[1.244s] running install_data
[1.244s] copying resource/pick_nav_place -> /root/irslab_ws/install/pick_nav_place/share/ament_index/resource_index/packages
[1.245s] copying package.xml -> /root/irslab_ws/install/pick_nav_place/share/pick_nav_place
[1.252s] copying launch/mapping_launch.py -> /root/irslab_ws/install/pick_nav_place/share/pick_nav_place/launch
[1.252s] copying launch/pick_nav_place_launch.py -> /root/irslab_ws/install/pick_nav_place/share/pick_nav_place/launch
[1.252s] copying launch/nav_launch.py -> /root/irslab_ws/install/pick_nav_place/share/pick_nav_place/launch
[1.252s] copying config/pa_slam_params.yaml -> /root/irslab_ws/install/pick_nav_place/share/pick_nav_place/config
[1.252s] copying config/pa_nav2_params.yaml -> /root/irslab_ws/install/pick_nav_place/share/pick_nav_place/config
[1.253s] copying rviz/pa_rviz_mapping.rviz -> /root/irslab_ws/install/pick_nav_place/share/pick_nav_place/rviz
[1.253s] copying rviz/pa_rviz_nav2.rviz -> /root/irslab_ws/install/pick_nav_place/share/pick_nav_place/rviz
[1.253s] copying map/pa_warehouse_map_01.yaml -> /root/irslab_ws/install/pick_nav_place/share/pick_nav_place/map
[1.253s] copying map/pa_warehouse_map_01.pgm -> /root/irslab_ws/install/pick_nav_place/share/pick_nav_place/map
[1.253s] running install_egg_info
[1.257s] removing '/root/irslab_ws/install/pick_nav_place/lib/python3.10/site-packages/pick_nav_place-0.0.0-py3.10.egg-info' (and everything under it)
[1.260s] Copying ../../build/pick_nav_place/pick_nav_place.egg-info to /root/irslab_ws/install/pick_nav_place/lib/python3.10/site-packages/pick_nav_place-0.0.0-py3.10.egg-info
[1.261s] running install_scripts
[1.295s] Installing hs_pick_place script to /root/irslab_ws/install/pick_nav_place/lib/pick_nav_place
[1.296s] Installing hs_waypoint_follower script to /root/irslab_ws/install/pick_nav_place/lib/pick_nav_place
[1.296s] Installing plc_hmi_listener script to /root/irslab_ws/install/pick_nav_place/lib/pick_nav_place
[1.296s] Installing warehouse_coordinator script to /root/irslab_ws/install/pick_nav_place/lib/pick_nav_place
[1.296s] writing list of installed files to '/root/irslab_ws/build/pick_nav_place/install.log'
[1.362s] Invoked command in '/root/irslab_ws/src/pick_nav_place' returned '0': PYTHONPATH=/root/irslab_ws/build/pick_nav_place/prefix_override:/usr/lib/python3/dist-packages/colcon_core/task/python/colcon_distutils_commands:/root/irslab_ws/install/pick_nav_place/lib/python3.10/site-packages:${PYTHONPATH} /usr/bin/python3 -W ignore:setup.py install is deprecated -W ignore:easy_install command is deprecated setup.py egg_info --egg-base ../../build/pick_nav_place build --build-base /root/irslab_ws/build/pick_nav_place/build install --record /root/irslab_ws/build/pick_nav_place/install.log --single-version-externally-managed install_data
