[0.020s] Invoking command in '/root/irslab_ws/build/custom_nav2_bt_nodes': CMAKE_PREFIX_PATH=/opt/ros/humble /usr/bin/cmake /root/irslab_ws/src/custom_nav2_bt_nodes -DCMAKE_BUILD_TYPE=Release -DCMAKE_INSTALL_PREFIX=/root/irslab_ws/install/custom_nav2_bt_nodes
[0.527s] -- Found ament_cmake: 1.3.12 (/opt/ros/humble/share/ament_cmake/cmake)
[0.528s] -- Found rclcpp: 16.0.15 (/opt/ros/humble/share/rclcpp/cmake)
[0.528s] -- Found rosidl_generator_c: 3.1.7 (/opt/ros/humble/share/rosidl_generator_c/cmake)
[0.528s] -- Found rosidl_adapter: 3.1.7 (/opt/ros/humble/share/rosidl_adapter/cmake)
[0.528s] -- Found rosidl_generator_cpp: 3.1.7 (/opt/ros/humble/share/rosidl_generator_cpp/cmake)
[0.528s] -- Using all available rosidl_typesupport_c: rosidl_typesupport_fastrtps_c;rosidl_typesupport_introspection_c
[0.528s] -- Using all available rosidl_typesupport_cpp: rosidl_typesupport_fastrtps_cpp;rosidl_typesupport_introspection_cpp
[0.528s] -- Found rmw_implementation_cmake: 6.1.2 (/opt/ros/humble/share/rmw_implementation_cmake/cmake)
[0.528s] -- Found rmw_cyclonedds_cpp: 1.3.4 (/opt/ros/humble/share/rmw_cyclonedds_cpp/cmake)
[0.528s] -- Using RMW implementation 'rmw_cyclonedds_cpp' as default
[0.528s] -- Found nav2_behavior_tree: 1.1.18 (/opt/ros/humble/share/nav2_behavior_tree/cmake)
[0.528s] -- Found eigen3_cmake_module: 0.1.1 (/opt/ros/humble/share/eigen3_cmake_module/cmake)
[0.528s] -- Ensuring Eigen3 include directory is part of orocos-kdl CMake target
[0.528s] -- Configuring incomplete, errors occurred!
[0.528s] See also "/root/irslab_ws/build/custom_nav2_bt_nodes/CMakeFiles/CMakeOutput.log".
[0.528s] [31mCMake Error at CMakeLists.txt:17 (find_package):
[0.528s]   By not providing "FindBehaviors_cpp_v3.cmake" in CMAKE_MODULE_PATH this
[0.528s]   project has asked CMake to find a package configuration file provided by
[0.528s]   "Behaviors_cpp_v3", but CMake did not find one.
[0.528s] 
[0.528s]   Could not find a package configuration file provided by "Behaviors_cpp_v3"
[0.528s]   with any of the following names:
[0.528s] 
[0.528s]     Behaviors_cpp_v3Config.cmake
[0.528s]     behaviors_cpp_v3-config.cmake
[0.528s] 
[0.528s]   Add the installation prefix of "Behaviors_cpp_v3" to CMAKE_PREFIX_PATH or
[0.528s]   set "Behaviors_cpp_v3_DIR" to a directory containing one of the above
[0.528s]   files.  If "Behaviors_cpp_v3" provides a separate development package or
[0.528s]   SDK, be sure it has been installed.
[0.528s] 
[0.529s] [0m
[0.658s] Invoked command in '/root/irslab_ws/build/custom_nav2_bt_nodes' returned '1': CMAKE_PREFIX_PATH=/opt/ros/humble /usr/bin/cmake /root/irslab_ws/src/custom_nav2_bt_nodes -DCMAKE_BUILD_TYPE=Release -DCMAKE_INSTALL_PREFIX=/root/irslab_ws/install/custom_nav2_bt_nodes
