[0.027s] Invoking command in '/root/irslab_ws/build/tm_inspect': CMAKE_PREFIX_PATH=/root/irslab_ws/install/tm_msgs:/root/irslab_ws/install/tm_test:/root/irslab_ws/install/tm_inspect:/root/irslab_ws/install/tm_driver:/root/irslab_ws/install/tm5x-900_moveit_config:/root/irslab_ws/install/tm5x-700_moveit_config:/root/irslab_ws/install/tm5-900_moveit_config:/root/irslab_ws/install/tm5-700_moveit_config:/root/irslab_ws/install/tm20_moveit_config:/root/irslab_ws/install/tm16_moveit_config:/root/irslab_ws/install/tm14x_moveit_config:/root/irslab_ws/install/tm14_moveit_config:/root/irslab_ws/install/tm12x_moveit_config:/root/irslab_ws/install/tm12_moveit_config:/root/irslab_ws/install/tm_description:/root/irslab_ws/install/custom_nav2_bt_nodes:/root/irslab_ws/install/tm_mod_urdf:/root/irslab_ws/install/pick_nav_place:/root/irslab_ws/install/pa_warehouse_status:/root/irslab_ws/install/hand_solo_virtual_nav:/root/irslab_ws/install/hand_solo_arm:/opt/ros/humble /usr/bin/cmake /root/irslab_ws/src/tmr_ros2/tm_inspect -DCMAKE_INSTALL_PREFIX=/root/irslab_ws/install/tm_inspect
[0.039s] -- Found ament_cmake: 1.3.12 (/opt/ros/humble/share/ament_cmake/cmake)
[0.197s] -- Found rclcpp: 16.0.15 (/opt/ros/humble/share/rclcpp/cmake)
[0.227s] -- Found rosidl_generator_c: 3.1.7 (/opt/ros/humble/share/rosidl_generator_c/cmake)
[0.230s] -- Found rosidl_adapter: 3.1.7 (/opt/ros/humble/share/rosidl_adapter/cmake)
[0.239s] -- Found rosidl_generator_cpp: 3.1.7 (/opt/ros/humble/share/rosidl_generator_cpp/cmake)
[0.249s] -- Using all available rosidl_typesupport_c: rosidl_typesupport_fastrtps_c;rosidl_typesupport_introspection_c
[0.260s] -- Using all available rosidl_typesupport_cpp: rosidl_typesupport_fastrtps_cpp;rosidl_typesupport_introspection_cpp
[0.294s] -- Found rmw_implementation_cmake: 6.1.2 (/opt/ros/humble/share/rmw_implementation_cmake/cmake)
[0.296s] -- Found rmw_cyclonedds_cpp: 1.3.4 (/opt/ros/humble/share/rmw_cyclonedds_cpp/cmake)
[0.322s] -- Using RMW implementation 'rmw_cyclonedds_cpp' as default
[0.377s] -- Found rclcpp_action: 16.0.15 (/opt/ros/humble/share/rclcpp_action/cmake)
[0.408s] -- Found tm_msgs: 1.1.2 (/root/irslab_ws/install/tm_msgs/share/tm_msgs/cmake)
[0.429s] -- Found ament_lint_auto: 0.12.14 (/opt/ros/humble/share/ament_lint_auto/cmake)
[0.515s] -- Added test 'copyright' to check source files copyright and LICENSE
[0.517s] -- Added test 'cppcheck' to perform static code analysis on C / C++ code
[0.518s] -- Configured cppcheck include dirs: 
[0.518s] -- Configured cppcheck exclude dirs and/or files: 
[0.519s] -- Added test 'cpplint' to check C / C++ code against the Google style
[0.519s] -- Configured cpplint exclude dirs and/or files: 
[0.520s] -- Added test 'flake8' to check Python code syntax and style conventions
[0.520s] -- Added test 'lint_cmake' to check CMake code style
[0.520s] -- Added test 'pep257' to check Python code against some of the docstring style conventions in PEP 257
[0.521s] -- Added test 'uncrustify' to check C / C++ code style
[0.521s] -- Configured uncrustify additional arguments: 
[0.521s] -- Added test 'xmllint' to check XML markup files
[0.522s] -- Configuring done
[0.557s] -- Generating done
[0.561s] -- Build files have been written to: /root/irslab_ws/build/tm_inspect
[0.571s] Invoked command in '/root/irslab_ws/build/tm_inspect' returned '0': CMAKE_PREFIX_PATH=/root/irslab_ws/install/tm_msgs:/root/irslab_ws/install/tm_test:/root/irslab_ws/install/tm_inspect:/root/irslab_ws/install/tm_driver:/root/irslab_ws/install/tm5x-900_moveit_config:/root/irslab_ws/install/tm5x-700_moveit_config:/root/irslab_ws/install/tm5-900_moveit_config:/root/irslab_ws/install/tm5-700_moveit_config:/root/irslab_ws/install/tm20_moveit_config:/root/irslab_ws/install/tm16_moveit_config:/root/irslab_ws/install/tm14x_moveit_config:/root/irslab_ws/install/tm14_moveit_config:/root/irslab_ws/install/tm12x_moveit_config:/root/irslab_ws/install/tm12_moveit_config:/root/irslab_ws/install/tm_description:/root/irslab_ws/install/custom_nav2_bt_nodes:/root/irslab_ws/install/tm_mod_urdf:/root/irslab_ws/install/pick_nav_place:/root/irslab_ws/install/pa_warehouse_status:/root/irslab_ws/install/hand_solo_virtual_nav:/root/irslab_ws/install/hand_solo_arm:/opt/ros/humble /usr/bin/cmake /root/irslab_ws/src/tmr_ros2/tm_inspect -DCMAKE_INSTALL_PREFIX=/root/irslab_ws/install/tm_inspect
[0.573s] Invoking command in '/root/irslab_ws/build/tm_inspect': CMAKE_PREFIX_PATH=/root/irslab_ws/install/tm_msgs:/root/irslab_ws/install/tm_test:/root/irslab_ws/install/tm_inspect:/root/irslab_ws/install/tm_driver:/root/irslab_ws/install/tm5x-900_moveit_config:/root/irslab_ws/install/tm5x-700_moveit_config:/root/irslab_ws/install/tm5-900_moveit_config:/root/irslab_ws/install/tm5-700_moveit_config:/root/irslab_ws/install/tm20_moveit_config:/root/irslab_ws/install/tm16_moveit_config:/root/irslab_ws/install/tm14x_moveit_config:/root/irslab_ws/install/tm14_moveit_config:/root/irslab_ws/install/tm12x_moveit_config:/root/irslab_ws/install/tm12_moveit_config:/root/irslab_ws/install/tm_description:/root/irslab_ws/install/custom_nav2_bt_nodes:/root/irslab_ws/install/tm_mod_urdf:/root/irslab_ws/install/pick_nav_place:/root/irslab_ws/install/pa_warehouse_status:/root/irslab_ws/install/hand_solo_virtual_nav:/root/irslab_ws/install/hand_solo_arm:/opt/ros/humble /usr/bin/cmake --build /root/irslab_ws/build/tm_inspect -- -j20 -l20
[0.629s] [ 14%] [34m[1mAutomatic MOC and UIC for target robot_ui[0m
[0.649s] [ 14%] Built target robot_ui_autogen
[0.664s] [35m[1mConsolidate compiler generated dependencies of target robot_ui[0m
[0.693s] [100%] Built target robot_ui
[0.707s] Invoked command in '/root/irslab_ws/build/tm_inspect' returned '0': CMAKE_PREFIX_PATH=/root/irslab_ws/install/tm_msgs:/root/irslab_ws/install/tm_test:/root/irslab_ws/install/tm_inspect:/root/irslab_ws/install/tm_driver:/root/irslab_ws/install/tm5x-900_moveit_config:/root/irslab_ws/install/tm5x-700_moveit_config:/root/irslab_ws/install/tm5-900_moveit_config:/root/irslab_ws/install/tm5-700_moveit_config:/root/irslab_ws/install/tm20_moveit_config:/root/irslab_ws/install/tm16_moveit_config:/root/irslab_ws/install/tm14x_moveit_config:/root/irslab_ws/install/tm14_moveit_config:/root/irslab_ws/install/tm12x_moveit_config:/root/irslab_ws/install/tm12_moveit_config:/root/irslab_ws/install/tm_description:/root/irslab_ws/install/custom_nav2_bt_nodes:/root/irslab_ws/install/tm_mod_urdf:/root/irslab_ws/install/pick_nav_place:/root/irslab_ws/install/pa_warehouse_status:/root/irslab_ws/install/hand_solo_virtual_nav:/root/irslab_ws/install/hand_solo_arm:/opt/ros/humble /usr/bin/cmake --build /root/irslab_ws/build/tm_inspect -- -j20 -l20
[0.709s] Invoking command in '/root/irslab_ws/build/tm_inspect': CMAKE_PREFIX_PATH=/root/irslab_ws/install/tm_msgs:/root/irslab_ws/install/tm_test:/root/irslab_ws/install/tm_inspect:/root/irslab_ws/install/tm_driver:/root/irslab_ws/install/tm5x-900_moveit_config:/root/irslab_ws/install/tm5x-700_moveit_config:/root/irslab_ws/install/tm5-900_moveit_config:/root/irslab_ws/install/tm5-700_moveit_config:/root/irslab_ws/install/tm20_moveit_config:/root/irslab_ws/install/tm16_moveit_config:/root/irslab_ws/install/tm14x_moveit_config:/root/irslab_ws/install/tm14_moveit_config:/root/irslab_ws/install/tm12x_moveit_config:/root/irslab_ws/install/tm12_moveit_config:/root/irslab_ws/install/tm_description:/root/irslab_ws/install/custom_nav2_bt_nodes:/root/irslab_ws/install/tm_mod_urdf:/root/irslab_ws/install/pick_nav_place:/root/irslab_ws/install/pa_warehouse_status:/root/irslab_ws/install/hand_solo_virtual_nav:/root/irslab_ws/install/hand_solo_arm:/opt/ros/humble /usr/bin/cmake --install /root/irslab_ws/build/tm_inspect
[0.716s] -- Install configuration: "Release"
[0.716s] -- Up-to-date: /root/irslab_ws/install/tm_inspect/lib/tm_inspect/robot_ui
[0.716s] -- Up-to-date: /root/irslab_ws/install/tm_inspect/share/tm_inspect/launch
[0.716s] -- Up-to-date: /root/irslab_ws/install/tm_inspect/share/tm_inspect/launch/tm_gui.launch.py
[0.716s] -- Up-to-date: /root/irslab_ws/install/tm_inspect/share/ament_index/resource_index/package_run_dependencies/tm_inspect
[0.716s] -- Installing: /root/irslab_ws/install/tm_inspect/share/ament_index/resource_index/parent_prefix_path/tm_inspect
[0.716s] -- Up-to-date: /root/irslab_ws/install/tm_inspect/share/tm_inspect/environment/ament_prefix_path.sh
[0.717s] -- Installing: /root/irslab_ws/install/tm_inspect/share/tm_inspect/environment/ament_prefix_path.dsv
[0.717s] -- Up-to-date: /root/irslab_ws/install/tm_inspect/share/tm_inspect/environment/path.sh
[0.717s] -- Installing: /root/irslab_ws/install/tm_inspect/share/tm_inspect/environment/path.dsv
[0.717s] -- Up-to-date: /root/irslab_ws/install/tm_inspect/share/tm_inspect/local_setup.bash
[0.717s] -- Up-to-date: /root/irslab_ws/install/tm_inspect/share/tm_inspect/local_setup.sh
[0.717s] -- Up-to-date: /root/irslab_ws/install/tm_inspect/share/tm_inspect/local_setup.zsh
[0.717s] -- Installing: /root/irslab_ws/install/tm_inspect/share/tm_inspect/local_setup.dsv
[0.717s] -- Installing: /root/irslab_ws/install/tm_inspect/share/tm_inspect/package.dsv
[0.717s] -- Up-to-date: /root/irslab_ws/install/tm_inspect/share/ament_index/resource_index/packages/tm_inspect
[0.717s] -- Up-to-date: /root/irslab_ws/install/tm_inspect/share/tm_inspect/cmake/tm_inspectConfig.cmake
[0.718s] -- Up-to-date: /root/irslab_ws/install/tm_inspect/share/tm_inspect/cmake/tm_inspectConfig-version.cmake
[0.718s] -- Up-to-date: /root/irslab_ws/install/tm_inspect/share/tm_inspect/package.xml
[0.720s] Invoked command in '/root/irslab_ws/build/tm_inspect' returned '0': CMAKE_PREFIX_PATH=/root/irslab_ws/install/tm_msgs:/root/irslab_ws/install/tm_test:/root/irslab_ws/install/tm_inspect:/root/irslab_ws/install/tm_driver:/root/irslab_ws/install/tm5x-900_moveit_config:/root/irslab_ws/install/tm5x-700_moveit_config:/root/irslab_ws/install/tm5-900_moveit_config:/root/irslab_ws/install/tm5-700_moveit_config:/root/irslab_ws/install/tm20_moveit_config:/root/irslab_ws/install/tm16_moveit_config:/root/irslab_ws/install/tm14x_moveit_config:/root/irslab_ws/install/tm14_moveit_config:/root/irslab_ws/install/tm12x_moveit_config:/root/irslab_ws/install/tm12_moveit_config:/root/irslab_ws/install/tm_description:/root/irslab_ws/install/custom_nav2_bt_nodes:/root/irslab_ws/install/tm_mod_urdf:/root/irslab_ws/install/pick_nav_place:/root/irslab_ws/install/pa_warehouse_status:/root/irslab_ws/install/hand_solo_virtual_nav:/root/irslab_ws/install/hand_solo_arm:/opt/ros/humble /usr/bin/cmake --install /root/irslab_ws/build/tm_inspect
