[0.063s] Invoking command in '/root/irslab_ws/build/tm20_moveit_config': CMAKE_PREFIX_PATH=/root/irslab_ws/install/tm_description:/root/irslab_ws/install/tm_test:/root/irslab_ws/install/tm_inspect:/root/irslab_ws/install/tm_driver:/root/irslab_ws/install/tm_msgs:/root/irslab_ws/install/tm5x-900_moveit_config:/root/irslab_ws/install/tm5x-700_moveit_config:/root/irslab_ws/install/tm5-900_moveit_config:/root/irslab_ws/install/tm5-700_moveit_config:/root/irslab_ws/install/tm20_moveit_config:/root/irslab_ws/install/tm16_moveit_config:/root/irslab_ws/install/tm14x_moveit_config:/root/irslab_ws/install/tm14_moveit_config:/root/irslab_ws/install/tm12x_moveit_config:/root/irslab_ws/install/tm12_moveit_config:/root/irslab_ws/install/custom_nav2_bt_nodes:/root/irslab_ws/install/tm_mod_urdf:/root/irslab_ws/install/pick_nav_place:/root/irslab_ws/install/pa_warehouse_status:/root/irslab_ws/install/hand_solo_virtual_nav:/root/irslab_ws/install/hand_solo_arm:/opt/ros/humble /usr/bin/cmake /root/irslab_ws/src/tmr_ros2/tm_moveit/tm20_moveit_config -DCMAKE_INSTALL_PREFIX=/root/irslab_ws/install/tm20_moveit_config
[0.085s] -- Found ament_cmake: 1.3.12 (/opt/ros/humble/share/ament_cmake/cmake)
[0.401s] -- Configuring done
[0.403s] -- Generating done
[0.406s] -- Build files have been written to: /root/irslab_ws/build/tm20_moveit_config
[0.410s] Invoked command in '/root/irslab_ws/build/tm20_moveit_config' returned '0': CMAKE_PREFIX_PATH=/root/irslab_ws/install/tm_description:/root/irslab_ws/install/tm_test:/root/irslab_ws/install/tm_inspect:/root/irslab_ws/install/tm_driver:/root/irslab_ws/install/tm_msgs:/root/irslab_ws/install/tm5x-900_moveit_config:/root/irslab_ws/install/tm5x-700_moveit_config:/root/irslab_ws/install/tm5-900_moveit_config:/root/irslab_ws/install/tm5-700_moveit_config:/root/irslab_ws/install/tm20_moveit_config:/root/irslab_ws/install/tm16_moveit_config:/root/irslab_ws/install/tm14x_moveit_config:/root/irslab_ws/install/tm14_moveit_config:/root/irslab_ws/install/tm12x_moveit_config:/root/irslab_ws/install/tm12_moveit_config:/root/irslab_ws/install/custom_nav2_bt_nodes:/root/irslab_ws/install/tm_mod_urdf:/root/irslab_ws/install/pick_nav_place:/root/irslab_ws/install/pa_warehouse_status:/root/irslab_ws/install/hand_solo_virtual_nav:/root/irslab_ws/install/hand_solo_arm:/opt/ros/humble /usr/bin/cmake /root/irslab_ws/src/tmr_ros2/tm_moveit/tm20_moveit_config -DCMAKE_INSTALL_PREFIX=/root/irslab_ws/install/tm20_moveit_config
[0.411s] Invoking command in '/root/irslab_ws/build/tm20_moveit_config': CMAKE_PREFIX_PATH=/root/irslab_ws/install/tm_description:/root/irslab_ws/install/tm_test:/root/irslab_ws/install/tm_inspect:/root/irslab_ws/install/tm_driver:/root/irslab_ws/install/tm_msgs:/root/irslab_ws/install/tm5x-900_moveit_config:/root/irslab_ws/install/tm5x-700_moveit_config:/root/irslab_ws/install/tm5-900_moveit_config:/root/irslab_ws/install/tm5-700_moveit_config:/root/irslab_ws/install/tm20_moveit_config:/root/irslab_ws/install/tm16_moveit_config:/root/irslab_ws/install/tm14x_moveit_config:/root/irslab_ws/install/tm14_moveit_config:/root/irslab_ws/install/tm12x_moveit_config:/root/irslab_ws/install/tm12_moveit_config:/root/irslab_ws/install/custom_nav2_bt_nodes:/root/irslab_ws/install/tm_mod_urdf:/root/irslab_ws/install/pick_nav_place:/root/irslab_ws/install/pa_warehouse_status:/root/irslab_ws/install/hand_solo_virtual_nav:/root/irslab_ws/install/hand_solo_arm:/opt/ros/humble /usr/bin/cmake --build /root/irslab_ws/build/tm20_moveit_config -- -j20 -l20
[0.470s] Invoked command in '/root/irslab_ws/build/tm20_moveit_config' returned '0': CMAKE_PREFIX_PATH=/root/irslab_ws/install/tm_description:/root/irslab_ws/install/tm_test:/root/irslab_ws/install/tm_inspect:/root/irslab_ws/install/tm_driver:/root/irslab_ws/install/tm_msgs:/root/irslab_ws/install/tm5x-900_moveit_config:/root/irslab_ws/install/tm5x-700_moveit_config:/root/irslab_ws/install/tm5-900_moveit_config:/root/irslab_ws/install/tm5-700_moveit_config:/root/irslab_ws/install/tm20_moveit_config:/root/irslab_ws/install/tm16_moveit_config:/root/irslab_ws/install/tm14x_moveit_config:/root/irslab_ws/install/tm14_moveit_config:/root/irslab_ws/install/tm12x_moveit_config:/root/irslab_ws/install/tm12_moveit_config:/root/irslab_ws/install/custom_nav2_bt_nodes:/root/irslab_ws/install/tm_mod_urdf:/root/irslab_ws/install/pick_nav_place:/root/irslab_ws/install/pa_warehouse_status:/root/irslab_ws/install/hand_solo_virtual_nav:/root/irslab_ws/install/hand_solo_arm:/opt/ros/humble /usr/bin/cmake --build /root/irslab_ws/build/tm20_moveit_config -- -j20 -l20
[0.473s] Invoking command in '/root/irslab_ws/build/tm20_moveit_config': CMAKE_PREFIX_PATH=/root/irslab_ws/install/tm_description:/root/irslab_ws/install/tm_test:/root/irslab_ws/install/tm_inspect:/root/irslab_ws/install/tm_driver:/root/irslab_ws/install/tm_msgs:/root/irslab_ws/install/tm5x-900_moveit_config:/root/irslab_ws/install/tm5x-700_moveit_config:/root/irslab_ws/install/tm5-900_moveit_config:/root/irslab_ws/install/tm5-700_moveit_config:/root/irslab_ws/install/tm20_moveit_config:/root/irslab_ws/install/tm16_moveit_config:/root/irslab_ws/install/tm14x_moveit_config:/root/irslab_ws/install/tm14_moveit_config:/root/irslab_ws/install/tm12x_moveit_config:/root/irslab_ws/install/tm12_moveit_config:/root/irslab_ws/install/custom_nav2_bt_nodes:/root/irslab_ws/install/tm_mod_urdf:/root/irslab_ws/install/pick_nav_place:/root/irslab_ws/install/pa_warehouse_status:/root/irslab_ws/install/hand_solo_virtual_nav:/root/irslab_ws/install/hand_solo_arm:/opt/ros/humble /usr/bin/cmake --install /root/irslab_ws/build/tm20_moveit_config
[0.490s] -- Install configuration: "Release"
[0.490s] -- Up-to-date: /root/irslab_ws/install/tm20_moveit_config/share/ament_index/resource_index/package_run_dependencies/tm20_moveit_config
[0.490s] -- Installing: /root/irslab_ws/install/tm20_moveit_config/share/ament_index/resource_index/parent_prefix_path/tm20_moveit_config
[0.490s] -- Up-to-date: /root/irslab_ws/install/tm20_moveit_config/share/tm20_moveit_config/environment/ament_prefix_path.sh
[0.491s] -- Installing: /root/irslab_ws/install/tm20_moveit_config/share/tm20_moveit_config/environment/ament_prefix_path.dsv
[0.491s] -- Up-to-date: /root/irslab_ws/install/tm20_moveit_config/share/tm20_moveit_config/environment/path.sh
[0.491s] -- Installing: /root/irslab_ws/install/tm20_moveit_config/share/tm20_moveit_config/environment/path.dsv
[0.491s] -- Up-to-date: /root/irslab_ws/install/tm20_moveit_config/share/tm20_moveit_config/local_setup.bash
[0.491s] -- Up-to-date: /root/irslab_ws/install/tm20_moveit_config/share/tm20_moveit_config/local_setup.sh
[0.491s] -- Up-to-date: /root/irslab_ws/install/tm20_moveit_config/share/tm20_moveit_config/local_setup.zsh
[0.491s] -- Installing: /root/irslab_ws/install/tm20_moveit_config/share/tm20_moveit_config/local_setup.dsv
[0.491s] -- Installing: /root/irslab_ws/install/tm20_moveit_config/share/tm20_moveit_config/package.dsv
[0.491s] -- Up-to-date: /root/irslab_ws/install/tm20_moveit_config/share/ament_index/resource_index/packages/tm20_moveit_config
[0.491s] -- Up-to-date: /root/irslab_ws/install/tm20_moveit_config/share/tm20_moveit_config/cmake/tm20_moveit_configConfig.cmake
[0.491s] -- Up-to-date: /root/irslab_ws/install/tm20_moveit_config/share/tm20_moveit_config/cmake/tm20_moveit_configConfig-version.cmake
[0.491s] -- Up-to-date: /root/irslab_ws/install/tm20_moveit_config/share/tm20_moveit_config/package.xml
[0.492s] -- Up-to-date: /root/irslab_ws/install/tm20_moveit_config/share/tm20_moveit_config/launch
[0.492s] -- Up-to-date: /root/irslab_ws/install/tm20_moveit_config/share/tm20_moveit_config/launch/setup_assistant.launch.py
[0.492s] -- Up-to-date: /root/irslab_ws/install/tm20_moveit_config/share/tm20_moveit_config/launch/warehouse_db.launch.py
[0.492s] -- Up-to-date: /root/irslab_ws/install/tm20_moveit_config/share/tm20_moveit_config/launch/spawn_controllers.launch.py
[0.492s] -- Up-to-date: /root/irslab_ws/install/tm20_moveit_config/share/tm20_moveit_config/launch/rsp.launch.py
[0.492s] -- Up-to-date: /root/irslab_ws/install/tm20_moveit_config/share/tm20_moveit_config/launch/move_group.launch.py
[0.492s] -- Up-to-date: /root/irslab_ws/install/tm20_moveit_config/share/tm20_moveit_config/launch/demo.launch.py
[0.492s] -- Up-to-date: /root/irslab_ws/install/tm20_moveit_config/share/tm20_moveit_config/launch/tm20_run_move_group.launch.py
[0.492s] -- Up-to-date: /root/irslab_ws/install/tm20_moveit_config/share/tm20_moveit_config/launch/moveit_rviz.launch.py
[0.492s] -- Up-to-date: /root/irslab_ws/install/tm20_moveit_config/share/tm20_moveit_config/launch/static_virtual_joint_tfs.launch.py
[0.492s] -- Up-to-date: /root/irslab_ws/install/tm20_moveit_config/share/tm20_moveit_config/launch/run_move_group.rviz
[0.492s] -- Up-to-date: /root/irslab_ws/install/tm20_moveit_config/share/tm20_moveit_config/launch/tm20_moveit.launch.py
[0.492s] -- Up-to-date: /root/irslab_ws/install/tm20_moveit_config/share/tm20_moveit_config/config
[0.492s] -- Up-to-date: /root/irslab_ws/install/tm20_moveit_config/share/tm20_moveit_config/config/controllers.yaml
[0.492s] -- Up-to-date: /root/irslab_ws/install/tm20_moveit_config/share/tm20_moveit_config/config/tm20.urdf.xacro
[0.493s] -- Up-to-date: /root/irslab_ws/install/tm20_moveit_config/share/tm20_moveit_config/config/kinematics.yaml
[0.493s] -- Up-to-date: /root/irslab_ws/install/tm20_moveit_config/share/tm20_moveit_config/config/sensors_3d.yaml
[0.493s] -- Up-to-date: /root/irslab_ws/install/tm20_moveit_config/share/tm20_moveit_config/config/moveit2_controllers.yaml
[0.493s] -- Up-to-date: /root/irslab_ws/install/tm20_moveit_config/share/tm20_moveit_config/config/moveit.rviz
[0.493s] -- Up-to-date: /root/irslab_ws/install/tm20_moveit_config/share/tm20_moveit_config/config/joint_limits.yaml
[0.493s] -- Up-to-date: /root/irslab_ws/install/tm20_moveit_config/share/tm20_moveit_config/config/ros2_controllers.yaml
[0.493s] -- Up-to-date: /root/irslab_ws/install/tm20_moveit_config/share/tm20_moveit_config/config/moveit_controllers.yaml
[0.494s] -- Up-to-date: /root/irslab_ws/install/tm20_moveit_config/share/tm20_moveit_config/config/tm20.srdf
[0.495s] -- Up-to-date: /root/irslab_ws/install/tm20_moveit_config/share/tm20_moveit_config/config/pilz_cartesian_limits.yaml
[0.495s] -- Up-to-date: /root/irslab_ws/install/tm20_moveit_config/share/tm20_moveit_config/config/tm20.ros2_control.xacro
[0.496s] -- Up-to-date: /root/irslab_ws/install/tm20_moveit_config/share/tm20_moveit_config/config/initial_positions.yaml
[0.496s] -- Up-to-date: /root/irslab_ws/install/tm20_moveit_config/share/tm20_moveit_config/config/pilz_industrial_motion_planner_planning.yaml
[0.496s] -- Up-to-date: /root/irslab_ws/install/tm20_moveit_config/share/tm20_moveit_config/config/chomp_planning.yaml
[0.496s] -- Up-to-date: /root/irslab_ws/install/tm20_moveit_config/share/tm20_moveit_config/config/ompl_planning.yaml
[0.496s] -- Up-to-date: /root/irslab_ws/install/tm20_moveit_config/share/tm20_moveit_config/rviz
[0.496s] -- Up-to-date: /root/irslab_ws/install/tm20_moveit_config/share/tm20_moveit_config/rviz/moveit.rviz
[0.496s] -- Up-to-date: /root/irslab_ws/install/tm20_moveit_config/share/tm20_moveit_config/.setup_assistant
[0.498s] Invoked command in '/root/irslab_ws/build/tm20_moveit_config' returned '0': CMAKE_PREFIX_PATH=/root/irslab_ws/install/tm_description:/root/irslab_ws/install/tm_test:/root/irslab_ws/install/tm_inspect:/root/irslab_ws/install/tm_driver:/root/irslab_ws/install/tm_msgs:/root/irslab_ws/install/tm5x-900_moveit_config:/root/irslab_ws/install/tm5x-700_moveit_config:/root/irslab_ws/install/tm5-900_moveit_config:/root/irslab_ws/install/tm5-700_moveit_config:/root/irslab_ws/install/tm20_moveit_config:/root/irslab_ws/install/tm16_moveit_config:/root/irslab_ws/install/tm14x_moveit_config:/root/irslab_ws/install/tm14_moveit_config:/root/irslab_ws/install/tm12x_moveit_config:/root/irslab_ws/install/tm12_moveit_config:/root/irslab_ws/install/custom_nav2_bt_nodes:/root/irslab_ws/install/tm_mod_urdf:/root/irslab_ws/install/pick_nav_place:/root/irslab_ws/install/pa_warehouse_status:/root/irslab_ws/install/hand_solo_virtual_nav:/root/irslab_ws/install/hand_solo_arm:/opt/ros/humble /usr/bin/cmake --install /root/irslab_ws/build/tm20_moveit_config
