[0.053s] Invoking command in '/root/irslab_ws/build/tm5-700_moveit_config': CMAKE_PREFIX_PATH=/root/irslab_ws/install/tm_description:/root/irslab_ws/install/tm_test:/root/irslab_ws/install/tm_inspect:/root/irslab_ws/install/tm_driver:/root/irslab_ws/install/tm_msgs:/root/irslab_ws/install/tm5x-900_moveit_config:/root/irslab_ws/install/tm5x-700_moveit_config:/root/irslab_ws/install/tm5-900_moveit_config:/root/irslab_ws/install/tm5-700_moveit_config:/root/irslab_ws/install/tm20_moveit_config:/root/irslab_ws/install/tm16_moveit_config:/root/irslab_ws/install/tm14x_moveit_config:/root/irslab_ws/install/tm14_moveit_config:/root/irslab_ws/install/tm12x_moveit_config:/root/irslab_ws/install/tm12_moveit_config:/root/irslab_ws/install/custom_nav2_bt_nodes:/root/irslab_ws/install/tm_mod_urdf:/root/irslab_ws/install/pick_nav_place:/root/irslab_ws/install/pa_warehouse_status:/root/irslab_ws/install/hand_solo_virtual_nav:/root/irslab_ws/install/hand_solo_arm:/opt/ros/humble /usr/bin/cmake /root/irslab_ws/src/tmr_ros2/tm_moveit/tm5-700_moveit_config -DCMAKE_INSTALL_PREFIX=/root/irslab_ws/install/tm5-700_moveit_config
[0.071s] -- Found ament_cmake: 1.3.12 (/opt/ros/humble/share/ament_cmake/cmake)
[0.372s] -- Configuring done
[0.375s] -- Generating done
[0.378s] -- Build files have been written to: /root/irslab_ws/build/tm5-700_moveit_config
[0.385s] Invoked command in '/root/irslab_ws/build/tm5-700_moveit_config' returned '0': CMAKE_PREFIX_PATH=/root/irslab_ws/install/tm_description:/root/irslab_ws/install/tm_test:/root/irslab_ws/install/tm_inspect:/root/irslab_ws/install/tm_driver:/root/irslab_ws/install/tm_msgs:/root/irslab_ws/install/tm5x-900_moveit_config:/root/irslab_ws/install/tm5x-700_moveit_config:/root/irslab_ws/install/tm5-900_moveit_config:/root/irslab_ws/install/tm5-700_moveit_config:/root/irslab_ws/install/tm20_moveit_config:/root/irslab_ws/install/tm16_moveit_config:/root/irslab_ws/install/tm14x_moveit_config:/root/irslab_ws/install/tm14_moveit_config:/root/irslab_ws/install/tm12x_moveit_config:/root/irslab_ws/install/tm12_moveit_config:/root/irslab_ws/install/custom_nav2_bt_nodes:/root/irslab_ws/install/tm_mod_urdf:/root/irslab_ws/install/pick_nav_place:/root/irslab_ws/install/pa_warehouse_status:/root/irslab_ws/install/hand_solo_virtual_nav:/root/irslab_ws/install/hand_solo_arm:/opt/ros/humble /usr/bin/cmake /root/irslab_ws/src/tmr_ros2/tm_moveit/tm5-700_moveit_config -DCMAKE_INSTALL_PREFIX=/root/irslab_ws/install/tm5-700_moveit_config
[0.386s] Invoking command in '/root/irslab_ws/build/tm5-700_moveit_config': CMAKE_PREFIX_PATH=/root/irslab_ws/install/tm_description:/root/irslab_ws/install/tm_test:/root/irslab_ws/install/tm_inspect:/root/irslab_ws/install/tm_driver:/root/irslab_ws/install/tm_msgs:/root/irslab_ws/install/tm5x-900_moveit_config:/root/irslab_ws/install/tm5x-700_moveit_config:/root/irslab_ws/install/tm5-900_moveit_config:/root/irslab_ws/install/tm5-700_moveit_config:/root/irslab_ws/install/tm20_moveit_config:/root/irslab_ws/install/tm16_moveit_config:/root/irslab_ws/install/tm14x_moveit_config:/root/irslab_ws/install/tm14_moveit_config:/root/irslab_ws/install/tm12x_moveit_config:/root/irslab_ws/install/tm12_moveit_config:/root/irslab_ws/install/custom_nav2_bt_nodes:/root/irslab_ws/install/tm_mod_urdf:/root/irslab_ws/install/pick_nav_place:/root/irslab_ws/install/pa_warehouse_status:/root/irslab_ws/install/hand_solo_virtual_nav:/root/irslab_ws/install/hand_solo_arm:/opt/ros/humble /usr/bin/cmake --build /root/irslab_ws/build/tm5-700_moveit_config -- -j20 -l20
[0.453s] Invoked command in '/root/irslab_ws/build/tm5-700_moveit_config' returned '0': CMAKE_PREFIX_PATH=/root/irslab_ws/install/tm_description:/root/irslab_ws/install/tm_test:/root/irslab_ws/install/tm_inspect:/root/irslab_ws/install/tm_driver:/root/irslab_ws/install/tm_msgs:/root/irslab_ws/install/tm5x-900_moveit_config:/root/irslab_ws/install/tm5x-700_moveit_config:/root/irslab_ws/install/tm5-900_moveit_config:/root/irslab_ws/install/tm5-700_moveit_config:/root/irslab_ws/install/tm20_moveit_config:/root/irslab_ws/install/tm16_moveit_config:/root/irslab_ws/install/tm14x_moveit_config:/root/irslab_ws/install/tm14_moveit_config:/root/irslab_ws/install/tm12x_moveit_config:/root/irslab_ws/install/tm12_moveit_config:/root/irslab_ws/install/custom_nav2_bt_nodes:/root/irslab_ws/install/tm_mod_urdf:/root/irslab_ws/install/pick_nav_place:/root/irslab_ws/install/pa_warehouse_status:/root/irslab_ws/install/hand_solo_virtual_nav:/root/irslab_ws/install/hand_solo_arm:/opt/ros/humble /usr/bin/cmake --build /root/irslab_ws/build/tm5-700_moveit_config -- -j20 -l20
[0.453s] Invoking command in '/root/irslab_ws/build/tm5-700_moveit_config': CMAKE_PREFIX_PATH=/root/irslab_ws/install/tm_description:/root/irslab_ws/install/tm_test:/root/irslab_ws/install/tm_inspect:/root/irslab_ws/install/tm_driver:/root/irslab_ws/install/tm_msgs:/root/irslab_ws/install/tm5x-900_moveit_config:/root/irslab_ws/install/tm5x-700_moveit_config:/root/irslab_ws/install/tm5-900_moveit_config:/root/irslab_ws/install/tm5-700_moveit_config:/root/irslab_ws/install/tm20_moveit_config:/root/irslab_ws/install/tm16_moveit_config:/root/irslab_ws/install/tm14x_moveit_config:/root/irslab_ws/install/tm14_moveit_config:/root/irslab_ws/install/tm12x_moveit_config:/root/irslab_ws/install/tm12_moveit_config:/root/irslab_ws/install/custom_nav2_bt_nodes:/root/irslab_ws/install/tm_mod_urdf:/root/irslab_ws/install/pick_nav_place:/root/irslab_ws/install/pa_warehouse_status:/root/irslab_ws/install/hand_solo_virtual_nav:/root/irslab_ws/install/hand_solo_arm:/opt/ros/humble /usr/bin/cmake --install /root/irslab_ws/build/tm5-700_moveit_config
[0.476s] -- Install configuration: "Release"
[0.478s] -- Up-to-date: /root/irslab_ws/install/tm5-700_moveit_config/share/ament_index/resource_index/package_run_dependencies/tm5-700_moveit_config
[0.479s] -- Installing: /root/irslab_ws/install/tm5-700_moveit_config/share/ament_index/resource_index/parent_prefix_path/tm5-700_moveit_config
[0.479s] -- Up-to-date: /root/irslab_ws/install/tm5-700_moveit_config/share/tm5-700_moveit_config/environment/ament_prefix_path.sh
[0.479s] -- Installing: /root/irslab_ws/install/tm5-700_moveit_config/share/tm5-700_moveit_config/environment/ament_prefix_path.dsv
[0.479s] -- Up-to-date: /root/irslab_ws/install/tm5-700_moveit_config/share/tm5-700_moveit_config/environment/path.sh
[0.479s] -- Installing: /root/irslab_ws/install/tm5-700_moveit_config/share/tm5-700_moveit_config/environment/path.dsv
[0.479s] -- Up-to-date: /root/irslab_ws/install/tm5-700_moveit_config/share/tm5-700_moveit_config/local_setup.bash
[0.480s] -- Up-to-date: /root/irslab_ws/install/tm5-700_moveit_config/share/tm5-700_moveit_config/local_setup.sh
[0.480s] -- Up-to-date: /root/irslab_ws/install/tm5-700_moveit_config/share/tm5-700_moveit_config/local_setup.zsh
[0.480s] -- Installing: /root/irslab_ws/install/tm5-700_moveit_config/share/tm5-700_moveit_config/local_setup.dsv
[0.480s] -- Installing: /root/irslab_ws/install/tm5-700_moveit_config/share/tm5-700_moveit_config/package.dsv
[0.480s] -- Up-to-date: /root/irslab_ws/install/tm5-700_moveit_config/share/ament_index/resource_index/packages/tm5-700_moveit_config
[0.481s] -- Up-to-date: /root/irslab_ws/install/tm5-700_moveit_config/share/tm5-700_moveit_config/cmake/tm5-700_moveit_configConfig.cmake
[0.481s] -- Up-to-date: /root/irslab_ws/install/tm5-700_moveit_config/share/tm5-700_moveit_config/cmake/tm5-700_moveit_configConfig-version.cmake
[0.481s] -- Up-to-date: /root/irslab_ws/install/tm5-700_moveit_config/share/tm5-700_moveit_config/package.xml
[0.481s] -- Up-to-date: /root/irslab_ws/install/tm5-700_moveit_config/share/tm5-700_moveit_config/launch
[0.481s] -- Up-to-date: /root/irslab_ws/install/tm5-700_moveit_config/share/tm5-700_moveit_config/launch/setup_assistant.launch.py
[0.481s] -- Up-to-date: /root/irslab_ws/install/tm5-700_moveit_config/share/tm5-700_moveit_config/launch/warehouse_db.launch.py
[0.481s] -- Up-to-date: /root/irslab_ws/install/tm5-700_moveit_config/share/tm5-700_moveit_config/launch/spawn_controllers.launch.py
[0.482s] -- Up-to-date: /root/irslab_ws/install/tm5-700_moveit_config/share/tm5-700_moveit_config/launch/rsp.launch.py
[0.482s] -- Up-to-date: /root/irslab_ws/install/tm5-700_moveit_config/share/tm5-700_moveit_config/launch/move_group.launch.py
[0.483s] -- Up-to-date: /root/irslab_ws/install/tm5-700_moveit_config/share/tm5-700_moveit_config/launch/demo.launch.py
[0.483s] -- Up-to-date: /root/irslab_ws/install/tm5-700_moveit_config/share/tm5-700_moveit_config/launch/moveit_rviz.launch.py
[0.484s] -- Up-to-date: /root/irslab_ws/install/tm5-700_moveit_config/share/tm5-700_moveit_config/launch/tm5-700_moveit.launch.py
[0.485s] -- Up-to-date: /root/irslab_ws/install/tm5-700_moveit_config/share/tm5-700_moveit_config/launch/static_virtual_joint_tfs.launch.py
[0.485s] -- Up-to-date: /root/irslab_ws/install/tm5-700_moveit_config/share/tm5-700_moveit_config/launch/run_move_group.rviz
[0.485s] -- Up-to-date: /root/irslab_ws/install/tm5-700_moveit_config/share/tm5-700_moveit_config/launch/tm5-700_run_move_group.launch.py
[0.485s] -- Up-to-date: /root/irslab_ws/install/tm5-700_moveit_config/share/tm5-700_moveit_config/config
[0.485s] -- Up-to-date: /root/irslab_ws/install/tm5-700_moveit_config/share/tm5-700_moveit_config/config/controllers.yaml
[0.485s] -- Up-to-date: /root/irslab_ws/install/tm5-700_moveit_config/share/tm5-700_moveit_config/config/tm5-700.urdf.xacro
[0.485s] -- Up-to-date: /root/irslab_ws/install/tm5-700_moveit_config/share/tm5-700_moveit_config/config/kinematics.yaml
[0.485s] -- Up-to-date: /root/irslab_ws/install/tm5-700_moveit_config/share/tm5-700_moveit_config/config/sensors_3d.yaml
[0.485s] -- Up-to-date: /root/irslab_ws/install/tm5-700_moveit_config/share/tm5-700_moveit_config/config/moveit2_controllers.yaml
[0.486s] -- Up-to-date: /root/irslab_ws/install/tm5-700_moveit_config/share/tm5-700_moveit_config/config/moveit.rviz
[0.486s] -- Up-to-date: /root/irslab_ws/install/tm5-700_moveit_config/share/tm5-700_moveit_config/config/joint_limits.yaml
[0.486s] -- Up-to-date: /root/irslab_ws/install/tm5-700_moveit_config/share/tm5-700_moveit_config/config/ros2_controllers.yaml
[0.486s] -- Up-to-date: /root/irslab_ws/install/tm5-700_moveit_config/share/tm5-700_moveit_config/config/moveit_controllers.yaml
[0.486s] -- Up-to-date: /root/irslab_ws/install/tm5-700_moveit_config/share/tm5-700_moveit_config/config/pilz_cartesian_limits.yaml
[0.486s] -- Up-to-date: /root/irslab_ws/install/tm5-700_moveit_config/share/tm5-700_moveit_config/config/tm5-700.srdf
[0.486s] -- Up-to-date: /root/irslab_ws/install/tm5-700_moveit_config/share/tm5-700_moveit_config/config/tm5-700.ros2_control.xacro
[0.486s] -- Up-to-date: /root/irslab_ws/install/tm5-700_moveit_config/share/tm5-700_moveit_config/config/initial_positions.yaml
[0.487s] -- Up-to-date: /root/irslab_ws/install/tm5-700_moveit_config/share/tm5-700_moveit_config/config/pilz_industrial_motion_planner_planning.yaml
[0.487s] -- Up-to-date: /root/irslab_ws/install/tm5-700_moveit_config/share/tm5-700_moveit_config/config/chomp_planning.yaml
[0.487s] -- Up-to-date: /root/irslab_ws/install/tm5-700_moveit_config/share/tm5-700_moveit_config/config/ompl_planning.yaml
[0.487s] -- Up-to-date: /root/irslab_ws/install/tm5-700_moveit_config/share/tm5-700_moveit_config/rviz
[0.487s] -- Up-to-date: /root/irslab_ws/install/tm5-700_moveit_config/share/tm5-700_moveit_config/rviz/moveit.rviz
[0.487s] -- Up-to-date: /root/irslab_ws/install/tm5-700_moveit_config/share/tm5-700_moveit_config/.setup_assistant
[0.516s] Invoked command in '/root/irslab_ws/build/tm5-700_moveit_config' returned '0': CMAKE_PREFIX_PATH=/root/irslab_ws/install/tm_description:/root/irslab_ws/install/tm_test:/root/irslab_ws/install/tm_inspect:/root/irslab_ws/install/tm_driver:/root/irslab_ws/install/tm_msgs:/root/irslab_ws/install/tm5x-900_moveit_config:/root/irslab_ws/install/tm5x-700_moveit_config:/root/irslab_ws/install/tm5-900_moveit_config:/root/irslab_ws/install/tm5-700_moveit_config:/root/irslab_ws/install/tm20_moveit_config:/root/irslab_ws/install/tm16_moveit_config:/root/irslab_ws/install/tm14x_moveit_config:/root/irslab_ws/install/tm14_moveit_config:/root/irslab_ws/install/tm12x_moveit_config:/root/irslab_ws/install/tm12_moveit_config:/root/irslab_ws/install/custom_nav2_bt_nodes:/root/irslab_ws/install/tm_mod_urdf:/root/irslab_ws/install/pick_nav_place:/root/irslab_ws/install/pa_warehouse_status:/root/irslab_ws/install/hand_solo_virtual_nav:/root/irslab_ws/install/hand_solo_arm:/opt/ros/humble /usr/bin/cmake --install /root/irslab_ws/build/tm5-700_moveit_config
