[0.511s] Invoking command in '/root/ros2_ws/src/IRS_2025_01/pa_warehouse_status': PYTHONPATH=/root/ros2_ws/src/IRS_2025_01/build/pa_warehouse_status/prefix_override:/usr/lib/python3/dist-packages/colcon_core/task/python/colcon_distutils_commands:/root/ros2_ws/src/IRS_2025_01/install/pa_warehouse_status/lib/python3.10/site-packages:${PYTHONPATH} /usr/bin/python3 -W ignore:setup.py install is deprecated -W ignore:easy_install command is deprecated setup.py egg_info --egg-base ../build/pa_warehouse_status build --build-base /root/ros2_ws/src/IRS_2025_01/build/pa_warehouse_status/build install --record /root/ros2_ws/src/IRS_2025_01/build/pa_warehouse_status/install.log --single-version-externally-managed install_data
[0.687s] running egg_info
[0.689s] writing ../build/pa_warehouse_status/pa_warehouse_status.egg-info/PKG-INFO
[0.689s] writing dependency_links to ../build/pa_warehouse_status/pa_warehouse_status.egg-info/dependency_links.txt
[0.689s] writing entry points to ../build/pa_warehouse_status/pa_warehouse_status.egg-info/entry_points.txt
[0.689s] writing requirements to ../build/pa_warehouse_status/pa_warehouse_status.egg-info/requires.txt
[0.689s] writing top-level names to ../build/pa_warehouse_status/pa_warehouse_status.egg-info/top_level.txt
[0.691s] reading manifest file '../build/pa_warehouse_status/pa_warehouse_status.egg-info/SOURCES.txt'
[0.691s] adding license file 'LICENSE'
[0.692s] writing manifest file '../build/pa_warehouse_status/pa_warehouse_status.egg-info/SOURCES.txt'
[0.692s] running build
[0.692s] running build_py
[0.692s] running install
[0.693s] running install_lib
[0.694s] running install_data
[0.694s] running install_egg_info
[0.696s] removing '/root/ros2_ws/src/IRS_2025_01/install/pa_warehouse_status/lib/python3.10/site-packages/pa_warehouse_status-0.0.0-py3.10.egg-info' (and everything under it)
[0.696s] Copying ../build/pa_warehouse_status/pa_warehouse_status.egg-info to /root/ros2_ws/src/IRS_2025_01/install/pa_warehouse_status/lib/python3.10/site-packages/pa_warehouse_status-0.0.0-py3.10.egg-info
[0.697s] running install_scripts
[0.721s] Installing pineapple_gossip_bot script to /root/ros2_ws/src/IRS_2025_01/install/pa_warehouse_status/lib/pa_warehouse_status
[0.721s] Installing pineapple_listener_bot script to /root/ros2_ws/src/IRS_2025_01/install/pa_warehouse_status/lib/pa_warehouse_status
[0.721s] Installing plc_hmi_listener script to /root/ros2_ws/src/IRS_2025_01/install/pa_warehouse_status/lib/pa_warehouse_status
[0.721s] writing list of installed files to '/root/ros2_ws/src/IRS_2025_01/build/pa_warehouse_status/install.log'
[0.750s] Invoked command in '/root/ros2_ws/src/IRS_2025_01/pa_warehouse_status' returned '0': PYTHONPATH=/root/ros2_ws/src/IRS_2025_01/build/pa_warehouse_status/prefix_override:/usr/lib/python3/dist-packages/colcon_core/task/python/colcon_distutils_commands:/root/ros2_ws/src/IRS_2025_01/install/pa_warehouse_status/lib/python3.10/site-packages:${PYTHONPATH} /usr/bin/python3 -W ignore:setup.py install is deprecated -W ignore:easy_install command is deprecated setup.py egg_info --egg-base ../build/pa_warehouse_status build --build-base /root/ros2_ws/src/IRS_2025_01/build/pa_warehouse_status/build install --record /root/ros2_ws/src/IRS_2025_01/build/pa_warehouse_status/install.log --single-version-externally-managed install_data
