[0.100s] DEBUG:colcon:Command line arguments: ['/usr/bin/colcon', 'build', '--packages-select', 'hand_solo_virtual_nav']
[0.100s] DEBUG:colcon:Parsed command line arguments: Namespace(log_base=None, log_level=None, verb_name='build', build_base='build', install_base='install', merge_install=False, symlink_install=False, test_result_base=None, continue_on_error=False, executor='parallel', parallel_workers=20, event_handlers=None, ignore_user_meta=False, metas=['./colcon.meta'], base_paths=['.'], packages_ignore=None, packages_ignore_regex=None, paths=None, packages_up_to=None, packages_up_to_regex=None, packages_above=None, packages_above_and_dependencies=None, packages_above_depth=None, packages_select_by_dep=None, packages_skip_by_dep=None, packages_skip_up_to=None, packages_select_build_failed=False, packages_skip_build_finished=False, packages_select_test_failures=False, packages_skip_test_passed=False, packages_select=['hand_solo_virtual_nav'], packages_skip=None, packages_select_regex=None, packages_skip_regex=None, packages_start=None, packages_end=None, cmake_args=None, cmake_target=None, cmake_target_skip_unavailable=False, cmake_clean_cache=False, cmake_clean_first=False, cmake_force_configure=False, ament_cmake_args=None, catkin_cmake_args=None, catkin_skip_building_tests=False, mixin_files=None, mixin=None, verb_parser=<colcon_mixin.mixin.mixin_argument.MixinArgumentDecorator object at 0x71f3756d7bb0>, verb_extension=<colcon_core.verb.build.BuildVerb object at 0x71f3756d75b0>, main=<bound method BuildVerb.main of <colcon_core.verb.build.BuildVerb object at 0x71f3756d75b0>>, mixin_verb=('build',))
[0.192s] Level 1:colcon.colcon_core.package_discovery:discover_packages(colcon_meta) check parameters
[0.193s] INFO:colcon.colcon_metadata.package_discovery.colcon_meta:Using configuration from '/root/.colcon/metadata/default/Gazebo.meta'
[0.193s] INFO:colcon.colcon_metadata.package_discovery.colcon_meta:Using configuration from '/root/.colcon/metadata/default/fastdds.meta'
[0.194s] INFO:colcon.colcon_metadata.package_discovery.colcon_meta:Using configuration from '/root/.colcon/metadata/default/fastrtps.meta'
[0.194s] Level 1:colcon.colcon_core.package_discovery:discover_packages(recursive) check parameters
[0.194s] Level 1:colcon.colcon_core.package_discovery:discover_packages(ignore) check parameters
[0.194s] Level 1:colcon.colcon_core.package_discovery:discover_packages(path) check parameters
[0.194s] Level 1:colcon.colcon_core.package_discovery:discover_packages(colcon_meta) discover
[0.194s] Level 1:colcon.colcon_core.package_discovery:discover_packages(recursive) discover
[0.194s] INFO:colcon.colcon_core.package_discovery:Crawling recursively for packages in '/root/irslab_ws'
[0.194s] Level 1:colcon.colcon_core.package_identification:_identify(.) by extensions ['ignore', 'ignore_ament_install']
[0.194s] Level 1:colcon.colcon_core.package_identification:_identify(.) by extension 'ignore'
[0.194s] Level 1:colcon.colcon_core.package_identification:_identify(.) by extension 'ignore_ament_install'
[0.194s] Level 1:colcon.colcon_core.package_identification:_identify(.) by extensions ['colcon_pkg']
[0.194s] Level 1:colcon.colcon_core.package_identification:_identify(.) by extension 'colcon_pkg'
[0.194s] Level 1:colcon.colcon_core.package_identification:_identify(.) by extensions ['colcon_meta']
[0.194s] Level 1:colcon.colcon_core.package_identification:_identify(.) by extension 'colcon_meta'
[0.194s] Level 1:colcon.colcon_core.package_identification:_identify(.) by extensions ['ros']
[0.194s] Level 1:colcon.colcon_core.package_identification:_identify(.) by extension 'ros'
[0.202s] Level 1:colcon.colcon_core.package_identification:_identify(.) by extensions ['cmake', 'python']
[0.203s] Level 1:colcon.colcon_core.package_identification:_identify(.) by extension 'cmake'
[0.203s] Level 1:colcon.colcon_core.package_identification:_identify(.) by extension 'python'
[0.203s] Level 1:colcon.colcon_core.package_identification:_identify(.) by extensions ['python_setup_py']
[0.203s] Level 1:colcon.colcon_core.package_identification:_identify(.) by extension 'python_setup_py'
[0.203s] Level 1:colcon.colcon_core.package_identification:_identify(build) by extensions ['ignore', 'ignore_ament_install']
[0.203s] Level 1:colcon.colcon_core.package_identification:_identify(build) by extension 'ignore'
[0.203s] Level 1:colcon.colcon_core.package_identification:_identify(build) ignored
[0.203s] Level 1:colcon.colcon_core.package_identification:_identify(install) by extensions ['ignore', 'ignore_ament_install']
[0.203s] Level 1:colcon.colcon_core.package_identification:_identify(install) by extension 'ignore'
[0.203s] Level 1:colcon.colcon_core.package_identification:_identify(install) ignored
[0.203s] Level 1:colcon.colcon_core.package_identification:_identify(lab_shell_docker) by extensions ['ignore', 'ignore_ament_install']
[0.203s] Level 1:colcon.colcon_core.package_identification:_identify(lab_shell_docker) by extension 'ignore'
[0.203s] Level 1:colcon.colcon_core.package_identification:_identify(lab_shell_docker) by extension 'ignore_ament_install'
[0.203s] Level 1:colcon.colcon_core.package_identification:_identify(lab_shell_docker) by extensions ['colcon_pkg']
[0.203s] Level 1:colcon.colcon_core.package_identification:_identify(lab_shell_docker) by extension 'colcon_pkg'
[0.203s] Level 1:colcon.colcon_core.package_identification:_identify(lab_shell_docker) by extensions ['colcon_meta']
[0.203s] Level 1:colcon.colcon_core.package_identification:_identify(lab_shell_docker) by extension 'colcon_meta'
[0.203s] Level 1:colcon.colcon_core.package_identification:_identify(lab_shell_docker) by extensions ['ros']
[0.203s] Level 1:colcon.colcon_core.package_identification:_identify(lab_shell_docker) by extension 'ros'
[0.203s] Level 1:colcon.colcon_core.package_identification:_identify(lab_shell_docker) by extensions ['cmake', 'python']
[0.203s] Level 1:colcon.colcon_core.package_identification:_identify(lab_shell_docker) by extension 'cmake'
[0.203s] Level 1:colcon.colcon_core.package_identification:_identify(lab_shell_docker) by extension 'python'
[0.203s] Level 1:colcon.colcon_core.package_identification:_identify(lab_shell_docker) by extensions ['python_setup_py']
[0.204s] Level 1:colcon.colcon_core.package_identification:_identify(lab_shell_docker) by extension 'python_setup_py'
[0.204s] Level 1:colcon.colcon_core.package_identification:_identify(lab_shell_docker/lib) by extensions ['ignore', 'ignore_ament_install']
[0.204s] Level 1:colcon.colcon_core.package_identification:_identify(lab_shell_docker/lib) by extension 'ignore'
[0.204s] Level 1:colcon.colcon_core.package_identification:_identify(lab_shell_docker/lib) by extension 'ignore_ament_install'
[0.204s] Level 1:colcon.colcon_core.package_identification:_identify(lab_shell_docker/lib) by extensions ['colcon_pkg']
[0.204s] Level 1:colcon.colcon_core.package_identification:_identify(lab_shell_docker/lib) by extension 'colcon_pkg'
[0.204s] Level 1:colcon.colcon_core.package_identification:_identify(lab_shell_docker/lib) by extensions ['colcon_meta']
[0.204s] Level 1:colcon.colcon_core.package_identification:_identify(lab_shell_docker/lib) by extension 'colcon_meta'
[0.204s] Level 1:colcon.colcon_core.package_identification:_identify(lab_shell_docker/lib) by extensions ['ros']
[0.204s] Level 1:colcon.colcon_core.package_identification:_identify(lab_shell_docker/lib) by extension 'ros'
[0.204s] Level 1:colcon.colcon_core.package_identification:_identify(lab_shell_docker/lib) by extensions ['cmake', 'python']
[0.204s] Level 1:colcon.colcon_core.package_identification:_identify(lab_shell_docker/lib) by extension 'cmake'
[0.204s] Level 1:colcon.colcon_core.package_identification:_identify(lab_shell_docker/lib) by extension 'python'
[0.204s] Level 1:colcon.colcon_core.package_identification:_identify(lab_shell_docker/lib) by extensions ['python_setup_py']
[0.204s] Level 1:colcon.colcon_core.package_identification:_identify(lab_shell_docker/lib) by extension 'python_setup_py'
[0.204s] Level 1:colcon.colcon_core.package_identification:_identify(lab_shell_docker/scripts) by extensions ['ignore', 'ignore_ament_install']
[0.204s] Level 1:colcon.colcon_core.package_identification:_identify(lab_shell_docker/scripts) by extension 'ignore'
[0.204s] Level 1:colcon.colcon_core.package_identification:_identify(lab_shell_docker/scripts) by extension 'ignore_ament_install'
[0.204s] Level 1:colcon.colcon_core.package_identification:_identify(lab_shell_docker/scripts) by extensions ['colcon_pkg']
[0.204s] Level 1:colcon.colcon_core.package_identification:_identify(lab_shell_docker/scripts) by extension 'colcon_pkg'
[0.204s] Level 1:colcon.colcon_core.package_identification:_identify(lab_shell_docker/scripts) by extensions ['colcon_meta']
[0.204s] Level 1:colcon.colcon_core.package_identification:_identify(lab_shell_docker/scripts) by extension 'colcon_meta'
[0.204s] Level 1:colcon.colcon_core.package_identification:_identify(lab_shell_docker/scripts) by extensions ['ros']
[0.204s] Level 1:colcon.colcon_core.package_identification:_identify(lab_shell_docker/scripts) by extension 'ros'
[0.204s] Level 1:colcon.colcon_core.package_identification:_identify(lab_shell_docker/scripts) by extensions ['cmake', 'python']
[0.204s] Level 1:colcon.colcon_core.package_identification:_identify(lab_shell_docker/scripts) by extension 'cmake'
[0.204s] Level 1:colcon.colcon_core.package_identification:_identify(lab_shell_docker/scripts) by extension 'python'
[0.204s] Level 1:colcon.colcon_core.package_identification:_identify(lab_shell_docker/scripts) by extensions ['python_setup_py']
[0.204s] Level 1:colcon.colcon_core.package_identification:_identify(lab_shell_docker/scripts) by extension 'python_setup_py'
[0.204s] Level 1:colcon.colcon_core.package_identification:_identify(log) by extensions ['ignore', 'ignore_ament_install']
[0.204s] Level 1:colcon.colcon_core.package_identification:_identify(log) by extension 'ignore'
[0.204s] Level 1:colcon.colcon_core.package_identification:_identify(log) ignored
[0.204s] Level 1:colcon.colcon_core.package_identification:_identify(maps) by extensions ['ignore', 'ignore_ament_install']
[0.205s] Level 1:colcon.colcon_core.package_identification:_identify(maps) by extension 'ignore'
[0.205s] Level 1:colcon.colcon_core.package_identification:_identify(maps) by extension 'ignore_ament_install'
[0.205s] Level 1:colcon.colcon_core.package_identification:_identify(maps) by extensions ['colcon_pkg']
[0.205s] Level 1:colcon.colcon_core.package_identification:_identify(maps) by extension 'colcon_pkg'
[0.205s] Level 1:colcon.colcon_core.package_identification:_identify(maps) by extensions ['colcon_meta']
[0.205s] Level 1:colcon.colcon_core.package_identification:_identify(maps) by extension 'colcon_meta'
[0.205s] Level 1:colcon.colcon_core.package_identification:_identify(maps) by extensions ['ros']
[0.205s] Level 1:colcon.colcon_core.package_identification:_identify(maps) by extension 'ros'
[0.205s] Level 1:colcon.colcon_core.package_identification:_identify(maps) by extensions ['cmake', 'python']
[0.205s] Level 1:colcon.colcon_core.package_identification:_identify(maps) by extension 'cmake'
[0.205s] Level 1:colcon.colcon_core.package_identification:_identify(maps) by extension 'python'
[0.205s] Level 1:colcon.colcon_core.package_identification:_identify(maps) by extensions ['python_setup_py']
[0.205s] Level 1:colcon.colcon_core.package_identification:_identify(maps) by extension 'python_setup_py'
[0.205s] Level 1:colcon.colcon_core.package_identification:_identify(src) by extensions ['ignore', 'ignore_ament_install']
[0.205s] Level 1:colcon.colcon_core.package_identification:_identify(src) by extension 'ignore'
[0.205s] Level 1:colcon.colcon_core.package_identification:_identify(src) by extension 'ignore_ament_install'
[0.205s] Level 1:colcon.colcon_core.package_identification:_identify(src) by extensions ['colcon_pkg']
[0.205s] Level 1:colcon.colcon_core.package_identification:_identify(src) by extension 'colcon_pkg'
[0.205s] Level 1:colcon.colcon_core.package_identification:_identify(src) by extensions ['colcon_meta']
[0.205s] Level 1:colcon.colcon_core.package_identification:_identify(src) by extension 'colcon_meta'
[0.205s] Level 1:colcon.colcon_core.package_identification:_identify(src) by extensions ['ros']
[0.205s] Level 1:colcon.colcon_core.package_identification:_identify(src) by extension 'ros'
[0.205s] Level 1:colcon.colcon_core.package_identification:_identify(src) by extensions ['cmake', 'python']
[0.205s] Level 1:colcon.colcon_core.package_identification:_identify(src) by extension 'cmake'
[0.205s] Level 1:colcon.colcon_core.package_identification:_identify(src) by extension 'python'
[0.205s] Level 1:colcon.colcon_core.package_identification:_identify(src) by extensions ['python_setup_py']
[0.205s] Level 1:colcon.colcon_core.package_identification:_identify(src) by extension 'python_setup_py'
[0.205s] Level 1:colcon.colcon_core.package_identification:_identify(src/hand_solo_arm) by extensions ['ignore', 'ignore_ament_install']
[0.205s] Level 1:colcon.colcon_core.package_identification:_identify(src/hand_solo_arm) by extension 'ignore'
[0.205s] Level 1:colcon.colcon_core.package_identification:_identify(src/hand_solo_arm) by extension 'ignore_ament_install'
[0.205s] Level 1:colcon.colcon_core.package_identification:_identify(src/hand_solo_arm) by extensions ['colcon_pkg']
[0.205s] Level 1:colcon.colcon_core.package_identification:_identify(src/hand_solo_arm) by extension 'colcon_pkg'
[0.205s] Level 1:colcon.colcon_core.package_identification:_identify(src/hand_solo_arm) by extensions ['colcon_meta']
[0.205s] Level 1:colcon.colcon_core.package_identification:_identify(src/hand_solo_arm) by extension 'colcon_meta'
[0.205s] Level 1:colcon.colcon_core.package_identification:_identify(src/hand_solo_arm) by extensions ['ros']
[0.205s] Level 1:colcon.colcon_core.package_identification:_identify(src/hand_solo_arm) by extension 'ros'
[0.208s] DEBUG:colcon.colcon_core.package_identification:Package 'src/hand_solo_arm' with type 'ros.ament_python' and name 'hand_solo_arm'
[0.208s] Level 1:colcon.colcon_core.package_identification:_identify(src/hand_solo_virtual_nav) by extensions ['ignore', 'ignore_ament_install']
[0.208s] Level 1:colcon.colcon_core.package_identification:_identify(src/hand_solo_virtual_nav) by extension 'ignore'
[0.208s] Level 1:colcon.colcon_core.package_identification:_identify(src/hand_solo_virtual_nav) by extension 'ignore_ament_install'
[0.208s] Level 1:colcon.colcon_core.package_identification:_identify(src/hand_solo_virtual_nav) by extensions ['colcon_pkg']
[0.208s] Level 1:colcon.colcon_core.package_identification:_identify(src/hand_solo_virtual_nav) by extension 'colcon_pkg'
[0.208s] Level 1:colcon.colcon_core.package_identification:_identify(src/hand_solo_virtual_nav) by extensions ['colcon_meta']
[0.208s] Level 1:colcon.colcon_core.package_identification:_identify(src/hand_solo_virtual_nav) by extension 'colcon_meta'
[0.208s] Level 1:colcon.colcon_core.package_identification:_identify(src/hand_solo_virtual_nav) by extensions ['ros']
[0.208s] Level 1:colcon.colcon_core.package_identification:_identify(src/hand_solo_virtual_nav) by extension 'ros'
[0.210s] DEBUG:colcon.colcon_core.package_identification:Package 'src/hand_solo_virtual_nav' with type 'ros.ament_python' and name 'hand_solo_virtual_nav'
[0.210s] Level 1:colcon.colcon_core.package_identification:_identify(src/openplc_data) by extensions ['ignore', 'ignore_ament_install']
[0.210s] Level 1:colcon.colcon_core.package_identification:_identify(src/openplc_data) by extension 'ignore'
[0.210s] Level 1:colcon.colcon_core.package_identification:_identify(src/openplc_data) by extension 'ignore_ament_install'
[0.211s] Level 1:colcon.colcon_core.package_identification:_identify(src/openplc_data) by extensions ['colcon_pkg']
[0.211s] Level 1:colcon.colcon_core.package_identification:_identify(src/openplc_data) by extension 'colcon_pkg'
[0.211s] Level 1:colcon.colcon_core.package_identification:_identify(src/openplc_data) by extensions ['colcon_meta']
[0.211s] Level 1:colcon.colcon_core.package_identification:_identify(src/openplc_data) by extension 'colcon_meta'
[0.211s] Level 1:colcon.colcon_core.package_identification:_identify(src/openplc_data) by extensions ['ros']
[0.211s] Level 1:colcon.colcon_core.package_identification:_identify(src/openplc_data) by extension 'ros'
[0.211s] Level 1:colcon.colcon_core.package_identification:_identify(src/openplc_data) by extensions ['cmake', 'python']
[0.211s] Level 1:colcon.colcon_core.package_identification:_identify(src/openplc_data) by extension 'cmake'
[0.211s] Level 1:colcon.colcon_core.package_identification:_identify(src/openplc_data) by extension 'python'
[0.211s] Level 1:colcon.colcon_core.package_identification:_identify(src/openplc_data) by extensions ['python_setup_py']
[0.211s] Level 1:colcon.colcon_core.package_identification:_identify(src/openplc_data) by extension 'python_setup_py'
[0.211s] Level 1:colcon.colcon_core.package_identification:_identify(src/pa_warehouse_status) by extensions ['ignore', 'ignore_ament_install']
[0.211s] Level 1:colcon.colcon_core.package_identification:_identify(src/pa_warehouse_status) by extension 'ignore'
[0.211s] Level 1:colcon.colcon_core.package_identification:_identify(src/pa_warehouse_status) by extension 'ignore_ament_install'
[0.211s] Level 1:colcon.colcon_core.package_identification:_identify(src/pa_warehouse_status) by extensions ['colcon_pkg']
[0.211s] Level 1:colcon.colcon_core.package_identification:_identify(src/pa_warehouse_status) by extension 'colcon_pkg'
[0.211s] Level 1:colcon.colcon_core.package_identification:_identify(src/pa_warehouse_status) by extensions ['colcon_meta']
[0.211s] Level 1:colcon.colcon_core.package_identification:_identify(src/pa_warehouse_status) by extension 'colcon_meta'
[0.211s] Level 1:colcon.colcon_core.package_identification:_identify(src/pa_warehouse_status) by extensions ['ros']
[0.211s] Level 1:colcon.colcon_core.package_identification:_identify(src/pa_warehouse_status) by extension 'ros'
[0.212s] DEBUG:colcon.colcon_core.package_identification:Package 'src/pa_warehouse_status' with type 'ros.ament_python' and name 'pa_warehouse_status'
[0.212s] Level 1:colcon.colcon_core.package_identification:_identify(src/pick_nav_place) by extensions ['ignore', 'ignore_ament_install']
[0.212s] Level 1:colcon.colcon_core.package_identification:_identify(src/pick_nav_place) by extension 'ignore'
[0.212s] Level 1:colcon.colcon_core.package_identification:_identify(src/pick_nav_place) by extension 'ignore_ament_install'
[0.212s] Level 1:colcon.colcon_core.package_identification:_identify(src/pick_nav_place) by extensions ['colcon_pkg']
[0.212s] Level 1:colcon.colcon_core.package_identification:_identify(src/pick_nav_place) by extension 'colcon_pkg'
[0.212s] Level 1:colcon.colcon_core.package_identification:_identify(src/pick_nav_place) by extensions ['colcon_meta']
[0.212s] Level 1:colcon.colcon_core.package_identification:_identify(src/pick_nav_place) by extension 'colcon_meta'
[0.212s] Level 1:colcon.colcon_core.package_identification:_identify(src/pick_nav_place) by extensions ['ros']
[0.212s] Level 1:colcon.colcon_core.package_identification:_identify(src/pick_nav_place) by extension 'ros'
[0.213s] DEBUG:colcon.colcon_core.package_identification:Package 'src/pick_nav_place' with type 'ros.ament_python' and name 'pick_nav_place'
[0.213s] Level 1:colcon.colcon_core.package_identification:_identify(src/tmr_ros2) by extensions ['ignore', 'ignore_ament_install']
[0.213s] Level 1:colcon.colcon_core.package_identification:_identify(src/tmr_ros2) by extension 'ignore'
[0.213s] Level 1:colcon.colcon_core.package_identification:_identify(src/tmr_ros2) by extension 'ignore_ament_install'
[0.213s] Level 1:colcon.colcon_core.package_identification:_identify(src/tmr_ros2) by extensions ['colcon_pkg']
[0.213s] Level 1:colcon.colcon_core.package_identification:_identify(src/tmr_ros2) by extension 'colcon_pkg'
[0.213s] Level 1:colcon.colcon_core.package_identification:_identify(src/tmr_ros2) by extensions ['colcon_meta']
[0.213s] Level 1:colcon.colcon_core.package_identification:_identify(src/tmr_ros2) by extension 'colcon_meta'
[0.213s] Level 1:colcon.colcon_core.package_identification:_identify(src/tmr_ros2) by extensions ['ros']
[0.213s] Level 1:colcon.colcon_core.package_identification:_identify(src/tmr_ros2) by extension 'ros'
[0.214s] Level 1:colcon.colcon_core.package_identification:_identify(src/tmr_ros2) by extensions ['cmake', 'python']
[0.214s] Level 1:colcon.colcon_core.package_identification:_identify(src/tmr_ros2) by extension 'cmake'
[0.214s] Level 1:colcon.colcon_core.package_identification:_identify(src/tmr_ros2) by extension 'python'
[0.214s] Level 1:colcon.colcon_core.package_identification:_identify(src/tmr_ros2) by extensions ['python_setup_py']
[0.214s] Level 1:colcon.colcon_core.package_identification:_identify(src/tmr_ros2) by extension 'python_setup_py'
[0.214s] Level 1:colcon.colcon_core.package_identification:_identify(src/tmr_ros2/docs) by extensions ['ignore', 'ignore_ament_install']
[0.214s] Level 1:colcon.colcon_core.package_identification:_identify(src/tmr_ros2/docs) by extension 'ignore'
[0.214s] Level 1:colcon.colcon_core.package_identification:_identify(src/tmr_ros2/docs) by extension 'ignore_ament_install'
[0.214s] Level 1:colcon.colcon_core.package_identification:_identify(src/tmr_ros2/docs) by extensions ['colcon_pkg']
[0.214s] Level 1:colcon.colcon_core.package_identification:_identify(src/tmr_ros2/docs) by extension 'colcon_pkg'
[0.214s] Level 1:colcon.colcon_core.package_identification:_identify(src/tmr_ros2/docs) by extensions ['colcon_meta']
[0.214s] Level 1:colcon.colcon_core.package_identification:_identify(src/tmr_ros2/docs) by extension 'colcon_meta'
[0.214s] Level 1:colcon.colcon_core.package_identification:_identify(src/tmr_ros2/docs) by extensions ['ros']
[0.214s] Level 1:colcon.colcon_core.package_identification:_identify(src/tmr_ros2/docs) by extension 'ros'
[0.215s] Level 1:colcon.colcon_core.package_identification:_identify(src/tmr_ros2/docs) by extensions ['cmake', 'python']
[0.215s] Level 1:colcon.colcon_core.package_identification:_identify(src/tmr_ros2/docs) by extension 'cmake'
[0.215s] Level 1:colcon.colcon_core.package_identification:_identify(src/tmr_ros2/docs) by extension 'python'
[0.215s] Level 1:colcon.colcon_core.package_identification:_identify(src/tmr_ros2/docs) by extensions ['python_setup_py']
[0.215s] Level 1:colcon.colcon_core.package_identification:_identify(src/tmr_ros2/docs) by extension 'python_setup_py'
[0.215s] Level 1:colcon.colcon_core.package_identification:_identify(src/tmr_ros2/docs/images) by extensions ['ignore', 'ignore_ament_install']
[0.215s] Level 1:colcon.colcon_core.package_identification:_identify(src/tmr_ros2/docs/images) by extension 'ignore'
[0.215s] Level 1:colcon.colcon_core.package_identification:_identify(src/tmr_ros2/docs/images) by extension 'ignore_ament_install'
[0.215s] Level 1:colcon.colcon_core.package_identification:_identify(src/tmr_ros2/docs/images) by extensions ['colcon_pkg']
[0.215s] Level 1:colcon.colcon_core.package_identification:_identify(src/tmr_ros2/docs/images) by extension 'colcon_pkg'
[0.215s] Level 1:colcon.colcon_core.package_identification:_identify(src/tmr_ros2/docs/images) by extensions ['colcon_meta']
[0.215s] Level 1:colcon.colcon_core.package_identification:_identify(src/tmr_ros2/docs/images) by extension 'colcon_meta'
[0.215s] Level 1:colcon.colcon_core.package_identification:_identify(src/tmr_ros2/docs/images) by extensions ['ros']
[0.215s] Level 1:colcon.colcon_core.package_identification:_identify(src/tmr_ros2/docs/images) by extension 'ros'
[0.215s] Level 1:colcon.colcon_core.package_identification:_identify(src/tmr_ros2/docs/images) by extensions ['cmake', 'python']
[0.216s] Level 1:colcon.colcon_core.package_identification:_identify(src/tmr_ros2/docs/images) by extension 'cmake'
[0.216s] Level 1:colcon.colcon_core.package_identification:_identify(src/tmr_ros2/docs/images) by extension 'python'
[0.216s] Level 1:colcon.colcon_core.package_identification:_identify(src/tmr_ros2/docs/images) by extensions ['python_setup_py']
[0.216s] Level 1:colcon.colcon_core.package_identification:_identify(src/tmr_ros2/docs/images) by extension 'python_setup_py'
[0.216s] Level 1:colcon.colcon_core.package_identification:_identify(src/tmr_ros2/figures) by extensions ['ignore', 'ignore_ament_install']
[0.216s] Level 1:colcon.colcon_core.package_identification:_identify(src/tmr_ros2/figures) by extension 'ignore'
[0.216s] Level 1:colcon.colcon_core.package_identification:_identify(src/tmr_ros2/figures) by extension 'ignore_ament_install'
[0.216s] Level 1:colcon.colcon_core.package_identification:_identify(src/tmr_ros2/figures) by extensions ['colcon_pkg']
[0.216s] Level 1:colcon.colcon_core.package_identification:_identify(src/tmr_ros2/figures) by extension 'colcon_pkg'
[0.216s] Level 1:colcon.colcon_core.package_identification:_identify(src/tmr_ros2/figures) by extensions ['colcon_meta']
[0.216s] Level 1:colcon.colcon_core.package_identification:_identify(src/tmr_ros2/figures) by extension 'colcon_meta'
[0.216s] Level 1:colcon.colcon_core.package_identification:_identify(src/tmr_ros2/figures) by extensions ['ros']
[0.216s] Level 1:colcon.colcon_core.package_identification:_identify(src/tmr_ros2/figures) by extension 'ros'
[0.216s] Level 1:colcon.colcon_core.package_identification:_identify(src/tmr_ros2/figures) by extensions ['cmake', 'python']
[0.216s] Level 1:colcon.colcon_core.package_identification:_identify(src/tmr_ros2/figures) by extension 'cmake'
[0.216s] Level 1:colcon.colcon_core.package_identification:_identify(src/tmr_ros2/figures) by extension 'python'
[0.217s] Level 1:colcon.colcon_core.package_identification:_identify(src/tmr_ros2/figures) by extensions ['python_setup_py']
[0.217s] Level 1:colcon.colcon_core.package_identification:_identify(src/tmr_ros2/figures) by extension 'python_setup_py'
[0.217s] Level 1:colcon.colcon_core.package_identification:_identify(src/tmr_ros2/tm_description) by extensions ['ignore', 'ignore_ament_install']
[0.217s] Level 1:colcon.colcon_core.package_identification:_identify(src/tmr_ros2/tm_description) by extension 'ignore'
[0.217s] Level 1:colcon.colcon_core.package_identification:_identify(src/tmr_ros2/tm_description) by extension 'ignore_ament_install'
[0.217s] Level 1:colcon.colcon_core.package_identification:_identify(src/tmr_ros2/tm_description) by extensions ['colcon_pkg']
[0.217s] Level 1:colcon.colcon_core.package_identification:_identify(src/tmr_ros2/tm_description) by extension 'colcon_pkg'
[0.217s] Level 1:colcon.colcon_core.package_identification:_identify(src/tmr_ros2/tm_description) by extensions ['colcon_meta']
[0.217s] Level 1:colcon.colcon_core.package_identification:_identify(src/tmr_ros2/tm_description) by extension 'colcon_meta'
[0.217s] Level 1:colcon.colcon_core.package_identification:_identify(src/tmr_ros2/tm_description) by extensions ['ros']
[0.217s] Level 1:colcon.colcon_core.package_identification:_identify(src/tmr_ros2/tm_description) by extension 'ros'
[0.218s] DEBUG:colcon.colcon_core.package_identification:Package 'src/tmr_ros2/tm_description' with type 'ros.ament_cmake' and name 'tm_description'
[0.218s] Level 1:colcon.colcon_core.package_identification:_identify(src/tmr_ros2/tm_driver) by extensions ['ignore', 'ignore_ament_install']
[0.218s] Level 1:colcon.colcon_core.package_identification:_identify(src/tmr_ros2/tm_driver) by extension 'ignore'
[0.218s] Level 1:colcon.colcon_core.package_identification:_identify(src/tmr_ros2/tm_driver) by extension 'ignore_ament_install'
[0.218s] Level 1:colcon.colcon_core.package_identification:_identify(src/tmr_ros2/tm_driver) by extensions ['colcon_pkg']
[0.218s] Level 1:colcon.colcon_core.package_identification:_identify(src/tmr_ros2/tm_driver) by extension 'colcon_pkg'
[0.218s] Level 1:colcon.colcon_core.package_identification:_identify(src/tmr_ros2/tm_driver) by extensions ['colcon_meta']
[0.218s] Level 1:colcon.colcon_core.package_identification:_identify(src/tmr_ros2/tm_driver) by extension 'colcon_meta'
[0.218s] Level 1:colcon.colcon_core.package_identification:_identify(src/tmr_ros2/tm_driver) by extensions ['ros']
[0.218s] Level 1:colcon.colcon_core.package_identification:_identify(src/tmr_ros2/tm_driver) by extension 'ros'
[0.219s] DEBUG:colcon.colcon_core.package_identification:Package 'src/tmr_ros2/tm_driver' with type 'ros.ament_cmake' and name 'tm_driver'
[0.219s] Level 1:colcon.colcon_core.package_identification:_identify(src/tmr_ros2/tm_inspect) by extensions ['ignore', 'ignore_ament_install']
[0.219s] Level 1:colcon.colcon_core.package_identification:_identify(src/tmr_ros2/tm_inspect) by extension 'ignore'
[0.219s] Level 1:colcon.colcon_core.package_identification:_identify(src/tmr_ros2/tm_inspect) by extension 'ignore_ament_install'
[0.219s] Level 1:colcon.colcon_core.package_identification:_identify(src/tmr_ros2/tm_inspect) by extensions ['colcon_pkg']
[0.219s] Level 1:colcon.colcon_core.package_identification:_identify(src/tmr_ros2/tm_inspect) by extension 'colcon_pkg'
[0.219s] Level 1:colcon.colcon_core.package_identification:_identify(src/tmr_ros2/tm_inspect) by extensions ['colcon_meta']
[0.219s] Level 1:colcon.colcon_core.package_identification:_identify(src/tmr_ros2/tm_inspect) by extension 'colcon_meta'
[0.219s] Level 1:colcon.colcon_core.package_identification:_identify(src/tmr_ros2/tm_inspect) by extensions ['ros']
[0.219s] Level 1:colcon.colcon_core.package_identification:_identify(src/tmr_ros2/tm_inspect) by extension 'ros'
[0.220s] DEBUG:colcon.colcon_core.package_identification:Package 'src/tmr_ros2/tm_inspect' with type 'ros.ament_cmake' and name 'tm_inspect'
[0.220s] Level 1:colcon.colcon_core.package_identification:_identify(src/tmr_ros2/tm_mod_urdf) by extensions ['ignore', 'ignore_ament_install']
[0.220s] Level 1:colcon.colcon_core.package_identification:_identify(src/tmr_ros2/tm_mod_urdf) by extension 'ignore'
[0.220s] Level 1:colcon.colcon_core.package_identification:_identify(src/tmr_ros2/tm_mod_urdf) by extension 'ignore_ament_install'
[0.220s] Level 1:colcon.colcon_core.package_identification:_identify(src/tmr_ros2/tm_mod_urdf) by extensions ['colcon_pkg']
[0.220s] Level 1:colcon.colcon_core.package_identification:_identify(src/tmr_ros2/tm_mod_urdf) by extension 'colcon_pkg'
[0.220s] Level 1:colcon.colcon_core.package_identification:_identify(src/tmr_ros2/tm_mod_urdf) by extensions ['colcon_meta']
[0.220s] Level 1:colcon.colcon_core.package_identification:_identify(src/tmr_ros2/tm_mod_urdf) by extension 'colcon_meta'
[0.220s] Level 1:colcon.colcon_core.package_identification:_identify(src/tmr_ros2/tm_mod_urdf) by extensions ['ros']
[0.220s] Level 1:colcon.colcon_core.package_identification:_identify(src/tmr_ros2/tm_mod_urdf) by extension 'ros'
[0.220s] DEBUG:colcon.colcon_core.package_identification:Package 'src/tmr_ros2/tm_mod_urdf' with type 'ros.ament_python' and name 'tm_mod_urdf'
[0.220s] Level 1:colcon.colcon_core.package_identification:_identify(src/tmr_ros2/tm_moveit) by extensions ['ignore', 'ignore_ament_install']
[0.221s] Level 1:colcon.colcon_core.package_identification:_identify(src/tmr_ros2/tm_moveit) by extension 'ignore'
[0.221s] Level 1:colcon.colcon_core.package_identification:_identify(src/tmr_ros2/tm_moveit) by extension 'ignore_ament_install'
[0.221s] Level 1:colcon.colcon_core.package_identification:_identify(src/tmr_ros2/tm_moveit) by extensions ['colcon_pkg']
[0.221s] Level 1:colcon.colcon_core.package_identification:_identify(src/tmr_ros2/tm_moveit) by extension 'colcon_pkg'
[0.221s] Level 1:colcon.colcon_core.package_identification:_identify(src/tmr_ros2/tm_moveit) by extensions ['colcon_meta']
[0.221s] Level 1:colcon.colcon_core.package_identification:_identify(src/tmr_ros2/tm_moveit) by extension 'colcon_meta'
[0.221s] Level 1:colcon.colcon_core.package_identification:_identify(src/tmr_ros2/tm_moveit) by extensions ['ros']
[0.221s] Level 1:colcon.colcon_core.package_identification:_identify(src/tmr_ros2/tm_moveit) by extension 'ros'
[0.221s] Level 1:colcon.colcon_core.package_identification:_identify(src/tmr_ros2/tm_moveit) by extensions ['cmake', 'python']
[0.221s] Level 1:colcon.colcon_core.package_identification:_identify(src/tmr_ros2/tm_moveit) by extension 'cmake'
[0.221s] Level 1:colcon.colcon_core.package_identification:_identify(src/tmr_ros2/tm_moveit) by extension 'python'
[0.221s] Level 1:colcon.colcon_core.package_identification:_identify(src/tmr_ros2/tm_moveit) by extensions ['python_setup_py']
[0.221s] Level 1:colcon.colcon_core.package_identification:_identify(src/tmr_ros2/tm_moveit) by extension 'python_setup_py'
[0.221s] Level 1:colcon.colcon_core.package_identification:_identify(src/tmr_ros2/tm_moveit/tm12_moveit_config) by extensions ['ignore', 'ignore_ament_install']
[0.221s] Level 1:colcon.colcon_core.package_identification:_identify(src/tmr_ros2/tm_moveit/tm12_moveit_config) by extension 'ignore'
[0.221s] Level 1:colcon.colcon_core.package_identification:_identify(src/tmr_ros2/tm_moveit/tm12_moveit_config) by extension 'ignore_ament_install'
[0.221s] Level 1:colcon.colcon_core.package_identification:_identify(src/tmr_ros2/tm_moveit/tm12_moveit_config) by extensions ['colcon_pkg']
[0.221s] Level 1:colcon.colcon_core.package_identification:_identify(src/tmr_ros2/tm_moveit/tm12_moveit_config) by extension 'colcon_pkg'
[0.221s] Level 1:colcon.colcon_core.package_identification:_identify(src/tmr_ros2/tm_moveit/tm12_moveit_config) by extensions ['colcon_meta']
[0.221s] Level 1:colcon.colcon_core.package_identification:_identify(src/tmr_ros2/tm_moveit/tm12_moveit_config) by extension 'colcon_meta'
[0.221s] Level 1:colcon.colcon_core.package_identification:_identify(src/tmr_ros2/tm_moveit/tm12_moveit_config) by extensions ['ros']
[0.221s] Level 1:colcon.colcon_core.package_identification:_identify(src/tmr_ros2/tm_moveit/tm12_moveit_config) by extension 'ros'
[0.222s] DEBUG:colcon.colcon_core.package_identification:Package 'src/tmr_ros2/tm_moveit/tm12_moveit_config' with type 'ros.ament_cmake' and name 'tm12_moveit_config'
[0.222s] Level 1:colcon.colcon_core.package_identification:_identify(src/tmr_ros2/tm_moveit/tm12x_moveit_config) by extensions ['ignore', 'ignore_ament_install']
[0.222s] Level 1:colcon.colcon_core.package_identification:_identify(src/tmr_ros2/tm_moveit/tm12x_moveit_config) by extension 'ignore'
[0.222s] Level 1:colcon.colcon_core.package_identification:_identify(src/tmr_ros2/tm_moveit/tm12x_moveit_config) by extension 'ignore_ament_install'
[0.222s] Level 1:colcon.colcon_core.package_identification:_identify(src/tmr_ros2/tm_moveit/tm12x_moveit_config) by extensions ['colcon_pkg']
[0.222s] Level 1:colcon.colcon_core.package_identification:_identify(src/tmr_ros2/tm_moveit/tm12x_moveit_config) by extension 'colcon_pkg'
[0.222s] Level 1:colcon.colcon_core.package_identification:_identify(src/tmr_ros2/tm_moveit/tm12x_moveit_config) by extensions ['colcon_meta']
[0.222s] Level 1:colcon.colcon_core.package_identification:_identify(src/tmr_ros2/tm_moveit/tm12x_moveit_config) by extension 'colcon_meta'
[0.222s] Level 1:colcon.colcon_core.package_identification:_identify(src/tmr_ros2/tm_moveit/tm12x_moveit_config) by extensions ['ros']
[0.222s] Level 1:colcon.colcon_core.package_identification:_identify(src/tmr_ros2/tm_moveit/tm12x_moveit_config) by extension 'ros'
[0.222s] DEBUG:colcon.colcon_core.package_identification:Package 'src/tmr_ros2/tm_moveit/tm12x_moveit_config' with type 'ros.ament_cmake' and name 'tm12x_moveit_config'
[0.223s] Level 1:colcon.colcon_core.package_identification:_identify(src/tmr_ros2/tm_moveit/tm14_moveit_config) by extensions ['ignore', 'ignore_ament_install']
[0.223s] Level 1:colcon.colcon_core.package_identification:_identify(src/tmr_ros2/tm_moveit/tm14_moveit_config) by extension 'ignore'
[0.223s] Level 1:colcon.colcon_core.package_identification:_identify(src/tmr_ros2/tm_moveit/tm14_moveit_config) by extension 'ignore_ament_install'
[0.223s] Level 1:colcon.colcon_core.package_identification:_identify(src/tmr_ros2/tm_moveit/tm14_moveit_config) by extensions ['colcon_pkg']
[0.223s] Level 1:colcon.colcon_core.package_identification:_identify(src/tmr_ros2/tm_moveit/tm14_moveit_config) by extension 'colcon_pkg'
[0.223s] Level 1:colcon.colcon_core.package_identification:_identify(src/tmr_ros2/tm_moveit/tm14_moveit_config) by extensions ['colcon_meta']
[0.223s] Level 1:colcon.colcon_core.package_identification:_identify(src/tmr_ros2/tm_moveit/tm14_moveit_config) by extension 'colcon_meta'
[0.223s] Level 1:colcon.colcon_core.package_identification:_identify(src/tmr_ros2/tm_moveit/tm14_moveit_config) by extensions ['ros']
[0.223s] Level 1:colcon.colcon_core.package_identification:_identify(src/tmr_ros2/tm_moveit/tm14_moveit_config) by extension 'ros'
[0.223s] DEBUG:colcon.colcon_core.package_identification:Package 'src/tmr_ros2/tm_moveit/tm14_moveit_config' with type 'ros.ament_cmake' and name 'tm14_moveit_config'
[0.223s] Level 1:colcon.colcon_core.package_identification:_identify(src/tmr_ros2/tm_moveit/tm14x_moveit_config) by extensions ['ignore', 'ignore_ament_install']
[0.223s] Level 1:colcon.colcon_core.package_identification:_identify(src/tmr_ros2/tm_moveit/tm14x_moveit_config) by extension 'ignore'
[0.224s] Level 1:colcon.colcon_core.package_identification:_identify(src/tmr_ros2/tm_moveit/tm14x_moveit_config) by extension 'ignore_ament_install'
[0.224s] Level 1:colcon.colcon_core.package_identification:_identify(src/tmr_ros2/tm_moveit/tm14x_moveit_config) by extensions ['colcon_pkg']
[0.224s] Level 1:colcon.colcon_core.package_identification:_identify(src/tmr_ros2/tm_moveit/tm14x_moveit_config) by extension 'colcon_pkg'
[0.224s] Level 1:colcon.colcon_core.package_identification:_identify(src/tmr_ros2/tm_moveit/tm14x_moveit_config) by extensions ['colcon_meta']
[0.224s] Level 1:colcon.colcon_core.package_identification:_identify(src/tmr_ros2/tm_moveit/tm14x_moveit_config) by extension 'colcon_meta'
[0.224s] Level 1:colcon.colcon_core.package_identification:_identify(src/tmr_ros2/tm_moveit/tm14x_moveit_config) by extensions ['ros']
[0.224s] Level 1:colcon.colcon_core.package_identification:_identify(src/tmr_ros2/tm_moveit/tm14x_moveit_config) by extension 'ros'
[0.224s] DEBUG:colcon.colcon_core.package_identification:Package 'src/tmr_ros2/tm_moveit/tm14x_moveit_config' with type 'ros.ament_cmake' and name 'tm14x_moveit_config'
[0.224s] Level 1:colcon.colcon_core.package_identification:_identify(src/tmr_ros2/tm_moveit/tm16_moveit_config) by extensions ['ignore', 'ignore_ament_install']
[0.224s] Level 1:colcon.colcon_core.package_identification:_identify(src/tmr_ros2/tm_moveit/tm16_moveit_config) by extension 'ignore'
[0.224s] Level 1:colcon.colcon_core.package_identification:_identify(src/tmr_ros2/tm_moveit/tm16_moveit_config) by extension 'ignore_ament_install'
[0.225s] Level 1:colcon.colcon_core.package_identification:_identify(src/tmr_ros2/tm_moveit/tm16_moveit_config) by extensions ['colcon_pkg']
[0.225s] Level 1:colcon.colcon_core.package_identification:_identify(src/tmr_ros2/tm_moveit/tm16_moveit_config) by extension 'colcon_pkg'
[0.225s] Level 1:colcon.colcon_core.package_identification:_identify(src/tmr_ros2/tm_moveit/tm16_moveit_config) by extensions ['colcon_meta']
[0.225s] Level 1:colcon.colcon_core.package_identification:_identify(src/tmr_ros2/tm_moveit/tm16_moveit_config) by extension 'colcon_meta'
[0.225s] Level 1:colcon.colcon_core.package_identification:_identify(src/tmr_ros2/tm_moveit/tm16_moveit_config) by extensions ['ros']
[0.225s] Level 1:colcon.colcon_core.package_identification:_identify(src/tmr_ros2/tm_moveit/tm16_moveit_config) by extension 'ros'
[0.225s] DEBUG:colcon.colcon_core.package_identification:Package 'src/tmr_ros2/tm_moveit/tm16_moveit_config' with type 'ros.ament_cmake' and name 'tm16_moveit_config'
[0.225s] Level 1:colcon.colcon_core.package_identification:_identify(src/tmr_ros2/tm_moveit/tm20_moveit_config) by extensions ['ignore', 'ignore_ament_install']
[0.225s] Level 1:colcon.colcon_core.package_identification:_identify(src/tmr_ros2/tm_moveit/tm20_moveit_config) by extension 'ignore'
[0.225s] Level 1:colcon.colcon_core.package_identification:_identify(src/tmr_ros2/tm_moveit/tm20_moveit_config) by extension 'ignore_ament_install'
[0.225s] Level 1:colcon.colcon_core.package_identification:_identify(src/tmr_ros2/tm_moveit/tm20_moveit_config) by extensions ['colcon_pkg']
[0.225s] Level 1:colcon.colcon_core.package_identification:_identify(src/tmr_ros2/tm_moveit/tm20_moveit_config) by extension 'colcon_pkg'
[0.225s] Level 1:colcon.colcon_core.package_identification:_identify(src/tmr_ros2/tm_moveit/tm20_moveit_config) by extensions ['colcon_meta']
[0.225s] Level 1:colcon.colcon_core.package_identification:_identify(src/tmr_ros2/tm_moveit/tm20_moveit_config) by extension 'colcon_meta'
[0.225s] Level 1:colcon.colcon_core.package_identification:_identify(src/tmr_ros2/tm_moveit/tm20_moveit_config) by extensions ['ros']
[0.225s] Level 1:colcon.colcon_core.package_identification:_identify(src/tmr_ros2/tm_moveit/tm20_moveit_config) by extension 'ros'
[0.226s] DEBUG:colcon.colcon_core.package_identification:Package 'src/tmr_ros2/tm_moveit/tm20_moveit_config' with type 'ros.ament_cmake' and name 'tm20_moveit_config'
[0.226s] Level 1:colcon.colcon_core.package_identification:_identify(src/tmr_ros2/tm_moveit/tm5-700_moveit_config) by extensions ['ignore', 'ignore_ament_install']
[0.226s] Level 1:colcon.colcon_core.package_identification:_identify(src/tmr_ros2/tm_moveit/tm5-700_moveit_config) by extension 'ignore'
[0.226s] Level 1:colcon.colcon_core.package_identification:_identify(src/tmr_ros2/tm_moveit/tm5-700_moveit_config) by extension 'ignore_ament_install'
[0.226s] Level 1:colcon.colcon_core.package_identification:_identify(src/tmr_ros2/tm_moveit/tm5-700_moveit_config) by extensions ['colcon_pkg']
[0.226s] Level 1:colcon.colcon_core.package_identification:_identify(src/tmr_ros2/tm_moveit/tm5-700_moveit_config) by extension 'colcon_pkg'
[0.226s] Level 1:colcon.colcon_core.package_identification:_identify(src/tmr_ros2/tm_moveit/tm5-700_moveit_config) by extensions ['colcon_meta']
[0.226s] Level 1:colcon.colcon_core.package_identification:_identify(src/tmr_ros2/tm_moveit/tm5-700_moveit_config) by extension 'colcon_meta'
[0.226s] Level 1:colcon.colcon_core.package_identification:_identify(src/tmr_ros2/tm_moveit/tm5-700_moveit_config) by extensions ['ros']
[0.226s] Level 1:colcon.colcon_core.package_identification:_identify(src/tmr_ros2/tm_moveit/tm5-700_moveit_config) by extension 'ros'
[0.227s] DEBUG:colcon.colcon_core.package_identification:Package 'src/tmr_ros2/tm_moveit/tm5-700_moveit_config' with type 'ros.ament_cmake' and name 'tm5-700_moveit_config'
[0.227s] Level 1:colcon.colcon_core.package_identification:_identify(src/tmr_ros2/tm_moveit/tm5-900_moveit_config) by extensions ['ignore', 'ignore_ament_install']
[0.227s] Level 1:colcon.colcon_core.package_identification:_identify(src/tmr_ros2/tm_moveit/tm5-900_moveit_config) by extension 'ignore'
[0.227s] Level 1:colcon.colcon_core.package_identification:_identify(src/tmr_ros2/tm_moveit/tm5-900_moveit_config) by extension 'ignore_ament_install'
[0.227s] Level 1:colcon.colcon_core.package_identification:_identify(src/tmr_ros2/tm_moveit/tm5-900_moveit_config) by extensions ['colcon_pkg']
[0.227s] Level 1:colcon.colcon_core.package_identification:_identify(src/tmr_ros2/tm_moveit/tm5-900_moveit_config) by extension 'colcon_pkg'
[0.227s] Level 1:colcon.colcon_core.package_identification:_identify(src/tmr_ros2/tm_moveit/tm5-900_moveit_config) by extensions ['colcon_meta']
[0.227s] Level 1:colcon.colcon_core.package_identification:_identify(src/tmr_ros2/tm_moveit/tm5-900_moveit_config) by extension 'colcon_meta'
[0.227s] Level 1:colcon.colcon_core.package_identification:_identify(src/tmr_ros2/tm_moveit/tm5-900_moveit_config) by extensions ['ros']
[0.227s] Level 1:colcon.colcon_core.package_identification:_identify(src/tmr_ros2/tm_moveit/tm5-900_moveit_config) by extension 'ros'
[0.227s] DEBUG:colcon.colcon_core.package_identification:Package 'src/tmr_ros2/tm_moveit/tm5-900_moveit_config' with type 'ros.ament_cmake' and name 'tm5-900_moveit_config'
[0.227s] Level 1:colcon.colcon_core.package_identification:_identify(src/tmr_ros2/tm_moveit/tm5x-700_moveit_config) by extensions ['ignore', 'ignore_ament_install']
[0.228s] Level 1:colcon.colcon_core.package_identification:_identify(src/tmr_ros2/tm_moveit/tm5x-700_moveit_config) by extension 'ignore'
[0.228s] Level 1:colcon.colcon_core.package_identification:_identify(src/tmr_ros2/tm_moveit/tm5x-700_moveit_config) by extension 'ignore_ament_install'
[0.228s] Level 1:colcon.colcon_core.package_identification:_identify(src/tmr_ros2/tm_moveit/tm5x-700_moveit_config) by extensions ['colcon_pkg']
[0.228s] Level 1:colcon.colcon_core.package_identification:_identify(src/tmr_ros2/tm_moveit/tm5x-700_moveit_config) by extension 'colcon_pkg'
[0.228s] Level 1:colcon.colcon_core.package_identification:_identify(src/tmr_ros2/tm_moveit/tm5x-700_moveit_config) by extensions ['colcon_meta']
[0.228s] Level 1:colcon.colcon_core.package_identification:_identify(src/tmr_ros2/tm_moveit/tm5x-700_moveit_config) by extension 'colcon_meta'
[0.228s] Level 1:colcon.colcon_core.package_identification:_identify(src/tmr_ros2/tm_moveit/tm5x-700_moveit_config) by extensions ['ros']
[0.228s] Level 1:colcon.colcon_core.package_identification:_identify(src/tmr_ros2/tm_moveit/tm5x-700_moveit_config) by extension 'ros'
[0.228s] DEBUG:colcon.colcon_core.package_identification:Package 'src/tmr_ros2/tm_moveit/tm5x-700_moveit_config' with type 'ros.ament_cmake' and name 'tm5x-700_moveit_config'
[0.228s] Level 1:colcon.colcon_core.package_identification:_identify(src/tmr_ros2/tm_moveit/tm5x-900_moveit_config) by extensions ['ignore', 'ignore_ament_install']
[0.228s] Level 1:colcon.colcon_core.package_identification:_identify(src/tmr_ros2/tm_moveit/tm5x-900_moveit_config) by extension 'ignore'
[0.229s] Level 1:colcon.colcon_core.package_identification:_identify(src/tmr_ros2/tm_moveit/tm5x-900_moveit_config) by extension 'ignore_ament_install'
[0.229s] Level 1:colcon.colcon_core.package_identification:_identify(src/tmr_ros2/tm_moveit/tm5x-900_moveit_config) by extensions ['colcon_pkg']
[0.229s] Level 1:colcon.colcon_core.package_identification:_identify(src/tmr_ros2/tm_moveit/tm5x-900_moveit_config) by extension 'colcon_pkg'
[0.229s] Level 1:colcon.colcon_core.package_identification:_identify(src/tmr_ros2/tm_moveit/tm5x-900_moveit_config) by extensions ['colcon_meta']
[0.229s] Level 1:colcon.colcon_core.package_identification:_identify(src/tmr_ros2/tm_moveit/tm5x-900_moveit_config) by extension 'colcon_meta'
[0.229s] Level 1:colcon.colcon_core.package_identification:_identify(src/tmr_ros2/tm_moveit/tm5x-900_moveit_config) by extensions ['ros']
[0.229s] Level 1:colcon.colcon_core.package_identification:_identify(src/tmr_ros2/tm_moveit/tm5x-900_moveit_config) by extension 'ros'
[0.229s] DEBUG:colcon.colcon_core.package_identification:Package 'src/tmr_ros2/tm_moveit/tm5x-900_moveit_config' with type 'ros.ament_cmake' and name 'tm5x-900_moveit_config'
[0.229s] Level 1:colcon.colcon_core.package_identification:_identify(src/tmr_ros2/tm_msgs) by extensions ['ignore', 'ignore_ament_install']
[0.229s] Level 1:colcon.colcon_core.package_identification:_identify(src/tmr_ros2/tm_msgs) by extension 'ignore'
[0.229s] Level 1:colcon.colcon_core.package_identification:_identify(src/tmr_ros2/tm_msgs) by extension 'ignore_ament_install'
[0.229s] Level 1:colcon.colcon_core.package_identification:_identify(src/tmr_ros2/tm_msgs) by extensions ['colcon_pkg']
[0.229s] Level 1:colcon.colcon_core.package_identification:_identify(src/tmr_ros2/tm_msgs) by extension 'colcon_pkg'
[0.229s] Level 1:colcon.colcon_core.package_identification:_identify(src/tmr_ros2/tm_msgs) by extensions ['colcon_meta']
[0.229s] Level 1:colcon.colcon_core.package_identification:_identify(src/tmr_ros2/tm_msgs) by extension 'colcon_meta'
[0.229s] Level 1:colcon.colcon_core.package_identification:_identify(src/tmr_ros2/tm_msgs) by extensions ['ros']
[0.229s] Level 1:colcon.colcon_core.package_identification:_identify(src/tmr_ros2/tm_msgs) by extension 'ros'
[0.230s] DEBUG:colcon.colcon_core.package_identification:Package 'src/tmr_ros2/tm_msgs' with type 'ros.ament_cmake' and name 'tm_msgs'
[0.230s] Level 1:colcon.colcon_core.package_identification:_identify(src/tmr_ros2/tm_test) by extensions ['ignore', 'ignore_ament_install']
[0.230s] Level 1:colcon.colcon_core.package_identification:_identify(src/tmr_ros2/tm_test) by extension 'ignore'
[0.230s] Level 1:colcon.colcon_core.package_identification:_identify(src/tmr_ros2/tm_test) by extension 'ignore_ament_install'
[0.230s] Level 1:colcon.colcon_core.package_identification:_identify(src/tmr_ros2/tm_test) by extensions ['colcon_pkg']
[0.230s] Level 1:colcon.colcon_core.package_identification:_identify(src/tmr_ros2/tm_test) by extension 'colcon_pkg'
[0.230s] Level 1:colcon.colcon_core.package_identification:_identify(src/tmr_ros2/tm_test) by extensions ['colcon_meta']
[0.230s] Level 1:colcon.colcon_core.package_identification:_identify(src/tmr_ros2/tm_test) by extension 'colcon_meta'
[0.230s] Level 1:colcon.colcon_core.package_identification:_identify(src/tmr_ros2/tm_test) by extensions ['ros']
[0.230s] Level 1:colcon.colcon_core.package_identification:_identify(src/tmr_ros2/tm_test) by extension 'ros'
[0.231s] DEBUG:colcon.colcon_core.package_identification:Package 'src/tmr_ros2/tm_test' with type 'ros.ament_cmake' and name 'tm_test'
[0.231s] Level 1:colcon.colcon_core.package_discovery:discover_packages(recursive) using defaults
[0.231s] Level 1:colcon.colcon_core.package_discovery:discover_packages(ignore) discover
[0.231s] Level 1:colcon.colcon_core.package_discovery:discover_packages(ignore) using defaults
[0.231s] Level 1:colcon.colcon_core.package_discovery:discover_packages(path) discover
[0.231s] Level 1:colcon.colcon_core.package_discovery:discover_packages(path) using defaults
[0.253s] INFO:colcon.colcon_core.package_selection:Skipping not selected package 'hand_solo_arm' in 'src/hand_solo_arm'
[0.253s] INFO:colcon.colcon_core.package_selection:Skipping not selected package 'pa_warehouse_status' in 'src/pa_warehouse_status'
[0.253s] INFO:colcon.colcon_core.package_selection:Skipping not selected package 'pick_nav_place' in 'src/pick_nav_place'
[0.253s] INFO:colcon.colcon_core.package_selection:Skipping not selected package 'tm_description' in 'src/tmr_ros2/tm_description'
[0.253s] INFO:colcon.colcon_core.package_selection:Skipping not selected package 'tm_mod_urdf' in 'src/tmr_ros2/tm_mod_urdf'
[0.253s] INFO:colcon.colcon_core.package_selection:Skipping not selected package 'tm_msgs' in 'src/tmr_ros2/tm_msgs'
[0.253s] INFO:colcon.colcon_core.package_selection:Skipping not selected package 'tm12_moveit_config' in 'src/tmr_ros2/tm_moveit/tm12_moveit_config'
[0.253s] INFO:colcon.colcon_core.package_selection:Skipping not selected package 'tm12x_moveit_config' in 'src/tmr_ros2/tm_moveit/tm12x_moveit_config'
[0.253s] INFO:colcon.colcon_core.package_selection:Skipping not selected package 'tm14_moveit_config' in 'src/tmr_ros2/tm_moveit/tm14_moveit_config'
[0.253s] INFO:colcon.colcon_core.package_selection:Skipping not selected package 'tm14x_moveit_config' in 'src/tmr_ros2/tm_moveit/tm14x_moveit_config'
[0.253s] INFO:colcon.colcon_core.package_selection:Skipping not selected package 'tm16_moveit_config' in 'src/tmr_ros2/tm_moveit/tm16_moveit_config'
[0.253s] INFO:colcon.colcon_core.package_selection:Skipping not selected package 'tm20_moveit_config' in 'src/tmr_ros2/tm_moveit/tm20_moveit_config'
[0.253s] INFO:colcon.colcon_core.package_selection:Skipping not selected package 'tm5-700_moveit_config' in 'src/tmr_ros2/tm_moveit/tm5-700_moveit_config'
[0.253s] INFO:colcon.colcon_core.package_selection:Skipping not selected package 'tm5-900_moveit_config' in 'src/tmr_ros2/tm_moveit/tm5-900_moveit_config'
[0.253s] INFO:colcon.colcon_core.package_selection:Skipping not selected package 'tm5x-700_moveit_config' in 'src/tmr_ros2/tm_moveit/tm5x-700_moveit_config'
[0.253s] INFO:colcon.colcon_core.package_selection:Skipping not selected package 'tm5x-900_moveit_config' in 'src/tmr_ros2/tm_moveit/tm5x-900_moveit_config'
[0.253s] INFO:colcon.colcon_core.package_selection:Skipping not selected package 'tm_driver' in 'src/tmr_ros2/tm_driver'
[0.253s] INFO:colcon.colcon_core.package_selection:Skipping not selected package 'tm_inspect' in 'src/tmr_ros2/tm_inspect'
[0.253s] INFO:colcon.colcon_core.package_selection:Skipping not selected package 'tm_test' in 'src/tmr_ros2/tm_test'
[0.253s] Level 5:colcon.colcon_core.verb:set package 'hand_solo_virtual_nav' build argument 'cmake_args' from command line to 'None'
[0.253s] Level 5:colcon.colcon_core.verb:set package 'hand_solo_virtual_nav' build argument 'cmake_target' from command line to 'None'
[0.253s] Level 5:colcon.colcon_core.verb:set package 'hand_solo_virtual_nav' build argument 'cmake_target_skip_unavailable' from command line to 'False'
[0.253s] Level 5:colcon.colcon_core.verb:set package 'hand_solo_virtual_nav' build argument 'cmake_clean_cache' from command line to 'False'
[0.253s] Level 5:colcon.colcon_core.verb:set package 'hand_solo_virtual_nav' build argument 'cmake_clean_first' from command line to 'False'
[0.253s] Level 5:colcon.colcon_core.verb:set package 'hand_solo_virtual_nav' build argument 'cmake_force_configure' from command line to 'False'
[0.253s] Level 5:colcon.colcon_core.verb:set package 'hand_solo_virtual_nav' build argument 'ament_cmake_args' from command line to 'None'
[0.253s] Level 5:colcon.colcon_core.verb:set package 'hand_solo_virtual_nav' build argument 'catkin_cmake_args' from command line to 'None'
[0.253s] Level 5:colcon.colcon_core.verb:set package 'hand_solo_virtual_nav' build argument 'catkin_skip_building_tests' from command line to 'False'
[0.253s] DEBUG:colcon.colcon_core.verb:Building package 'hand_solo_virtual_nav' with the following arguments: {'ament_cmake_args': None, 'build_base': '/root/irslab_ws/build/hand_solo_virtual_nav', 'catkin_cmake_args': None, 'catkin_skip_building_tests': False, 'cmake_args': None, 'cmake_clean_cache': False, 'cmake_clean_first': False, 'cmake_force_configure': False, 'cmake_target': None, 'cmake_target_skip_unavailable': False, 'install_base': '/root/irslab_ws/install/hand_solo_virtual_nav', 'merge_install': False, 'path': '/root/irslab_ws/src/hand_solo_virtual_nav', 'symlink_install': False, 'test_result_base': None}
[0.253s] INFO:colcon.colcon_core.executor:Executing jobs using 'parallel' executor
[0.254s] DEBUG:colcon.colcon_parallel_executor.executor.parallel:run_until_complete
[0.255s] INFO:colcon.colcon_ros.task.ament_python.build:Building ROS package in '/root/irslab_ws/src/hand_solo_virtual_nav' with build type 'ament_python'
[0.255s] Level 1:colcon.colcon_core.shell:create_environment_hook('hand_solo_virtual_nav', 'ament_prefix_path')
[0.269s] INFO:colcon.colcon_core.plugin_system:Skipping extension 'colcon_core.shell.bat': Not used on non-Windows systems
[0.270s] INFO:colcon.colcon_core.shell:Creating environment hook '/root/irslab_ws/install/hand_solo_virtual_nav/share/hand_solo_virtual_nav/hook/ament_prefix_path.ps1'
[0.270s] INFO:colcon.colcon_core.shell:Creating environment descriptor '/root/irslab_ws/install/hand_solo_virtual_nav/share/hand_solo_virtual_nav/hook/ament_prefix_path.dsv'
[0.271s] INFO:colcon.colcon_core.shell:Creating environment hook '/root/irslab_ws/install/hand_solo_virtual_nav/share/hand_solo_virtual_nav/hook/ament_prefix_path.sh'
[0.272s] INFO:colcon.colcon_core.shell:Skip shell extension 'powershell' for command environment: Not usable outside of PowerShell
[0.272s] DEBUG:colcon.colcon_core.shell:Skip shell extension 'dsv' for command environment
[0.456s] INFO:colcon.colcon_core.task.python.build:Building Python package in '/root/irslab_ws/src/hand_solo_virtual_nav'
[0.456s] INFO:colcon.colcon_core.shell:Skip shell extension 'powershell' for command environment: Not usable outside of PowerShell
[0.456s] DEBUG:colcon.colcon_core.shell:Skip shell extension 'dsv' for command environment
[0.722s] DEBUG:colcon.colcon_core.event_handler.log_command:Invoking command in '/root/irslab_ws/src/hand_solo_virtual_nav': PYTHONPATH=/root/irslab_ws/build/hand_solo_virtual_nav/prefix_override:/usr/lib/python3/dist-packages/colcon_core/task/python/colcon_distutils_commands:/root/irslab_ws/install/hand_solo_virtual_nav/lib/python3.10/site-packages:${PYTHONPATH} /usr/bin/python3 -W ignore:setup.py install is deprecated -W ignore:easy_install command is deprecated setup.py egg_info --egg-base ../../build/hand_solo_virtual_nav build --build-base /root/irslab_ws/build/hand_solo_virtual_nav/build install --record /root/irslab_ws/build/hand_solo_virtual_nav/install.log --single-version-externally-managed install_data
[0.934s] DEBUG:colcon.colcon_core.event_handler.log_command:Invoked command in '/root/irslab_ws/src/hand_solo_virtual_nav' returned '0': PYTHONPATH=/root/irslab_ws/build/hand_solo_virtual_nav/prefix_override:/usr/lib/python3/dist-packages/colcon_core/task/python/colcon_distutils_commands:/root/irslab_ws/install/hand_solo_virtual_nav/lib/python3.10/site-packages:${PYTHONPATH} /usr/bin/python3 -W ignore:setup.py install is deprecated -W ignore:easy_install command is deprecated setup.py egg_info --egg-base ../../build/hand_solo_virtual_nav build --build-base /root/irslab_ws/build/hand_solo_virtual_nav/build install --record /root/irslab_ws/build/hand_solo_virtual_nav/install.log --single-version-externally-managed install_data
[0.936s] Level 1:colcon.colcon_core.environment:checking '/root/irslab_ws/install/hand_solo_virtual_nav' for CMake module files
[0.936s] Level 1:colcon.colcon_core.environment:checking '/root/irslab_ws/install/hand_solo_virtual_nav' for CMake config files
[0.937s] Level 1:colcon.colcon_core.environment:checking '/root/irslab_ws/install/hand_solo_virtual_nav/lib'
[0.937s] Level 1:colcon.colcon_core.environment:checking '/root/irslab_ws/install/hand_solo_virtual_nav/bin'
[0.937s] Level 1:colcon.colcon_core.environment:checking '/root/irslab_ws/install/hand_solo_virtual_nav/lib/pkgconfig/hand_solo_virtual_nav.pc'
[0.937s] Level 1:colcon.colcon_core.environment:checking '/root/irslab_ws/install/hand_solo_virtual_nav/lib/python3.10/site-packages'
[0.937s] Level 1:colcon.colcon_core.shell:create_environment_hook('hand_solo_virtual_nav', 'pythonpath')
[0.937s] INFO:colcon.colcon_core.shell:Creating environment hook '/root/irslab_ws/install/hand_solo_virtual_nav/share/hand_solo_virtual_nav/hook/pythonpath.ps1'
[0.937s] INFO:colcon.colcon_core.shell:Creating environment descriptor '/root/irslab_ws/install/hand_solo_virtual_nav/share/hand_solo_virtual_nav/hook/pythonpath.dsv'
[0.938s] INFO:colcon.colcon_core.shell:Creating environment hook '/root/irslab_ws/install/hand_solo_virtual_nav/share/hand_solo_virtual_nav/hook/pythonpath.sh'
[0.938s] Level 1:colcon.colcon_core.environment:checking '/root/irslab_ws/install/hand_solo_virtual_nav/bin'
[0.938s] Level 1:colcon.colcon_core.environment:create_environment_scripts_only(hand_solo_virtual_nav)
[0.938s] INFO:colcon.colcon_core.shell:Creating package script '/root/irslab_ws/install/hand_solo_virtual_nav/share/hand_solo_virtual_nav/package.ps1'
[0.939s] INFO:colcon.colcon_core.shell:Creating package descriptor '/root/irslab_ws/install/hand_solo_virtual_nav/share/hand_solo_virtual_nav/package.dsv'
[0.939s] INFO:colcon.colcon_core.shell:Creating package script '/root/irslab_ws/install/hand_solo_virtual_nav/share/hand_solo_virtual_nav/package.sh'
[0.939s] INFO:colcon.colcon_core.shell:Creating package script '/root/irslab_ws/install/hand_solo_virtual_nav/share/hand_solo_virtual_nav/package.bash'
[0.940s] INFO:colcon.colcon_core.shell:Creating package script '/root/irslab_ws/install/hand_solo_virtual_nav/share/hand_solo_virtual_nav/package.zsh'
[0.940s] Level 1:colcon.colcon_core.environment:create_file_with_runtime_dependencies(/root/irslab_ws/install/hand_solo_virtual_nav/share/colcon-core/packages/hand_solo_virtual_nav)
[0.940s] DEBUG:colcon.colcon_parallel_executor.executor.parallel:closing loop
[0.941s] DEBUG:colcon.colcon_parallel_executor.executor.parallel:loop closed
[0.941s] DEBUG:colcon.colcon_parallel_executor.executor.parallel:run_until_complete finished with '0'
[0.941s] DEBUG:colcon.colcon_core.event_reactor:joining thread
[0.945s] INFO:colcon.colcon_core.plugin_system:Skipping extension 'colcon_notification.desktop_notification.notify_send': Could not find 'notify-send'
[0.945s] INFO:colcon.colcon_core.plugin_system:Skipping extension 'colcon_notification.desktop_notification.terminal_notifier': Not used on non-Darwin systems
[0.945s] INFO:colcon.colcon_core.plugin_system:Skipping extension 'colcon_notification.desktop_notification.win32': Not used on non-Windows systems
[0.945s] INFO:colcon.colcon_notification.desktop_notification:Sending desktop notification using 'notify2'
[0.948s] DEBUG:colcon.colcon_notification.desktop_notification.notify2:Failed to initialize notify2: org.freedesktop.DBus.Error.Spawn.ExecFailed: /usr/bin/dbus-launch terminated abnormally without any error message
[0.948s] DEBUG:colcon.colcon_core.event_reactor:joined thread
[0.949s] INFO:colcon.colcon_core.shell:Creating prefix script '/root/irslab_ws/install/local_setup.ps1'
[0.949s] INFO:colcon.colcon_core.shell:Creating prefix util module '/root/irslab_ws/install/_local_setup_util_ps1.py'
[0.950s] INFO:colcon.colcon_core.shell:Creating prefix chain script '/root/irslab_ws/install/setup.ps1'
[0.952s] INFO:colcon.colcon_core.shell:Creating prefix script '/root/irslab_ws/install/local_setup.sh'
[0.952s] INFO:colcon.colcon_core.shell:Creating prefix util module '/root/irslab_ws/install/_local_setup_util_sh.py'
[0.952s] INFO:colcon.colcon_core.shell:Creating prefix chain script '/root/irslab_ws/install/setup.sh'
[0.953s] INFO:colcon.colcon_core.shell:Creating prefix script '/root/irslab_ws/install/local_setup.bash'
[0.953s] INFO:colcon.colcon_core.shell:Creating prefix chain script '/root/irslab_ws/install/setup.bash'
[0.955s] INFO:colcon.colcon_core.shell:Creating prefix script '/root/irslab_ws/install/local_setup.zsh'
[0.955s] INFO:colcon.colcon_core.shell:Creating prefix chain script '/root/irslab_ws/install/setup.zsh'
