[1.559s] Invoking command in '/root/irslab_ws/src/pick_nav_place': PYTHONPATH=/root/irslab_ws/build/pick_nav_place/prefix_override:/usr/lib/python3/dist-packages/colcon_core/task/python/colcon_distutils_commands:/root/irslab_ws/install/pick_nav_place/lib/python3.10/site-packages:${PYTHONPATH} /usr/bin/python3 -W ignore:setup.py install is deprecated -W ignore:easy_install command is deprecated setup.py egg_info --egg-base ../../build/pick_nav_place build --build-base /root/irslab_ws/build/pick_nav_place/build install --record /root/irslab_ws/build/pick_nav_place/install.log --single-version-externally-managed install_data
[1.814s] running egg_info
[1.816s] writing ../../build/pick_nav_place/pick_nav_place.egg-info/PKG-INFO
[1.816s] writing dependency_links to ../../build/pick_nav_place/pick_nav_place.egg-info/dependency_links.txt
[1.816s] writing entry points to ../../build/pick_nav_place/pick_nav_place.egg-info/entry_points.txt
[1.816s] writing requirements to ../../build/pick_nav_place/pick_nav_place.egg-info/requires.txt
[1.817s] writing top-level names to ../../build/pick_nav_place/pick_nav_place.egg-info/top_level.txt
[1.819s] reading manifest file '../../build/pick_nav_place/pick_nav_place.egg-info/SOURCES.txt'
[1.819s] adding license file 'LICENSE'
[1.820s] writing manifest file '../../build/pick_nav_place/pick_nav_place.egg-info/SOURCES.txt'
[1.821s] running build
[1.821s] running build_py
[1.821s] copying pick_nav_place/plc_hmi_listener.py -> /root/irslab_ws/build/pick_nav_place/build/lib/pick_nav_place
[1.822s] running install
[1.822s] running install_lib
[1.823s] copying /root/irslab_ws/build/pick_nav_place/build/lib/pick_nav_place/plc_hmi_listener.py -> /root/irslab_ws/install/pick_nav_place/lib/python3.10/site-packages/pick_nav_place
[1.824s] byte-compiling /root/irslab_ws/install/pick_nav_place/lib/python3.10/site-packages/pick_nav_place/plc_hmi_listener.py to plc_hmi_listener.cpython-310.pyc
[1.828s] running install_data
[1.829s] running install_egg_info
[1.831s] removing '/root/irslab_ws/install/pick_nav_place/lib/python3.10/site-packages/pick_nav_place-0.0.0-py3.10.egg-info' (and everything under it)
[1.831s] Copying ../../build/pick_nav_place/pick_nav_place.egg-info to /root/irslab_ws/install/pick_nav_place/lib/python3.10/site-packages/pick_nav_place-0.0.0-py3.10.egg-info
[1.832s] running install_scripts
[1.853s] Installing plc_hmi_listener script to /root/irslab_ws/install/pick_nav_place/lib/pick_nav_place
[1.853s] Installing robot_arm_controller script to /root/irslab_ws/install/pick_nav_place/lib/pick_nav_place
[1.853s] Installing robot_waypoint_follower script to /root/irslab_ws/install/pick_nav_place/lib/pick_nav_place
[1.853s] Installing warehouse_coordinator script to /root/irslab_ws/install/pick_nav_place/lib/pick_nav_place
[1.853s] writing list of installed files to '/root/irslab_ws/build/pick_nav_place/install.log'
[1.881s] Invoked command in '/root/irslab_ws/src/pick_nav_place' returned '0': PYTHONPATH=/root/irslab_ws/build/pick_nav_place/prefix_override:/usr/lib/python3/dist-packages/colcon_core/task/python/colcon_distutils_commands:/root/irslab_ws/install/pick_nav_place/lib/python3.10/site-packages:${PYTHONPATH} /usr/bin/python3 -W ignore:setup.py install is deprecated -W ignore:easy_install command is deprecated setup.py egg_info --egg-base ../../build/pick_nav_place build --build-base /root/irslab_ws/build/pick_nav_place/build install --record /root/irslab_ws/build/pick_nav_place/install.log --single-version-externally-managed install_data
