[1.681s] Invoking command in '/root/irslab_ws/src/pick_nav_place': PYTHONPATH=/root/irslab_ws/build/pick_nav_place/prefix_override:/usr/lib/python3/dist-packages/colcon_core/task/python/colcon_distutils_commands:/root/irslab_ws/install/pick_nav_place/lib/python3.10/site-packages:${PYTHONPATH} /usr/bin/python3 -W ignore:setup.py install is deprecated -W ignore:easy_install command is deprecated setup.py egg_info --egg-base ../../build/pick_nav_place build --build-base /root/irslab_ws/build/pick_nav_place/build install --record /root/irslab_ws/build/pick_nav_place/install.log --single-version-externally-managed install_data
[2.029s] running egg_info
[2.029s] writing ../../build/pick_nav_place/pick_nav_place.egg-info/PKG-INFO
[2.029s] writing dependency_links to ../../build/pick_nav_place/pick_nav_place.egg-info/dependency_links.txt
[2.029s] writing entry points to ../../build/pick_nav_place/pick_nav_place.egg-info/entry_points.txt
[2.029s] writing requirements to ../../build/pick_nav_place/pick_nav_place.egg-info/requires.txt
[2.029s] writing top-level names to ../../build/pick_nav_place/pick_nav_place.egg-info/top_level.txt
[2.029s] reading manifest file '../../build/pick_nav_place/pick_nav_place.egg-info/SOURCES.txt'
[2.030s] adding license file 'LICENSE'
[2.030s] writing manifest file '../../build/pick_nav_place/pick_nav_place.egg-info/SOURCES.txt'
[2.030s] running build
[2.030s] running build_py
[2.030s] copying pick_nav_place/plc_hmi_listener.py -> /root/irslab_ws/build/pick_nav_place/build/lib/pick_nav_place
[2.030s] copying pick_nav_place/robot_arm_controller.py -> /root/irslab_ws/build/pick_nav_place/build/lib/pick_nav_place
[2.030s] running install
[2.030s] running install_lib
[2.031s] copying /root/irslab_ws/build/pick_nav_place/build/lib/pick_nav_place/plc_hmi_listener.py -> /root/irslab_ws/install/pick_nav_place/lib/python3.10/site-packages/pick_nav_place
[2.031s] copying /root/irslab_ws/build/pick_nav_place/build/lib/pick_nav_place/robot_arm_controller.py -> /root/irslab_ws/install/pick_nav_place/lib/python3.10/site-packages/pick_nav_place
[2.031s] byte-compiling /root/irslab_ws/install/pick_nav_place/lib/python3.10/site-packages/pick_nav_place/plc_hmi_listener.py to plc_hmi_listener.cpython-310.pyc
[2.034s] byte-compiling /root/irslab_ws/install/pick_nav_place/lib/python3.10/site-packages/pick_nav_place/robot_arm_controller.py to robot_arm_controller.cpython-310.pyc
[2.036s] running install_data
[2.037s] running install_egg_info
[2.039s] removing '/root/irslab_ws/install/pick_nav_place/lib/python3.10/site-packages/pick_nav_place-0.0.0-py3.10.egg-info' (and everything under it)
[2.039s] Copying ../../build/pick_nav_place/pick_nav_place.egg-info to /root/irslab_ws/install/pick_nav_place/lib/python3.10/site-packages/pick_nav_place-0.0.0-py3.10.egg-info
[2.040s] running install_scripts
[2.062s] Installing plc_hmi_listener script to /root/irslab_ws/install/pick_nav_place/lib/pick_nav_place
[2.062s] Installing robot_arm_controller script to /root/irslab_ws/install/pick_nav_place/lib/pick_nav_place
[2.062s] Installing robot_waypoint_follower script to /root/irslab_ws/install/pick_nav_place/lib/pick_nav_place
[2.062s] Installing warehouse_coordinator script to /root/irslab_ws/install/pick_nav_place/lib/pick_nav_place
[2.062s] writing list of installed files to '/root/irslab_ws/build/pick_nav_place/install.log'
[2.097s] Invoked command in '/root/irslab_ws/src/pick_nav_place' returned '0': PYTHONPATH=/root/irslab_ws/build/pick_nav_place/prefix_override:/usr/lib/python3/dist-packages/colcon_core/task/python/colcon_distutils_commands:/root/irslab_ws/install/pick_nav_place/lib/python3.10/site-packages:${PYTHONPATH} /usr/bin/python3 -W ignore:setup.py install is deprecated -W ignore:easy_install command is deprecated setup.py egg_info --egg-base ../../build/pick_nav_place build --build-base /root/irslab_ws/build/pick_nav_place/build install --record /root/irslab_ws/build/pick_nav_place/install.log --single-version-externally-managed install_data
