[0.055s] Invoking command in '/root/irslab_ws/build/tm5-900_moveit_config': AMENT_PREFIX_PATH=/root/irslab_ws/install/tm_description:${AMENT_PREFIX_PATH} CMAKE_PREFIX_PATH=/root/irslab_ws/install/tm_description:/opt/ros/humble /usr/bin/cmake --build /root/irslab_ws/build/tm5-900_moveit_config -- -j20 -l20
[0.169s] Invoked command in '/root/irslab_ws/build/tm5-900_moveit_config' returned '0': AMENT_PREFIX_PATH=/root/irslab_ws/install/tm_description:${AMENT_PREFIX_PATH} CMAKE_PREFIX_PATH=/root/irslab_ws/install/tm_description:/opt/ros/humble /usr/bin/cmake --build /root/irslab_ws/build/tm5-900_moveit_config -- -j20 -l20
[0.169s] Invoking command in '/root/irslab_ws/build/tm5-900_moveit_config': AMENT_PREFIX_PATH=/root/irslab_ws/install/tm_description:${AMENT_PREFIX_PATH} CMAKE_PREFIX_PATH=/root/irslab_ws/install/tm_description:/opt/ros/humble /usr/bin/cmake --install /root/irslab_ws/build/tm5-900_moveit_config
[0.185s] -- Install configuration: "Release"
[0.185s] -- Up-to-date: /root/irslab_ws/install/tm5-900_moveit_config/share/ament_index/resource_index/package_run_dependencies/tm5-900_moveit_config
[0.185s] -- Up-to-date: /root/irslab_ws/install/tm5-900_moveit_config/share/ament_index/resource_index/parent_prefix_path/tm5-900_moveit_config
[0.185s] -- Up-to-date: /root/irslab_ws/install/tm5-900_moveit_config/share/tm5-900_moveit_config/environment/ament_prefix_path.sh
[0.185s] -- Up-to-date: /root/irslab_ws/install/tm5-900_moveit_config/share/tm5-900_moveit_config/environment/ament_prefix_path.dsv
[0.185s] -- Up-to-date: /root/irslab_ws/install/tm5-900_moveit_config/share/tm5-900_moveit_config/environment/path.sh
[0.185s] -- Up-to-date: /root/irslab_ws/install/tm5-900_moveit_config/share/tm5-900_moveit_config/environment/path.dsv
[0.185s] -- Up-to-date: /root/irslab_ws/install/tm5-900_moveit_config/share/tm5-900_moveit_config/local_setup.bash
[0.186s] -- Up-to-date: /root/irslab_ws/install/tm5-900_moveit_config/share/tm5-900_moveit_config/local_setup.sh
[0.186s] -- Up-to-date: /root/irslab_ws/install/tm5-900_moveit_config/share/tm5-900_moveit_config/local_setup.zsh
[0.186s] -- Up-to-date: /root/irslab_ws/install/tm5-900_moveit_config/share/tm5-900_moveit_config/local_setup.dsv
[0.186s] -- Up-to-date: /root/irslab_ws/install/tm5-900_moveit_config/share/tm5-900_moveit_config/package.dsv
[0.186s] -- Up-to-date: /root/irslab_ws/install/tm5-900_moveit_config/share/ament_index/resource_index/packages/tm5-900_moveit_config
[0.187s] -- Up-to-date: /root/irslab_ws/install/tm5-900_moveit_config/share/tm5-900_moveit_config/cmake/tm5-900_moveit_configConfig.cmake
[0.187s] -- Up-to-date: /root/irslab_ws/install/tm5-900_moveit_config/share/tm5-900_moveit_config/cmake/tm5-900_moveit_configConfig-version.cmake
[0.187s] -- Up-to-date: /root/irslab_ws/install/tm5-900_moveit_config/share/tm5-900_moveit_config/package.xml
[0.187s] -- Up-to-date: /root/irslab_ws/install/tm5-900_moveit_config/share/tm5-900_moveit_config/launch
[0.188s] -- Up-to-date: /root/irslab_ws/install/tm5-900_moveit_config/share/tm5-900_moveit_config/launch/setup_assistant.launch.py
[0.188s] -- Up-to-date: /root/irslab_ws/install/tm5-900_moveit_config/share/tm5-900_moveit_config/launch/warehouse_db.launch.py
[0.189s] -- Up-to-date: /root/irslab_ws/install/tm5-900_moveit_config/share/tm5-900_moveit_config/launch/spawn_controllers.launch.py
[0.190s] -- Up-to-date: /root/irslab_ws/install/tm5-900_moveit_config/share/tm5-900_moveit_config/launch/rsp.launch.py
[0.190s] -- Up-to-date: /root/irslab_ws/install/tm5-900_moveit_config/share/tm5-900_moveit_config/launch/move_group.launch.py
[0.190s] -- Up-to-date: /root/irslab_ws/install/tm5-900_moveit_config/share/tm5-900_moveit_config/launch/demo.launch.py
[0.190s] -- Up-to-date: /root/irslab_ws/install/tm5-900_moveit_config/share/tm5-900_moveit_config/launch/moveit_rviz.launch.py
[0.191s] -- Up-to-date: /root/irslab_ws/install/tm5-900_moveit_config/share/tm5-900_moveit_config/launch/static_virtual_joint_tfs.launch.py
[0.191s] -- Up-to-date: /root/irslab_ws/install/tm5-900_moveit_config/share/tm5-900_moveit_config/launch/run_move_group.rviz
[0.191s] -- Up-to-date: /root/irslab_ws/install/tm5-900_moveit_config/share/tm5-900_moveit_config/launch/tm5-900_run_move_group.launch.py
[0.191s] -- Up-to-date: /root/irslab_ws/install/tm5-900_moveit_config/share/tm5-900_moveit_config/launch/tm5-900_moveit.launch.py
[0.192s] -- Up-to-date: /root/irslab_ws/install/tm5-900_moveit_config/share/tm5-900_moveit_config/config
[0.192s] -- Up-to-date: /root/irslab_ws/install/tm5-900_moveit_config/share/tm5-900_moveit_config/config/controllers.yaml
[0.192s] -- Up-to-date: /root/irslab_ws/install/tm5-900_moveit_config/share/tm5-900_moveit_config/config/kinematics.yaml
[0.193s] -- Up-to-date: /root/irslab_ws/install/tm5-900_moveit_config/share/tm5-900_moveit_config/config/sensors_3d.yaml
[0.193s] -- Up-to-date: /root/irslab_ws/install/tm5-900_moveit_config/share/tm5-900_moveit_config/config/tm5-900.urdf.xacro
[0.193s] -- Up-to-date: /root/irslab_ws/install/tm5-900_moveit_config/share/tm5-900_moveit_config/config/moveit2_controllers.yaml
[0.193s] -- Up-to-date: /root/irslab_ws/install/tm5-900_moveit_config/share/tm5-900_moveit_config/config/moveit.rviz
[0.193s] -- Up-to-date: /root/irslab_ws/install/tm5-900_moveit_config/share/tm5-900_moveit_config/config/joint_limits.yaml
[0.194s] -- Up-to-date: /root/irslab_ws/install/tm5-900_moveit_config/share/tm5-900_moveit_config/config/ros2_controllers.yaml
[0.194s] -- Up-to-date: /root/irslab_ws/install/tm5-900_moveit_config/share/tm5-900_moveit_config/config/moveit_controllers.yaml
[0.194s] -- Up-to-date: /root/irslab_ws/install/tm5-900_moveit_config/share/tm5-900_moveit_config/config/pilz_cartesian_limits.yaml
[0.194s] -- Up-to-date: /root/irslab_ws/install/tm5-900_moveit_config/share/tm5-900_moveit_config/config/tm5-900.srdf
[0.194s] -- Up-to-date: /root/irslab_ws/install/tm5-900_moveit_config/share/tm5-900_moveit_config/config/initial_positions.yaml
[0.195s] -- Up-to-date: /root/irslab_ws/install/tm5-900_moveit_config/share/tm5-900_moveit_config/config/tm5-900.ros2_control.xacro
[0.195s] -- Up-to-date: /root/irslab_ws/install/tm5-900_moveit_config/share/tm5-900_moveit_config/config/pilz_industrial_motion_planner_planning.yaml
[0.195s] -- Up-to-date: /root/irslab_ws/install/tm5-900_moveit_config/share/tm5-900_moveit_config/config/chomp_planning.yaml
[0.195s] -- Up-to-date: /root/irslab_ws/install/tm5-900_moveit_config/share/tm5-900_moveit_config/config/ompl_planning.yaml
[0.196s] -- Up-to-date: /root/irslab_ws/install/tm5-900_moveit_config/share/tm5-900_moveit_config/rviz
[0.196s] -- Up-to-date: /root/irslab_ws/install/tm5-900_moveit_config/share/tm5-900_moveit_config/rviz/moveit.rviz
[0.197s] -- Up-to-date: /root/irslab_ws/install/tm5-900_moveit_config/share/tm5-900_moveit_config/.setup_assistant
[0.262s] Invoked command in '/root/irslab_ws/build/tm5-900_moveit_config' returned '0': AMENT_PREFIX_PATH=/root/irslab_ws/install/tm_description:${AMENT_PREFIX_PATH} CMAKE_PREFIX_PATH=/root/irslab_ws/install/tm_description:/opt/ros/humble /usr/bin/cmake --install /root/irslab_ws/build/tm5-900_moveit_config
