[0.053s] Invoking command in '/root/irslab_ws/build/tm5x-700_moveit_config': CMAKE_PREFIX_PATH=/root/irslab_ws/install/tm_description:/root/irslab_ws/install/tm_test:/root/irslab_ws/install/tm_inspect:/root/irslab_ws/install/tm_driver:/root/irslab_ws/install/tm_msgs:/root/irslab_ws/install/tm5x-900_moveit_config:/root/irslab_ws/install/tm5x-700_moveit_config:/root/irslab_ws/install/tm5-900_moveit_config:/root/irslab_ws/install/tm5-700_moveit_config:/root/irslab_ws/install/tm20_moveit_config:/root/irslab_ws/install/tm16_moveit_config:/root/irslab_ws/install/tm14x_moveit_config:/root/irslab_ws/install/tm14_moveit_config:/root/irslab_ws/install/tm12x_moveit_config:/root/irslab_ws/install/tm12_moveit_config:/root/irslab_ws/install/tm_mod_urdf:/root/irslab_ws/install/pa_warehouse_status:/root/irslab_ws/install/hand_solo_virtual_nav:/opt/ros/humble /usr/bin/cmake /root/irslab_ws/src/tmr_ros2/tm_moveit/tm5x-700_moveit_config -DCMAKE_INSTALL_PREFIX=/root/irslab_ws/install/tm5x-700_moveit_config
[0.116s] -- The C compiler identification is GNU 11.4.0
[0.195s] -- The CXX compiler identification is GNU 11.4.0
[0.207s] -- Detecting C compiler ABI info
[0.291s] -- Detecting C compiler ABI info - done
[0.299s] -- Check for working C compiler: /usr/bin/cc - skipped
[0.299s] -- Detecting C compile features
[0.300s] -- Detecting C compile features - done
[0.304s] -- Detecting CXX compiler ABI info
[0.392s] -- Detecting CXX compiler ABI info - done
[0.408s] -- Check for working CXX compiler: /usr/bin/c++ - skipped
[0.409s] -- Detecting CXX compile features
[0.409s] -- Detecting CXX compile features - done
[0.412s] -- Found ament_cmake: 1.3.12 (/opt/ros/humble/share/ament_cmake/cmake)
[0.583s] -- Found Python3: /usr/bin/python3 (found version "3.10.12") found components: Interpreter 
[0.843s] -- Configuring done
[0.845s] -- Generating done
[0.847s] -- Build files have been written to: /root/irslab_ws/build/tm5x-700_moveit_config
[0.852s] Invoked command in '/root/irslab_ws/build/tm5x-700_moveit_config' returned '0': CMAKE_PREFIX_PATH=/root/irslab_ws/install/tm_description:/root/irslab_ws/install/tm_test:/root/irslab_ws/install/tm_inspect:/root/irslab_ws/install/tm_driver:/root/irslab_ws/install/tm_msgs:/root/irslab_ws/install/tm5x-900_moveit_config:/root/irslab_ws/install/tm5x-700_moveit_config:/root/irslab_ws/install/tm5-900_moveit_config:/root/irslab_ws/install/tm5-700_moveit_config:/root/irslab_ws/install/tm20_moveit_config:/root/irslab_ws/install/tm16_moveit_config:/root/irslab_ws/install/tm14x_moveit_config:/root/irslab_ws/install/tm14_moveit_config:/root/irslab_ws/install/tm12x_moveit_config:/root/irslab_ws/install/tm12_moveit_config:/root/irslab_ws/install/tm_mod_urdf:/root/irslab_ws/install/pa_warehouse_status:/root/irslab_ws/install/hand_solo_virtual_nav:/opt/ros/humble /usr/bin/cmake /root/irslab_ws/src/tmr_ros2/tm_moveit/tm5x-700_moveit_config -DCMAKE_INSTALL_PREFIX=/root/irslab_ws/install/tm5x-700_moveit_config
[0.854s] Invoking command in '/root/irslab_ws/build/tm5x-700_moveit_config': CMAKE_PREFIX_PATH=/root/irslab_ws/install/tm_description:/root/irslab_ws/install/tm_test:/root/irslab_ws/install/tm_inspect:/root/irslab_ws/install/tm_driver:/root/irslab_ws/install/tm_msgs:/root/irslab_ws/install/tm5x-900_moveit_config:/root/irslab_ws/install/tm5x-700_moveit_config:/root/irslab_ws/install/tm5-900_moveit_config:/root/irslab_ws/install/tm5-700_moveit_config:/root/irslab_ws/install/tm20_moveit_config:/root/irslab_ws/install/tm16_moveit_config:/root/irslab_ws/install/tm14x_moveit_config:/root/irslab_ws/install/tm14_moveit_config:/root/irslab_ws/install/tm12x_moveit_config:/root/irslab_ws/install/tm12_moveit_config:/root/irslab_ws/install/tm_mod_urdf:/root/irslab_ws/install/pa_warehouse_status:/root/irslab_ws/install/hand_solo_virtual_nav:/opt/ros/humble /usr/bin/cmake --build /root/irslab_ws/build/tm5x-700_moveit_config -- -j20 -l20
[0.912s] Invoked command in '/root/irslab_ws/build/tm5x-700_moveit_config' returned '0': CMAKE_PREFIX_PATH=/root/irslab_ws/install/tm_description:/root/irslab_ws/install/tm_test:/root/irslab_ws/install/tm_inspect:/root/irslab_ws/install/tm_driver:/root/irslab_ws/install/tm_msgs:/root/irslab_ws/install/tm5x-900_moveit_config:/root/irslab_ws/install/tm5x-700_moveit_config:/root/irslab_ws/install/tm5-900_moveit_config:/root/irslab_ws/install/tm5-700_moveit_config:/root/irslab_ws/install/tm20_moveit_config:/root/irslab_ws/install/tm16_moveit_config:/root/irslab_ws/install/tm14x_moveit_config:/root/irslab_ws/install/tm14_moveit_config:/root/irslab_ws/install/tm12x_moveit_config:/root/irslab_ws/install/tm12_moveit_config:/root/irslab_ws/install/tm_mod_urdf:/root/irslab_ws/install/pa_warehouse_status:/root/irslab_ws/install/hand_solo_virtual_nav:/opt/ros/humble /usr/bin/cmake --build /root/irslab_ws/build/tm5x-700_moveit_config -- -j20 -l20
[0.914s] Invoking command in '/root/irslab_ws/build/tm5x-700_moveit_config': CMAKE_PREFIX_PATH=/root/irslab_ws/install/tm_description:/root/irslab_ws/install/tm_test:/root/irslab_ws/install/tm_inspect:/root/irslab_ws/install/tm_driver:/root/irslab_ws/install/tm_msgs:/root/irslab_ws/install/tm5x-900_moveit_config:/root/irslab_ws/install/tm5x-700_moveit_config:/root/irslab_ws/install/tm5-900_moveit_config:/root/irslab_ws/install/tm5-700_moveit_config:/root/irslab_ws/install/tm20_moveit_config:/root/irslab_ws/install/tm16_moveit_config:/root/irslab_ws/install/tm14x_moveit_config:/root/irslab_ws/install/tm14_moveit_config:/root/irslab_ws/install/tm12x_moveit_config:/root/irslab_ws/install/tm12_moveit_config:/root/irslab_ws/install/tm_mod_urdf:/root/irslab_ws/install/pa_warehouse_status:/root/irslab_ws/install/hand_solo_virtual_nav:/opt/ros/humble /usr/bin/cmake --install /root/irslab_ws/build/tm5x-700_moveit_config
[0.925s] -- Install configuration: ""
[0.926s] -- Installing: /root/irslab_ws/install/tm5x-700_moveit_config/share/ament_index/resource_index/package_run_dependencies/tm5x-700_moveit_config
[0.926s] -- Installing: /root/irslab_ws/install/tm5x-700_moveit_config/share/ament_index/resource_index/parent_prefix_path/tm5x-700_moveit_config
[0.926s] -- Installing: /root/irslab_ws/install/tm5x-700_moveit_config/share/tm5x-700_moveit_config/environment/ament_prefix_path.sh
[0.926s] -- Installing: /root/irslab_ws/install/tm5x-700_moveit_config/share/tm5x-700_moveit_config/environment/ament_prefix_path.dsv
[0.927s] -- Installing: /root/irslab_ws/install/tm5x-700_moveit_config/share/tm5x-700_moveit_config/environment/path.sh
[0.927s] -- Installing: /root/irslab_ws/install/tm5x-700_moveit_config/share/tm5x-700_moveit_config/environment/path.dsv
[0.927s] -- Installing: /root/irslab_ws/install/tm5x-700_moveit_config/share/tm5x-700_moveit_config/local_setup.bash
[0.928s] -- Installing: /root/irslab_ws/install/tm5x-700_moveit_config/share/tm5x-700_moveit_config/local_setup.sh
[0.928s] -- Installing: /root/irslab_ws/install/tm5x-700_moveit_config/share/tm5x-700_moveit_config/local_setup.zsh
[0.928s] -- Installing: /root/irslab_ws/install/tm5x-700_moveit_config/share/tm5x-700_moveit_config/local_setup.dsv
[0.928s] -- Installing: /root/irslab_ws/install/tm5x-700_moveit_config/share/tm5x-700_moveit_config/package.dsv
[0.930s] -- Installing: /root/irslab_ws/install/tm5x-700_moveit_config/share/ament_index/resource_index/packages/tm5x-700_moveit_config
[0.931s] -- Installing: /root/irslab_ws/install/tm5x-700_moveit_config/share/tm5x-700_moveit_config/cmake/tm5x-700_moveit_configConfig.cmake
[0.931s] -- Installing: /root/irslab_ws/install/tm5x-700_moveit_config/share/tm5x-700_moveit_config/cmake/tm5x-700_moveit_configConfig-version.cmake
[0.932s] -- Installing: /root/irslab_ws/install/tm5x-700_moveit_config/share/tm5x-700_moveit_config/package.xml
[0.933s] -- Installing: /root/irslab_ws/install/tm5x-700_moveit_config/share/tm5x-700_moveit_config/launch
[0.935s] -- Installing: /root/irslab_ws/install/tm5x-700_moveit_config/share/tm5x-700_moveit_config/launch/tm5x-700_run_move_group.launch.py
[0.936s] -- Installing: /root/irslab_ws/install/tm5x-700_moveit_config/share/tm5x-700_moveit_config/launch/setup_assistant.launch.py
[0.936s] -- Installing: /root/irslab_ws/install/tm5x-700_moveit_config/share/tm5x-700_moveit_config/launch/warehouse_db.launch.py
[0.936s] -- Installing: /root/irslab_ws/install/tm5x-700_moveit_config/share/tm5x-700_moveit_config/launch/spawn_controllers.launch.py
[0.936s] -- Installing: /root/irslab_ws/install/tm5x-700_moveit_config/share/tm5x-700_moveit_config/launch/tm5x-700_moveit.launch.py
[0.936s] -- Installing: /root/irslab_ws/install/tm5x-700_moveit_config/share/tm5x-700_moveit_config/launch/rsp.launch.py
[0.936s] -- Installing: /root/irslab_ws/install/tm5x-700_moveit_config/share/tm5x-700_moveit_config/launch/move_group.launch.py
[0.936s] -- Installing: /root/irslab_ws/install/tm5x-700_moveit_config/share/tm5x-700_moveit_config/launch/demo.launch.py
[0.937s] -- Installing: /root/irslab_ws/install/tm5x-700_moveit_config/share/tm5x-700_moveit_config/launch/moveit_rviz.launch.py
[0.937s] -- Installing: /root/irslab_ws/install/tm5x-700_moveit_config/share/tm5x-700_moveit_config/launch/static_virtual_joint_tfs.launch.py
[0.937s] -- Installing: /root/irslab_ws/install/tm5x-700_moveit_config/share/tm5x-700_moveit_config/launch/run_move_group.rviz
[0.938s] -- Installing: /root/irslab_ws/install/tm5x-700_moveit_config/share/tm5x-700_moveit_config/config
[0.938s] -- Installing: /root/irslab_ws/install/tm5x-700_moveit_config/share/tm5x-700_moveit_config/config/controllers.yaml
[0.938s] -- Installing: /root/irslab_ws/install/tm5x-700_moveit_config/share/tm5x-700_moveit_config/config/tm5x-700.urdf.xacro
[0.938s] -- Installing: /root/irslab_ws/install/tm5x-700_moveit_config/share/tm5x-700_moveit_config/config/tm5x-700.srdf
[0.938s] -- Installing: /root/irslab_ws/install/tm5x-700_moveit_config/share/tm5x-700_moveit_config/config/kinematics.yaml
[0.938s] -- Installing: /root/irslab_ws/install/tm5x-700_moveit_config/share/tm5x-700_moveit_config/config/sensors_3d.yaml
[0.938s] -- Installing: /root/irslab_ws/install/tm5x-700_moveit_config/share/tm5x-700_moveit_config/config/moveit2_controllers.yaml
[0.938s] -- Installing: /root/irslab_ws/install/tm5x-700_moveit_config/share/tm5x-700_moveit_config/config/moveit.rviz
[0.938s] -- Installing: /root/irslab_ws/install/tm5x-700_moveit_config/share/tm5x-700_moveit_config/config/joint_limits.yaml
[0.939s] -- Installing: /root/irslab_ws/install/tm5x-700_moveit_config/share/tm5x-700_moveit_config/config/ros2_controllers.yaml
[0.939s] -- Installing: /root/irslab_ws/install/tm5x-700_moveit_config/share/tm5x-700_moveit_config/config/moveit_controllers.yaml
[0.939s] -- Installing: /root/irslab_ws/install/tm5x-700_moveit_config/share/tm5x-700_moveit_config/config/pilz_cartesian_limits.yaml
[0.939s] -- Installing: /root/irslab_ws/install/tm5x-700_moveit_config/share/tm5x-700_moveit_config/config/tm5x-700.ros2_control.xacro
[0.939s] -- Installing: /root/irslab_ws/install/tm5x-700_moveit_config/share/tm5x-700_moveit_config/config/initial_positions.yaml
[0.939s] -- Installing: /root/irslab_ws/install/tm5x-700_moveit_config/share/tm5x-700_moveit_config/config/pilz_industrial_motion_planner_planning.yaml
[0.939s] -- Installing: /root/irslab_ws/install/tm5x-700_moveit_config/share/tm5x-700_moveit_config/config/chomp_planning.yaml
[0.939s] -- Installing: /root/irslab_ws/install/tm5x-700_moveit_config/share/tm5x-700_moveit_config/config/ompl_planning.yaml
[0.939s] -- Installing: /root/irslab_ws/install/tm5x-700_moveit_config/share/tm5x-700_moveit_config/rviz
[0.940s] -- Installing: /root/irslab_ws/install/tm5x-700_moveit_config/share/tm5x-700_moveit_config/rviz/moveit.rviz
[0.940s] -- Installing: /root/irslab_ws/install/tm5x-700_moveit_config/share/tm5x-700_moveit_config/.setup_assistant
[0.945s] Invoked command in '/root/irslab_ws/build/tm5x-700_moveit_config' returned '0': CMAKE_PREFIX_PATH=/root/irslab_ws/install/tm_description:/root/irslab_ws/install/tm_test:/root/irslab_ws/install/tm_inspect:/root/irslab_ws/install/tm_driver:/root/irslab_ws/install/tm_msgs:/root/irslab_ws/install/tm5x-900_moveit_config:/root/irslab_ws/install/tm5x-700_moveit_config:/root/irslab_ws/install/tm5-900_moveit_config:/root/irslab_ws/install/tm5-700_moveit_config:/root/irslab_ws/install/tm20_moveit_config:/root/irslab_ws/install/tm16_moveit_config:/root/irslab_ws/install/tm14x_moveit_config:/root/irslab_ws/install/tm14_moveit_config:/root/irslab_ws/install/tm12x_moveit_config:/root/irslab_ws/install/tm12_moveit_config:/root/irslab_ws/install/tm_mod_urdf:/root/irslab_ws/install/pa_warehouse_status:/root/irslab_ws/install/hand_solo_virtual_nav:/opt/ros/humble /usr/bin/cmake --install /root/irslab_ws/build/tm5x-700_moveit_config
