[0.147s] Invoking command in '/root/irslab_ws/build/tm5-900_moveit_config': CMAKE_PREFIX_PATH=/root/irslab_ws/install/tm_description:/root/irslab_ws/install/tm_test:/root/irslab_ws/install/tm_inspect:/root/irslab_ws/install/tm_driver:/root/irslab_ws/install/tm_msgs:/root/irslab_ws/install/tm5x-900_moveit_config:/root/irslab_ws/install/tm5x-700_moveit_config:/root/irslab_ws/install/tm5-900_moveit_config:/root/irslab_ws/install/tm5-700_moveit_config:/root/irslab_ws/install/tm20_moveit_config:/root/irslab_ws/install/tm16_moveit_config:/root/irslab_ws/install/tm14x_moveit_config:/root/irslab_ws/install/tm14_moveit_config:/root/irslab_ws/install/tm12x_moveit_config:/root/irslab_ws/install/tm12_moveit_config:/root/irslab_ws/install/custom_nav2_bt_nodes:/root/irslab_ws/install/tm_mod_urdf:/root/irslab_ws/install/pick_nav_place:/root/irslab_ws/install/pa_warehouse_status:/root/irslab_ws/install/hand_solo_virtual_nav:/root/irslab_ws/install/hand_solo_arm:/opt/ros/humble /usr/bin/cmake --build /root/irslab_ws/build/tm5-900_moveit_config -- -j20 -l20
[0.285s] Invoked command in '/root/irslab_ws/build/tm5-900_moveit_config' returned '0': CMAKE_PREFIX_PATH=/root/irslab_ws/install/tm_description:/root/irslab_ws/install/tm_test:/root/irslab_ws/install/tm_inspect:/root/irslab_ws/install/tm_driver:/root/irslab_ws/install/tm_msgs:/root/irslab_ws/install/tm5x-900_moveit_config:/root/irslab_ws/install/tm5x-700_moveit_config:/root/irslab_ws/install/tm5-900_moveit_config:/root/irslab_ws/install/tm5-700_moveit_config:/root/irslab_ws/install/tm20_moveit_config:/root/irslab_ws/install/tm16_moveit_config:/root/irslab_ws/install/tm14x_moveit_config:/root/irslab_ws/install/tm14_moveit_config:/root/irslab_ws/install/tm12x_moveit_config:/root/irslab_ws/install/tm12_moveit_config:/root/irslab_ws/install/custom_nav2_bt_nodes:/root/irslab_ws/install/tm_mod_urdf:/root/irslab_ws/install/pick_nav_place:/root/irslab_ws/install/pa_warehouse_status:/root/irslab_ws/install/hand_solo_virtual_nav:/root/irslab_ws/install/hand_solo_arm:/opt/ros/humble /usr/bin/cmake --build /root/irslab_ws/build/tm5-900_moveit_config -- -j20 -l20
[0.286s] Invoking command in '/root/irslab_ws/build/tm5-900_moveit_config': CMAKE_PREFIX_PATH=/root/irslab_ws/install/tm_description:/root/irslab_ws/install/tm_test:/root/irslab_ws/install/tm_inspect:/root/irslab_ws/install/tm_driver:/root/irslab_ws/install/tm_msgs:/root/irslab_ws/install/tm5x-900_moveit_config:/root/irslab_ws/install/tm5x-700_moveit_config:/root/irslab_ws/install/tm5-900_moveit_config:/root/irslab_ws/install/tm5-700_moveit_config:/root/irslab_ws/install/tm20_moveit_config:/root/irslab_ws/install/tm16_moveit_config:/root/irslab_ws/install/tm14x_moveit_config:/root/irslab_ws/install/tm14_moveit_config:/root/irslab_ws/install/tm12x_moveit_config:/root/irslab_ws/install/tm12_moveit_config:/root/irslab_ws/install/custom_nav2_bt_nodes:/root/irslab_ws/install/tm_mod_urdf:/root/irslab_ws/install/pick_nav_place:/root/irslab_ws/install/pa_warehouse_status:/root/irslab_ws/install/hand_solo_virtual_nav:/root/irslab_ws/install/hand_solo_arm:/opt/ros/humble /usr/bin/cmake --install /root/irslab_ws/build/tm5-900_moveit_config
[0.312s] -- Install configuration: "Release"
[0.313s] -- Up-to-date: /root/irslab_ws/install/tm5-900_moveit_config/share/ament_index/resource_index/package_run_dependencies/tm5-900_moveit_config
[0.314s] -- Up-to-date: /root/irslab_ws/install/tm5-900_moveit_config/share/ament_index/resource_index/parent_prefix_path/tm5-900_moveit_config
[0.314s] -- Up-to-date: /root/irslab_ws/install/tm5-900_moveit_config/share/tm5-900_moveit_config/environment/ament_prefix_path.sh
[0.317s] -- Up-to-date: /root/irslab_ws/install/tm5-900_moveit_config/share/tm5-900_moveit_config/environment/ament_prefix_path.dsv
[0.318s] -- Up-to-date: /root/irslab_ws/install/tm5-900_moveit_config/share/tm5-900_moveit_config/environment/path.sh
[0.319s] -- Up-to-date: /root/irslab_ws/install/tm5-900_moveit_config/share/tm5-900_moveit_config/environment/path.dsv
[0.319s] -- Up-to-date: /root/irslab_ws/install/tm5-900_moveit_config/share/tm5-900_moveit_config/local_setup.bash
[0.320s] -- Up-to-date: /root/irslab_ws/install/tm5-900_moveit_config/share/tm5-900_moveit_config/local_setup.sh
[0.320s] -- Up-to-date: /root/irslab_ws/install/tm5-900_moveit_config/share/tm5-900_moveit_config/local_setup.zsh
[0.321s] -- Up-to-date: /root/irslab_ws/install/tm5-900_moveit_config/share/tm5-900_moveit_config/local_setup.dsv
[0.321s] -- Installing: /root/irslab_ws/install/tm5-900_moveit_config/share/tm5-900_moveit_config/package.dsv
[0.322s] -- Up-to-date: /root/irslab_ws/install/tm5-900_moveit_config/share/ament_index/resource_index/packages/tm5-900_moveit_config
[0.323s] -- Up-to-date: /root/irslab_ws/install/tm5-900_moveit_config/share/tm5-900_moveit_config/cmake/tm5-900_moveit_configConfig.cmake
[0.323s] -- Up-to-date: /root/irslab_ws/install/tm5-900_moveit_config/share/tm5-900_moveit_config/cmake/tm5-900_moveit_configConfig-version.cmake
[0.324s] -- Up-to-date: /root/irslab_ws/install/tm5-900_moveit_config/share/tm5-900_moveit_config/package.xml
[0.325s] -- Up-to-date: /root/irslab_ws/install/tm5-900_moveit_config/share/tm5-900_moveit_config/launch
[0.325s] -- Up-to-date: /root/irslab_ws/install/tm5-900_moveit_config/share/tm5-900_moveit_config/launch/setup_assistant.launch.py
[0.327s] -- Up-to-date: /root/irslab_ws/install/tm5-900_moveit_config/share/tm5-900_moveit_config/launch/warehouse_db.launch.py
[0.327s] -- Up-to-date: /root/irslab_ws/install/tm5-900_moveit_config/share/tm5-900_moveit_config/launch/spawn_controllers.launch.py
[0.327s] -- Up-to-date: /root/irslab_ws/install/tm5-900_moveit_config/share/tm5-900_moveit_config/launch/rsp.launch.py
[0.328s] -- Up-to-date: /root/irslab_ws/install/tm5-900_moveit_config/share/tm5-900_moveit_config/launch/move_group.launch.py
[0.329s] -- Up-to-date: /root/irslab_ws/install/tm5-900_moveit_config/share/tm5-900_moveit_config/launch/demo.launch.py
[0.329s] -- Up-to-date: /root/irslab_ws/install/tm5-900_moveit_config/share/tm5-900_moveit_config/launch/moveit_rviz.launch.py
[0.330s] -- Up-to-date: /root/irslab_ws/install/tm5-900_moveit_config/share/tm5-900_moveit_config/launch/static_virtual_joint_tfs.launch.py
[0.330s] -- Up-to-date: /root/irslab_ws/install/tm5-900_moveit_config/share/tm5-900_moveit_config/launch/run_move_group.rviz
[0.330s] -- Up-to-date: /root/irslab_ws/install/tm5-900_moveit_config/share/tm5-900_moveit_config/launch/tm5-900_run_move_group.launch.py
[0.332s] -- Up-to-date: /root/irslab_ws/install/tm5-900_moveit_config/share/tm5-900_moveit_config/launch/tm5-900_moveit.launch.py
[0.333s] -- Up-to-date: /root/irslab_ws/install/tm5-900_moveit_config/share/tm5-900_moveit_config/config
[0.334s] -- Up-to-date: /root/irslab_ws/install/tm5-900_moveit_config/share/tm5-900_moveit_config/config/controllers.yaml
[0.334s] -- Up-to-date: /root/irslab_ws/install/tm5-900_moveit_config/share/tm5-900_moveit_config/config/kinematics.yaml
[0.334s] -- Up-to-date: /root/irslab_ws/install/tm5-900_moveit_config/share/tm5-900_moveit_config/config/sensors_3d.yaml
[0.335s] -- Up-to-date: /root/irslab_ws/install/tm5-900_moveit_config/share/tm5-900_moveit_config/config/tm5-900.urdf.xacro
[0.335s] -- Up-to-date: /root/irslab_ws/install/tm5-900_moveit_config/share/tm5-900_moveit_config/config/moveit2_controllers.yaml
[0.335s] -- Up-to-date: /root/irslab_ws/install/tm5-900_moveit_config/share/tm5-900_moveit_config/config/moveit.rviz
[0.336s] -- Up-to-date: /root/irslab_ws/install/tm5-900_moveit_config/share/tm5-900_moveit_config/config/joint_limits.yaml
[0.336s] -- Up-to-date: /root/irslab_ws/install/tm5-900_moveit_config/share/tm5-900_moveit_config/config/ros2_controllers.yaml
[0.336s] -- Up-to-date: /root/irslab_ws/install/tm5-900_moveit_config/share/tm5-900_moveit_config/config/moveit_controllers.yaml
[0.336s] -- Up-to-date: /root/irslab_ws/install/tm5-900_moveit_config/share/tm5-900_moveit_config/config/pilz_cartesian_limits.yaml
[0.337s] -- Up-to-date: /root/irslab_ws/install/tm5-900_moveit_config/share/tm5-900_moveit_config/config/tm5-900.srdf
[0.337s] -- Up-to-date: /root/irslab_ws/install/tm5-900_moveit_config/share/tm5-900_moveit_config/config/initial_positions.yaml
[0.337s] -- Up-to-date: /root/irslab_ws/install/tm5-900_moveit_config/share/tm5-900_moveit_config/config/tm5-900.ros2_control.xacro
[0.337s] -- Up-to-date: /root/irslab_ws/install/tm5-900_moveit_config/share/tm5-900_moveit_config/config/pilz_industrial_motion_planner_planning.yaml
[0.338s] -- Up-to-date: /root/irslab_ws/install/tm5-900_moveit_config/share/tm5-900_moveit_config/config/chomp_planning.yaml
[0.339s] -- Up-to-date: /root/irslab_ws/install/tm5-900_moveit_config/share/tm5-900_moveit_config/config/ompl_planning.yaml
[0.340s] -- Up-to-date: /root/irslab_ws/install/tm5-900_moveit_config/share/tm5-900_moveit_config/rviz
[0.341s] -- Up-to-date: /root/irslab_ws/install/tm5-900_moveit_config/share/tm5-900_moveit_config/rviz/moveit.rviz
[0.343s] -- Up-to-date: /root/irslab_ws/install/tm5-900_moveit_config/share/tm5-900_moveit_config/.setup_assistant
[0.449s] Invoked command in '/root/irslab_ws/build/tm5-900_moveit_config' returned '0': CMAKE_PREFIX_PATH=/root/irslab_ws/install/tm_description:/root/irslab_ws/install/tm_test:/root/irslab_ws/install/tm_inspect:/root/irslab_ws/install/tm_driver:/root/irslab_ws/install/tm_msgs:/root/irslab_ws/install/tm5x-900_moveit_config:/root/irslab_ws/install/tm5x-700_moveit_config:/root/irslab_ws/install/tm5-900_moveit_config:/root/irslab_ws/install/tm5-700_moveit_config:/root/irslab_ws/install/tm20_moveit_config:/root/irslab_ws/install/tm16_moveit_config:/root/irslab_ws/install/tm14x_moveit_config:/root/irslab_ws/install/tm14_moveit_config:/root/irslab_ws/install/tm12x_moveit_config:/root/irslab_ws/install/tm12_moveit_config:/root/irslab_ws/install/custom_nav2_bt_nodes:/root/irslab_ws/install/tm_mod_urdf:/root/irslab_ws/install/pick_nav_place:/root/irslab_ws/install/pa_warehouse_status:/root/irslab_ws/install/hand_solo_virtual_nav:/root/irslab_ws/install/hand_solo_arm:/opt/ros/humble /usr/bin/cmake --install /root/irslab_ws/build/tm5-900_moveit_config
