[0.024s] Invoking command in '/root/irslab_ws/build/tm_inspect': AMENT_PREFIX_PATH=/root/irslab_ws/install/tm_msgs:${AMENT_PREFIX_PATH} CMAKE_PREFIX_PATH=/root/irslab_ws/install/tm_msgs:/opt/ros/humble LD_LIBRARY_PATH=/root/irslab_ws/install/tm_msgs/lib:${LD_LIBRARY_PATH} PYTHONPATH=/root/irslab_ws/install/tm_msgs/local/lib/python3.10/dist-packages:${PYTHONPATH} /usr/bin/cmake --build /root/irslab_ws/build/tm_inspect -- -j20 -l20
[0.066s] [ 14%] [34m[1mAutomatic MOC and UIC for target robot_ui[0m
[0.114s] [ 14%] Built target robot_ui_autogen
[0.115s] [35m[1mConsolidate compiler generated dependencies of target robot_ui[0m
[0.125s] [100%] Built target robot_ui
[0.190s] Invoked command in '/root/irslab_ws/build/tm_inspect' returned '0': AMENT_PREFIX_PATH=/root/irslab_ws/install/tm_msgs:${AMENT_PREFIX_PATH} CMAKE_PREFIX_PATH=/root/irslab_ws/install/tm_msgs:/opt/ros/humble LD_LIBRARY_PATH=/root/irslab_ws/install/tm_msgs/lib:${LD_LIBRARY_PATH} PYTHONPATH=/root/irslab_ws/install/tm_msgs/local/lib/python3.10/dist-packages:${PYTHONPATH} /usr/bin/cmake --build /root/irslab_ws/build/tm_inspect -- -j20 -l20
[0.191s] Invoking command in '/root/irslab_ws/build/tm_inspect': AMENT_PREFIX_PATH=/root/irslab_ws/install/tm_msgs:${AMENT_PREFIX_PATH} CMAKE_PREFIX_PATH=/root/irslab_ws/install/tm_msgs:/opt/ros/humble LD_LIBRARY_PATH=/root/irslab_ws/install/tm_msgs/lib:${LD_LIBRARY_PATH} PYTHONPATH=/root/irslab_ws/install/tm_msgs/local/lib/python3.10/dist-packages:${PYTHONPATH} /usr/bin/cmake --install /root/irslab_ws/build/tm_inspect
[0.206s] -- Install configuration: "Release"
[0.206s] -- Up-to-date: /root/irslab_ws/install/tm_inspect/lib/tm_inspect/robot_ui
[0.206s] -- Up-to-date: /root/irslab_ws/install/tm_inspect/share/tm_inspect/launch
[0.206s] -- Up-to-date: /root/irslab_ws/install/tm_inspect/share/tm_inspect/launch/tm_gui.launch.py
[0.207s] -- Up-to-date: /root/irslab_ws/install/tm_inspect/share/ament_index/resource_index/package_run_dependencies/tm_inspect
[0.207s] -- Up-to-date: /root/irslab_ws/install/tm_inspect/share/ament_index/resource_index/parent_prefix_path/tm_inspect
[0.207s] -- Up-to-date: /root/irslab_ws/install/tm_inspect/share/tm_inspect/environment/ament_prefix_path.sh
[0.207s] -- Up-to-date: /root/irslab_ws/install/tm_inspect/share/tm_inspect/environment/ament_prefix_path.dsv
[0.207s] -- Up-to-date: /root/irslab_ws/install/tm_inspect/share/tm_inspect/environment/path.sh
[0.207s] -- Up-to-date: /root/irslab_ws/install/tm_inspect/share/tm_inspect/environment/path.dsv
[0.207s] -- Up-to-date: /root/irslab_ws/install/tm_inspect/share/tm_inspect/local_setup.bash
[0.207s] -- Up-to-date: /root/irslab_ws/install/tm_inspect/share/tm_inspect/local_setup.sh
[0.208s] -- Up-to-date: /root/irslab_ws/install/tm_inspect/share/tm_inspect/local_setup.zsh
[0.208s] -- Up-to-date: /root/irslab_ws/install/tm_inspect/share/tm_inspect/local_setup.dsv
[0.208s] -- Installing: /root/irslab_ws/install/tm_inspect/share/tm_inspect/package.dsv
[0.208s] -- Up-to-date: /root/irslab_ws/install/tm_inspect/share/ament_index/resource_index/packages/tm_inspect
[0.208s] -- Up-to-date: /root/irslab_ws/install/tm_inspect/share/tm_inspect/cmake/tm_inspectConfig.cmake
[0.208s] -- Up-to-date: /root/irslab_ws/install/tm_inspect/share/tm_inspect/cmake/tm_inspectConfig-version.cmake
[0.208s] -- Up-to-date: /root/irslab_ws/install/tm_inspect/share/tm_inspect/package.xml
[0.211s] Invoked command in '/root/irslab_ws/build/tm_inspect' returned '0': AMENT_PREFIX_PATH=/root/irslab_ws/install/tm_msgs:${AMENT_PREFIX_PATH} CMAKE_PREFIX_PATH=/root/irslab_ws/install/tm_msgs:/opt/ros/humble LD_LIBRARY_PATH=/root/irslab_ws/install/tm_msgs/lib:${LD_LIBRARY_PATH} PYTHONPATH=/root/irslab_ws/install/tm_msgs/local/lib/python3.10/dist-packages:${PYTHONPATH} /usr/bin/cmake --install /root/irslab_ws/build/tm_inspect
