/root/irslab_ws/install/pick_nav_place/lib/python3.10/site-packages/pick_nav_place/plc_hmi_listener.py
/root/irslab_ws/install/pick_nav_place/lib/python3.10/site-packages/pick_nav_place/__init__.py
/root/irslab_ws/install/pick_nav_place/lib/python3.10/site-packages/pick_nav_place/robot_arm_controller.py
/root/irslab_ws/install/pick_nav_place/lib/python3.10/site-packages/pick_nav_place/robot_waypoint_follower.py
/root/irslab_ws/install/pick_nav_place/lib/python3.10/site-packages/pick_nav_place/warehouse_coordinator.py
/root/irslab_ws/install/pick_nav_place/lib/python3.10/site-packages/pick_nav_place/__pycache__/plc_hmi_listener.cpython-310.pyc
/root/irslab_ws/install/pick_nav_place/lib/python3.10/site-packages/pick_nav_place/__pycache__/__init__.cpython-310.pyc
/root/irslab_ws/install/pick_nav_place/lib/python3.10/site-packages/pick_nav_place/__pycache__/robot_arm_controller.cpython-310.pyc
/root/irslab_ws/install/pick_nav_place/lib/python3.10/site-packages/pick_nav_place/__pycache__/robot_waypoint_follower.cpython-310.pyc
/root/irslab_ws/install/pick_nav_place/lib/python3.10/site-packages/pick_nav_place/__pycache__/warehouse_coordinator.cpython-310.pyc
/root/irslab_ws/install/pick_nav_place/share/ament_index/resource_index/packages/pick_nav_place
/root/irslab_ws/install/pick_nav_place/share/pick_nav_place/package.xml
/root/irslab_ws/install/pick_nav_place/share/pick_nav_place/launch/mapping_launch.py
/root/irslab_ws/install/pick_nav_place/share/pick_nav_place/launch/pick_nav_place_launch.py
/root/irslab_ws/install/pick_nav_place/share/pick_nav_place/launch/nav_launch.py
/root/irslab_ws/install/pick_nav_place/share/pick_nav_place/config/pnp_slam_params.yaml
/root/irslab_ws/install/pick_nav_place/share/pick_nav_place/config/pnp_nav2_params.yaml
/root/irslab_ws/install/pick_nav_place/share/pick_nav_place/rviz/pnp_rviz_mapping.rviz
/root/irslab_ws/install/pick_nav_place/share/pick_nav_place/rviz/pnp_rviz_nav2.rviz
/root/irslab_ws/install/pick_nav_place/share/pick_nav_place/map/pnp_warehouse_map_01.pgm
/root/irslab_ws/install/pick_nav_place/share/pick_nav_place/map/pnp_warehouse_map_01.yaml
/root/irslab_ws/install/pick_nav_place/lib/python3.10/site-packages/pick_nav_place-0.0.0-py3.10.egg-info/top_level.txt
/root/irslab_ws/install/pick_nav_place/lib/python3.10/site-packages/pick_nav_place-0.0.0-py3.10.egg-info/SOURCES.txt
/root/irslab_ws/install/pick_nav_place/lib/python3.10/site-packages/pick_nav_place-0.0.0-py3.10.egg-info/requires.txt
/root/irslab_ws/install/pick_nav_place/lib/python3.10/site-packages/pick_nav_place-0.0.0-py3.10.egg-info/PKG-INFO
/root/irslab_ws/install/pick_nav_place/lib/python3.10/site-packages/pick_nav_place-0.0.0-py3.10.egg-info/entry_points.txt
/root/irslab_ws/install/pick_nav_place/lib/python3.10/site-packages/pick_nav_place-0.0.0-py3.10.egg-info/zip-safe
/root/irslab_ws/install/pick_nav_place/lib/python3.10/site-packages/pick_nav_place-0.0.0-py3.10.egg-info/dependency_links.txt
/root/irslab_ws/install/pick_nav_place/lib/pick_nav_place/plc_hmi_listener
/root/irslab_ws/install/pick_nav_place/lib/pick_nav_place/robot_arm_controller
/root/irslab_ws/install/pick_nav_place/lib/pick_nav_place/robot_waypoint_follower
/root/irslab_ws/install/pick_nav_place/lib/pick_nav_place/warehouse_coordinator
