[0.008s] Invoking command in '/root/irslab_ws/build/tm_inspect': AMENT_PREFIX_PATH=/root/irslab_ws/install/tm_msgs:${AMENT_PREFIX_PATH} CMAKE_PREFIX_PATH=/root/irslab_ws/install/tm_msgs:/opt/ros/humble LD_LIBRARY_PATH=/root/irslab_ws/install/tm_msgs/lib:${LD_LIBRARY_PATH} PYTHONPATH=/root/irslab_ws/install/tm_msgs/local/lib/python3.10/dist-packages:${PYTHONPATH} /usr/bin/cmake /root/irslab_ws/src/tmr_ros2/tm_inspect -DCMAKE_BUILD_TYPE=Release -DCMAKE_INSTALL_PREFIX=/root/irslab_ws/install/tm_inspect
[0.020s] -- Found ament_cmake: 1.3.12 (/opt/ros/humble/share/ament_cmake/cmake)
[0.120s] -- Found rclcpp: 16.0.15 (/opt/ros/humble/share/rclcpp/cmake)
[0.144s] -- Found rosidl_generator_c: 3.1.7 (/opt/ros/humble/share/rosidl_generator_c/cmake)
[0.146s] -- Found rosidl_adapter: 3.1.7 (/opt/ros/humble/share/rosidl_adapter/cmake)
[0.150s] -- Found rosidl_generator_cpp: 3.1.7 (/opt/ros/humble/share/rosidl_generator_cpp/cmake)
[0.157s] -- Using all available rosidl_typesupport_c: rosidl_typesupport_fastrtps_c;rosidl_typesupport_introspection_c
[0.166s] -- Using all available rosidl_typesupport_cpp: rosidl_typesupport_fastrtps_cpp;rosidl_typesupport_introspection_cpp
[0.190s] -- Found rmw_implementation_cmake: 6.1.2 (/opt/ros/humble/share/rmw_implementation_cmake/cmake)
[0.191s] -- Found rmw_cyclonedds_cpp: 1.3.4 (/opt/ros/humble/share/rmw_cyclonedds_cpp/cmake)
[0.204s] -- Using RMW implementation 'rmw_cyclonedds_cpp' as default
[0.240s] -- Found rclcpp_action: 16.0.15 (/opt/ros/humble/share/rclcpp_action/cmake)
[0.262s] -- Found tm_msgs: 1.1.2 (/root/irslab_ws/install/tm_msgs/share/tm_msgs/cmake)
[0.280s] -- Found ament_lint_auto: 0.12.14 (/opt/ros/humble/share/ament_lint_auto/cmake)
[0.336s] -- Added test 'copyright' to check source files copyright and LICENSE
[0.336s] -- Added test 'cppcheck' to perform static code analysis on C / C++ code
[0.337s] -- Configured cppcheck include dirs: 
[0.337s] -- Configured cppcheck exclude dirs and/or files: 
[0.338s] -- Added test 'cpplint' to check C / C++ code against the Google style
[0.338s] -- Configured cpplint exclude dirs and/or files: 
[0.338s] -- Added test 'flake8' to check Python code syntax and style conventions
[0.338s] -- Added test 'lint_cmake' to check CMake code style
[0.338s] -- Added test 'pep257' to check Python code against some of the docstring style conventions in PEP 257
[0.339s] -- Added test 'uncrustify' to check C / C++ code style
[0.339s] -- Configured uncrustify additional arguments: 
[0.339s] -- Added test 'xmllint' to check XML markup files
[0.339s] -- Configuring done
[0.370s] -- Generating done
[0.374s] -- Build files have been written to: /root/irslab_ws/build/tm_inspect
[0.380s] Invoked command in '/root/irslab_ws/build/tm_inspect' returned '0': AMENT_PREFIX_PATH=/root/irslab_ws/install/tm_msgs:${AMENT_PREFIX_PATH} CMAKE_PREFIX_PATH=/root/irslab_ws/install/tm_msgs:/opt/ros/humble LD_LIBRARY_PATH=/root/irslab_ws/install/tm_msgs/lib:${LD_LIBRARY_PATH} PYTHONPATH=/root/irslab_ws/install/tm_msgs/local/lib/python3.10/dist-packages:${PYTHONPATH} /usr/bin/cmake /root/irslab_ws/src/tmr_ros2/tm_inspect -DCMAKE_BUILD_TYPE=Release -DCMAKE_INSTALL_PREFIX=/root/irslab_ws/install/tm_inspect
[0.381s] Invoking command in '/root/irslab_ws/build/tm_inspect': AMENT_PREFIX_PATH=/root/irslab_ws/install/tm_msgs:${AMENT_PREFIX_PATH} CMAKE_PREFIX_PATH=/root/irslab_ws/install/tm_msgs:/opt/ros/humble LD_LIBRARY_PATH=/root/irslab_ws/install/tm_msgs/lib:${LD_LIBRARY_PATH} PYTHONPATH=/root/irslab_ws/install/tm_msgs/local/lib/python3.10/dist-packages:${PYTHONPATH} /usr/bin/cmake --build /root/irslab_ws/build/tm_inspect -- -j20 -l20
[0.434s] [ 14%] [34m[1mAutomatic MOC and UIC for target robot_ui[0m
[0.450s] [ 14%] Built target robot_ui_autogen
[0.462s] [35m[1mConsolidate compiler generated dependencies of target robot_ui[0m
[0.486s] [100%] Built target robot_ui
[0.507s] Invoked command in '/root/irslab_ws/build/tm_inspect' returned '0': AMENT_PREFIX_PATH=/root/irslab_ws/install/tm_msgs:${AMENT_PREFIX_PATH} CMAKE_PREFIX_PATH=/root/irslab_ws/install/tm_msgs:/opt/ros/humble LD_LIBRARY_PATH=/root/irslab_ws/install/tm_msgs/lib:${LD_LIBRARY_PATH} PYTHONPATH=/root/irslab_ws/install/tm_msgs/local/lib/python3.10/dist-packages:${PYTHONPATH} /usr/bin/cmake --build /root/irslab_ws/build/tm_inspect -- -j20 -l20
[0.507s] Invoking command in '/root/irslab_ws/build/tm_inspect': AMENT_PREFIX_PATH=/root/irslab_ws/install/tm_msgs:${AMENT_PREFIX_PATH} CMAKE_PREFIX_PATH=/root/irslab_ws/install/tm_msgs:/opt/ros/humble LD_LIBRARY_PATH=/root/irslab_ws/install/tm_msgs/lib:${LD_LIBRARY_PATH} PYTHONPATH=/root/irslab_ws/install/tm_msgs/local/lib/python3.10/dist-packages:${PYTHONPATH} /usr/bin/cmake --install /root/irslab_ws/build/tm_inspect
[0.516s] -- Install configuration: "Release"
[0.518s] -- Up-to-date: /root/irslab_ws/install/tm_inspect/lib/tm_inspect/robot_ui
[0.521s] -- Up-to-date: /root/irslab_ws/install/tm_inspect/share/tm_inspect/launch
[0.522s] -- Up-to-date: /root/irslab_ws/install/tm_inspect/share/tm_inspect/launch/tm_gui.launch.py
[0.523s] -- Up-to-date: /root/irslab_ws/install/tm_inspect/share/ament_index/resource_index/package_run_dependencies/tm_inspect
[0.523s] -- Installing: /root/irslab_ws/install/tm_inspect/share/ament_index/resource_index/parent_prefix_path/tm_inspect
[0.523s] -- Up-to-date: /root/irslab_ws/install/tm_inspect/share/tm_inspect/environment/ament_prefix_path.sh
[0.523s] -- Installing: /root/irslab_ws/install/tm_inspect/share/tm_inspect/environment/ament_prefix_path.dsv
[0.523s] -- Up-to-date: /root/irslab_ws/install/tm_inspect/share/tm_inspect/environment/path.sh
[0.523s] -- Installing: /root/irslab_ws/install/tm_inspect/share/tm_inspect/environment/path.dsv
[0.523s] -- Up-to-date: /root/irslab_ws/install/tm_inspect/share/tm_inspect/local_setup.bash
[0.523s] -- Up-to-date: /root/irslab_ws/install/tm_inspect/share/tm_inspect/local_setup.sh
[0.524s] -- Up-to-date: /root/irslab_ws/install/tm_inspect/share/tm_inspect/local_setup.zsh
[0.524s] -- Installing: /root/irslab_ws/install/tm_inspect/share/tm_inspect/local_setup.dsv
[0.524s] -- Installing: /root/irslab_ws/install/tm_inspect/share/tm_inspect/package.dsv
[0.524s] -- Up-to-date: /root/irslab_ws/install/tm_inspect/share/ament_index/resource_index/packages/tm_inspect
[0.524s] -- Up-to-date: /root/irslab_ws/install/tm_inspect/share/tm_inspect/cmake/tm_inspectConfig.cmake
[0.524s] -- Up-to-date: /root/irslab_ws/install/tm_inspect/share/tm_inspect/cmake/tm_inspectConfig-version.cmake
[0.524s] -- Up-to-date: /root/irslab_ws/install/tm_inspect/share/tm_inspect/package.xml
[0.524s] Invoked command in '/root/irslab_ws/build/tm_inspect' returned '0': AMENT_PREFIX_PATH=/root/irslab_ws/install/tm_msgs:${AMENT_PREFIX_PATH} CMAKE_PREFIX_PATH=/root/irslab_ws/install/tm_msgs:/opt/ros/humble LD_LIBRARY_PATH=/root/irslab_ws/install/tm_msgs/lib:${LD_LIBRARY_PATH} PYTHONPATH=/root/irslab_ws/install/tm_msgs/local/lib/python3.10/dist-packages:${PYTHONPATH} /usr/bin/cmake --install /root/irslab_ws/build/tm_inspect
