[1.966s] Invoking command in '/root/irslab_ws/src/tmr_ros2/tm_mod_urdf': PYTHONPATH=/root/irslab_ws/build/tm_mod_urdf/prefix_override:/usr/lib/python3/dist-packages/colcon_core/task/python/colcon_distutils_commands:/root/irslab_ws/install/tm_mod_urdf/lib/python3.10/site-packages:${PYTHONPATH} /usr/bin/python3 -W ignore:setup.py install is deprecated -W ignore:easy_install command is deprecated setup.py egg_info --egg-base ../../../build/tm_mod_urdf build --build-base /root/irslab_ws/build/tm_mod_urdf/build install --record /root/irslab_ws/build/tm_mod_urdf/install.log --single-version-externally-managed install_data
[2.296s] running egg_info
[2.298s] writing ../../../build/tm_mod_urdf/tm_mod_urdf.egg-info/PKG-INFO
[2.298s] writing dependency_links to ../../../build/tm_mod_urdf/tm_mod_urdf.egg-info/dependency_links.txt
[2.299s] writing entry points to ../../../build/tm_mod_urdf/tm_mod_urdf.egg-info/entry_points.txt
[2.299s] writing requirements to ../../../build/tm_mod_urdf/tm_mod_urdf.egg-info/requires.txt
[2.299s] writing top-level names to ../../../build/tm_mod_urdf/tm_mod_urdf.egg-info/top_level.txt
[2.303s] reading manifest file '../../../build/tm_mod_urdf/tm_mod_urdf.egg-info/SOURCES.txt'
[2.304s] writing manifest file '../../../build/tm_mod_urdf/tm_mod_urdf.egg-info/SOURCES.txt'
[2.305s] running build
[2.305s] running build_py
[2.306s] running install
[2.306s] running install_lib
[2.309s] running install_data
[2.309s] running install_egg_info
[2.313s] removing '/root/irslab_ws/install/tm_mod_urdf/lib/python3.10/site-packages/tm_mod_urdf-1.1.2-py3.10.egg-info' (and everything under it)
[2.314s] Copying ../../../build/tm_mod_urdf/tm_mod_urdf.egg-info to /root/irslab_ws/install/tm_mod_urdf/lib/python3.10/site-packages/tm_mod_urdf-1.1.2-py3.10.egg-info
[2.316s] running install_scripts
[2.363s] Installing modify_urdf script to /root/irslab_ws/install/tm_mod_urdf/lib/tm_mod_urdf
[2.365s] Installing modify_xacro script to /root/irslab_ws/install/tm_mod_urdf/lib/tm_mod_urdf
[2.365s] writing list of installed files to '/root/irslab_ws/build/tm_mod_urdf/install.log'
[2.418s] Invoked command in '/root/irslab_ws/src/tmr_ros2/tm_mod_urdf' returned '0': PYTHONPATH=/root/irslab_ws/build/tm_mod_urdf/prefix_override:/usr/lib/python3/dist-packages/colcon_core/task/python/colcon_distutils_commands:/root/irslab_ws/install/tm_mod_urdf/lib/python3.10/site-packages:${PYTHONPATH} /usr/bin/python3 -W ignore:setup.py install is deprecated -W ignore:easy_install command is deprecated setup.py egg_info --egg-base ../../../build/tm_mod_urdf build --build-base /root/irslab_ws/build/tm_mod_urdf/build install --record /root/irslab_ws/build/tm_mod_urdf/install.log --single-version-externally-managed install_data
