[0.171s] Invoking command in '/root/irslab_ws/build/tm5x-900_moveit_config': AMENT_PREFIX_PATH=/root/irslab_ws/install/tm_description:${AMENT_PREFIX_PATH} CMAKE_PREFIX_PATH=/root/irslab_ws/install/tm_description:/opt/ros/humble /usr/bin/cmake --build /root/irslab_ws/build/tm5x-900_moveit_config -- -j20 -l20
[0.718s] Invoked command in '/root/irslab_ws/build/tm5x-900_moveit_config' returned '0': AMENT_PREFIX_PATH=/root/irslab_ws/install/tm_description:${AMENT_PREFIX_PATH} CMAKE_PREFIX_PATH=/root/irslab_ws/install/tm_description:/opt/ros/humble /usr/bin/cmake --build /root/irslab_ws/build/tm5x-900_moveit_config -- -j20 -l20
[0.721s] Invoking command in '/root/irslab_ws/build/tm5x-900_moveit_config': AMENT_PREFIX_PATH=/root/irslab_ws/install/tm_description:${AMENT_PREFIX_PATH} CMAKE_PREFIX_PATH=/root/irslab_ws/install/tm_description:/opt/ros/humble /usr/bin/cmake --install /root/irslab_ws/build/tm5x-900_moveit_config
[0.794s] -- Install configuration: "Release"
[0.794s] -- Up-to-date: /root/irslab_ws/install/tm5x-900_moveit_config/share/ament_index/resource_index/package_run_dependencies/tm5x-900_moveit_config
[0.794s] -- Up-to-date: /root/irslab_ws/install/tm5x-900_moveit_config/share/ament_index/resource_index/parent_prefix_path/tm5x-900_moveit_config
[0.795s] -- Up-to-date: /root/irslab_ws/install/tm5x-900_moveit_config/share/tm5x-900_moveit_config/environment/ament_prefix_path.sh
[0.795s] -- Up-to-date: /root/irslab_ws/install/tm5x-900_moveit_config/share/tm5x-900_moveit_config/environment/ament_prefix_path.dsv
[0.795s] -- Up-to-date: /root/irslab_ws/install/tm5x-900_moveit_config/share/tm5x-900_moveit_config/environment/path.sh
[0.795s] -- Up-to-date: /root/irslab_ws/install/tm5x-900_moveit_config/share/tm5x-900_moveit_config/environment/path.dsv
[0.796s] -- Up-to-date: /root/irslab_ws/install/tm5x-900_moveit_config/share/tm5x-900_moveit_config/local_setup.bash
[0.796s] -- Up-to-date: /root/irslab_ws/install/tm5x-900_moveit_config/share/tm5x-900_moveit_config/local_setup.sh
[0.796s] -- Up-to-date: /root/irslab_ws/install/tm5x-900_moveit_config/share/tm5x-900_moveit_config/local_setup.zsh
[0.797s] -- Up-to-date: /root/irslab_ws/install/tm5x-900_moveit_config/share/tm5x-900_moveit_config/local_setup.dsv
[0.797s] -- Up-to-date: /root/irslab_ws/install/tm5x-900_moveit_config/share/tm5x-900_moveit_config/package.dsv
[0.797s] -- Up-to-date: /root/irslab_ws/install/tm5x-900_moveit_config/share/ament_index/resource_index/packages/tm5x-900_moveit_config
[0.797s] -- Up-to-date: /root/irslab_ws/install/tm5x-900_moveit_config/share/tm5x-900_moveit_config/cmake/tm5x-900_moveit_configConfig.cmake
[0.797s] -- Up-to-date: /root/irslab_ws/install/tm5x-900_moveit_config/share/tm5x-900_moveit_config/cmake/tm5x-900_moveit_configConfig-version.cmake
[0.798s] -- Up-to-date: /root/irslab_ws/install/tm5x-900_moveit_config/share/tm5x-900_moveit_config/package.xml
[0.798s] -- Up-to-date: /root/irslab_ws/install/tm5x-900_moveit_config/share/tm5x-900_moveit_config/launch
[0.798s] -- Up-to-date: /root/irslab_ws/install/tm5x-900_moveit_config/share/tm5x-900_moveit_config/launch/setup_assistant.launch.py
[0.799s] -- Up-to-date: /root/irslab_ws/install/tm5x-900_moveit_config/share/tm5x-900_moveit_config/launch/warehouse_db.launch.py
[0.801s] -- Up-to-date: /root/irslab_ws/install/tm5x-900_moveit_config/share/tm5x-900_moveit_config/launch/spawn_controllers.launch.py
[0.803s] -- Up-to-date: /root/irslab_ws/install/tm5x-900_moveit_config/share/tm5x-900_moveit_config/launch/rsp.launch.py
[0.804s] -- Up-to-date: /root/irslab_ws/install/tm5x-900_moveit_config/share/tm5x-900_moveit_config/launch/move_group.launch.py
[0.804s] -- Up-to-date: /root/irslab_ws/install/tm5x-900_moveit_config/share/tm5x-900_moveit_config/launch/demo.launch.py
[0.804s] -- Up-to-date: /root/irslab_ws/install/tm5x-900_moveit_config/share/tm5x-900_moveit_config/launch/moveit_rviz.launch.py
[0.804s] -- Up-to-date: /root/irslab_ws/install/tm5x-900_moveit_config/share/tm5x-900_moveit_config/launch/static_virtual_joint_tfs.launch.py
[0.805s] -- Up-to-date: /root/irslab_ws/install/tm5x-900_moveit_config/share/tm5x-900_moveit_config/launch/run_move_group.rviz
[0.806s] -- Up-to-date: /root/irslab_ws/install/tm5x-900_moveit_config/share/tm5x-900_moveit_config/launch/tm5x-900_moveit.launch.py
[0.807s] -- Up-to-date: /root/irslab_ws/install/tm5x-900_moveit_config/share/tm5x-900_moveit_config/launch/tm5x-900_run_move_group.launch.py
[0.807s] -- Up-to-date: /root/irslab_ws/install/tm5x-900_moveit_config/share/tm5x-900_moveit_config/config
[0.808s] -- Up-to-date: /root/irslab_ws/install/tm5x-900_moveit_config/share/tm5x-900_moveit_config/config/controllers.yaml
[0.808s] -- Up-to-date: /root/irslab_ws/install/tm5x-900_moveit_config/share/tm5x-900_moveit_config/config/tm5x-900.urdf.xacro
[0.809s] -- Up-to-date: /root/irslab_ws/install/tm5x-900_moveit_config/share/tm5x-900_moveit_config/config/kinematics.yaml
[0.811s] -- Up-to-date: /root/irslab_ws/install/tm5x-900_moveit_config/share/tm5x-900_moveit_config/config/sensors_3d.yaml
[0.811s] -- Up-to-date: /root/irslab_ws/install/tm5x-900_moveit_config/share/tm5x-900_moveit_config/config/moveit2_controllers.yaml
[0.811s] -- Up-to-date: /root/irslab_ws/install/tm5x-900_moveit_config/share/tm5x-900_moveit_config/config/moveit.rviz
[0.812s] -- Up-to-date: /root/irslab_ws/install/tm5x-900_moveit_config/share/tm5x-900_moveit_config/config/joint_limits.yaml
[0.812s] -- Up-to-date: /root/irslab_ws/install/tm5x-900_moveit_config/share/tm5x-900_moveit_config/config/ros2_controllers.yaml
[0.812s] -- Up-to-date: /root/irslab_ws/install/tm5x-900_moveit_config/share/tm5x-900_moveit_config/config/moveit_controllers.yaml
[0.812s] -- Up-to-date: /root/irslab_ws/install/tm5x-900_moveit_config/share/tm5x-900_moveit_config/config/pilz_cartesian_limits.yaml
[0.813s] -- Up-to-date: /root/irslab_ws/install/tm5x-900_moveit_config/share/tm5x-900_moveit_config/config/tm5x-900.srdf
[0.814s] -- Up-to-date: /root/irslab_ws/install/tm5x-900_moveit_config/share/tm5x-900_moveit_config/config/initial_positions.yaml
[0.814s] -- Up-to-date: /root/irslab_ws/install/tm5x-900_moveit_config/share/tm5x-900_moveit_config/config/tm5x-900.ros2_control.xacro
[0.814s] -- Up-to-date: /root/irslab_ws/install/tm5x-900_moveit_config/share/tm5x-900_moveit_config/config/pilz_industrial_motion_planner_planning.yaml
[0.814s] -- Up-to-date: /root/irslab_ws/install/tm5x-900_moveit_config/share/tm5x-900_moveit_config/config/chomp_planning.yaml
[0.814s] -- Up-to-date: /root/irslab_ws/install/tm5x-900_moveit_config/share/tm5x-900_moveit_config/config/ompl_planning.yaml
[0.815s] -- Up-to-date: /root/irslab_ws/install/tm5x-900_moveit_config/share/tm5x-900_moveit_config/rviz
[0.815s] -- Up-to-date: /root/irslab_ws/install/tm5x-900_moveit_config/share/tm5x-900_moveit_config/rviz/moveit.rviz
[0.815s] -- Up-to-date: /root/irslab_ws/install/tm5x-900_moveit_config/share/tm5x-900_moveit_config/.setup_assistant
[0.944s] Invoked command in '/root/irslab_ws/build/tm5x-900_moveit_config' returned '0': AMENT_PREFIX_PATH=/root/irslab_ws/install/tm_description:${AMENT_PREFIX_PATH} CMAKE_PREFIX_PATH=/root/irslab_ws/install/tm_description:/opt/ros/humble /usr/bin/cmake --install /root/irslab_ws/build/tm5x-900_moveit_config
