[0.059s] Invoking command in '/root/irslab_ws/build/tm_msgs': CMAKE_PREFIX_PATH=${CMAKE_PREFIX_PATH}:/root/irslab_ws/install/tm_mod_urdf:/root/irslab_ws/install/pick_nav_place:/root/irslab_ws/install/pa_warehouse_status:/root/irslab_ws/install/hand_solo_virtual_nav:/root/irslab_ws/install/hand_solo_arm:/opt/ros/humble /usr/bin/cmake --build /root/irslab_ws/build/tm_msgs -- -j20 -l20
[1.164s] [ 12%] Built target tm_msgs__rosidl_generator_c
[1.164s] [ 12%] Built target tm_msgs__cpp
[1.165s] [ 12%] Built target ament_cmake_python_copy_tm_msgs
[1.166s] [ 24%] Built target tm_msgs__rosidl_typesupport_c
[1.166s] [ 36%] Built target tm_msgs__rosidl_typesupport_introspection_c
[1.166s] [ 48%] Built target tm_msgs__rosidl_typesupport_introspection_cpp
[1.166s] [ 60%] Built target tm_msgs__rosidl_typesupport_cpp
[1.166s] [ 72%] Built target tm_msgs__rosidl_typesupport_fastrtps_c
[1.166s] [ 84%] Built target tm_msgs__rosidl_typesupport_fastrtps_cpp
[1.166s] [ 84%] Built target tm_msgs
[1.167s] [ 85%] Built target tm_msgs__py
[1.167s] [ 96%] Built target tm_msgs__rosidl_generator_py
[1.167s] [ 97%] Built target tm_msgs__rosidl_typesupport_c__pyext
[1.167s] [ 99%] Built target tm_msgs__rosidl_typesupport_introspection_c__pyext
[1.167s] [100%] Built target tm_msgs__rosidl_typesupport_fastrtps_c__pyext
[1.167s] running egg_info
[1.167s] writing tm_msgs.egg-info/PKG-INFO
[1.167s] writing dependency_links to tm_msgs.egg-info/dependency_links.txt
[1.167s] writing top-level names to tm_msgs.egg-info/top_level.txt
[1.167s] reading manifest file 'tm_msgs.egg-info/SOURCES.txt'
[1.167s] writing manifest file 'tm_msgs.egg-info/SOURCES.txt'
[1.167s] [100%] Built target ament_cmake_python_build_tm_msgs_egg
[1.186s] Invoked command in '/root/irslab_ws/build/tm_msgs' returned '0': CMAKE_PREFIX_PATH=${CMAKE_PREFIX_PATH}:/root/irslab_ws/install/tm_mod_urdf:/root/irslab_ws/install/pick_nav_place:/root/irslab_ws/install/pa_warehouse_status:/root/irslab_ws/install/hand_solo_virtual_nav:/root/irslab_ws/install/hand_solo_arm:/opt/ros/humble /usr/bin/cmake --build /root/irslab_ws/build/tm_msgs -- -j20 -l20
[1.188s] Invoking command in '/root/irslab_ws/build/tm_msgs': CMAKE_PREFIX_PATH=${CMAKE_PREFIX_PATH}:/root/irslab_ws/install/tm_mod_urdf:/root/irslab_ws/install/pick_nav_place:/root/irslab_ws/install/pa_warehouse_status:/root/irslab_ws/install/hand_solo_virtual_nav:/root/irslab_ws/install/hand_solo_arm:/opt/ros/humble /usr/bin/cmake --install /root/irslab_ws/build/tm_msgs
[1.470s] -- Install configuration: "Release"
[1.471s] -- Up-to-date: /root/irslab_ws/install/tm_msgs/share/ament_index/resource_index/rosidl_interfaces/tm_msgs
[1.472s] -- Up-to-date: /root/irslab_ws/install/tm_msgs/include/tm_msgs/tm_msgs
[1.473s] -- Up-to-date: /root/irslab_ws/install/tm_msgs/include/tm_msgs/tm_msgs/srv
[1.473s] -- Up-to-date: /root/irslab_ws/install/tm_msgs/include/tm_msgs/tm_msgs/srv/set_positions.h
[1.474s] -- Up-to-date: /root/irslab_ws/install/tm_msgs/include/tm_msgs/tm_msgs/srv/connect_tm.h
[1.474s] -- Up-to-date: /root/irslab_ws/install/tm_msgs/include/tm_msgs/tm_msgs/srv/set_io.h
[1.475s] -- Up-to-date: /root/irslab_ws/install/tm_msgs/include/tm_msgs/tm_msgs/srv/write_item.h
[1.475s] -- Up-to-date: /root/irslab_ws/install/tm_msgs/include/tm_msgs/tm_msgs/srv/ask_item.h
[1.476s] -- Up-to-date: /root/irslab_ws/install/tm_msgs/include/tm_msgs/tm_msgs/srv/ask_sta.h
[1.477s] -- Up-to-date: /root/irslab_ws/install/tm_msgs/include/tm_msgs/tm_msgs/srv/robot_command.h
[1.478s] -- Up-to-date: /root/irslab_ws/install/tm_msgs/include/tm_msgs/tm_msgs/srv/send_script.h
[1.478s] -- Up-to-date: /root/irslab_ws/install/tm_msgs/include/tm_msgs/tm_msgs/srv/detail
[1.480s] -- Up-to-date: /root/irslab_ws/install/tm_msgs/include/tm_msgs/tm_msgs/srv/detail/write_item__struct.h
[1.480s] -- Up-to-date: /root/irslab_ws/install/tm_msgs/include/tm_msgs/tm_msgs/srv/detail/send_script__functions.c
[1.480s] -- Up-to-date: /root/irslab_ws/install/tm_msgs/include/tm_msgs/tm_msgs/srv/detail/ask_sta__functions.h
[1.480s] -- Up-to-date: /root/irslab_ws/install/tm_msgs/include/tm_msgs/tm_msgs/srv/detail/connect_tm__functions.c
[1.481s] -- Up-to-date: /root/irslab_ws/install/tm_msgs/include/tm_msgs/tm_msgs/srv/detail/set_io__functions.h
[1.481s] -- Up-to-date: /root/irslab_ws/install/tm_msgs/include/tm_msgs/tm_msgs/srv/detail/send_script__struct.h
[1.482s] -- Up-to-date: /root/irslab_ws/install/tm_msgs/include/tm_msgs/tm_msgs/srv/detail/ask_item__struct.h
[1.482s] -- Up-to-date: /root/irslab_ws/install/tm_msgs/include/tm_msgs/tm_msgs/srv/detail/send_script__functions.h
[1.482s] -- Up-to-date: /root/irslab_ws/install/tm_msgs/include/tm_msgs/tm_msgs/srv/detail/set_io__functions.c
[1.482s] -- Up-to-date: /root/irslab_ws/install/tm_msgs/include/tm_msgs/tm_msgs/srv/detail/ask_sta__type_support.h
[1.482s] -- Up-to-date: /root/irslab_ws/install/tm_msgs/include/tm_msgs/tm_msgs/srv/detail/connect_tm__struct.h
[1.482s] -- Up-to-date: /root/irslab_ws/install/tm_msgs/include/tm_msgs/tm_msgs/srv/detail/connect_tm__functions.h
[1.482s] -- Up-to-date: /root/irslab_ws/install/tm_msgs/include/tm_msgs/tm_msgs/srv/detail/set_event__type_support.h
[1.482s] -- Up-to-date: /root/irslab_ws/install/tm_msgs/include/tm_msgs/tm_msgs/srv/detail/set_event__functions.c
[1.482s] -- Up-to-date: /root/irslab_ws/install/tm_msgs/include/tm_msgs/tm_msgs/srv/detail/write_item__functions.c
[1.482s] -- Up-to-date: /root/irslab_ws/install/tm_msgs/include/tm_msgs/tm_msgs/srv/detail/send_script__type_support.h
[1.483s] -- Up-to-date: /root/irslab_ws/install/tm_msgs/include/tm_msgs/tm_msgs/srv/detail/set_io__struct.h
[1.483s] -- Up-to-date: /root/irslab_ws/install/tm_msgs/include/tm_msgs/tm_msgs/srv/detail/ask_sta__functions.c
[1.483s] -- Up-to-date: /root/irslab_ws/install/tm_msgs/include/tm_msgs/tm_msgs/srv/detail/robot_command__type_support.h
[1.483s] -- Up-to-date: /root/irslab_ws/install/tm_msgs/include/tm_msgs/tm_msgs/srv/detail/robot_command__functions.c
[1.483s] -- Up-to-date: /root/irslab_ws/install/tm_msgs/include/tm_msgs/tm_msgs/srv/detail/robot_command__functions.h
[1.483s] -- Up-to-date: /root/irslab_ws/install/tm_msgs/include/tm_msgs/tm_msgs/srv/detail/set_event__functions.h
[1.484s] -- Up-to-date: /root/irslab_ws/install/tm_msgs/include/tm_msgs/tm_msgs/srv/detail/ask_sta__struct.h
[1.484s] -- Up-to-date: /root/irslab_ws/install/tm_msgs/include/tm_msgs/tm_msgs/srv/detail/write_item__type_support.h
[1.484s] -- Up-to-date: /root/irslab_ws/install/tm_msgs/include/tm_msgs/tm_msgs/srv/detail/set_positions__type_support.h
[1.484s] -- Up-to-date: /root/irslab_ws/install/tm_msgs/include/tm_msgs/tm_msgs/srv/detail/ask_item__type_support.h
[1.484s] -- Up-to-date: /root/irslab_ws/install/tm_msgs/include/tm_msgs/tm_msgs/srv/detail/ask_item__functions.h
[1.484s] -- Up-to-date: /root/irslab_ws/install/tm_msgs/include/tm_msgs/tm_msgs/srv/detail/write_item__functions.h
[1.489s] -- Up-to-date: /root/irslab_ws/install/tm_msgs/include/tm_msgs/tm_msgs/srv/detail/set_positions__functions.h
[1.489s] -- Up-to-date: /root/irslab_ws/install/tm_msgs/include/tm_msgs/tm_msgs/srv/detail/robot_command__struct.h
[1.489s] -- Up-to-date: /root/irslab_ws/install/tm_msgs/include/tm_msgs/tm_msgs/srv/detail/set_positions__functions.c
[1.489s] -- Up-to-date: /root/irslab_ws/install/tm_msgs/include/tm_msgs/tm_msgs/srv/detail/connect_tm__type_support.h
[1.489s] -- Up-to-date: /root/irslab_ws/install/tm_msgs/include/tm_msgs/tm_msgs/srv/detail/set_io__type_support.h
[1.489s] -- Up-to-date: /root/irslab_ws/install/tm_msgs/include/tm_msgs/tm_msgs/srv/detail/ask_item__functions.c
[1.490s] -- Up-to-date: /root/irslab_ws/install/tm_msgs/include/tm_msgs/tm_msgs/srv/detail/set_positions__struct.h
[1.490s] -- Up-to-date: /root/irslab_ws/install/tm_msgs/include/tm_msgs/tm_msgs/srv/detail/set_event__struct.h
[1.490s] -- Up-to-date: /root/irslab_ws/install/tm_msgs/include/tm_msgs/tm_msgs/srv/set_event.h
[1.490s] -- Up-to-date: /root/irslab_ws/install/tm_msgs/include/tm_msgs/tm_msgs/msg
[1.490s] -- Up-to-date: /root/irslab_ws/install/tm_msgs/include/tm_msgs/tm_msgs/msg/svr_response.h
[1.490s] -- Up-to-date: /root/irslab_ws/install/tm_msgs/include/tm_msgs/tm_msgs/msg/sct_response.h
[1.490s] -- Up-to-date: /root/irslab_ws/install/tm_msgs/include/tm_msgs/tm_msgs/msg/rosidl_generator_c__visibility_control.h
[1.491s] -- Up-to-date: /root/irslab_ws/install/tm_msgs/include/tm_msgs/tm_msgs/msg/feedback_state.h
[1.491s] -- Up-to-date: /root/irslab_ws/install/tm_msgs/include/tm_msgs/tm_msgs/msg/detail
[1.491s] -- Up-to-date: /root/irslab_ws/install/tm_msgs/include/tm_msgs/tm_msgs/msg/detail/feedback_state__type_support.h
[1.492s] -- Up-to-date: /root/irslab_ws/install/tm_msgs/include/tm_msgs/tm_msgs/msg/detail/svr_response__functions.h
[1.492s] -- Up-to-date: /root/irslab_ws/install/tm_msgs/include/tm_msgs/tm_msgs/msg/detail/sct_response__type_support.h
[1.492s] -- Up-to-date: /root/irslab_ws/install/tm_msgs/include/tm_msgs/tm_msgs/msg/detail/svr_response__struct.h
[1.492s] -- Up-to-date: /root/irslab_ws/install/tm_msgs/include/tm_msgs/tm_msgs/msg/detail/sct_response__struct.h
[1.492s] -- Up-to-date: /root/irslab_ws/install/tm_msgs/include/tm_msgs/tm_msgs/msg/detail/sta_response__type_support.h
[1.492s] -- Up-to-date: /root/irslab_ws/install/tm_msgs/include/tm_msgs/tm_msgs/msg/detail/svr_response__type_support.h
[1.492s] -- Up-to-date: /root/irslab_ws/install/tm_msgs/include/tm_msgs/tm_msgs/msg/detail/sta_response__struct.h
[1.492s] -- Up-to-date: /root/irslab_ws/install/tm_msgs/include/tm_msgs/tm_msgs/msg/detail/feedback_state__struct.h
[1.492s] -- Up-to-date: /root/irslab_ws/install/tm_msgs/include/tm_msgs/tm_msgs/msg/detail/sct_response__functions.h
[1.492s] -- Up-to-date: /root/irslab_ws/install/tm_msgs/include/tm_msgs/tm_msgs/msg/detail/feedback_state__functions.c
[1.492s] -- Up-to-date: /root/irslab_ws/install/tm_msgs/include/tm_msgs/tm_msgs/msg/detail/sta_response__functions.h
[1.493s] -- Up-to-date: /root/irslab_ws/install/tm_msgs/include/tm_msgs/tm_msgs/msg/detail/sct_response__functions.c
[1.493s] -- Up-to-date: /root/irslab_ws/install/tm_msgs/include/tm_msgs/tm_msgs/msg/detail/feedback_state__functions.h
[1.493s] -- Up-to-date: /root/irslab_ws/install/tm_msgs/include/tm_msgs/tm_msgs/msg/detail/svr_response__functions.c
[1.493s] -- Up-to-date: /root/irslab_ws/install/tm_msgs/include/tm_msgs/tm_msgs/msg/detail/sta_response__functions.c
[1.493s] -- Up-to-date: /root/irslab_ws/install/tm_msgs/include/tm_msgs/tm_msgs/msg/sta_response.h
[1.493s] -- Up-to-date: /root/irslab_ws/install/tm_msgs/share/tm_msgs/environment/library_path.sh
[1.493s] -- Up-to-date: /root/irslab_ws/install/tm_msgs/share/tm_msgs/environment/library_path.dsv
[1.493s] -- Up-to-date: /root/irslab_ws/install/tm_msgs/lib/libtm_msgs__rosidl_generator_c.so
[1.493s] -- Up-to-date: /root/irslab_ws/install/tm_msgs/include/tm_msgs/tm_msgs
[1.493s] -- Up-to-date: /root/irslab_ws/install/tm_msgs/include/tm_msgs/tm_msgs/srv
[1.493s] -- Up-to-date: /root/irslab_ws/install/tm_msgs/include/tm_msgs/tm_msgs/srv/detail
[1.493s] -- Up-to-date: /root/irslab_ws/install/tm_msgs/include/tm_msgs/tm_msgs/srv/detail/ask_sta__rosidl_typesupport_fastrtps_c.h
[1.493s] -- Up-to-date: /root/irslab_ws/install/tm_msgs/include/tm_msgs/tm_msgs/srv/detail/robot_command__rosidl_typesupport_fastrtps_c.h
[1.493s] -- Up-to-date: /root/irslab_ws/install/tm_msgs/include/tm_msgs/tm_msgs/srv/detail/ask_item__rosidl_typesupport_fastrtps_c.h
[1.493s] -- Up-to-date: /root/irslab_ws/install/tm_msgs/include/tm_msgs/tm_msgs/srv/detail/send_script__rosidl_typesupport_fastrtps_c.h
[1.493s] -- Up-to-date: /root/irslab_ws/install/tm_msgs/include/tm_msgs/tm_msgs/srv/detail/set_io__rosidl_typesupport_fastrtps_c.h
[1.494s] -- Up-to-date: /root/irslab_ws/install/tm_msgs/include/tm_msgs/tm_msgs/srv/detail/set_positions__rosidl_typesupport_fastrtps_c.h
[1.494s] -- Up-to-date: /root/irslab_ws/install/tm_msgs/include/tm_msgs/tm_msgs/srv/detail/connect_tm__rosidl_typesupport_fastrtps_c.h
[1.494s] -- Up-to-date: /root/irslab_ws/install/tm_msgs/include/tm_msgs/tm_msgs/srv/detail/set_event__rosidl_typesupport_fastrtps_c.h
[1.494s] -- Up-to-date: /root/irslab_ws/install/tm_msgs/include/tm_msgs/tm_msgs/srv/detail/write_item__rosidl_typesupport_fastrtps_c.h
[1.494s] -- Up-to-date: /root/irslab_ws/install/tm_msgs/include/tm_msgs/tm_msgs/msg
[1.494s] -- Up-to-date: /root/irslab_ws/install/tm_msgs/include/tm_msgs/tm_msgs/msg/rosidl_typesupport_fastrtps_c__visibility_control.h
[1.494s] -- Up-to-date: /root/irslab_ws/install/tm_msgs/include/tm_msgs/tm_msgs/msg/detail
[1.494s] -- Up-to-date: /root/irslab_ws/install/tm_msgs/include/tm_msgs/tm_msgs/msg/detail/feedback_state__rosidl_typesupport_fastrtps_c.h
[1.494s] -- Up-to-date: /root/irslab_ws/install/tm_msgs/include/tm_msgs/tm_msgs/msg/detail/svr_response__rosidl_typesupport_fastrtps_c.h
[1.494s] -- Up-to-date: /root/irslab_ws/install/tm_msgs/include/tm_msgs/tm_msgs/msg/detail/sta_response__rosidl_typesupport_fastrtps_c.h
[1.494s] -- Up-to-date: /root/irslab_ws/install/tm_msgs/include/tm_msgs/tm_msgs/msg/detail/sct_response__rosidl_typesupport_fastrtps_c.h
[1.494s] -- Up-to-date: /root/irslab_ws/install/tm_msgs/lib/libtm_msgs__rosidl_typesupport_fastrtps_c.so
[1.494s] -- Up-to-date: /root/irslab_ws/install/tm_msgs/include/tm_msgs/tm_msgs
[1.494s] -- Up-to-date: /root/irslab_ws/install/tm_msgs/include/tm_msgs/tm_msgs/srv
[1.494s] -- Up-to-date: /root/irslab_ws/install/tm_msgs/include/tm_msgs/tm_msgs/srv/detail
[1.494s] -- Up-to-date: /root/irslab_ws/install/tm_msgs/include/tm_msgs/tm_msgs/srv/detail/set_positions__type_support.c
[1.494s] -- Up-to-date: /root/irslab_ws/install/tm_msgs/include/tm_msgs/tm_msgs/srv/detail/send_script__type_support.c
[1.494s] -- Up-to-date: /root/irslab_ws/install/tm_msgs/include/tm_msgs/tm_msgs/srv/detail/connect_tm__type_support.c
[1.494s] -- Up-to-date: /root/irslab_ws/install/tm_msgs/include/tm_msgs/tm_msgs/srv/detail/ask_sta__type_support.c
[1.494s] -- Up-to-date: /root/irslab_ws/install/tm_msgs/include/tm_msgs/tm_msgs/srv/detail/connect_tm__rosidl_typesupport_introspection_c.h
[1.495s] -- Up-to-date: /root/irslab_ws/install/tm_msgs/include/tm_msgs/tm_msgs/srv/detail/robot_command__rosidl_typesupport_introspection_c.h
[1.495s] -- Up-to-date: /root/irslab_ws/install/tm_msgs/include/tm_msgs/tm_msgs/srv/detail/set_event__rosidl_typesupport_introspection_c.h
[1.495s] -- Up-to-date: /root/irslab_ws/install/tm_msgs/include/tm_msgs/tm_msgs/srv/detail/send_script__rosidl_typesupport_introspection_c.h
[1.495s] -- Up-to-date: /root/irslab_ws/install/tm_msgs/include/tm_msgs/tm_msgs/srv/detail/write_item__type_support.c
[1.495s] -- Up-to-date: /root/irslab_ws/install/tm_msgs/include/tm_msgs/tm_msgs/srv/detail/write_item__rosidl_typesupport_introspection_c.h
[1.495s] -- Up-to-date: /root/irslab_ws/install/tm_msgs/include/tm_msgs/tm_msgs/srv/detail/ask_item__type_support.c
[1.495s] -- Up-to-date: /root/irslab_ws/install/tm_msgs/include/tm_msgs/tm_msgs/srv/detail/set_event__type_support.c
[1.495s] -- Up-to-date: /root/irslab_ws/install/tm_msgs/include/tm_msgs/tm_msgs/srv/detail/robot_command__type_support.c
[1.495s] -- Up-to-date: /root/irslab_ws/install/tm_msgs/include/tm_msgs/tm_msgs/srv/detail/set_io__type_support.c
[1.495s] -- Up-to-date: /root/irslab_ws/install/tm_msgs/include/tm_msgs/tm_msgs/srv/detail/ask_item__rosidl_typesupport_introspection_c.h
[1.495s] -- Up-to-date: /root/irslab_ws/install/tm_msgs/include/tm_msgs/tm_msgs/srv/detail/ask_sta__rosidl_typesupport_introspection_c.h
[1.495s] -- Up-to-date: /root/irslab_ws/install/tm_msgs/include/tm_msgs/tm_msgs/srv/detail/set_io__rosidl_typesupport_introspection_c.h
[1.495s] -- Up-to-date: /root/irslab_ws/install/tm_msgs/include/tm_msgs/tm_msgs/srv/detail/set_positions__rosidl_typesupport_introspection_c.h
[1.495s] -- Up-to-date: /root/irslab_ws/install/tm_msgs/include/tm_msgs/tm_msgs/msg
[1.495s] -- Up-to-date: /root/irslab_ws/install/tm_msgs/include/tm_msgs/tm_msgs/msg/rosidl_typesupport_introspection_c__visibility_control.h
[1.495s] -- Up-to-date: /root/irslab_ws/install/tm_msgs/include/tm_msgs/tm_msgs/msg/detail
[1.496s] -- Up-to-date: /root/irslab_ws/install/tm_msgs/include/tm_msgs/tm_msgs/msg/detail/feedback_state__rosidl_typesupport_introspection_c.h
[1.496s] -- Up-to-date: /root/irslab_ws/install/tm_msgs/include/tm_msgs/tm_msgs/msg/detail/feedback_state__type_support.c
[1.496s] -- Up-to-date: /root/irslab_ws/install/tm_msgs/include/tm_msgs/tm_msgs/msg/detail/sct_response__type_support.c
[1.496s] -- Up-to-date: /root/irslab_ws/install/tm_msgs/include/tm_msgs/tm_msgs/msg/detail/svr_response__rosidl_typesupport_introspection_c.h
[1.496s] -- Up-to-date: /root/irslab_ws/install/tm_msgs/include/tm_msgs/tm_msgs/msg/detail/sct_response__rosidl_typesupport_introspection_c.h
[1.496s] -- Up-to-date: /root/irslab_ws/install/tm_msgs/include/tm_msgs/tm_msgs/msg/detail/sta_response__rosidl_typesupport_introspection_c.h
[1.496s] -- Up-to-date: /root/irslab_ws/install/tm_msgs/include/tm_msgs/tm_msgs/msg/detail/svr_response__type_support.c
[1.496s] -- Up-to-date: /root/irslab_ws/install/tm_msgs/include/tm_msgs/tm_msgs/msg/detail/sta_response__type_support.c
[1.496s] -- Up-to-date: /root/irslab_ws/install/tm_msgs/lib/libtm_msgs__rosidl_typesupport_introspection_c.so
[1.496s] -- Up-to-date: /root/irslab_ws/install/tm_msgs/lib/libtm_msgs__rosidl_typesupport_c.so
[1.496s] -- Up-to-date: /root/irslab_ws/install/tm_msgs/include/tm_msgs/tm_msgs
[1.496s] -- Up-to-date: /root/irslab_ws/install/tm_msgs/include/tm_msgs/tm_msgs/srv
[1.496s] -- Up-to-date: /root/irslab_ws/install/tm_msgs/include/tm_msgs/tm_msgs/srv/set_event.hpp
[1.496s] -- Up-to-date: /root/irslab_ws/install/tm_msgs/include/tm_msgs/tm_msgs/srv/set_io.hpp
[1.496s] -- Up-to-date: /root/irslab_ws/install/tm_msgs/include/tm_msgs/tm_msgs/srv/ask_sta.hpp
[1.496s] -- Up-to-date: /root/irslab_ws/install/tm_msgs/include/tm_msgs/tm_msgs/srv/write_item.hpp
[1.496s] -- Up-to-date: /root/irslab_ws/install/tm_msgs/include/tm_msgs/tm_msgs/srv/ask_item.hpp
[1.496s] -- Up-to-date: /root/irslab_ws/install/tm_msgs/include/tm_msgs/tm_msgs/srv/send_script.hpp
[1.496s] -- Up-to-date: /root/irslab_ws/install/tm_msgs/include/tm_msgs/tm_msgs/srv/connect_tm.hpp
[1.496s] -- Up-to-date: /root/irslab_ws/install/tm_msgs/include/tm_msgs/tm_msgs/srv/robot_command.hpp
[1.497s] -- Up-to-date: /root/irslab_ws/install/tm_msgs/include/tm_msgs/tm_msgs/srv/set_positions.hpp
[1.497s] -- Up-to-date: /root/irslab_ws/install/tm_msgs/include/tm_msgs/tm_msgs/srv/detail
[1.497s] -- Up-to-date: /root/irslab_ws/install/tm_msgs/include/tm_msgs/tm_msgs/srv/detail/ask_sta__builder.hpp
[1.497s] -- Up-to-date: /root/irslab_ws/install/tm_msgs/include/tm_msgs/tm_msgs/srv/detail/robot_command__builder.hpp
[1.497s] -- Up-to-date: /root/irslab_ws/install/tm_msgs/include/tm_msgs/tm_msgs/srv/detail/write_item__type_support.hpp
[1.497s] -- Up-to-date: /root/irslab_ws/install/tm_msgs/include/tm_msgs/tm_msgs/srv/detail/set_event__type_support.hpp
[1.497s] -- Up-to-date: /root/irslab_ws/install/tm_msgs/include/tm_msgs/tm_msgs/srv/detail/set_event__traits.hpp
[1.497s] -- Up-to-date: /root/irslab_ws/install/tm_msgs/include/tm_msgs/tm_msgs/srv/detail/set_io__struct.hpp
[1.497s] -- Up-to-date: /root/irslab_ws/install/tm_msgs/include/tm_msgs/tm_msgs/srv/detail/connect_tm__builder.hpp
[1.497s] -- Up-to-date: /root/irslab_ws/install/tm_msgs/include/tm_msgs/tm_msgs/srv/detail/ask_sta__type_support.hpp
[1.497s] -- Up-to-date: /root/irslab_ws/install/tm_msgs/include/tm_msgs/tm_msgs/srv/detail/robot_command__traits.hpp
[1.497s] -- Up-to-date: /root/irslab_ws/install/tm_msgs/include/tm_msgs/tm_msgs/srv/detail/set_positions__traits.hpp
[1.497s] -- Up-to-date: /root/irslab_ws/install/tm_msgs/include/tm_msgs/tm_msgs/srv/detail/write_item__struct.hpp
[1.497s] -- Up-to-date: /root/irslab_ws/install/tm_msgs/include/tm_msgs/tm_msgs/srv/detail/robot_command__type_support.hpp
[1.497s] -- Up-to-date: /root/irslab_ws/install/tm_msgs/include/tm_msgs/tm_msgs/srv/detail/set_io__builder.hpp
[1.497s] -- Up-to-date: /root/irslab_ws/install/tm_msgs/include/tm_msgs/tm_msgs/srv/detail/set_io__type_support.hpp
[1.497s] -- Up-to-date: /root/irslab_ws/install/tm_msgs/include/tm_msgs/tm_msgs/srv/detail/send_script__type_support.hpp
[1.497s] -- Up-to-date: /root/irslab_ws/install/tm_msgs/include/tm_msgs/tm_msgs/srv/detail/set_event__struct.hpp
[1.497s] -- Up-to-date: /root/irslab_ws/install/tm_msgs/include/tm_msgs/tm_msgs/srv/detail/set_positions__type_support.hpp
[1.497s] -- Up-to-date: /root/irslab_ws/install/tm_msgs/include/tm_msgs/tm_msgs/srv/detail/send_script__traits.hpp
[1.497s] -- Up-to-date: /root/irslab_ws/install/tm_msgs/include/tm_msgs/tm_msgs/srv/detail/ask_item__traits.hpp
[1.498s] -- Up-to-date: /root/irslab_ws/install/tm_msgs/include/tm_msgs/tm_msgs/srv/detail/connect_tm__traits.hpp
[1.498s] -- Up-to-date: /root/irslab_ws/install/tm_msgs/include/tm_msgs/tm_msgs/srv/detail/ask_sta__traits.hpp
[1.498s] -- Up-to-date: /root/irslab_ws/install/tm_msgs/include/tm_msgs/tm_msgs/srv/detail/write_item__traits.hpp
[1.498s] -- Up-to-date: /root/irslab_ws/install/tm_msgs/include/tm_msgs/tm_msgs/srv/detail/ask_item__type_support.hpp
[1.498s] -- Up-to-date: /root/irslab_ws/install/tm_msgs/include/tm_msgs/tm_msgs/srv/detail/set_event__builder.hpp
[1.498s] -- Up-to-date: /root/irslab_ws/install/tm_msgs/include/tm_msgs/tm_msgs/srv/detail/send_script__builder.hpp
[1.498s] -- Up-to-date: /root/irslab_ws/install/tm_msgs/include/tm_msgs/tm_msgs/srv/detail/set_positions__struct.hpp
[1.498s] -- Up-to-date: /root/irslab_ws/install/tm_msgs/include/tm_msgs/tm_msgs/srv/detail/set_positions__builder.hpp
[1.498s] -- Up-to-date: /root/irslab_ws/install/tm_msgs/include/tm_msgs/tm_msgs/srv/detail/ask_item__struct.hpp
[1.498s] -- Up-to-date: /root/irslab_ws/install/tm_msgs/include/tm_msgs/tm_msgs/srv/detail/robot_command__struct.hpp
[1.498s] -- Up-to-date: /root/irslab_ws/install/tm_msgs/include/tm_msgs/tm_msgs/srv/detail/write_item__builder.hpp
[1.498s] -- Up-to-date: /root/irslab_ws/install/tm_msgs/include/tm_msgs/tm_msgs/srv/detail/ask_sta__struct.hpp
[1.498s] -- Up-to-date: /root/irslab_ws/install/tm_msgs/include/tm_msgs/tm_msgs/srv/detail/set_io__traits.hpp
[1.498s] -- Up-to-date: /root/irslab_ws/install/tm_msgs/include/tm_msgs/tm_msgs/srv/detail/ask_item__builder.hpp
[1.498s] -- Up-to-date: /root/irslab_ws/install/tm_msgs/include/tm_msgs/tm_msgs/srv/detail/connect_tm__type_support.hpp
[1.498s] -- Up-to-date: /root/irslab_ws/install/tm_msgs/include/tm_msgs/tm_msgs/srv/detail/connect_tm__struct.hpp
[1.498s] -- Up-to-date: /root/irslab_ws/install/tm_msgs/include/tm_msgs/tm_msgs/srv/detail/send_script__struct.hpp
[1.498s] -- Up-to-date: /root/irslab_ws/install/tm_msgs/include/tm_msgs/tm_msgs/msg
[1.498s] -- Up-to-date: /root/irslab_ws/install/tm_msgs/include/tm_msgs/tm_msgs/msg/sct_response.hpp
[1.498s] -- Up-to-date: /root/irslab_ws/install/tm_msgs/include/tm_msgs/tm_msgs/msg/svr_response.hpp
[1.498s] -- Up-to-date: /root/irslab_ws/install/tm_msgs/include/tm_msgs/tm_msgs/msg/rosidl_generator_cpp__visibility_control.hpp
[1.499s] -- Up-to-date: /root/irslab_ws/install/tm_msgs/include/tm_msgs/tm_msgs/msg/feedback_state.hpp
[1.499s] -- Up-to-date: /root/irslab_ws/install/tm_msgs/include/tm_msgs/tm_msgs/msg/sta_response.hpp
[1.499s] -- Up-to-date: /root/irslab_ws/install/tm_msgs/include/tm_msgs/tm_msgs/msg/detail
[1.499s] -- Up-to-date: /root/irslab_ws/install/tm_msgs/include/tm_msgs/tm_msgs/msg/detail/svr_response__struct.hpp
[1.499s] -- Up-to-date: /root/irslab_ws/install/tm_msgs/include/tm_msgs/tm_msgs/msg/detail/svr_response__traits.hpp
[1.499s] -- Up-to-date: /root/irslab_ws/install/tm_msgs/include/tm_msgs/tm_msgs/msg/detail/sta_response__type_support.hpp
[1.499s] -- Up-to-date: /root/irslab_ws/install/tm_msgs/include/tm_msgs/tm_msgs/msg/detail/sta_response__traits.hpp
[1.499s] -- Up-to-date: /root/irslab_ws/install/tm_msgs/include/tm_msgs/tm_msgs/msg/detail/svr_response__type_support.hpp
[1.499s] -- Up-to-date: /root/irslab_ws/install/tm_msgs/include/tm_msgs/tm_msgs/msg/detail/feedback_state__traits.hpp
[1.499s] -- Up-to-date: /root/irslab_ws/install/tm_msgs/include/tm_msgs/tm_msgs/msg/detail/sct_response__struct.hpp
[1.499s] -- Up-to-date: /root/irslab_ws/install/tm_msgs/include/tm_msgs/tm_msgs/msg/detail/feedback_state__struct.hpp
[1.499s] -- Up-to-date: /root/irslab_ws/install/tm_msgs/include/tm_msgs/tm_msgs/msg/detail/sta_response__builder.hpp
[1.499s] -- Up-to-date: /root/irslab_ws/install/tm_msgs/include/tm_msgs/tm_msgs/msg/detail/sct_response__type_support.hpp
[1.499s] -- Up-to-date: /root/irslab_ws/install/tm_msgs/include/tm_msgs/tm_msgs/msg/detail/sta_response__struct.hpp
[1.499s] -- Up-to-date: /root/irslab_ws/install/tm_msgs/include/tm_msgs/tm_msgs/msg/detail/feedback_state__type_support.hpp
[1.499s] -- Up-to-date: /root/irslab_ws/install/tm_msgs/include/tm_msgs/tm_msgs/msg/detail/feedback_state__builder.hpp
[1.499s] -- Up-to-date: /root/irslab_ws/install/tm_msgs/include/tm_msgs/tm_msgs/msg/detail/sct_response__traits.hpp
[1.499s] -- Up-to-date: /root/irslab_ws/install/tm_msgs/include/tm_msgs/tm_msgs/msg/detail/svr_response__builder.hpp
[1.499s] -- Up-to-date: /root/irslab_ws/install/tm_msgs/include/tm_msgs/tm_msgs/msg/detail/sct_response__builder.hpp
[1.499s] -- Up-to-date: /root/irslab_ws/install/tm_msgs/include/tm_msgs/tm_msgs
[1.499s] -- Up-to-date: /root/irslab_ws/install/tm_msgs/include/tm_msgs/tm_msgs/srv
[1.500s] -- Up-to-date: /root/irslab_ws/install/tm_msgs/include/tm_msgs/tm_msgs/srv/detail
[1.500s] -- Up-to-date: /root/irslab_ws/install/tm_msgs/include/tm_msgs/tm_msgs/srv/detail/ask_sta__rosidl_typesupport_fastrtps_cpp.hpp
[1.500s] -- Up-to-date: /root/irslab_ws/install/tm_msgs/include/tm_msgs/tm_msgs/srv/detail/robot_command__rosidl_typesupport_fastrtps_cpp.hpp
[1.500s] -- Up-to-date: /root/irslab_ws/install/tm_msgs/include/tm_msgs/tm_msgs/srv/detail/connect_tm__rosidl_typesupport_fastrtps_cpp.hpp
[1.500s] -- Up-to-date: /root/irslab_ws/install/tm_msgs/include/tm_msgs/tm_msgs/srv/detail/ask_item__rosidl_typesupport_fastrtps_cpp.hpp
[1.500s] -- Up-to-date: /root/irslab_ws/install/tm_msgs/include/tm_msgs/tm_msgs/srv/detail/write_item__rosidl_typesupport_fastrtps_cpp.hpp
[1.500s] -- Up-to-date: /root/irslab_ws/install/tm_msgs/include/tm_msgs/tm_msgs/srv/detail/set_io__rosidl_typesupport_fastrtps_cpp.hpp
[1.500s] -- Up-to-date: /root/irslab_ws/install/tm_msgs/include/tm_msgs/tm_msgs/srv/detail/send_script__rosidl_typesupport_fastrtps_cpp.hpp
[1.500s] -- Up-to-date: /root/irslab_ws/install/tm_msgs/include/tm_msgs/tm_msgs/srv/detail/set_event__rosidl_typesupport_fastrtps_cpp.hpp
[1.500s] -- Up-to-date: /root/irslab_ws/install/tm_msgs/include/tm_msgs/tm_msgs/srv/detail/dds_fastrtps
[1.500s] -- Up-to-date: /root/irslab_ws/install/tm_msgs/include/tm_msgs/tm_msgs/srv/detail/set_positions__rosidl_typesupport_fastrtps_cpp.hpp
[1.500s] -- Up-to-date: /root/irslab_ws/install/tm_msgs/include/tm_msgs/tm_msgs/msg
[1.500s] -- Up-to-date: /root/irslab_ws/install/tm_msgs/include/tm_msgs/tm_msgs/msg/rosidl_typesupport_fastrtps_cpp__visibility_control.h
[1.500s] -- Up-to-date: /root/irslab_ws/install/tm_msgs/include/tm_msgs/tm_msgs/msg/detail
[1.500s] -- Up-to-date: /root/irslab_ws/install/tm_msgs/include/tm_msgs/tm_msgs/msg/detail/feedback_state__rosidl_typesupport_fastrtps_cpp.hpp
[1.500s] -- Up-to-date: /root/irslab_ws/install/tm_msgs/include/tm_msgs/tm_msgs/msg/detail/svr_response__rosidl_typesupport_fastrtps_cpp.hpp
[1.500s] -- Up-to-date: /root/irslab_ws/install/tm_msgs/include/tm_msgs/tm_msgs/msg/detail/sta_response__rosidl_typesupport_fastrtps_cpp.hpp
[1.500s] -- Up-to-date: /root/irslab_ws/install/tm_msgs/include/tm_msgs/tm_msgs/msg/detail/sct_response__rosidl_typesupport_fastrtps_cpp.hpp
[1.500s] -- Up-to-date: /root/irslab_ws/install/tm_msgs/include/tm_msgs/tm_msgs/msg/detail/dds_fastrtps
[1.500s] -- Up-to-date: /root/irslab_ws/install/tm_msgs/lib/libtm_msgs__rosidl_typesupport_fastrtps_cpp.so
[1.501s] -- Up-to-date: /root/irslab_ws/install/tm_msgs/include/tm_msgs/tm_msgs
[1.501s] -- Up-to-date: /root/irslab_ws/install/tm_msgs/include/tm_msgs/tm_msgs/srv
[1.501s] -- Up-to-date: /root/irslab_ws/install/tm_msgs/include/tm_msgs/tm_msgs/srv/detail
[1.501s] -- Up-to-date: /root/irslab_ws/install/tm_msgs/include/tm_msgs/tm_msgs/srv/detail/send_script__type_support.cpp
[1.501s] -- Up-to-date: /root/irslab_ws/install/tm_msgs/include/tm_msgs/tm_msgs/srv/detail/ask_item__type_support.cpp
[1.501s] -- Up-to-date: /root/irslab_ws/install/tm_msgs/include/tm_msgs/tm_msgs/srv/detail/set_event__rosidl_typesupport_introspection_cpp.hpp
[1.501s] -- Up-to-date: /root/irslab_ws/install/tm_msgs/include/tm_msgs/tm_msgs/srv/detail/ask_item__rosidl_typesupport_introspection_cpp.hpp
[1.501s] -- Up-to-date: /root/irslab_ws/install/tm_msgs/include/tm_msgs/tm_msgs/srv/detail/send_script__rosidl_typesupport_introspection_cpp.hpp
[1.501s] -- Up-to-date: /root/irslab_ws/install/tm_msgs/include/tm_msgs/tm_msgs/srv/detail/ask_sta__rosidl_typesupport_introspection_cpp.hpp
[1.501s] -- Up-to-date: /root/irslab_ws/install/tm_msgs/include/tm_msgs/tm_msgs/srv/detail/ask_sta__type_support.cpp
[1.501s] -- Up-to-date: /root/irslab_ws/install/tm_msgs/include/tm_msgs/tm_msgs/srv/detail/set_event__type_support.cpp
[1.501s] -- Up-to-date: /root/irslab_ws/install/tm_msgs/include/tm_msgs/tm_msgs/srv/detail/set_positions__rosidl_typesupport_introspection_cpp.hpp
[1.501s] -- Up-to-date: /root/irslab_ws/install/tm_msgs/include/tm_msgs/tm_msgs/srv/detail/write_item__rosidl_typesupport_introspection_cpp.hpp
[1.501s] -- Up-to-date: /root/irslab_ws/install/tm_msgs/include/tm_msgs/tm_msgs/srv/detail/robot_command__rosidl_typesupport_introspection_cpp.hpp
[1.501s] -- Up-to-date: /root/irslab_ws/install/tm_msgs/include/tm_msgs/tm_msgs/srv/detail/write_item__type_support.cpp
[1.501s] -- Up-to-date: /root/irslab_ws/install/tm_msgs/include/tm_msgs/tm_msgs/srv/detail/connect_tm__rosidl_typesupport_introspection_cpp.hpp
[1.501s] -- Up-to-date: /root/irslab_ws/install/tm_msgs/include/tm_msgs/tm_msgs/srv/detail/set_io__rosidl_typesupport_introspection_cpp.hpp
[1.501s] -- Up-to-date: /root/irslab_ws/install/tm_msgs/include/tm_msgs/tm_msgs/srv/detail/connect_tm__type_support.cpp
[1.501s] -- Up-to-date: /root/irslab_ws/install/tm_msgs/include/tm_msgs/tm_msgs/srv/detail/robot_command__type_support.cpp
[1.501s] -- Up-to-date: /root/irslab_ws/install/tm_msgs/include/tm_msgs/tm_msgs/srv/detail/set_positions__type_support.cpp
[1.501s] -- Up-to-date: /root/irslab_ws/install/tm_msgs/include/tm_msgs/tm_msgs/srv/detail/set_io__type_support.cpp
[1.501s] -- Up-to-date: /root/irslab_ws/install/tm_msgs/include/tm_msgs/tm_msgs/msg
[1.501s] -- Up-to-date: /root/irslab_ws/install/tm_msgs/include/tm_msgs/tm_msgs/msg/detail
[1.502s] -- Up-to-date: /root/irslab_ws/install/tm_msgs/include/tm_msgs/tm_msgs/msg/detail/sta_response__rosidl_typesupport_introspection_cpp.hpp
[1.502s] -- Up-to-date: /root/irslab_ws/install/tm_msgs/include/tm_msgs/tm_msgs/msg/detail/svr_response__type_support.cpp
[1.502s] -- Up-to-date: /root/irslab_ws/install/tm_msgs/include/tm_msgs/tm_msgs/msg/detail/feedback_state__rosidl_typesupport_introspection_cpp.hpp
[1.502s] -- Up-to-date: /root/irslab_ws/install/tm_msgs/include/tm_msgs/tm_msgs/msg/detail/feedback_state__type_support.cpp
[1.502s] -- Up-to-date: /root/irslab_ws/install/tm_msgs/include/tm_msgs/tm_msgs/msg/detail/sct_response__rosidl_typesupport_introspection_cpp.hpp
[1.502s] -- Up-to-date: /root/irslab_ws/install/tm_msgs/include/tm_msgs/tm_msgs/msg/detail/sta_response__type_support.cpp
[1.503s] -- Up-to-date: /root/irslab_ws/install/tm_msgs/include/tm_msgs/tm_msgs/msg/detail/sct_response__type_support.cpp
[1.503s] -- Up-to-date: /root/irslab_ws/install/tm_msgs/include/tm_msgs/tm_msgs/msg/detail/svr_response__rosidl_typesupport_introspection_cpp.hpp
[1.503s] -- Up-to-date: /root/irslab_ws/install/tm_msgs/lib/libtm_msgs__rosidl_typesupport_introspection_cpp.so
[1.516s] -- Up-to-date: /root/irslab_ws/install/tm_msgs/lib/libtm_msgs__rosidl_typesupport_cpp.so
[1.516s] -- Up-to-date: /root/irslab_ws/install/tm_msgs/share/tm_msgs/environment/pythonpath.sh
[1.517s] -- Up-to-date: /root/irslab_ws/install/tm_msgs/share/tm_msgs/environment/pythonpath.dsv
[1.517s] -- Up-to-date: /root/irslab_ws/install/tm_msgs/local/lib/python3.10/dist-packages/tm_msgs-1.1.2-py3.10.egg-info
[1.517s] -- Installing: /root/irslab_ws/install/tm_msgs/local/lib/python3.10/dist-packages/tm_msgs-1.1.2-py3.10.egg-info/top_level.txt
[1.517s] -- Installing: /root/irslab_ws/install/tm_msgs/local/lib/python3.10/dist-packages/tm_msgs-1.1.2-py3.10.egg-info/SOURCES.txt
[1.517s] -- Installing: /root/irslab_ws/install/tm_msgs/local/lib/python3.10/dist-packages/tm_msgs-1.1.2-py3.10.egg-info/PKG-INFO
[1.517s] -- Installing: /root/irslab_ws/install/tm_msgs/local/lib/python3.10/dist-packages/tm_msgs-1.1.2-py3.10.egg-info/dependency_links.txt
[1.517s] -- Up-to-date: /root/irslab_ws/install/tm_msgs/local/lib/python3.10/dist-packages/tm_msgs
[1.517s] -- Up-to-date: /root/irslab_ws/install/tm_msgs/local/lib/python3.10/dist-packages/tm_msgs/__init__.py
[1.517s] -- Up-to-date: /root/irslab_ws/install/tm_msgs/local/lib/python3.10/dist-packages/tm_msgs/_tm_msgs_s.ep.rosidl_typesupport_fastrtps_c.c
[1.517s] -- Up-to-date: /root/irslab_ws/install/tm_msgs/local/lib/python3.10/dist-packages/tm_msgs/tm_msgs_s__rosidl_typesupport_c.cpython-310-x86_64-linux-gnu.so
[1.517s] -- Up-to-date: /root/irslab_ws/install/tm_msgs/local/lib/python3.10/dist-packages/tm_msgs/libtm_msgs__rosidl_generator_py.so
[1.517s] -- Up-to-date: /root/irslab_ws/install/tm_msgs/local/lib/python3.10/dist-packages/tm_msgs/srv
[1.517s] -- Up-to-date: /root/irslab_ws/install/tm_msgs/local/lib/python3.10/dist-packages/tm_msgs/srv/_send_script.py
[1.517s] -- Up-to-date: /root/irslab_ws/install/tm_msgs/local/lib/python3.10/dist-packages/tm_msgs/srv/_ask_item.py
[1.517s] -- Up-to-date: /root/irslab_ws/install/tm_msgs/local/lib/python3.10/dist-packages/tm_msgs/srv/_ask_sta_s.c
[1.517s] -- Up-to-date: /root/irslab_ws/install/tm_msgs/local/lib/python3.10/dist-packages/tm_msgs/srv/__init__.py
[1.518s] -- Up-to-date: /root/irslab_ws/install/tm_msgs/local/lib/python3.10/dist-packages/tm_msgs/srv/_ask_item_s.c
[1.518s] -- Up-to-date: /root/irslab_ws/install/tm_msgs/local/lib/python3.10/dist-packages/tm_msgs/srv/_robot_command_s.c
[1.518s] -- Up-to-date: /root/irslab_ws/install/tm_msgs/local/lib/python3.10/dist-packages/tm_msgs/srv/_robot_command.py
[1.518s] -- Up-to-date: /root/irslab_ws/install/tm_msgs/local/lib/python3.10/dist-packages/tm_msgs/srv/_write_item_s.c
[1.518s] -- Up-to-date: /root/irslab_ws/install/tm_msgs/local/lib/python3.10/dist-packages/tm_msgs/srv/_set_io.py
[1.518s] -- Up-to-date: /root/irslab_ws/install/tm_msgs/local/lib/python3.10/dist-packages/tm_msgs/srv/_send_script_s.c
[1.518s] -- Up-to-date: /root/irslab_ws/install/tm_msgs/local/lib/python3.10/dist-packages/tm_msgs/srv/_write_item.py
[1.518s] -- Up-to-date: /root/irslab_ws/install/tm_msgs/local/lib/python3.10/dist-packages/tm_msgs/srv/_ask_sta.py
[1.518s] -- Up-to-date: /root/irslab_ws/install/tm_msgs/local/lib/python3.10/dist-packages/tm_msgs/srv/_set_event.py
[1.518s] -- Up-to-date: /root/irslab_ws/install/tm_msgs/local/lib/python3.10/dist-packages/tm_msgs/srv/_connect_tm_s.c
[1.518s] -- Up-to-date: /root/irslab_ws/install/tm_msgs/local/lib/python3.10/dist-packages/tm_msgs/srv/_connect_tm.py
[1.518s] -- Up-to-date: /root/irslab_ws/install/tm_msgs/local/lib/python3.10/dist-packages/tm_msgs/srv/_set_positions.py
[1.518s] -- Up-to-date: /root/irslab_ws/install/tm_msgs/local/lib/python3.10/dist-packages/tm_msgs/srv/_set_io_s.c
[1.518s] -- Up-to-date: /root/irslab_ws/install/tm_msgs/local/lib/python3.10/dist-packages/tm_msgs/srv/_set_positions_s.c
[1.518s] -- Up-to-date: /root/irslab_ws/install/tm_msgs/local/lib/python3.10/dist-packages/tm_msgs/srv/_set_event_s.c
[1.518s] -- Up-to-date: /root/irslab_ws/install/tm_msgs/local/lib/python3.10/dist-packages/tm_msgs/_tm_msgs_s.ep.rosidl_typesupport_c.c
[1.518s] -- Up-to-date: /root/irslab_ws/install/tm_msgs/local/lib/python3.10/dist-packages/tm_msgs/_tm_msgs_s.ep.rosidl_typesupport_introspection_c.c
[1.519s] -- Up-to-date: /root/irslab_ws/install/tm_msgs/local/lib/python3.10/dist-packages/tm_msgs/tm_msgs_s__rosidl_typesupport_introspection_c.cpython-310-x86_64-linux-gnu.so
[1.519s] -- Up-to-date: /root/irslab_ws/install/tm_msgs/local/lib/python3.10/dist-packages/tm_msgs/tm_msgs_s__rosidl_typesupport_fastrtps_c.cpython-310-x86_64-linux-gnu.so
[1.519s] -- Up-to-date: /root/irslab_ws/install/tm_msgs/local/lib/python3.10/dist-packages/tm_msgs/msg
[1.519s] -- Up-to-date: /root/irslab_ws/install/tm_msgs/local/lib/python3.10/dist-packages/tm_msgs/msg/__init__.py
[1.519s] -- Up-to-date: /root/irslab_ws/install/tm_msgs/local/lib/python3.10/dist-packages/tm_msgs/msg/_feedback_state_s.c
[1.519s] -- Up-to-date: /root/irslab_ws/install/tm_msgs/local/lib/python3.10/dist-packages/tm_msgs/msg/_sct_response_s.c
[1.519s] -- Up-to-date: /root/irslab_ws/install/tm_msgs/local/lib/python3.10/dist-packages/tm_msgs/msg/_feedback_state.py
[1.519s] -- Up-to-date: /root/irslab_ws/install/tm_msgs/local/lib/python3.10/dist-packages/tm_msgs/msg/_svr_response_s.c
[1.519s] -- Up-to-date: /root/irslab_ws/install/tm_msgs/local/lib/python3.10/dist-packages/tm_msgs/msg/_sta_response_s.c
[1.519s] -- Up-to-date: /root/irslab_ws/install/tm_msgs/local/lib/python3.10/dist-packages/tm_msgs/msg/_sct_response.py
[1.519s] -- Up-to-date: /root/irslab_ws/install/tm_msgs/local/lib/python3.10/dist-packages/tm_msgs/msg/_sta_response.py
[1.519s] -- Up-to-date: /root/irslab_ws/install/tm_msgs/local/lib/python3.10/dist-packages/tm_msgs/msg/_svr_response.py
[1.520s] Listing '/root/irslab_ws/install/tm_msgs/local/lib/python3.10/dist-packages/tm_msgs'...
[1.520s] Listing '/root/irslab_ws/install/tm_msgs/local/lib/python3.10/dist-packages/tm_msgs/msg'...
[1.520s] Listing '/root/irslab_ws/install/tm_msgs/local/lib/python3.10/dist-packages/tm_msgs/srv'...
[1.520s] -- Up-to-date: /root/irslab_ws/install/tm_msgs/local/lib/python3.10/dist-packages/tm_msgs/tm_msgs_s__rosidl_typesupport_fastrtps_c.cpython-310-x86_64-linux-gnu.so
[1.520s] -- Up-to-date: /root/irslab_ws/install/tm_msgs/local/lib/python3.10/dist-packages/tm_msgs/tm_msgs_s__rosidl_typesupport_introspection_c.cpython-310-x86_64-linux-gnu.so
[1.520s] -- Up-to-date: /root/irslab_ws/install/tm_msgs/local/lib/python3.10/dist-packages/tm_msgs/tm_msgs_s__rosidl_typesupport_c.cpython-310-x86_64-linux-gnu.so
[1.520s] -- Up-to-date: /root/irslab_ws/install/tm_msgs/lib/libtm_msgs__rosidl_generator_py.so
[1.520s] -- Up-to-date: /root/irslab_ws/install/tm_msgs/share/tm_msgs/msg/FeedbackState.idl
[1.520s] -- Up-to-date: /root/irslab_ws/install/tm_msgs/share/tm_msgs/msg/SvrResponse.idl
[1.520s] -- Up-to-date: /root/irslab_ws/install/tm_msgs/share/tm_msgs/msg/SctResponse.idl
[1.520s] -- Up-to-date: /root/irslab_ws/install/tm_msgs/share/tm_msgs/msg/StaResponse.idl
[1.520s] -- Up-to-date: /root/irslab_ws/install/tm_msgs/share/tm_msgs/srv/ConnectTM.idl
[1.520s] -- Up-to-date: /root/irslab_ws/install/tm_msgs/share/tm_msgs/srv/WriteItem.idl
[1.520s] -- Up-to-date: /root/irslab_ws/install/tm_msgs/share/tm_msgs/srv/AskItem.idl
[1.520s] -- Up-to-date: /root/irslab_ws/install/tm_msgs/share/tm_msgs/srv/SendScript.idl
[1.521s] -- Up-to-date: /root/irslab_ws/install/tm_msgs/share/tm_msgs/srv/SetEvent.idl
[1.521s] -- Up-to-date: /root/irslab_ws/install/tm_msgs/share/tm_msgs/srv/SetIO.idl
[1.521s] -- Up-to-date: /root/irslab_ws/install/tm_msgs/share/tm_msgs/srv/SetPositions.idl
[1.521s] -- Up-to-date: /root/irslab_ws/install/tm_msgs/share/tm_msgs/srv/AskSta.idl
[1.521s] -- Up-to-date: /root/irslab_ws/install/tm_msgs/share/tm_msgs/srv/RobotCommand.idl
[1.521s] -- Up-to-date: /root/irslab_ws/install/tm_msgs/share/tm_msgs/msg/FeedbackState.msg
[1.521s] -- Up-to-date: /root/irslab_ws/install/tm_msgs/share/tm_msgs/msg/SvrResponse.msg
[1.521s] -- Up-to-date: /root/irslab_ws/install/tm_msgs/share/tm_msgs/msg/SctResponse.msg
[1.521s] -- Up-to-date: /root/irslab_ws/install/tm_msgs/share/tm_msgs/msg/StaResponse.msg
[1.521s] -- Up-to-date: /root/irslab_ws/install/tm_msgs/share/tm_msgs/srv/ConnectTM.srv
[1.521s] -- Up-to-date: /root/irslab_ws/install/tm_msgs/share/tm_msgs/srv/ConnectTM_Request.msg
[1.521s] -- Up-to-date: /root/irslab_ws/install/tm_msgs/share/tm_msgs/srv/ConnectTM_Response.msg
[1.521s] -- Up-to-date: /root/irslab_ws/install/tm_msgs/share/tm_msgs/srv/WriteItem.srv
[1.521s] -- Up-to-date: /root/irslab_ws/install/tm_msgs/share/tm_msgs/srv/WriteItem_Request.msg
[1.521s] -- Up-to-date: /root/irslab_ws/install/tm_msgs/share/tm_msgs/srv/WriteItem_Response.msg
[1.522s] -- Up-to-date: /root/irslab_ws/install/tm_msgs/share/tm_msgs/srv/AskItem.srv
[1.522s] -- Up-to-date: /root/irslab_ws/install/tm_msgs/share/tm_msgs/srv/AskItem_Request.msg
[1.522s] -- Up-to-date: /root/irslab_ws/install/tm_msgs/share/tm_msgs/srv/AskItem_Response.msg
[1.522s] -- Up-to-date: /root/irslab_ws/install/tm_msgs/share/tm_msgs/srv/SendScript.srv
[1.522s] -- Up-to-date: /root/irslab_ws/install/tm_msgs/share/tm_msgs/srv/SendScript_Request.msg
[1.522s] -- Up-to-date: /root/irslab_ws/install/tm_msgs/share/tm_msgs/srv/SendScript_Response.msg
[1.522s] -- Up-to-date: /root/irslab_ws/install/tm_msgs/share/tm_msgs/srv/SetEvent.srv
[1.522s] -- Up-to-date: /root/irslab_ws/install/tm_msgs/share/tm_msgs/srv/SetEvent_Request.msg
[1.522s] -- Up-to-date: /root/irslab_ws/install/tm_msgs/share/tm_msgs/srv/SetEvent_Response.msg
[1.522s] -- Up-to-date: /root/irslab_ws/install/tm_msgs/share/tm_msgs/srv/SetIO.srv
[1.523s] -- Up-to-date: /root/irslab_ws/install/tm_msgs/share/tm_msgs/srv/SetIO_Request.msg
[1.523s] -- Up-to-date: /root/irslab_ws/install/tm_msgs/share/tm_msgs/srv/SetIO_Response.msg
[1.525s] -- Up-to-date: /root/irslab_ws/install/tm_msgs/share/tm_msgs/srv/SetPositions.srv
[1.526s] -- Up-to-date: /root/irslab_ws/install/tm_msgs/share/tm_msgs/srv/SetPositions_Request.msg
[1.527s] -- Up-to-date: /root/irslab_ws/install/tm_msgs/share/tm_msgs/srv/SetPositions_Response.msg
[1.527s] -- Up-to-date: /root/irslab_ws/install/tm_msgs/share/tm_msgs/srv/AskSta.srv
[1.528s] -- Up-to-date: /root/irslab_ws/install/tm_msgs/share/tm_msgs/srv/AskSta_Request.msg
[1.528s] -- Up-to-date: /root/irslab_ws/install/tm_msgs/share/tm_msgs/srv/AskSta_Response.msg
[1.528s] -- Up-to-date: /root/irslab_ws/install/tm_msgs/share/tm_msgs/srv/RobotCommand.srv
[1.529s] -- Up-to-date: /root/irslab_ws/install/tm_msgs/share/tm_msgs/srv/RobotCommand_Request.msg
[1.531s] -- Up-to-date: /root/irslab_ws/install/tm_msgs/share/tm_msgs/srv/RobotCommand_Response.msg
[1.531s] -- Up-to-date: /root/irslab_ws/install/tm_msgs/share/ament_index/resource_index/package_run_dependencies/tm_msgs
[1.532s] -- Up-to-date: /root/irslab_ws/install/tm_msgs/share/ament_index/resource_index/parent_prefix_path/tm_msgs
[1.532s] -- Up-to-date: /root/irslab_ws/install/tm_msgs/share/tm_msgs/environment/ament_prefix_path.sh
[1.533s] -- Up-to-date: /root/irslab_ws/install/tm_msgs/share/tm_msgs/environment/ament_prefix_path.dsv
[1.534s] -- Up-to-date: /root/irslab_ws/install/tm_msgs/share/tm_msgs/environment/path.sh
[1.534s] -- Up-to-date: /root/irslab_ws/install/tm_msgs/share/tm_msgs/environment/path.dsv
[1.534s] -- Up-to-date: /root/irslab_ws/install/tm_msgs/share/tm_msgs/local_setup.bash
[1.536s] -- Up-to-date: /root/irslab_ws/install/tm_msgs/share/tm_msgs/local_setup.sh
[1.536s] -- Up-to-date: /root/irslab_ws/install/tm_msgs/share/tm_msgs/local_setup.zsh
[1.537s] -- Up-to-date: /root/irslab_ws/install/tm_msgs/share/tm_msgs/local_setup.dsv
[1.537s] -- Installing: /root/irslab_ws/install/tm_msgs/share/tm_msgs/package.dsv
[1.537s] -- Up-to-date: /root/irslab_ws/install/tm_msgs/share/ament_index/resource_index/packages/tm_msgs
[1.537s] -- Up-to-date: /root/irslab_ws/install/tm_msgs/share/tm_msgs/cmake/export_tm_msgs__rosidl_generator_cExport.cmake
[1.538s] -- Up-to-date: /root/irslab_ws/install/tm_msgs/share/tm_msgs/cmake/export_tm_msgs__rosidl_generator_cExport-release.cmake
[1.538s] -- Up-to-date: /root/irslab_ws/install/tm_msgs/share/tm_msgs/cmake/export_tm_msgs__rosidl_typesupport_fastrtps_cExport.cmake
[1.539s] -- Up-to-date: /root/irslab_ws/install/tm_msgs/share/tm_msgs/cmake/export_tm_msgs__rosidl_typesupport_fastrtps_cExport-release.cmake
[1.540s] -- Up-to-date: /root/irslab_ws/install/tm_msgs/share/tm_msgs/cmake/tm_msgs__rosidl_typesupport_introspection_cExport.cmake
[1.540s] -- Up-to-date: /root/irslab_ws/install/tm_msgs/share/tm_msgs/cmake/tm_msgs__rosidl_typesupport_introspection_cExport-release.cmake
[1.540s] -- Up-to-date: /root/irslab_ws/install/tm_msgs/share/tm_msgs/cmake/tm_msgs__rosidl_typesupport_cExport.cmake
[1.541s] -- Up-to-date: /root/irslab_ws/install/tm_msgs/share/tm_msgs/cmake/tm_msgs__rosidl_typesupport_cExport-release.cmake
[1.541s] -- Up-to-date: /root/irslab_ws/install/tm_msgs/share/tm_msgs/cmake/export_tm_msgs__rosidl_generator_cppExport.cmake
[1.541s] -- Up-to-date: /root/irslab_ws/install/tm_msgs/share/tm_msgs/cmake/export_tm_msgs__rosidl_typesupport_fastrtps_cppExport.cmake
[1.542s] -- Up-to-date: /root/irslab_ws/install/tm_msgs/share/tm_msgs/cmake/export_tm_msgs__rosidl_typesupport_fastrtps_cppExport-release.cmake
[1.542s] -- Up-to-date: /root/irslab_ws/install/tm_msgs/share/tm_msgs/cmake/tm_msgs__rosidl_typesupport_introspection_cppExport.cmake
[1.542s] -- Up-to-date: /root/irslab_ws/install/tm_msgs/share/tm_msgs/cmake/tm_msgs__rosidl_typesupport_introspection_cppExport-release.cmake
[1.542s] -- Up-to-date: /root/irslab_ws/install/tm_msgs/share/tm_msgs/cmake/tm_msgs__rosidl_typesupport_cppExport.cmake
[1.542s] -- Up-to-date: /root/irslab_ws/install/tm_msgs/share/tm_msgs/cmake/tm_msgs__rosidl_typesupport_cppExport-release.cmake
[1.542s] -- Up-to-date: /root/irslab_ws/install/tm_msgs/share/tm_msgs/cmake/export_tm_msgs__rosidl_generator_pyExport.cmake
[1.543s] -- Up-to-date: /root/irslab_ws/install/tm_msgs/share/tm_msgs/cmake/export_tm_msgs__rosidl_generator_pyExport-release.cmake
[1.543s] -- Up-to-date: /root/irslab_ws/install/tm_msgs/share/tm_msgs/cmake/rosidl_cmake-extras.cmake
[1.543s] -- Up-to-date: /root/irslab_ws/install/tm_msgs/share/tm_msgs/cmake/ament_cmake_export_dependencies-extras.cmake
[1.544s] -- Up-to-date: /root/irslab_ws/install/tm_msgs/share/tm_msgs/cmake/ament_cmake_export_include_directories-extras.cmake
[1.545s] -- Up-to-date: /root/irslab_ws/install/tm_msgs/share/tm_msgs/cmake/ament_cmake_export_libraries-extras.cmake
[1.545s] -- Up-to-date: /root/irslab_ws/install/tm_msgs/share/tm_msgs/cmake/ament_cmake_export_targets-extras.cmake
[1.545s] -- Up-to-date: /root/irslab_ws/install/tm_msgs/share/tm_msgs/cmake/rosidl_cmake_export_typesupport_targets-extras.cmake
[1.545s] -- Up-to-date: /root/irslab_ws/install/tm_msgs/share/tm_msgs/cmake/rosidl_cmake_export_typesupport_libraries-extras.cmake
[1.546s] -- Up-to-date: /root/irslab_ws/install/tm_msgs/share/tm_msgs/cmake/tm_msgsConfig.cmake
[1.546s] -- Up-to-date: /root/irslab_ws/install/tm_msgs/share/tm_msgs/cmake/tm_msgsConfig-version.cmake
[1.546s] -- Up-to-date: /root/irslab_ws/install/tm_msgs/share/tm_msgs/package.xml
[1.701s] Invoked command in '/root/irslab_ws/build/tm_msgs' returned '0': CMAKE_PREFIX_PATH=${CMAKE_PREFIX_PATH}:/root/irslab_ws/install/tm_mod_urdf:/root/irslab_ws/install/pick_nav_place:/root/irslab_ws/install/pa_warehouse_status:/root/irslab_ws/install/hand_solo_virtual_nav:/root/irslab_ws/install/hand_solo_arm:/opt/ros/humble /usr/bin/cmake --install /root/irslab_ws/build/tm_msgs
