[0.186s] Invoking command in '/root/irslab_ws/build/tm_description': CMAKE_PREFIX_PATH=${CMAKE_PREFIX_PATH}:/root/irslab_ws/install/tm_mod_urdf:/root/irslab_ws/install/pick_nav_place:/root/irslab_ws/install/pa_warehouse_status:/root/irslab_ws/install/hand_solo_virtual_nav:/root/irslab_ws/install/hand_solo_arm:/opt/ros/humble /usr/bin/cmake --build /root/irslab_ws/build/tm_description -- -j20 -l20
[2.455s] Invoked command in '/root/irslab_ws/build/tm_description' returned '0': CMAKE_PREFIX_PATH=${CMAKE_PREFIX_PATH}:/root/irslab_ws/install/tm_mod_urdf:/root/irslab_ws/install/pick_nav_place:/root/irslab_ws/install/pa_warehouse_status:/root/irslab_ws/install/hand_solo_virtual_nav:/root/irslab_ws/install/hand_solo_arm:/opt/ros/humble /usr/bin/cmake --build /root/irslab_ws/build/tm_description -- -j20 -l20
[2.458s] Invoking command in '/root/irslab_ws/build/tm_description': CMAKE_PREFIX_PATH=${CMAKE_PREFIX_PATH}:/root/irslab_ws/install/tm_mod_urdf:/root/irslab_ws/install/pick_nav_place:/root/irslab_ws/install/pa_warehouse_status:/root/irslab_ws/install/hand_solo_virtual_nav:/root/irslab_ws/install/hand_solo_arm:/opt/ros/humble /usr/bin/cmake --install /root/irslab_ws/build/tm_description
[2.490s] -- Install configuration: "Release"
[2.514s] -- Up-to-date: /root/irslab_ws/install/tm_description/share/ament_index/resource_index/package_run_dependencies/tm_description
[2.520s] -- Up-to-date: /root/irslab_ws/install/tm_description/share/ament_index/resource_index/parent_prefix_path/tm_description
[2.521s] -- Up-to-date: /root/irslab_ws/install/tm_description/share/tm_description/environment/ament_prefix_path.sh
[2.524s] -- Up-to-date: /root/irslab_ws/install/tm_description/share/tm_description/environment/ament_prefix_path.dsv
[2.525s] -- Up-to-date: /root/irslab_ws/install/tm_description/share/tm_description/environment/path.sh
[2.526s] -- Up-to-date: /root/irslab_ws/install/tm_description/share/tm_description/environment/path.dsv
[2.527s] -- Up-to-date: /root/irslab_ws/install/tm_description/share/tm_description/local_setup.bash
[2.527s] -- Up-to-date: /root/irslab_ws/install/tm_description/share/tm_description/local_setup.sh
[2.530s] -- Up-to-date: /root/irslab_ws/install/tm_description/share/tm_description/local_setup.zsh
[2.533s] -- Up-to-date: /root/irslab_ws/install/tm_description/share/tm_description/local_setup.dsv
[2.534s] -- Installing: /root/irslab_ws/install/tm_description/share/tm_description/package.dsv
[2.535s] -- Up-to-date: /root/irslab_ws/install/tm_description/share/ament_index/resource_index/packages/tm_description
[2.536s] -- Up-to-date: /root/irslab_ws/install/tm_description/share/tm_description/cmake/tm_descriptionConfig.cmake
[2.537s] -- Up-to-date: /root/irslab_ws/install/tm_description/share/tm_description/cmake/tm_descriptionConfig-version.cmake
[2.538s] -- Up-to-date: /root/irslab_ws/install/tm_description/share/tm_description/package.xml
[2.539s] -- Up-to-date: /root/irslab_ws/install/tm_description/share/tm_description/meshes
[2.539s] -- Up-to-date: /root/irslab_ws/install/tm_description/share/tm_description/meshes/tm5-700
[2.539s] -- Up-to-date: /root/irslab_ws/install/tm_description/share/tm_description/meshes/tm5-700/visual
[2.539s] -- Up-to-date: /root/irslab_ws/install/tm_description/share/tm_description/meshes/tm5-700/visual/tm5-700_arm1.stl
[2.539s] -- Up-to-date: /root/irslab_ws/install/tm_description/share/tm_description/meshes/tm5-700/visual/tm5-700_arm2.obj
[2.540s] -- Up-to-date: /root/irslab_ws/install/tm_description/share/tm_description/meshes/tm5-700/visual/tm5-700_arm2.mtl
[2.541s] -- Up-to-date: /root/irslab_ws/install/tm_description/share/tm_description/meshes/tm5-700/visual/tm5-700_arm2.stl
[2.542s] -- Up-to-date: /root/irslab_ws/install/tm_description/share/tm_description/meshes/tm5-700/visual/tm5-700_arm1.obj
[2.542s] -- Up-to-date: /root/irslab_ws/install/tm_description/share/tm_description/meshes/tm5-700/visual/tm5-700_arm1.mtl
[2.543s] -- Up-to-date: /root/irslab_ws/install/tm_description/share/tm_description/meshes/tm5-700/collision
[2.543s] -- Up-to-date: /root/irslab_ws/install/tm_description/share/tm_description/meshes/tm5-700/collision/tm5-700_arm1_c.stl
[2.544s] -- Up-to-date: /root/irslab_ws/install/tm_description/share/tm_description/meshes/tm5-700/collision/tm5-700_arm2_c.stl
[2.544s] -- Up-to-date: /root/irslab_ws/install/tm_description/share/tm_description/meshes/tm5-900
[2.544s] -- Up-to-date: /root/irslab_ws/install/tm_description/share/tm_description/meshes/tm5-900/visual
[2.544s] -- Up-to-date: /root/irslab_ws/install/tm_description/share/tm_description/meshes/tm5-900/visual/tmr_100w_01.mtl
[2.545s] -- Up-to-date: /root/irslab_ws/install/tm_description/share/tm_description/meshes/tm5-900/visual/tm5-base.obj
[2.545s] -- Up-to-date: /root/irslab_ws/install/tm_description/share/tm_description/meshes/tm5-900/visual/tm5-base.mtl
[2.545s] -- Up-to-date: /root/irslab_ws/install/tm_description/share/tm_description/meshes/tm5-900/visual/tmr_400w_01.obj
[2.545s] -- Up-to-date: /root/irslab_ws/install/tm_description/share/tm_description/meshes/tm5-900/visual/tmr_ee.obj
[2.545s] -- Up-to-date: /root/irslab_ws/install/tm_description/share/tm_description/meshes/tm5-900/visual/tmr_400w_01.stl
[2.545s] -- Up-to-date: /root/irslab_ws/install/tm_description/share/tm_description/meshes/tm5-900/visual/tmr_100w_02.mtl
[2.546s] -- Up-to-date: /root/irslab_ws/install/tm_description/share/tm_description/meshes/tm5-900/visual/tmr_ee.mtl
[2.546s] -- Up-to-date: /root/irslab_ws/install/tm_description/share/tm_description/meshes/tm5-900/visual/tmr_100w_02.stl
[2.546s] -- Up-to-date: /root/irslab_ws/install/tm_description/share/tm_description/meshes/tm5-900/visual/tm5-900_arm1.obj
[2.546s] -- Up-to-date: /root/irslab_ws/install/tm_description/share/tm_description/meshes/tm5-900/visual/tmr_100w_01.stl
[2.546s] -- Up-to-date: /root/irslab_ws/install/tm_description/share/tm_description/meshes/tm5-900/visual/tmr_iox.obj
[2.546s] -- Up-to-date: /root/irslab_ws/install/tm_description/share/tm_description/meshes/tm5-900/visual/tm5_base_moma.stl
[2.547s] -- Up-to-date: /root/irslab_ws/install/tm_description/share/tm_description/meshes/tm5-900/visual/tmr_100w_02.obj
[2.547s] -- Up-to-date: /root/irslab_ws/install/tm_description/share/tm_description/meshes/tm5-900/visual/tm5-900_arm1.mtl
[2.547s] -- Up-to-date: /root/irslab_ws/install/tm_description/share/tm_description/meshes/tm5-900/visual/tmr_400w_01.mtl
[2.547s] -- Up-to-date: /root/irslab_ws/install/tm_description/share/tm_description/meshes/tm5-900/visual/tm5-900_arm2.stl
[2.547s] -- Up-to-date: /root/irslab_ws/install/tm_description/share/tm_description/meshes/tm5-900/visual/tm5-900_arm2.obj
[2.547s] -- Up-to-date: /root/irslab_ws/install/tm_description/share/tm_description/meshes/tm5-900/visual/tmr_100w_01.obj
[2.547s] -- Up-to-date: /root/irslab_ws/install/tm_description/share/tm_description/meshes/tm5-900/visual/tmr_ee.stl
[2.548s] -- Up-to-date: /root/irslab_ws/install/tm_description/share/tm_description/meshes/tm5-900/visual/tm5-900_arm1.stl
[2.548s] -- Up-to-date: /root/irslab_ws/install/tm_description/share/tm_description/meshes/tm5-900/visual/tm5_base_moma.mtl
[2.548s] -- Up-to-date: /root/irslab_ws/install/tm_description/share/tm_description/meshes/tm5-900/visual/tm5-900_arm2.mtl
[2.549s] -- Up-to-date: /root/irslab_ws/install/tm_description/share/tm_description/meshes/tm5-900/visual/tm5_base_moma.obj
[2.551s] -- Up-to-date: /root/irslab_ws/install/tm_description/share/tm_description/meshes/tm5-900/visual/tmr_iox.mtl
[2.551s] -- Up-to-date: /root/irslab_ws/install/tm_description/share/tm_description/meshes/tm5-900/visual/tmr_iox.stl
[2.551s] -- Up-to-date: /root/irslab_ws/install/tm_description/share/tm_description/meshes/tm5-900/visual/tm5-base.stl
[2.552s] -- Up-to-date: /root/irslab_ws/install/tm_description/share/tm_description/meshes/tm5-900/collision
[2.552s] -- Up-to-date: /root/irslab_ws/install/tm_description/share/tm_description/meshes/tm5-900/collision/tmr_ee_c.stl
[2.552s] -- Up-to-date: /root/irslab_ws/install/tm_description/share/tm_description/meshes/tm5-900/collision/tm5_base_c.stl
[2.553s] -- Up-to-date: /root/irslab_ws/install/tm_description/share/tm_description/meshes/tm5-900/collision/tmr_iox_c.stl
[2.553s] -- Up-to-date: /root/irslab_ws/install/tm_description/share/tm_description/meshes/tm5-900/collision/tmr_400w_01_c.stl
[2.554s] -- Up-to-date: /root/irslab_ws/install/tm_description/share/tm_description/meshes/tm5-900/collision/tm5-900_arm1_c.stl
[2.554s] -- Up-to-date: /root/irslab_ws/install/tm_description/share/tm_description/meshes/tm5-900/collision/tmr_100w_01_c.stl
[2.555s] -- Up-to-date: /root/irslab_ws/install/tm_description/share/tm_description/meshes/tm5-900/collision/tmr_100w_02_c.stl
[2.555s] -- Up-to-date: /root/irslab_ws/install/tm_description/share/tm_description/meshes/tm5-900/collision/tm5-base_c.stl
[2.556s] -- Up-to-date: /root/irslab_ws/install/tm_description/share/tm_description/meshes/tm5-900/collision/tm5-900_arm2_c.stl
[2.557s] -- Up-to-date: /root/irslab_ws/install/tm_description/share/tm_description/meshes/tm20
[2.557s] -- Up-to-date: /root/irslab_ws/install/tm_description/share/tm_description/meshes/tm20/visual
[2.557s] -- Up-to-date: /root/irslab_ws/install/tm_description/share/tm_description/meshes/tm20/visual/tm20-j6.obj
[2.557s] -- Up-to-date: /root/irslab_ws/install/tm_description/share/tm_description/meshes/tm20/visual/tm20-j1.mtl
[2.558s] -- Up-to-date: /root/irslab_ws/install/tm_description/share/tm_description/meshes/tm20/visual/tm20-j5.obj
[2.558s] -- Up-to-date: /root/irslab_ws/install/tm_description/share/tm_description/meshes/tm20/visual/tm20-j1.stl
[2.558s] -- Up-to-date: /root/irslab_ws/install/tm_description/share/tm_description/meshes/tm20/visual/tm20-arm2.stl
[2.558s] -- Up-to-date: /root/irslab_ws/install/tm_description/share/tm_description/meshes/tm20/visual/tm20-arm1.obj
[2.558s] -- Up-to-date: /root/irslab_ws/install/tm_description/share/tm_description/meshes/tm20/visual/tm20-j1.obj
[2.559s] -- Up-to-date: /root/irslab_ws/install/tm_description/share/tm_description/meshes/tm20/visual/tm20-j5.mtl
[2.559s] -- Up-to-date: /root/irslab_ws/install/tm_description/share/tm_description/meshes/tm20/visual/tm20-arm1.stl
[2.559s] -- Up-to-date: /root/irslab_ws/install/tm_description/share/tm_description/meshes/tm20/visual/tm20-j5.stl
[2.559s] -- Up-to-date: /root/irslab_ws/install/tm_description/share/tm_description/meshes/tm20/visual/tm20-arm2.obj
[2.559s] -- Up-to-date: /root/irslab_ws/install/tm_description/share/tm_description/meshes/tm20/visual/tm20-j6.mtl
[2.559s] -- Up-to-date: /root/irslab_ws/install/tm_description/share/tm_description/meshes/tm20/visual/tm20-arm1.mtl
[2.559s] -- Up-to-date: /root/irslab_ws/install/tm_description/share/tm_description/meshes/tm20/visual/tm20-j6.stl
[2.560s] -- Up-to-date: /root/irslab_ws/install/tm_description/share/tm_description/meshes/tm20/visual/tm20-arm2.mtl
[2.560s] -- Up-to-date: /root/irslab_ws/install/tm_description/share/tm_description/meshes/tm20/collision
[2.560s] -- Up-to-date: /root/irslab_ws/install/tm_description/share/tm_description/meshes/tm20/collision/tm20-arm2_c.stl
[2.560s] -- Up-to-date: /root/irslab_ws/install/tm_description/share/tm_description/meshes/tm20/collision/tm20-j1_c.stl
[2.560s] -- Up-to-date: /root/irslab_ws/install/tm_description/share/tm_description/meshes/tm20/collision/tm20-j5_c.stl
[2.560s] -- Up-to-date: /root/irslab_ws/install/tm_description/share/tm_description/meshes/tm20/collision/tm20-j6_c.stl
[2.560s] -- Up-to-date: /root/irslab_ws/install/tm_description/share/tm_description/meshes/tm20/collision/tm20-arm1_c.stl
[2.561s] -- Up-to-date: /root/irslab_ws/install/tm_description/share/tm_description/meshes/tm12
[2.561s] -- Up-to-date: /root/irslab_ws/install/tm_description/share/tm_description/meshes/tm12/visual
[2.561s] -- Up-to-date: /root/irslab_ws/install/tm_description/share/tm_description/meshes/tm12/visual/tm12-base.stl
[2.561s] -- Up-to-date: /root/irslab_ws/install/tm_description/share/tm_description/meshes/tm12/visual/tmr_750w_01.obj
[2.561s] -- Up-to-date: /root/irslab_ws/install/tm_description/share/tm_description/meshes/tm12/visual/tm12-base.mtl
[2.562s] -- Up-to-date: /root/irslab_ws/install/tm_description/share/tm_description/meshes/tm12/visual/tm12-base.obj
[2.562s] -- Up-to-date: /root/irslab_ws/install/tm_description/share/tm_description/meshes/tm12/visual/tm12-arm2.obj
[2.562s] -- Up-to-date: /root/irslab_ws/install/tm_description/share/tm_description/meshes/tm12/visual/tm12-arm2.mtl
[2.563s] -- Up-to-date: /root/irslab_ws/install/tm_description/share/tm_description/meshes/tm12/visual/tm12-arm1.mtl
[2.563s] -- Up-to-date: /root/irslab_ws/install/tm_description/share/tm_description/meshes/tm12/visual/tmr_750w_01.mtl
[2.563s] -- Up-to-date: /root/irslab_ws/install/tm_description/share/tm_description/meshes/tm12/visual/tm12-arm2.stl
[2.564s] -- Up-to-date: /root/irslab_ws/install/tm_description/share/tm_description/meshes/tm12/visual/tm12-arm1.stl
[2.564s] -- Up-to-date: /root/irslab_ws/install/tm_description/share/tm_description/meshes/tm12/visual/tmr_750w_01.stl
[2.565s] -- Up-to-date: /root/irslab_ws/install/tm_description/share/tm_description/meshes/tm12/visual/tm12-arm1.obj
[2.565s] -- Up-to-date: /root/irslab_ws/install/tm_description/share/tm_description/meshes/tm12/collision
[2.565s] -- Up-to-date: /root/irslab_ws/install/tm_description/share/tm_description/meshes/tm12/collision/tmr_750w_01_c.stl
[2.565s] -- Up-to-date: /root/irslab_ws/install/tm_description/share/tm_description/meshes/tm12/collision/tm12-arm2_c.stl
[2.566s] -- Up-to-date: /root/irslab_ws/install/tm_description/share/tm_description/meshes/tm12/collision/tm12-arm1_c.stl
[2.566s] -- Up-to-date: /root/irslab_ws/install/tm_description/share/tm_description/meshes/tm12/collision/tm12-base_c.stl
[2.566s] -- Up-to-date: /root/irslab_ws/install/tm_description/share/tm_description/meshes/tm14
[2.566s] -- Up-to-date: /root/irslab_ws/install/tm_description/share/tm_description/meshes/tm14/visual
[2.567s] -- Up-to-date: /root/irslab_ws/install/tm_description/share/tm_description/meshes/tm14/visual/tm14_arm2.mtl
[2.567s] -- Up-to-date: /root/irslab_ws/install/tm_description/share/tm_description/meshes/tm14/visual/tm14_arm2.obj
[2.567s] -- Up-to-date: /root/irslab_ws/install/tm_description/share/tm_description/meshes/tm14/visual/tm14_arm1.stl
[2.567s] -- Up-to-date: /root/irslab_ws/install/tm_description/share/tm_description/meshes/tm14/visual/tm14_arm1.obj
[2.567s] -- Up-to-date: /root/irslab_ws/install/tm_description/share/tm_description/meshes/tm14/visual/tm14_arm2.stl
[2.568s] -- Up-to-date: /root/irslab_ws/install/tm_description/share/tm_description/meshes/tm14/visual/tm14_arm1.mtl
[2.568s] -- Up-to-date: /root/irslab_ws/install/tm_description/share/tm_description/meshes/tm14/collision
[2.570s] -- Up-to-date: /root/irslab_ws/install/tm_description/share/tm_description/meshes/tm14/collision/tm14_arm1_c.stl
[2.570s] -- Up-to-date: /root/irslab_ws/install/tm_description/share/tm_description/meshes/tm14/collision/tm14_arm2_c.stl
[2.570s] -- Up-to-date: /root/irslab_ws/install/tm_description/share/tm_description/meshes/tm16
[2.570s] -- Up-to-date: /root/irslab_ws/install/tm_description/share/tm_description/meshes/tm16/visual
[2.570s] -- Up-to-date: /root/irslab_ws/install/tm_description/share/tm_description/meshes/tm16/visual/tm16-arm1.mtl
[2.571s] -- Up-to-date: /root/irslab_ws/install/tm_description/share/tm_description/meshes/tm16/visual/tm16-arm1.obj
[2.571s] -- Up-to-date: /root/irslab_ws/install/tm_description/share/tm_description/meshes/tm16/visual/tm16-arm2.obj
[2.571s] -- Up-to-date: /root/irslab_ws/install/tm_description/share/tm_description/meshes/tm16/visual/tm16-arm2.mtl
[2.571s] -- Up-to-date: /root/irslab_ws/install/tm_description/share/tm_description/meshes/tm16/visual/tm16-arm1.stl
[2.575s] -- Up-to-date: /root/irslab_ws/install/tm_description/share/tm_description/meshes/tm16/visual/tm16-arm2.stl
[2.576s] -- Up-to-date: /root/irslab_ws/install/tm_description/share/tm_description/meshes/tm16/collision
[2.578s] -- Up-to-date: /root/irslab_ws/install/tm_description/share/tm_description/meshes/tm16/collision/tm16-arm2_c.stl
[2.578s] -- Up-to-date: /root/irslab_ws/install/tm_description/share/tm_description/meshes/tm16/collision/tm16-arm1_c.stl
[2.578s] -- Up-to-date: /root/irslab_ws/install/tm_description/share/tm_description/urdf
[2.579s] -- Up-to-date: /root/irslab_ws/install/tm_description/share/tm_description/urdf/tm16-nominal.urdf
[2.579s] -- Up-to-date: /root/irslab_ws/install/tm_description/share/tm_description/urdf/tm5x-700-nominal.urdf
[2.579s] -- Up-to-date: /root/irslab_ws/install/tm_description/share/tm_description/urdf/tm20-nominal.urdf
[2.579s] -- Up-to-date: /root/irslab_ws/install/tm_description/share/tm_description/urdf/tm14x-nominal.urdf
[2.579s] -- Up-to-date: /root/irslab_ws/install/tm_description/share/tm_description/urdf/tm5-900-nominal.urdf
[2.579s] -- Up-to-date: /root/irslab_ws/install/tm_description/share/tm_description/urdf/tm5x-900-nominal.urdf
[2.579s] -- Up-to-date: /root/irslab_ws/install/tm_description/share/tm_description/urdf/tm12-nominal.urdf
[2.580s] -- Up-to-date: /root/irslab_ws/install/tm_description/share/tm_description/urdf/tm5-700-nominal.urdf
[2.582s] -- Up-to-date: /root/irslab_ws/install/tm_description/share/tm_description/urdf/tm5-900.urdf
[2.582s] -- Up-to-date: /root/irslab_ws/install/tm_description/share/tm_description/urdf/tm12x-nominal.urdf
[2.582s] -- Up-to-date: /root/irslab_ws/install/tm_description/share/tm_description/urdf/tm14-nominal.urdf
[2.582s] -- Up-to-date: /root/irslab_ws/install/tm_description/share/tm_description/xacro
[2.582s] -- Up-to-date: /root/irslab_ws/install/tm_description/share/tm_description/xacro/macro.materials.xacro
[2.582s] -- Up-to-date: /root/irslab_ws/install/tm_description/share/tm_description/xacro/tm20.urdf.xacro
[2.582s] -- Up-to-date: /root/irslab_ws/install/tm_description/share/tm_description/xacro/macro.gazebo.xacro
[2.583s] -- Up-to-date: /root/irslab_ws/install/tm_description/share/tm_description/xacro/macro.handsolo.urdf.xacro
[2.583s] -- Up-to-date: /root/irslab_ws/install/tm_description/share/tm_description/xacro/tm5x-900.urdf.xacro
[2.583s] -- Up-to-date: /root/irslab_ws/install/tm_description/share/tm_description/xacro/macro.tm12-nominal.urdf.xacro
[2.583s] -- Up-to-date: /root/irslab_ws/install/tm_description/share/tm_description/xacro/macro.inertial.xacro
[2.583s] -- Up-to-date: /root/irslab_ws/install/tm_description/share/tm_description/xacro/tm16.urdf.xacro
[2.583s] -- Up-to-date: /root/irslab_ws/install/tm_description/share/tm_description/xacro/tm5x-700.urdf.xacro
[2.584s] -- Up-to-date: /root/irslab_ws/install/tm_description/share/tm_description/xacro/macro.tm5x-900-nominal.urdf.xacro
[2.585s] -- Up-to-date: /root/irslab_ws/install/tm_description/share/tm_description/xacro/tm5-700.urdf.xacro
[2.586s] -- Up-to-date: /root/irslab_ws/install/tm_description/share/tm_description/xacro/tm5-900.urdf.xacro
[2.588s] -- Up-to-date: /root/irslab_ws/install/tm_description/share/tm_description/xacro/macro.tm14x-nominal.urdf.xacro
[2.588s] -- Up-to-date: /root/irslab_ws/install/tm_description/share/tm_description/xacro/tm12x.urdf.xacro
[2.589s] -- Up-to-date: /root/irslab_ws/install/tm_description/share/tm_description/xacro/handsolo.urdf.xacro
[2.589s] -- Up-to-date: /root/irslab_ws/install/tm_description/share/tm_description/xacro/macro.tm5-700-nominal.urdf.xacro
[2.589s] -- Up-to-date: /root/irslab_ws/install/tm_description/share/tm_description/xacro/tm12.urdf.xacro
[2.590s] -- Up-to-date: /root/irslab_ws/install/tm_description/share/tm_description/xacro/tm14x.urdf.xacro
[2.590s] -- Up-to-date: /root/irslab_ws/install/tm_description/share/tm_description/xacro/tm14.urdf.xacro
[2.590s] -- Up-to-date: /root/irslab_ws/install/tm_description/share/tm_description/xacro/macro.tm14-nominal.urdf.xacro
[2.591s] -- Up-to-date: /root/irslab_ws/install/tm_description/share/tm_description/xacro/macro.transmission.xacro
[2.592s] -- Up-to-date: /root/irslab_ws/install/tm_description/share/tm_description/xacro/macro.tm20-nominal.urdf.xacro
[2.592s] -- Up-to-date: /root/irslab_ws/install/tm_description/share/tm_description/xacro/macro.tm12x-nominal.urdf.xacro
[2.593s] -- Up-to-date: /root/irslab_ws/install/tm_description/share/tm_description/xacro/macro.tm5x-700-nominal.urdf.xacro
[2.593s] -- Up-to-date: /root/irslab_ws/install/tm_description/share/tm_description/xacro/macro.tm16-nominal.urdf.xacro
[2.593s] -- Up-to-date: /root/irslab_ws/install/tm_description/share/tm_description/xacro/macro.tm5-900-nominal.urdf.xacro
[2.688s] Invoked command in '/root/irslab_ws/build/tm_description' returned '0': CMAKE_PREFIX_PATH=${CMAKE_PREFIX_PATH}:/root/irslab_ws/install/tm_mod_urdf:/root/irslab_ws/install/pick_nav_place:/root/irslab_ws/install/pa_warehouse_status:/root/irslab_ws/install/hand_solo_virtual_nav:/root/irslab_ws/install/hand_solo_arm:/opt/ros/humble /usr/bin/cmake --install /root/irslab_ws/build/tm_description
