[4.049s] Invoking command in '/root/irslab_ws/src/pa_warehouse_status': PYTHONPATH=/root/irslab_ws/build/pa_warehouse_status/prefix_override:/usr/lib/python3/dist-packages/colcon_core/task/python/colcon_distutils_commands:/root/irslab_ws/install/pa_warehouse_status/lib/python3.10/site-packages:${PYTHONPATH} /usr/bin/python3 -W ignore:setup.py install is deprecated -W ignore:easy_install command is deprecated setup.py egg_info --egg-base ../../build/pa_warehouse_status build --build-base /root/irslab_ws/build/pa_warehouse_status/build install --record /root/irslab_ws/build/pa_warehouse_status/install.log --single-version-externally-managed install_data
[4.533s] running egg_info
[4.534s] writing ../../build/pa_warehouse_status/pa_warehouse_status.egg-info/PKG-INFO
[4.536s] writing dependency_links to ../../build/pa_warehouse_status/pa_warehouse_status.egg-info/dependency_links.txt
[4.538s] writing entry points to ../../build/pa_warehouse_status/pa_warehouse_status.egg-info/entry_points.txt
[4.538s] writing requirements to ../../build/pa_warehouse_status/pa_warehouse_status.egg-info/requires.txt
[4.538s] writing top-level names to ../../build/pa_warehouse_status/pa_warehouse_status.egg-info/top_level.txt
[4.539s] reading manifest file '../../build/pa_warehouse_status/pa_warehouse_status.egg-info/SOURCES.txt'
[4.540s] adding license file 'LICENSE'
[4.540s] writing manifest file '../../build/pa_warehouse_status/pa_warehouse_status.egg-info/SOURCES.txt'
[4.541s] running build
[4.541s] running build_py
[4.542s] running install
[4.542s] running install_lib
[4.545s] running install_data
[4.545s] running install_egg_info
[4.548s] removing '/root/irslab_ws/install/pa_warehouse_status/lib/python3.10/site-packages/pa_warehouse_status-0.0.0-py3.10.egg-info' (and everything under it)
[4.548s] Copying ../../build/pa_warehouse_status/pa_warehouse_status.egg-info to /root/irslab_ws/install/pa_warehouse_status/lib/python3.10/site-packages/pa_warehouse_status-0.0.0-py3.10.egg-info
[4.550s] running install_scripts
[4.576s] Installing pineapple_gossip_bot script to /root/irslab_ws/install/pa_warehouse_status/lib/pa_warehouse_status
[4.577s] Installing pineapple_listener_bot script to /root/irslab_ws/install/pa_warehouse_status/lib/pa_warehouse_status
[4.577s] Installing plc_hmi_listener script to /root/irslab_ws/install/pa_warehouse_status/lib/pa_warehouse_status
[4.577s] writing list of installed files to '/root/irslab_ws/build/pa_warehouse_status/install.log'
[4.643s] Invoked command in '/root/irslab_ws/src/pa_warehouse_status' returned '0': PYTHONPATH=/root/irslab_ws/build/pa_warehouse_status/prefix_override:/usr/lib/python3/dist-packages/colcon_core/task/python/colcon_distutils_commands:/root/irslab_ws/install/pa_warehouse_status/lib/python3.10/site-packages:${PYTHONPATH} /usr/bin/python3 -W ignore:setup.py install is deprecated -W ignore:easy_install command is deprecated setup.py egg_info --egg-base ../../build/pa_warehouse_status build --build-base /root/irslab_ws/build/pa_warehouse_status/build install --record /root/irslab_ws/build/pa_warehouse_status/install.log --single-version-externally-managed install_data
