[0.163s] Invoking command in '/root/irslab_ws/build/tm12_moveit_config': AMENT_PREFIX_PATH=/root/irslab_ws/install/tm_description:${AMENT_PREFIX_PATH} CMAKE_PREFIX_PATH=/root/irslab_ws/install/tm_description:/opt/ros/humble /usr/bin/cmake --build /root/irslab_ws/build/tm12_moveit_config -- -j20 -l20
[0.336s] Invoked command in '/root/irslab_ws/build/tm12_moveit_config' returned '0': AMENT_PREFIX_PATH=/root/irslab_ws/install/tm_description:${AMENT_PREFIX_PATH} CMAKE_PREFIX_PATH=/root/irslab_ws/install/tm_description:/opt/ros/humble /usr/bin/cmake --build /root/irslab_ws/build/tm12_moveit_config -- -j20 -l20
[0.341s] Invoking command in '/root/irslab_ws/build/tm12_moveit_config': AMENT_PREFIX_PATH=/root/irslab_ws/install/tm_description:${AMENT_PREFIX_PATH} CMAKE_PREFIX_PATH=/root/irslab_ws/install/tm_description:/opt/ros/humble /usr/bin/cmake --install /root/irslab_ws/build/tm12_moveit_config
[0.471s] -- Install configuration: "Release"
[0.471s] -- Up-to-date: /root/irslab_ws/install/tm12_moveit_config/share/ament_index/resource_index/package_run_dependencies/tm12_moveit_config
[0.474s] -- Up-to-date: /root/irslab_ws/install/tm12_moveit_config/share/ament_index/resource_index/parent_prefix_path/tm12_moveit_config
[0.475s] -- Up-to-date: /root/irslab_ws/install/tm12_moveit_config/share/tm12_moveit_config/environment/ament_prefix_path.sh
[0.475s] -- Up-to-date: /root/irslab_ws/install/tm12_moveit_config/share/tm12_moveit_config/environment/ament_prefix_path.dsv
[0.476s] -- Up-to-date: /root/irslab_ws/install/tm12_moveit_config/share/tm12_moveit_config/environment/path.sh
[0.476s] -- Up-to-date: /root/irslab_ws/install/tm12_moveit_config/share/tm12_moveit_config/environment/path.dsv
[0.476s] -- Up-to-date: /root/irslab_ws/install/tm12_moveit_config/share/tm12_moveit_config/local_setup.bash
[0.477s] -- Up-to-date: /root/irslab_ws/install/tm12_moveit_config/share/tm12_moveit_config/local_setup.sh
[0.477s] -- Up-to-date: /root/irslab_ws/install/tm12_moveit_config/share/tm12_moveit_config/local_setup.zsh
[0.477s] -- Up-to-date: /root/irslab_ws/install/tm12_moveit_config/share/tm12_moveit_config/local_setup.dsv
[0.478s] -- Up-to-date: /root/irslab_ws/install/tm12_moveit_config/share/tm12_moveit_config/package.dsv
[0.479s] -- Up-to-date: /root/irslab_ws/install/tm12_moveit_config/share/ament_index/resource_index/packages/tm12_moveit_config
[0.479s] -- Up-to-date: /root/irslab_ws/install/tm12_moveit_config/share/tm12_moveit_config/cmake/tm12_moveit_configConfig.cmake
[0.479s] -- Up-to-date: /root/irslab_ws/install/tm12_moveit_config/share/tm12_moveit_config/cmake/tm12_moveit_configConfig-version.cmake
[0.479s] -- Up-to-date: /root/irslab_ws/install/tm12_moveit_config/share/tm12_moveit_config/package.xml
[0.480s] -- Up-to-date: /root/irslab_ws/install/tm12_moveit_config/share/tm12_moveit_config/launch
[0.480s] -- Up-to-date: /root/irslab_ws/install/tm12_moveit_config/share/tm12_moveit_config/launch/setup_assistant.launch.py
[0.480s] -- Up-to-date: /root/irslab_ws/install/tm12_moveit_config/share/tm12_moveit_config/launch/tm12_moveit.launch.py
[0.481s] -- Up-to-date: /root/irslab_ws/install/tm12_moveit_config/share/tm12_moveit_config/launch/tm12_run_move_group.launch.py
[0.488s] -- Up-to-date: /root/irslab_ws/install/tm12_moveit_config/share/tm12_moveit_config/launch/warehouse_db.launch.py
[0.489s] -- Up-to-date: /root/irslab_ws/install/tm12_moveit_config/share/tm12_moveit_config/launch/spawn_controllers.launch.py
[0.489s] -- Up-to-date: /root/irslab_ws/install/tm12_moveit_config/share/tm12_moveit_config/launch/rsp.launch.py
[0.489s] -- Up-to-date: /root/irslab_ws/install/tm12_moveit_config/share/tm12_moveit_config/launch/move_group.launch.py
[0.489s] -- Up-to-date: /root/irslab_ws/install/tm12_moveit_config/share/tm12_moveit_config/launch/demo.launch.py
[0.490s] -- Up-to-date: /root/irslab_ws/install/tm12_moveit_config/share/tm12_moveit_config/launch/moveit_rviz.launch.py
[0.490s] -- Up-to-date: /root/irslab_ws/install/tm12_moveit_config/share/tm12_moveit_config/launch/static_virtual_joint_tfs.launch.py
[0.490s] -- Up-to-date: /root/irslab_ws/install/tm12_moveit_config/share/tm12_moveit_config/launch/run_move_group.rviz
[0.514s] -- Up-to-date: /root/irslab_ws/install/tm12_moveit_config/share/tm12_moveit_config/config
[0.514s] -- Up-to-date: /root/irslab_ws/install/tm12_moveit_config/share/tm12_moveit_config/config/controllers.yaml
[0.515s] -- Up-to-date: /root/irslab_ws/install/tm12_moveit_config/share/tm12_moveit_config/config/tm12.ros2_control.xacro
[0.520s] -- Up-to-date: /root/irslab_ws/install/tm12_moveit_config/share/tm12_moveit_config/config/kinematics.yaml
[0.522s] -- Up-to-date: /root/irslab_ws/install/tm12_moveit_config/share/tm12_moveit_config/config/sensors_3d.yaml
[0.522s] -- Up-to-date: /root/irslab_ws/install/tm12_moveit_config/share/tm12_moveit_config/config/moveit2_controllers.yaml
[0.522s] -- Up-to-date: /root/irslab_ws/install/tm12_moveit_config/share/tm12_moveit_config/config/moveit.rviz
[0.523s] -- Up-to-date: /root/irslab_ws/install/tm12_moveit_config/share/tm12_moveit_config/config/joint_limits.yaml
[0.523s] -- Up-to-date: /root/irslab_ws/install/tm12_moveit_config/share/tm12_moveit_config/config/ros2_controllers.yaml
[0.523s] -- Up-to-date: /root/irslab_ws/install/tm12_moveit_config/share/tm12_moveit_config/config/moveit_controllers.yaml
[0.531s] -- Up-to-date: /root/irslab_ws/install/tm12_moveit_config/share/tm12_moveit_config/config/tm12.srdf
[0.531s] -- Up-to-date: /root/irslab_ws/install/tm12_moveit_config/share/tm12_moveit_config/config/tm12.urdf.xacro
[0.531s] -- Up-to-date: /root/irslab_ws/install/tm12_moveit_config/share/tm12_moveit_config/config/pilz_cartesian_limits.yaml
[0.532s] -- Up-to-date: /root/irslab_ws/install/tm12_moveit_config/share/tm12_moveit_config/config/initial_positions.yaml
[0.532s] -- Up-to-date: /root/irslab_ws/install/tm12_moveit_config/share/tm12_moveit_config/config/pilz_industrial_motion_planner_planning.yaml
[0.532s] -- Up-to-date: /root/irslab_ws/install/tm12_moveit_config/share/tm12_moveit_config/config/chomp_planning.yaml
[0.533s] -- Up-to-date: /root/irslab_ws/install/tm12_moveit_config/share/tm12_moveit_config/config/ompl_planning.yaml
[0.537s] -- Up-to-date: /root/irslab_ws/install/tm12_moveit_config/share/tm12_moveit_config/rviz
[0.538s] -- Up-to-date: /root/irslab_ws/install/tm12_moveit_config/share/tm12_moveit_config/rviz/moveit.rviz
[0.538s] -- Up-to-date: /root/irslab_ws/install/tm12_moveit_config/share/tm12_moveit_config/.setup_assistant
[0.797s] Invoked command in '/root/irslab_ws/build/tm12_moveit_config' returned '0': AMENT_PREFIX_PATH=/root/irslab_ws/install/tm_description:${AMENT_PREFIX_PATH} CMAKE_PREFIX_PATH=/root/irslab_ws/install/tm_description:/opt/ros/humble /usr/bin/cmake --install /root/irslab_ws/build/tm12_moveit_config
