[0.123s] Invoking command in '/root/irslab_ws/build/tm_inspect': CMAKE_PREFIX_PATH=/root/irslab_ws/install/tm_msgs:/root/irslab_ws/install/tm_test:/root/irslab_ws/install/tm_inspect:/root/irslab_ws/install/tm_driver:/root/irslab_ws/install/tm5x-900_moveit_config:/root/irslab_ws/install/tm5x-700_moveit_config:/root/irslab_ws/install/tm5-900_moveit_config:/root/irslab_ws/install/tm5-700_moveit_config:/root/irslab_ws/install/tm20_moveit_config:/root/irslab_ws/install/tm16_moveit_config:/root/irslab_ws/install/tm14x_moveit_config:/root/irslab_ws/install/tm14_moveit_config:/root/irslab_ws/install/tm12x_moveit_config:/root/irslab_ws/install/tm12_moveit_config:/root/irslab_ws/install/tm_description:/root/irslab_ws/install/custom_nav2_bt_nodes:/root/irslab_ws/install/tm_mod_urdf:/root/irslab_ws/install/pick_nav_place:/root/irslab_ws/install/pa_warehouse_status:/root/irslab_ws/install/hand_solo_virtual_nav:/root/irslab_ws/install/hand_solo_arm:/opt/ros/humble /usr/bin/cmake /root/irslab_ws/src/tmr_ros2/tm_inspect -DCMAKE_INSTALL_PREFIX=/root/irslab_ws/install/tm_inspect
[0.128s] -- Found ament_cmake: 1.3.12 (/opt/ros/humble/share/ament_cmake/cmake)
[0.349s] -- Found rclcpp: 16.0.15 (/opt/ros/humble/share/rclcpp/cmake)
[0.379s] -- Found rosidl_generator_c: 3.1.7 (/opt/ros/humble/share/rosidl_generator_c/cmake)
[0.382s] -- Found rosidl_adapter: 3.1.7 (/opt/ros/humble/share/rosidl_adapter/cmake)
[0.388s] -- Found rosidl_generator_cpp: 3.1.7 (/opt/ros/humble/share/rosidl_generator_cpp/cmake)
[0.399s] -- Using all available rosidl_typesupport_c: rosidl_typesupport_fastrtps_c;rosidl_typesupport_introspection_c
[0.413s] -- Using all available rosidl_typesupport_cpp: rosidl_typesupport_fastrtps_cpp;rosidl_typesupport_introspection_cpp
[0.455s] -- Found rmw_implementation_cmake: 6.1.2 (/opt/ros/humble/share/rmw_implementation_cmake/cmake)
[0.458s] -- Found rmw_cyclonedds_cpp: 1.3.4 (/opt/ros/humble/share/rmw_cyclonedds_cpp/cmake)
[0.479s] -- Using RMW implementation 'rmw_cyclonedds_cpp' as default
[0.531s] -- Found rclcpp_action: 16.0.15 (/opt/ros/humble/share/rclcpp_action/cmake)
[0.568s] -- Found tm_msgs: 1.1.2 (/root/irslab_ws/install/tm_msgs/share/tm_msgs/cmake)
[0.597s] -- Found ament_lint_auto: 0.12.14 (/opt/ros/humble/share/ament_lint_auto/cmake)
[0.679s] -- Added test 'copyright' to check source files copyright and LICENSE
[0.680s] -- Added test 'cppcheck' to perform static code analysis on C / C++ code
[0.681s] -- Configured cppcheck include dirs: 
[0.681s] -- Configured cppcheck exclude dirs and/or files: 
[0.682s] -- Added test 'cpplint' to check C / C++ code against the Google style
[0.682s] -- Configured cpplint exclude dirs and/or files: 
[0.682s] -- Added test 'flake8' to check Python code syntax and style conventions
[0.682s] -- Added test 'lint_cmake' to check CMake code style
[0.683s] -- Added test 'pep257' to check Python code against some of the docstring style conventions in PEP 257
[0.683s] -- Added test 'uncrustify' to check C / C++ code style
[0.683s] -- Configured uncrustify additional arguments: 
[0.683s] -- Added test 'xmllint' to check XML markup files
[0.684s] -- Configuring done
[0.718s] -- Generating done
[0.723s] -- Build files have been written to: /root/irslab_ws/build/tm_inspect
[0.733s] Invoked command in '/root/irslab_ws/build/tm_inspect' returned '0': CMAKE_PREFIX_PATH=/root/irslab_ws/install/tm_msgs:/root/irslab_ws/install/tm_test:/root/irslab_ws/install/tm_inspect:/root/irslab_ws/install/tm_driver:/root/irslab_ws/install/tm5x-900_moveit_config:/root/irslab_ws/install/tm5x-700_moveit_config:/root/irslab_ws/install/tm5-900_moveit_config:/root/irslab_ws/install/tm5-700_moveit_config:/root/irslab_ws/install/tm20_moveit_config:/root/irslab_ws/install/tm16_moveit_config:/root/irslab_ws/install/tm14x_moveit_config:/root/irslab_ws/install/tm14_moveit_config:/root/irslab_ws/install/tm12x_moveit_config:/root/irslab_ws/install/tm12_moveit_config:/root/irslab_ws/install/tm_description:/root/irslab_ws/install/custom_nav2_bt_nodes:/root/irslab_ws/install/tm_mod_urdf:/root/irslab_ws/install/pick_nav_place:/root/irslab_ws/install/pa_warehouse_status:/root/irslab_ws/install/hand_solo_virtual_nav:/root/irslab_ws/install/hand_solo_arm:/opt/ros/humble /usr/bin/cmake /root/irslab_ws/src/tmr_ros2/tm_inspect -DCMAKE_INSTALL_PREFIX=/root/irslab_ws/install/tm_inspect
[0.735s] Invoking command in '/root/irslab_ws/build/tm_inspect': CMAKE_PREFIX_PATH=/root/irslab_ws/install/tm_msgs:/root/irslab_ws/install/tm_test:/root/irslab_ws/install/tm_inspect:/root/irslab_ws/install/tm_driver:/root/irslab_ws/install/tm5x-900_moveit_config:/root/irslab_ws/install/tm5x-700_moveit_config:/root/irslab_ws/install/tm5-900_moveit_config:/root/irslab_ws/install/tm5-700_moveit_config:/root/irslab_ws/install/tm20_moveit_config:/root/irslab_ws/install/tm16_moveit_config:/root/irslab_ws/install/tm14x_moveit_config:/root/irslab_ws/install/tm14_moveit_config:/root/irslab_ws/install/tm12x_moveit_config:/root/irslab_ws/install/tm12_moveit_config:/root/irslab_ws/install/tm_description:/root/irslab_ws/install/custom_nav2_bt_nodes:/root/irslab_ws/install/tm_mod_urdf:/root/irslab_ws/install/pick_nav_place:/root/irslab_ws/install/pa_warehouse_status:/root/irslab_ws/install/hand_solo_virtual_nav:/root/irslab_ws/install/hand_solo_arm:/opt/ros/humble /usr/bin/cmake --build /root/irslab_ws/build/tm_inspect -- -j20 -l20
[0.813s] [ 14%] [34m[1mAutomatic MOC and UIC for target robot_ui[0m
[0.842s] [ 14%] Built target robot_ui_autogen
[0.859s] [35m[1mConsolidate compiler generated dependencies of target robot_ui[0m
[0.893s] [100%] Built target robot_ui
[0.905s] Invoked command in '/root/irslab_ws/build/tm_inspect' returned '0': CMAKE_PREFIX_PATH=/root/irslab_ws/install/tm_msgs:/root/irslab_ws/install/tm_test:/root/irslab_ws/install/tm_inspect:/root/irslab_ws/install/tm_driver:/root/irslab_ws/install/tm5x-900_moveit_config:/root/irslab_ws/install/tm5x-700_moveit_config:/root/irslab_ws/install/tm5-900_moveit_config:/root/irslab_ws/install/tm5-700_moveit_config:/root/irslab_ws/install/tm20_moveit_config:/root/irslab_ws/install/tm16_moveit_config:/root/irslab_ws/install/tm14x_moveit_config:/root/irslab_ws/install/tm14_moveit_config:/root/irslab_ws/install/tm12x_moveit_config:/root/irslab_ws/install/tm12_moveit_config:/root/irslab_ws/install/tm_description:/root/irslab_ws/install/custom_nav2_bt_nodes:/root/irslab_ws/install/tm_mod_urdf:/root/irslab_ws/install/pick_nav_place:/root/irslab_ws/install/pa_warehouse_status:/root/irslab_ws/install/hand_solo_virtual_nav:/root/irslab_ws/install/hand_solo_arm:/opt/ros/humble /usr/bin/cmake --build /root/irslab_ws/build/tm_inspect -- -j20 -l20
[0.907s] Invoking command in '/root/irslab_ws/build/tm_inspect': CMAKE_PREFIX_PATH=/root/irslab_ws/install/tm_msgs:/root/irslab_ws/install/tm_test:/root/irslab_ws/install/tm_inspect:/root/irslab_ws/install/tm_driver:/root/irslab_ws/install/tm5x-900_moveit_config:/root/irslab_ws/install/tm5x-700_moveit_config:/root/irslab_ws/install/tm5-900_moveit_config:/root/irslab_ws/install/tm5-700_moveit_config:/root/irslab_ws/install/tm20_moveit_config:/root/irslab_ws/install/tm16_moveit_config:/root/irslab_ws/install/tm14x_moveit_config:/root/irslab_ws/install/tm14_moveit_config:/root/irslab_ws/install/tm12x_moveit_config:/root/irslab_ws/install/tm12_moveit_config:/root/irslab_ws/install/tm_description:/root/irslab_ws/install/custom_nav2_bt_nodes:/root/irslab_ws/install/tm_mod_urdf:/root/irslab_ws/install/pick_nav_place:/root/irslab_ws/install/pa_warehouse_status:/root/irslab_ws/install/hand_solo_virtual_nav:/root/irslab_ws/install/hand_solo_arm:/opt/ros/humble /usr/bin/cmake --install /root/irslab_ws/build/tm_inspect
[0.921s] -- Install configuration: "Release"
[0.922s] -- Up-to-date: /root/irslab_ws/install/tm_inspect/lib/tm_inspect/robot_ui
[0.922s] -- Up-to-date: /root/irslab_ws/install/tm_inspect/share/tm_inspect/launch
[0.922s] -- Up-to-date: /root/irslab_ws/install/tm_inspect/share/tm_inspect/launch/tm_gui.launch.py
[0.922s] -- Up-to-date: /root/irslab_ws/install/tm_inspect/share/ament_index/resource_index/package_run_dependencies/tm_inspect
[0.922s] -- Installing: /root/irslab_ws/install/tm_inspect/share/ament_index/resource_index/parent_prefix_path/tm_inspect
[0.923s] -- Up-to-date: /root/irslab_ws/install/tm_inspect/share/tm_inspect/environment/ament_prefix_path.sh
[0.923s] -- Installing: /root/irslab_ws/install/tm_inspect/share/tm_inspect/environment/ament_prefix_path.dsv
[0.923s] -- Up-to-date: /root/irslab_ws/install/tm_inspect/share/tm_inspect/environment/path.sh
[0.923s] -- Installing: /root/irslab_ws/install/tm_inspect/share/tm_inspect/environment/path.dsv
[0.923s] -- Up-to-date: /root/irslab_ws/install/tm_inspect/share/tm_inspect/local_setup.bash
[0.923s] -- Up-to-date: /root/irslab_ws/install/tm_inspect/share/tm_inspect/local_setup.sh
[0.923s] -- Up-to-date: /root/irslab_ws/install/tm_inspect/share/tm_inspect/local_setup.zsh
[0.924s] -- Installing: /root/irslab_ws/install/tm_inspect/share/tm_inspect/local_setup.dsv
[0.924s] -- Installing: /root/irslab_ws/install/tm_inspect/share/tm_inspect/package.dsv
[0.924s] -- Up-to-date: /root/irslab_ws/install/tm_inspect/share/ament_index/resource_index/packages/tm_inspect
[0.924s] -- Up-to-date: /root/irslab_ws/install/tm_inspect/share/tm_inspect/cmake/tm_inspectConfig.cmake
[0.924s] -- Up-to-date: /root/irslab_ws/install/tm_inspect/share/tm_inspect/cmake/tm_inspectConfig-version.cmake
[0.924s] -- Up-to-date: /root/irslab_ws/install/tm_inspect/share/tm_inspect/package.xml
[0.929s] Invoked command in '/root/irslab_ws/build/tm_inspect' returned '0': CMAKE_PREFIX_PATH=/root/irslab_ws/install/tm_msgs:/root/irslab_ws/install/tm_test:/root/irslab_ws/install/tm_inspect:/root/irslab_ws/install/tm_driver:/root/irslab_ws/install/tm5x-900_moveit_config:/root/irslab_ws/install/tm5x-700_moveit_config:/root/irslab_ws/install/tm5-900_moveit_config:/root/irslab_ws/install/tm5-700_moveit_config:/root/irslab_ws/install/tm20_moveit_config:/root/irslab_ws/install/tm16_moveit_config:/root/irslab_ws/install/tm14x_moveit_config:/root/irslab_ws/install/tm14_moveit_config:/root/irslab_ws/install/tm12x_moveit_config:/root/irslab_ws/install/tm12_moveit_config:/root/irslab_ws/install/tm_description:/root/irslab_ws/install/custom_nav2_bt_nodes:/root/irslab_ws/install/tm_mod_urdf:/root/irslab_ws/install/pick_nav_place:/root/irslab_ws/install/pa_warehouse_status:/root/irslab_ws/install/hand_solo_virtual_nav:/root/irslab_ws/install/hand_solo_arm:/opt/ros/humble /usr/bin/cmake --install /root/irslab_ws/build/tm_inspect
