[0.142s] Invoking command in '/root/irslab_ws/build/tm16_moveit_config': AMENT_PREFIX_PATH=/root/irslab_ws/install/tm_description:${AMENT_PREFIX_PATH} CMAKE_PREFIX_PATH=/root/irslab_ws/install/tm_description:/opt/ros/humble /usr/bin/cmake --build /root/irslab_ws/build/tm16_moveit_config -- -j20 -l20
[0.392s] Invoked command in '/root/irslab_ws/build/tm16_moveit_config' returned '0': AMENT_PREFIX_PATH=/root/irslab_ws/install/tm_description:${AMENT_PREFIX_PATH} CMAKE_PREFIX_PATH=/root/irslab_ws/install/tm_description:/opt/ros/humble /usr/bin/cmake --build /root/irslab_ws/build/tm16_moveit_config -- -j20 -l20
[0.475s] Invoking command in '/root/irslab_ws/build/tm16_moveit_config': AMENT_PREFIX_PATH=/root/irslab_ws/install/tm_description:${AMENT_PREFIX_PATH} CMAKE_PREFIX_PATH=/root/irslab_ws/install/tm_description:/opt/ros/humble /usr/bin/cmake --install /root/irslab_ws/build/tm16_moveit_config
[0.527s] -- Install configuration: "Release"
[0.527s] -- Up-to-date: /root/irslab_ws/install/tm16_moveit_config/share/ament_index/resource_index/package_run_dependencies/tm16_moveit_config
[0.529s] -- Up-to-date: /root/irslab_ws/install/tm16_moveit_config/share/ament_index/resource_index/parent_prefix_path/tm16_moveit_config
[0.535s] -- Up-to-date: /root/irslab_ws/install/tm16_moveit_config/share/tm16_moveit_config/environment/ament_prefix_path.sh
[0.538s] -- Up-to-date: /root/irslab_ws/install/tm16_moveit_config/share/tm16_moveit_config/environment/ament_prefix_path.dsv
[0.538s] -- Up-to-date: /root/irslab_ws/install/tm16_moveit_config/share/tm16_moveit_config/environment/path.sh
[0.540s] -- Up-to-date: /root/irslab_ws/install/tm16_moveit_config/share/tm16_moveit_config/environment/path.dsv
[0.540s] -- Up-to-date: /root/irslab_ws/install/tm16_moveit_config/share/tm16_moveit_config/local_setup.bash
[0.541s] -- Up-to-date: /root/irslab_ws/install/tm16_moveit_config/share/tm16_moveit_config/local_setup.sh
[0.541s] -- Up-to-date: /root/irslab_ws/install/tm16_moveit_config/share/tm16_moveit_config/local_setup.zsh
[0.542s] -- Up-to-date: /root/irslab_ws/install/tm16_moveit_config/share/tm16_moveit_config/local_setup.dsv
[0.543s] -- Up-to-date: /root/irslab_ws/install/tm16_moveit_config/share/tm16_moveit_config/package.dsv
[0.543s] -- Up-to-date: /root/irslab_ws/install/tm16_moveit_config/share/ament_index/resource_index/packages/tm16_moveit_config
[0.544s] -- Up-to-date: /root/irslab_ws/install/tm16_moveit_config/share/tm16_moveit_config/cmake/tm16_moveit_configConfig.cmake
[0.545s] -- Up-to-date: /root/irslab_ws/install/tm16_moveit_config/share/tm16_moveit_config/cmake/tm16_moveit_configConfig-version.cmake
[0.548s] -- Up-to-date: /root/irslab_ws/install/tm16_moveit_config/share/tm16_moveit_config/package.xml
[0.548s] -- Up-to-date: /root/irslab_ws/install/tm16_moveit_config/share/tm16_moveit_config/launch
[0.549s] -- Up-to-date: /root/irslab_ws/install/tm16_moveit_config/share/tm16_moveit_config/launch/setup_assistant.launch.py
[0.550s] -- Up-to-date: /root/irslab_ws/install/tm16_moveit_config/share/tm16_moveit_config/launch/warehouse_db.launch.py
[0.552s] -- Up-to-date: /root/irslab_ws/install/tm16_moveit_config/share/tm16_moveit_config/launch/spawn_controllers.launch.py
[0.553s] -- Up-to-date: /root/irslab_ws/install/tm16_moveit_config/share/tm16_moveit_config/launch/rsp.launch.py
[0.555s] -- Up-to-date: /root/irslab_ws/install/tm16_moveit_config/share/tm16_moveit_config/launch/move_group.launch.py
[0.557s] -- Up-to-date: /root/irslab_ws/install/tm16_moveit_config/share/tm16_moveit_config/launch/demo.launch.py
[0.559s] -- Up-to-date: /root/irslab_ws/install/tm16_moveit_config/share/tm16_moveit_config/launch/tm16_run_move_group.launch.py
[0.560s] -- Up-to-date: /root/irslab_ws/install/tm16_moveit_config/share/tm16_moveit_config/launch/moveit_rviz.launch.py
[0.560s] -- Up-to-date: /root/irslab_ws/install/tm16_moveit_config/share/tm16_moveit_config/launch/static_virtual_joint_tfs.launch.py
[0.561s] -- Up-to-date: /root/irslab_ws/install/tm16_moveit_config/share/tm16_moveit_config/launch/run_move_group.rviz
[0.562s] -- Up-to-date: /root/irslab_ws/install/tm16_moveit_config/share/tm16_moveit_config/launch/tm16_moveit.launch.py
[0.563s] -- Up-to-date: /root/irslab_ws/install/tm16_moveit_config/share/tm16_moveit_config/config
[0.563s] -- Up-to-date: /root/irslab_ws/install/tm16_moveit_config/share/tm16_moveit_config/config/controllers.yaml
[0.564s] -- Up-to-date: /root/irslab_ws/install/tm16_moveit_config/share/tm16_moveit_config/config/tm16.urdf.xacro
[0.564s] -- Up-to-date: /root/irslab_ws/install/tm16_moveit_config/share/tm16_moveit_config/config/kinematics.yaml
[0.565s] -- Up-to-date: /root/irslab_ws/install/tm16_moveit_config/share/tm16_moveit_config/config/sensors_3d.yaml
[0.565s] -- Up-to-date: /root/irslab_ws/install/tm16_moveit_config/share/tm16_moveit_config/config/tm16.srdf
[0.566s] -- Up-to-date: /root/irslab_ws/install/tm16_moveit_config/share/tm16_moveit_config/config/moveit2_controllers.yaml
[0.566s] -- Up-to-date: /root/irslab_ws/install/tm16_moveit_config/share/tm16_moveit_config/config/moveit.rviz
[0.567s] -- Up-to-date: /root/irslab_ws/install/tm16_moveit_config/share/tm16_moveit_config/config/tm16.ros2_control.xacro
[0.567s] -- Up-to-date: /root/irslab_ws/install/tm16_moveit_config/share/tm16_moveit_config/config/joint_limits.yaml
[0.568s] -- Up-to-date: /root/irslab_ws/install/tm16_moveit_config/share/tm16_moveit_config/config/ros2_controllers.yaml
[0.568s] -- Up-to-date: /root/irslab_ws/install/tm16_moveit_config/share/tm16_moveit_config/config/moveit_controllers.yaml
[0.569s] -- Up-to-date: /root/irslab_ws/install/tm16_moveit_config/share/tm16_moveit_config/config/pilz_cartesian_limits.yaml
[0.569s] -- Up-to-date: /root/irslab_ws/install/tm16_moveit_config/share/tm16_moveit_config/config/initial_positions.yaml
[0.569s] -- Up-to-date: /root/irslab_ws/install/tm16_moveit_config/share/tm16_moveit_config/config/pilz_industrial_motion_planner_planning.yaml
[0.570s] -- Up-to-date: /root/irslab_ws/install/tm16_moveit_config/share/tm16_moveit_config/config/chomp_planning.yaml
[0.570s] -- Up-to-date: /root/irslab_ws/install/tm16_moveit_config/share/tm16_moveit_config/config/ompl_planning.yaml
[0.571s] -- Up-to-date: /root/irslab_ws/install/tm16_moveit_config/share/tm16_moveit_config/rviz
[0.571s] -- Up-to-date: /root/irslab_ws/install/tm16_moveit_config/share/tm16_moveit_config/rviz/moveit.rviz
[0.571s] -- Up-to-date: /root/irslab_ws/install/tm16_moveit_config/share/tm16_moveit_config/.setup_assistant
[0.784s] Invoked command in '/root/irslab_ws/build/tm16_moveit_config' returned '0': AMENT_PREFIX_PATH=/root/irslab_ws/install/tm_description:${AMENT_PREFIX_PATH} CMAKE_PREFIX_PATH=/root/irslab_ws/install/tm_description:/opt/ros/humble /usr/bin/cmake --install /root/irslab_ws/build/tm16_moveit_config
