[2.218s] Invoking command in '/root/irslab_ws/src/pick_nav_place': PYTHONPATH=/root/irslab_ws/build/pick_nav_place/prefix_override:/usr/lib/python3/dist-packages/colcon_core/task/python/colcon_distutils_commands:/root/irslab_ws/install/pick_nav_place/lib/python3.10/site-packages:${PYTHONPATH} /usr/bin/python3 -W ignore:setup.py install is deprecated -W ignore:easy_install command is deprecated setup.py egg_info --egg-base ../../build/pick_nav_place build --build-base /root/irslab_ws/build/pick_nav_place/build install --record /root/irslab_ws/build/pick_nav_place/install.log --single-version-externally-managed install_data
[2.544s] running egg_info
[2.547s] writing ../../build/pick_nav_place/pick_nav_place.egg-info/PKG-INFO
[2.547s] writing dependency_links to ../../build/pick_nav_place/pick_nav_place.egg-info/dependency_links.txt
[2.548s] writing entry points to ../../build/pick_nav_place/pick_nav_place.egg-info/entry_points.txt
[2.548s] writing requirements to ../../build/pick_nav_place/pick_nav_place.egg-info/requires.txt
[2.548s] writing top-level names to ../../build/pick_nav_place/pick_nav_place.egg-info/top_level.txt
[2.555s] reading manifest file '../../build/pick_nav_place/pick_nav_place.egg-info/SOURCES.txt'
[2.556s] adding license file 'LICENSE'
[2.559s] writing manifest file '../../build/pick_nav_place/pick_nav_place.egg-info/SOURCES.txt'
[2.560s] running build
[2.560s] running build_py
[2.561s] running install
[2.564s] running install_lib
[2.568s] running install_data
[2.569s] copying launch/nav_launch.py -> /root/irslab_ws/install/pick_nav_place/share/pick_nav_place/launch
[2.570s] copying config/pa_nav2_params.yaml -> /root/irslab_ws/install/pick_nav_place/share/pick_nav_place/config
[2.571s] running install_egg_info
[2.577s] removing '/root/irslab_ws/install/pick_nav_place/lib/python3.10/site-packages/pick_nav_place-0.0.0-py3.10.egg-info' (and everything under it)
[2.578s] Copying ../../build/pick_nav_place/pick_nav_place.egg-info to /root/irslab_ws/install/pick_nav_place/lib/python3.10/site-packages/pick_nav_place-0.0.0-py3.10.egg-info
[2.581s] running install_scripts
[2.611s] Installing plc_hmi_listener script to /root/irslab_ws/install/pick_nav_place/lib/pick_nav_place
[2.611s] Installing robot_arm_controller script to /root/irslab_ws/install/pick_nav_place/lib/pick_nav_place
[2.611s] Installing robot_waypoint_follower script to /root/irslab_ws/install/pick_nav_place/lib/pick_nav_place
[2.612s] Installing warehouse_coordinator script to /root/irslab_ws/install/pick_nav_place/lib/pick_nav_place
[2.612s] writing list of installed files to '/root/irslab_ws/build/pick_nav_place/install.log'
[2.650s] Invoked command in '/root/irslab_ws/src/pick_nav_place' returned '0': PYTHONPATH=/root/irslab_ws/build/pick_nav_place/prefix_override:/usr/lib/python3/dist-packages/colcon_core/task/python/colcon_distutils_commands:/root/irslab_ws/install/pick_nav_place/lib/python3.10/site-packages:${PYTHONPATH} /usr/bin/python3 -W ignore:setup.py install is deprecated -W ignore:easy_install command is deprecated setup.py egg_info --egg-base ../../build/pick_nav_place build --build-base /root/irslab_ws/build/pick_nav_place/build install --record /root/irslab_ws/build/pick_nav_place/install.log --single-version-externally-managed install_data
