[1.447s] Invoking command in '/root/irslab_ws/src/hand_solo_virtual_nav': PYTHONPATH=/root/irslab_ws/build/hand_solo_virtual_nav/prefix_override:/usr/lib/python3/dist-packages/colcon_core/task/python/colcon_distutils_commands:/root/irslab_ws/install/hand_solo_virtual_nav/lib/python3.10/site-packages:${PYTHONPATH} /usr/bin/python3 -W ignore:setup.py install is deprecated -W ignore:easy_install command is deprecated setup.py egg_info --egg-base ../../build/hand_solo_virtual_nav build --build-base /root/irslab_ws/build/hand_solo_virtual_nav/build install --record /root/irslab_ws/build/hand_solo_virtual_nav/install.log --single-version-externally-managed install_data
[1.798s] running egg_info
[1.799s] creating ../../build/hand_solo_virtual_nav/hand_solo_virtual_nav.egg-info
[1.799s] writing ../../build/hand_solo_virtual_nav/hand_solo_virtual_nav.egg-info/PKG-INFO
[1.799s] writing dependency_links to ../../build/hand_solo_virtual_nav/hand_solo_virtual_nav.egg-info/dependency_links.txt
[1.799s] writing entry points to ../../build/hand_solo_virtual_nav/hand_solo_virtual_nav.egg-info/entry_points.txt
[1.799s] writing requirements to ../../build/hand_solo_virtual_nav/hand_solo_virtual_nav.egg-info/requires.txt
[1.799s] writing top-level names to ../../build/hand_solo_virtual_nav/hand_solo_virtual_nav.egg-info/top_level.txt
[1.800s] writing manifest file '../../build/hand_solo_virtual_nav/hand_solo_virtual_nav.egg-info/SOURCES.txt'
[1.803s] reading manifest file '../../build/hand_solo_virtual_nav/hand_solo_virtual_nav.egg-info/SOURCES.txt'
[1.803s] adding license file 'LICENSE'
[1.804s] writing manifest file '../../build/hand_solo_virtual_nav/hand_solo_virtual_nav.egg-info/SOURCES.txt'
[1.804s] running build
[1.806s] running build_py
[1.806s] creating /root/irslab_ws/build/hand_solo_virtual_nav/build
[1.806s] creating /root/irslab_ws/build/hand_solo_virtual_nav/build/lib
[1.806s] creating /root/irslab_ws/build/hand_solo_virtual_nav/build/lib/hand_solo_virtual_nav
[1.806s] copying hand_solo_virtual_nav/hs_waypoint_follower.py -> /root/irslab_ws/build/hand_solo_virtual_nav/build/lib/hand_solo_virtual_nav
[1.810s] copying hand_solo_virtual_nav/__init__.py -> /root/irslab_ws/build/hand_solo_virtual_nav/build/lib/hand_solo_virtual_nav
[1.810s] running install
[1.810s] running install_lib
[1.810s] creating /root/irslab_ws/install/hand_solo_virtual_nav/lib/python3.10/site-packages/hand_solo_virtual_nav
[1.810s] copying /root/irslab_ws/build/hand_solo_virtual_nav/build/lib/hand_solo_virtual_nav/hs_waypoint_follower.py -> /root/irslab_ws/install/hand_solo_virtual_nav/lib/python3.10/site-packages/hand_solo_virtual_nav
[1.810s] copying /root/irslab_ws/build/hand_solo_virtual_nav/build/lib/hand_solo_virtual_nav/__init__.py -> /root/irslab_ws/install/hand_solo_virtual_nav/lib/python3.10/site-packages/hand_solo_virtual_nav
[1.813s] byte-compiling /root/irslab_ws/install/hand_solo_virtual_nav/lib/python3.10/site-packages/hand_solo_virtual_nav/hs_waypoint_follower.py to hs_waypoint_follower.cpython-310.pyc
[1.813s] byte-compiling /root/irslab_ws/install/hand_solo_virtual_nav/lib/python3.10/site-packages/hand_solo_virtual_nav/__init__.py to __init__.cpython-310.pyc
[1.814s] running install_data
[1.814s] creating /root/irslab_ws/install/hand_solo_virtual_nav/share/ament_index
[1.814s] creating /root/irslab_ws/install/hand_solo_virtual_nav/share/ament_index/resource_index
[1.814s] creating /root/irslab_ws/install/hand_solo_virtual_nav/share/ament_index/resource_index/packages
[1.814s] copying resource/hand_solo_virtual_nav -> /root/irslab_ws/install/hand_solo_virtual_nav/share/ament_index/resource_index/packages
[1.814s] copying package.xml -> /root/irslab_ws/install/hand_solo_virtual_nav/share/hand_solo_virtual_nav
[1.814s] creating /root/irslab_ws/install/hand_solo_virtual_nav/share/hand_solo_virtual_nav/launch
[1.815s] copying launch/mapping_launch.py -> /root/irslab_ws/install/hand_solo_virtual_nav/share/hand_solo_virtual_nav/launch
[1.816s] copying launch/nav_launch.py -> /root/irslab_ws/install/hand_solo_virtual_nav/share/hand_solo_virtual_nav/launch
[1.816s] creating /root/irslab_ws/install/hand_solo_virtual_nav/share/hand_solo_virtual_nav/config
[1.817s] copying config/pa_slam_params.yaml -> /root/irslab_ws/install/hand_solo_virtual_nav/share/hand_solo_virtual_nav/config
[1.817s] copying config/pa_nav2_params.yaml -> /root/irslab_ws/install/hand_solo_virtual_nav/share/hand_solo_virtual_nav/config
[1.817s] creating /root/irslab_ws/install/hand_solo_virtual_nav/share/hand_solo_virtual_nav/rviz
[1.817s] copying rviz/pa_rviz_mapping.rviz -> /root/irslab_ws/install/hand_solo_virtual_nav/share/hand_solo_virtual_nav/rviz
[1.818s] copying rviz/pa_rviz_nav2.rviz -> /root/irslab_ws/install/hand_solo_virtual_nav/share/hand_solo_virtual_nav/rviz
[1.825s] creating /root/irslab_ws/install/hand_solo_virtual_nav/share/hand_solo_virtual_nav/map
[1.826s] copying map/pa_warehouse_map_01.yaml -> /root/irslab_ws/install/hand_solo_virtual_nav/share/hand_solo_virtual_nav/map
[1.826s] copying map/pa_warehouse_map_01.pgm -> /root/irslab_ws/install/hand_solo_virtual_nav/share/hand_solo_virtual_nav/map
[1.827s] running install_egg_info
[1.827s] Copying ../../build/hand_solo_virtual_nav/hand_solo_virtual_nav.egg-info to /root/irslab_ws/install/hand_solo_virtual_nav/lib/python3.10/site-packages/hand_solo_virtual_nav-0.0.0-py3.10.egg-info
[1.829s] running install_scripts
[1.859s] Installing hs_waypoint_follower script to /root/irslab_ws/install/hand_solo_virtual_nav/lib/hand_solo_virtual_nav
[1.860s] writing list of installed files to '/root/irslab_ws/build/hand_solo_virtual_nav/install.log'
[1.938s] Invoked command in '/root/irslab_ws/src/hand_solo_virtual_nav' returned '0': PYTHONPATH=/root/irslab_ws/build/hand_solo_virtual_nav/prefix_override:/usr/lib/python3/dist-packages/colcon_core/task/python/colcon_distutils_commands:/root/irslab_ws/install/hand_solo_virtual_nav/lib/python3.10/site-packages:${PYTHONPATH} /usr/bin/python3 -W ignore:setup.py install is deprecated -W ignore:easy_install command is deprecated setup.py egg_info --egg-base ../../build/hand_solo_virtual_nav build --build-base /root/irslab_ws/build/hand_solo_virtual_nav/build install --record /root/irslab_ws/build/hand_solo_virtual_nav/install.log --single-version-externally-managed install_data
