[0.492s] Invoking command in '/root/ros2_ws/src/IRS_2025_01/pa_warehouse_status': PYTHONPATH=/root/ros2_ws/src/IRS_2025_01/build/pa_warehouse_status/prefix_override:/usr/lib/python3/dist-packages/colcon_core/task/python/colcon_distutils_commands:/root/ros2_ws/src/IRS_2025_01/install/pa_warehouse_status/lib/python3.10/site-packages: /usr/bin/python3 -W ignore:setup.py install is deprecated -W ignore:easy_install command is deprecated setup.py egg_info --egg-base ../build/pa_warehouse_status build --build-base /root/ros2_ws/src/IRS_2025_01/build/pa_warehouse_status/build install --record /root/ros2_ws/src/IRS_2025_01/build/pa_warehouse_status/install.log --single-version-externally-managed install_data
[0.653s] running egg_info
[0.654s] creating ../build/pa_warehouse_status/pa_warehouse_status.egg-info
[0.654s] writing ../build/pa_warehouse_status/pa_warehouse_status.egg-info/PKG-INFO
[0.655s] writing dependency_links to ../build/pa_warehouse_status/pa_warehouse_status.egg-info/dependency_links.txt
[0.655s] writing entry points to ../build/pa_warehouse_status/pa_warehouse_status.egg-info/entry_points.txt
[0.655s] writing requirements to ../build/pa_warehouse_status/pa_warehouse_status.egg-info/requires.txt
[0.655s] writing top-level names to ../build/pa_warehouse_status/pa_warehouse_status.egg-info/top_level.txt
[0.655s] writing manifest file '../build/pa_warehouse_status/pa_warehouse_status.egg-info/SOURCES.txt'
[0.656s] reading manifest file '../build/pa_warehouse_status/pa_warehouse_status.egg-info/SOURCES.txt'
[0.656s] adding license file 'LICENSE'
[0.657s] writing manifest file '../build/pa_warehouse_status/pa_warehouse_status.egg-info/SOURCES.txt'
[0.657s] running build
[0.658s] running build_py
[0.658s] creating /root/ros2_ws/src/IRS_2025_01/build/pa_warehouse_status/build
[0.658s] creating /root/ros2_ws/src/IRS_2025_01/build/pa_warehouse_status/build/lib
[0.658s] creating /root/ros2_ws/src/IRS_2025_01/build/pa_warehouse_status/build/lib/pa_warehouse_status
[0.658s] copying pa_warehouse_status/plc_hmi_listener.py -> /root/ros2_ws/src/IRS_2025_01/build/pa_warehouse_status/build/lib/pa_warehouse_status
[0.658s] copying pa_warehouse_status/__init__.py -> /root/ros2_ws/src/IRS_2025_01/build/pa_warehouse_status/build/lib/pa_warehouse_status
[0.658s] copying pa_warehouse_status/pineapple_listener_bot.py -> /root/ros2_ws/src/IRS_2025_01/build/pa_warehouse_status/build/lib/pa_warehouse_status
[0.659s] copying pa_warehouse_status/pineapple_gossip_bot.py -> /root/ros2_ws/src/IRS_2025_01/build/pa_warehouse_status/build/lib/pa_warehouse_status
[0.659s] running install
[0.659s] running install_lib
[0.661s] creating /root/ros2_ws/src/IRS_2025_01/install/pa_warehouse_status/lib/python3.10/site-packages/pa_warehouse_status
[0.661s] copying /root/ros2_ws/src/IRS_2025_01/build/pa_warehouse_status/build/lib/pa_warehouse_status/plc_hmi_listener.py -> /root/ros2_ws/src/IRS_2025_01/install/pa_warehouse_status/lib/python3.10/site-packages/pa_warehouse_status
[0.661s] copying /root/ros2_ws/src/IRS_2025_01/build/pa_warehouse_status/build/lib/pa_warehouse_status/__init__.py -> /root/ros2_ws/src/IRS_2025_01/install/pa_warehouse_status/lib/python3.10/site-packages/pa_warehouse_status
[0.661s] copying /root/ros2_ws/src/IRS_2025_01/build/pa_warehouse_status/build/lib/pa_warehouse_status/pineapple_listener_bot.py -> /root/ros2_ws/src/IRS_2025_01/install/pa_warehouse_status/lib/python3.10/site-packages/pa_warehouse_status
[0.661s] copying /root/ros2_ws/src/IRS_2025_01/build/pa_warehouse_status/build/lib/pa_warehouse_status/pineapple_gossip_bot.py -> /root/ros2_ws/src/IRS_2025_01/install/pa_warehouse_status/lib/python3.10/site-packages/pa_warehouse_status
[0.661s] byte-compiling /root/ros2_ws/src/IRS_2025_01/install/pa_warehouse_status/lib/python3.10/site-packages/pa_warehouse_status/plc_hmi_listener.py to plc_hmi_listener.cpython-310.pyc
[0.662s] byte-compiling /root/ros2_ws/src/IRS_2025_01/install/pa_warehouse_status/lib/python3.10/site-packages/pa_warehouse_status/__init__.py to __init__.cpython-310.pyc
[0.662s] byte-compiling /root/ros2_ws/src/IRS_2025_01/install/pa_warehouse_status/lib/python3.10/site-packages/pa_warehouse_status/pineapple_listener_bot.py to pineapple_listener_bot.cpython-310.pyc
[0.662s] byte-compiling /root/ros2_ws/src/IRS_2025_01/install/pa_warehouse_status/lib/python3.10/site-packages/pa_warehouse_status/pineapple_gossip_bot.py to pineapple_gossip_bot.cpython-310.pyc
[0.663s] running install_data
[0.663s] creating /root/ros2_ws/src/IRS_2025_01/install/pa_warehouse_status/share/ament_index
[0.663s] creating /root/ros2_ws/src/IRS_2025_01/install/pa_warehouse_status/share/ament_index/resource_index
[0.663s] creating /root/ros2_ws/src/IRS_2025_01/install/pa_warehouse_status/share/ament_index/resource_index/packages
[0.663s] copying resource/pa_warehouse_status -> /root/ros2_ws/src/IRS_2025_01/install/pa_warehouse_status/share/ament_index/resource_index/packages
[0.663s] copying package.xml -> /root/ros2_ws/src/IRS_2025_01/install/pa_warehouse_status/share/pa_warehouse_status
[0.663s] running install_egg_info
[0.665s] Copying ../build/pa_warehouse_status/pa_warehouse_status.egg-info to /root/ros2_ws/src/IRS_2025_01/install/pa_warehouse_status/lib/python3.10/site-packages/pa_warehouse_status-0.0.0-py3.10.egg-info
[0.666s] running install_scripts
[0.689s] Installing pineapple_gossip_bot script to /root/ros2_ws/src/IRS_2025_01/install/pa_warehouse_status/lib/pa_warehouse_status
[0.689s] Installing pineapple_listener_bot script to /root/ros2_ws/src/IRS_2025_01/install/pa_warehouse_status/lib/pa_warehouse_status
[0.689s] Installing plc_hmi_listener script to /root/ros2_ws/src/IRS_2025_01/install/pa_warehouse_status/lib/pa_warehouse_status
[0.689s] writing list of installed files to '/root/ros2_ws/src/IRS_2025_01/build/pa_warehouse_status/install.log'
[0.718s] Invoked command in '/root/ros2_ws/src/IRS_2025_01/pa_warehouse_status' returned '0': PYTHONPATH=/root/ros2_ws/src/IRS_2025_01/build/pa_warehouse_status/prefix_override:/usr/lib/python3/dist-packages/colcon_core/task/python/colcon_distutils_commands:/root/ros2_ws/src/IRS_2025_01/install/pa_warehouse_status/lib/python3.10/site-packages: /usr/bin/python3 -W ignore:setup.py install is deprecated -W ignore:easy_install command is deprecated setup.py egg_info --egg-base ../build/pa_warehouse_status build --build-base /root/ros2_ws/src/IRS_2025_01/build/pa_warehouse_status/build install --record /root/ros2_ws/src/IRS_2025_01/build/pa_warehouse_status/install.log --single-version-externally-managed install_data
