[1.322s] Invoking command in '/root/irslab_ws/src/hand_solo_virtual_nav': PYTHONPATH=/root/irslab_ws/build/hand_solo_virtual_nav/prefix_override:/usr/lib/python3/dist-packages/colcon_core/task/python/colcon_distutils_commands:/root/irslab_ws/install/hand_solo_virtual_nav/lib/python3.10/site-packages:${PYTHONPATH} /usr/bin/python3 -W ignore:setup.py install is deprecated -W ignore:easy_install command is deprecated setup.py egg_info --egg-base ../../build/hand_solo_virtual_nav build --build-base /root/irslab_ws/build/hand_solo_virtual_nav/build install --record /root/irslab_ws/build/hand_solo_virtual_nav/install.log --single-version-externally-managed install_data
[1.517s] running egg_info
[1.518s] writing ../../build/hand_solo_virtual_nav/hand_solo_virtual_nav.egg-info/PKG-INFO
[1.518s] writing dependency_links to ../../build/hand_solo_virtual_nav/hand_solo_virtual_nav.egg-info/dependency_links.txt
[1.518s] writing entry points to ../../build/hand_solo_virtual_nav/hand_solo_virtual_nav.egg-info/entry_points.txt
[1.518s] writing requirements to ../../build/hand_solo_virtual_nav/hand_solo_virtual_nav.egg-info/requires.txt
[1.518s] writing top-level names to ../../build/hand_solo_virtual_nav/hand_solo_virtual_nav.egg-info/top_level.txt
[1.520s] reading manifest file '../../build/hand_solo_virtual_nav/hand_solo_virtual_nav.egg-info/SOURCES.txt'
[1.521s] adding license file 'LICENSE'
[1.521s] writing manifest file '../../build/hand_solo_virtual_nav/hand_solo_virtual_nav.egg-info/SOURCES.txt'
[1.521s] running build
[1.521s] running build_py
[1.522s] running install
[1.522s] running install_lib
[1.523s] running install_data
[1.523s] copying config/pa_nav2_params.yaml -> /root/irslab_ws/install/hand_solo_virtual_nav/share/hand_solo_virtual_nav/config
[1.523s] running install_egg_info
[1.525s] removing '/root/irslab_ws/install/hand_solo_virtual_nav/lib/python3.10/site-packages/hand_solo_virtual_nav-0.0.0-py3.10.egg-info' (and everything under it)
[1.526s] Copying ../../build/hand_solo_virtual_nav/hand_solo_virtual_nav.egg-info to /root/irslab_ws/install/hand_solo_virtual_nav/lib/python3.10/site-packages/hand_solo_virtual_nav-0.0.0-py3.10.egg-info
[1.526s] running install_scripts
[1.546s] Installing hs_waypoint_follower script to /root/irslab_ws/install/hand_solo_virtual_nav/lib/hand_solo_virtual_nav
[1.547s] writing list of installed files to '/root/irslab_ws/build/hand_solo_virtual_nav/install.log'
[1.582s] Invoked command in '/root/irslab_ws/src/hand_solo_virtual_nav' returned '0': PYTHONPATH=/root/irslab_ws/build/hand_solo_virtual_nav/prefix_override:/usr/lib/python3/dist-packages/colcon_core/task/python/colcon_distutils_commands:/root/irslab_ws/install/hand_solo_virtual_nav/lib/python3.10/site-packages:${PYTHONPATH} /usr/bin/python3 -W ignore:setup.py install is deprecated -W ignore:easy_install command is deprecated setup.py egg_info --egg-base ../../build/hand_solo_virtual_nav build --build-base /root/irslab_ws/build/hand_solo_virtual_nav/build install --record /root/irslab_ws/build/hand_solo_virtual_nav/install.log --single-version-externally-managed install_data
