[0.073s] Invoking command in '/root/irslab_ws/build/tm12x_moveit_config': AMENT_PREFIX_PATH=/root/irslab_ws/install/tm_description:${AMENT_PREFIX_PATH} CMAKE_PREFIX_PATH=/root/irslab_ws/install/tm_description:/opt/ros/humble /usr/bin/cmake /root/irslab_ws/src/tmr_ros2/tm_moveit/tm12x_moveit_config -DCMAKE_BUILD_TYPE=Release -DCMAKE_INSTALL_PREFIX=/root/irslab_ws/install/tm12x_moveit_config
[0.105s] -- Found ament_cmake: 1.3.12 (/opt/ros/humble/share/ament_cmake/cmake)
[0.803s] -- Configuring done
[0.806s] -- Generating done
[0.815s] -- Build files have been written to: /root/irslab_ws/build/tm12x_moveit_config
[0.867s] Invoked command in '/root/irslab_ws/build/tm12x_moveit_config' returned '0': AMENT_PREFIX_PATH=/root/irslab_ws/install/tm_description:${AMENT_PREFIX_PATH} CMAKE_PREFIX_PATH=/root/irslab_ws/install/tm_description:/opt/ros/humble /usr/bin/cmake /root/irslab_ws/src/tmr_ros2/tm_moveit/tm12x_moveit_config -DCMAKE_BUILD_TYPE=Release -DCMAKE_INSTALL_PREFIX=/root/irslab_ws/install/tm12x_moveit_config
[0.867s] Invoking command in '/root/irslab_ws/build/tm12x_moveit_config': AMENT_PREFIX_PATH=/root/irslab_ws/install/tm_description:${AMENT_PREFIX_PATH} CMAKE_PREFIX_PATH=/root/irslab_ws/install/tm_description:/opt/ros/humble /usr/bin/cmake --build /root/irslab_ws/build/tm12x_moveit_config -- -j20 -l20
[0.957s] Invoked command in '/root/irslab_ws/build/tm12x_moveit_config' returned '0': AMENT_PREFIX_PATH=/root/irslab_ws/install/tm_description:${AMENT_PREFIX_PATH} CMAKE_PREFIX_PATH=/root/irslab_ws/install/tm_description:/opt/ros/humble /usr/bin/cmake --build /root/irslab_ws/build/tm12x_moveit_config -- -j20 -l20
[0.964s] Invoking command in '/root/irslab_ws/build/tm12x_moveit_config': AMENT_PREFIX_PATH=/root/irslab_ws/install/tm_description:${AMENT_PREFIX_PATH} CMAKE_PREFIX_PATH=/root/irslab_ws/install/tm_description:/opt/ros/humble /usr/bin/cmake --install /root/irslab_ws/build/tm12x_moveit_config
[0.972s] -- Install configuration: "Release"
[0.972s] -- Up-to-date: /root/irslab_ws/install/tm12x_moveit_config/share/ament_index/resource_index/package_run_dependencies/tm12x_moveit_config
[0.972s] -- Installing: /root/irslab_ws/install/tm12x_moveit_config/share/ament_index/resource_index/parent_prefix_path/tm12x_moveit_config
[0.972s] -- Up-to-date: /root/irslab_ws/install/tm12x_moveit_config/share/tm12x_moveit_config/environment/ament_prefix_path.sh
[0.975s] -- Installing: /root/irslab_ws/install/tm12x_moveit_config/share/tm12x_moveit_config/environment/ament_prefix_path.dsv
[0.975s] -- Up-to-date: /root/irslab_ws/install/tm12x_moveit_config/share/tm12x_moveit_config/environment/path.sh
[0.975s] -- Installing: /root/irslab_ws/install/tm12x_moveit_config/share/tm12x_moveit_config/environment/path.dsv
[0.975s] -- Up-to-date: /root/irslab_ws/install/tm12x_moveit_config/share/tm12x_moveit_config/local_setup.bash
[0.976s] -- Up-to-date: /root/irslab_ws/install/tm12x_moveit_config/share/tm12x_moveit_config/local_setup.sh
[0.977s] -- Up-to-date: /root/irslab_ws/install/tm12x_moveit_config/share/tm12x_moveit_config/local_setup.zsh
[0.977s] -- Installing: /root/irslab_ws/install/tm12x_moveit_config/share/tm12x_moveit_config/local_setup.dsv
[0.977s] -- Installing: /root/irslab_ws/install/tm12x_moveit_config/share/tm12x_moveit_config/package.dsv
[0.978s] -- Up-to-date: /root/irslab_ws/install/tm12x_moveit_config/share/ament_index/resource_index/packages/tm12x_moveit_config
[0.978s] -- Up-to-date: /root/irslab_ws/install/tm12x_moveit_config/share/tm12x_moveit_config/cmake/tm12x_moveit_configConfig.cmake
[0.978s] -- Up-to-date: /root/irslab_ws/install/tm12x_moveit_config/share/tm12x_moveit_config/cmake/tm12x_moveit_configConfig-version.cmake
[0.979s] -- Up-to-date: /root/irslab_ws/install/tm12x_moveit_config/share/tm12x_moveit_config/package.xml
[0.980s] -- Up-to-date: /root/irslab_ws/install/tm12x_moveit_config/share/tm12x_moveit_config/launch
[0.981s] -- Up-to-date: /root/irslab_ws/install/tm12x_moveit_config/share/tm12x_moveit_config/launch/setup_assistant.launch.py
[0.981s] -- Up-to-date: /root/irslab_ws/install/tm12x_moveit_config/share/tm12x_moveit_config/launch/warehouse_db.launch.py
[0.981s] -- Up-to-date: /root/irslab_ws/install/tm12x_moveit_config/share/tm12x_moveit_config/launch/tm12x_run_move_group.launch.py
[0.981s] -- Up-to-date: /root/irslab_ws/install/tm12x_moveit_config/share/tm12x_moveit_config/launch/spawn_controllers.launch.py
[0.981s] -- Up-to-date: /root/irslab_ws/install/tm12x_moveit_config/share/tm12x_moveit_config/launch/rsp.launch.py
[0.982s] -- Up-to-date: /root/irslab_ws/install/tm12x_moveit_config/share/tm12x_moveit_config/launch/move_group.launch.py
[0.982s] -- Up-to-date: /root/irslab_ws/install/tm12x_moveit_config/share/tm12x_moveit_config/launch/demo.launch.py
[0.982s] -- Up-to-date: /root/irslab_ws/install/tm12x_moveit_config/share/tm12x_moveit_config/launch/tm12x_moveit.launch.py
[0.985s] -- Up-to-date: /root/irslab_ws/install/tm12x_moveit_config/share/tm12x_moveit_config/launch/moveit_rviz.launch.py
[0.986s] -- Up-to-date: /root/irslab_ws/install/tm12x_moveit_config/share/tm12x_moveit_config/launch/static_virtual_joint_tfs.launch.py
[0.986s] -- Up-to-date: /root/irslab_ws/install/tm12x_moveit_config/share/tm12x_moveit_config/launch/hand_solo_moveit.launch.py
[0.986s] -- Up-to-date: /root/irslab_ws/install/tm12x_moveit_config/share/tm12x_moveit_config/config
[0.987s] -- Up-to-date: /root/irslab_ws/install/tm12x_moveit_config/share/tm12x_moveit_config/config/controllers.yaml
[0.987s] -- Up-to-date: /root/irslab_ws/install/tm12x_moveit_config/share/tm12x_moveit_config/config/joint_limits_robot.yaml
[0.987s] -- Up-to-date: /root/irslab_ws/install/tm12x_moveit_config/share/tm12x_moveit_config/config/kinematics.yaml
[0.987s] -- Up-to-date: /root/irslab_ws/install/tm12x_moveit_config/share/tm12x_moveit_config/config/sensors_3d.yaml
[0.987s] -- Up-to-date: /root/irslab_ws/install/tm12x_moveit_config/share/tm12x_moveit_config/config/moveit2_controllers.yaml
[0.988s] -- Up-to-date: /root/irslab_ws/install/tm12x_moveit_config/share/tm12x_moveit_config/config/moveit.rviz
[0.988s] -- Up-to-date: /root/irslab_ws/install/tm12x_moveit_config/share/tm12x_moveit_config/config/tm12x.urdf.xacro
[0.988s] -- Up-to-date: /root/irslab_ws/install/tm12x_moveit_config/share/tm12x_moveit_config/config/joint_limits.yaml
[0.988s] -- Up-to-date: /root/irslab_ws/install/tm12x_moveit_config/share/tm12x_moveit_config/config/ros2_controllers.yaml
[0.988s] -- Up-to-date: /root/irslab_ws/install/tm12x_moveit_config/share/tm12x_moveit_config/config/moveit_controllers.yaml
[0.988s] -- Up-to-date: /root/irslab_ws/install/tm12x_moveit_config/share/tm12x_moveit_config/config/pilz_cartesian_limits.yaml
[0.989s] -- Up-to-date: /root/irslab_ws/install/tm12x_moveit_config/share/tm12x_moveit_config/config/tm12x.srdf
[0.989s] -- Up-to-date: /root/irslab_ws/install/tm12x_moveit_config/share/tm12x_moveit_config/config/tm12x.ros2_control.xacro
[0.992s] -- Up-to-date: /root/irslab_ws/install/tm12x_moveit_config/share/tm12x_moveit_config/config/initial_positions.yaml
[0.994s] -- Up-to-date: /root/irslab_ws/install/tm12x_moveit_config/share/tm12x_moveit_config/config/pilz_industrial_motion_planner_planning.yaml
[0.995s] -- Up-to-date: /root/irslab_ws/install/tm12x_moveit_config/share/tm12x_moveit_config/config/chomp_planning.yaml
[0.997s] -- Up-to-date: /root/irslab_ws/install/tm12x_moveit_config/share/tm12x_moveit_config/config/ompl_planning.yaml
[0.998s] -- Up-to-date: /root/irslab_ws/install/tm12x_moveit_config/share/tm12x_moveit_config/rviz
[0.999s] -- Up-to-date: /root/irslab_ws/install/tm12x_moveit_config/share/tm12x_moveit_config/rviz/moveit.rviz
[1.000s] -- Up-to-date: /root/irslab_ws/install/tm12x_moveit_config/share/tm12x_moveit_config/rviz/run_move_group.rviz
[1.001s] -- Up-to-date: /root/irslab_ws/install/tm12x_moveit_config/share/tm12x_moveit_config/.setup_assistant
[1.009s] Invoked command in '/root/irslab_ws/build/tm12x_moveit_config' returned '0': AMENT_PREFIX_PATH=/root/irslab_ws/install/tm_description:${AMENT_PREFIX_PATH} CMAKE_PREFIX_PATH=/root/irslab_ws/install/tm_description:/opt/ros/humble /usr/bin/cmake --install /root/irslab_ws/build/tm12x_moveit_config
