[1.108s] Invoking command in '/root/irslab_ws/src/hand_solo_virtual_nav': PYTHONPATH=/root/irslab_ws/build/hand_solo_virtual_nav/prefix_override:/usr/lib/python3/dist-packages/colcon_core/task/python/colcon_distutils_commands:/root/irslab_ws/install/hand_solo_virtual_nav/lib/python3.10/site-packages:${PYTHONPATH} /usr/bin/python3 -W ignore:setup.py install is deprecated -W ignore:easy_install command is deprecated setup.py egg_info --egg-base ../../build/hand_solo_virtual_nav build --build-base /root/irslab_ws/build/hand_solo_virtual_nav/build install --record /root/irslab_ws/build/hand_solo_virtual_nav/install.log --single-version-externally-managed install_data
[1.252s] running egg_info
[1.252s] writing ../../build/hand_solo_virtual_nav/hand_solo_virtual_nav.egg-info/PKG-INFO
[1.252s] writing dependency_links to ../../build/hand_solo_virtual_nav/hand_solo_virtual_nav.egg-info/dependency_links.txt
[1.253s] writing entry points to ../../build/hand_solo_virtual_nav/hand_solo_virtual_nav.egg-info/entry_points.txt
[1.253s] writing requirements to ../../build/hand_solo_virtual_nav/hand_solo_virtual_nav.egg-info/requires.txt
[1.253s] writing top-level names to ../../build/hand_solo_virtual_nav/hand_solo_virtual_nav.egg-info/top_level.txt
[1.254s] reading manifest file '../../build/hand_solo_virtual_nav/hand_solo_virtual_nav.egg-info/SOURCES.txt'
[1.254s] adding license file 'LICENSE'
[1.255s] writing manifest file '../../build/hand_solo_virtual_nav/hand_solo_virtual_nav.egg-info/SOURCES.txt'
[1.255s] running build
[1.255s] running build_py
[1.255s] running install
[1.255s] running install_lib
[1.257s] running install_data
[1.257s] running install_egg_info
[1.258s] removing '/root/irslab_ws/install/hand_solo_virtual_nav/lib/python3.10/site-packages/hand_solo_virtual_nav-0.0.0-py3.10.egg-info' (and everything under it)
[1.258s] Copying ../../build/hand_solo_virtual_nav/hand_solo_virtual_nav.egg-info to /root/irslab_ws/install/hand_solo_virtual_nav/lib/python3.10/site-packages/hand_solo_virtual_nav-0.0.0-py3.10.egg-info
[1.259s] running install_scripts
[1.275s] Installing hs_waypoint_follower script to /root/irslab_ws/install/hand_solo_virtual_nav/lib/hand_solo_virtual_nav
[1.275s] writing list of installed files to '/root/irslab_ws/build/hand_solo_virtual_nav/install.log'
[1.293s] Invoked command in '/root/irslab_ws/src/hand_solo_virtual_nav' returned '0': PYTHONPATH=/root/irslab_ws/build/hand_solo_virtual_nav/prefix_override:/usr/lib/python3/dist-packages/colcon_core/task/python/colcon_distutils_commands:/root/irslab_ws/install/hand_solo_virtual_nav/lib/python3.10/site-packages:${PYTHONPATH} /usr/bin/python3 -W ignore:setup.py install is deprecated -W ignore:easy_install command is deprecated setup.py egg_info --egg-base ../../build/hand_solo_virtual_nav build --build-base /root/irslab_ws/build/hand_solo_virtual_nav/build install --record /root/irslab_ws/build/hand_solo_virtual_nav/install.log --single-version-externally-managed install_data
