[0.019s] Invoking command in '/root/irslab_ws/build/custom_nav2_bt_nodes': CMAKE_PREFIX_PATH=/opt/ros/humble /usr/bin/cmake /root/irslab_ws/src/custom_nav2_bt_nodes -DCMAKE_BUILD_TYPE=Release -DCMAKE_INSTALL_PREFIX=/root/irslab_ws/install/custom_nav2_bt_nodes
[0.461s] -- The C compiler identification is GNU 11.4.0
[0.461s] -- The CXX compiler identification is GNU 11.4.0
[0.461s] -- Detecting C compiler ABI info
[0.461s] -- Detecting C compiler ABI info - done
[0.461s] -- Check for working C compiler: /usr/bin/cc - skipped
[0.461s] -- Detecting C compile features
[0.461s] -- Detecting C compile features - done
[0.461s] -- Detecting CXX compiler ABI info
[0.461s] -- Detecting CXX compiler ABI info - done
[0.461s] -- Check for working CXX compiler: /usr/bin/c++ - skipped
[0.461s] -- Detecting CXX compile features
[0.462s] -- Detecting CXX compile features - done
[0.462s] -- Found ament_cmake: 1.3.12 (/opt/ros/humble/share/ament_cmake/cmake)
[0.462s] -- Found Python3: /usr/bin/python3 (found version "3.10.12") found components: Interpreter 
[0.462s] -- Found rclcpp: 16.0.15 (/opt/ros/humble/share/rclcpp/cmake)
[0.462s] -- Found rosidl_generator_c: 3.1.7 (/opt/ros/humble/share/rosidl_generator_c/cmake)
[0.462s] -- Found rosidl_adapter: 3.1.7 (/opt/ros/humble/share/rosidl_adapter/cmake)
[0.462s] -- Found rosidl_generator_cpp: 3.1.7 (/opt/ros/humble/share/rosidl_generator_cpp/cmake)
[0.462s] -- Using all available rosidl_typesupport_c: rosidl_typesupport_fastrtps_c;rosidl_typesupport_introspection_c
[0.462s] -- Using all available rosidl_typesupport_cpp: rosidl_typesupport_fastrtps_cpp;rosidl_typesupport_introspection_cpp
[0.462s] -- Found rmw_implementation_cmake: 6.1.2 (/opt/ros/humble/share/rmw_implementation_cmake/cmake)
[0.462s] -- Found rmw_cyclonedds_cpp: 1.3.4 (/opt/ros/humble/share/rmw_cyclonedds_cpp/cmake)
[0.462s] -- Using RMW implementation 'rmw_cyclonedds_cpp' as default
[0.462s] -- Looking for pthread.h
[0.506s] -- Looking for pthread.h - found
[0.506s] -- Performing Test CMAKE_HAVE_LIBC_PTHREAD
[0.562s] -- Performing Test CMAKE_HAVE_LIBC_PTHREAD - Success
[0.563s] -- Found Threads: TRUE  
[0.642s] -- Found nav2_behavior_tree: 1.1.18 (/opt/ros/humble/share/nav2_behavior_tree/cmake)
[0.888s] -- Found eigen3_cmake_module: 0.1.1 (/opt/ros/humble/share/eigen3_cmake_module/cmake)
[0.888s] -- Found Eigen3: TRUE (found version "3.4.0") 
[0.888s] -- Ensuring Eigen3 include directory is part of orocos-kdl CMake target
[0.941s] [31mCMake Error at CMakeLists.txt:17 (find_package):
[0.941s]   By not providing "FindBehaviors_cpp_v3.cmake" in CMAKE_MODULE_PATH this
[0.942s]   project has asked CMake to find a package configuration file provided by
[0.942s]   "Behaviors_cpp_v3", but CMake did not find one.
[0.942s] 
[0.942s]   Could not find a package configuration file provided by "Behaviors_cpp_v3"
[0.942s]   with any of the following names:
[0.942s] 
[0.942s]     Behaviors_cpp_v3Config.cmake
[0.942s]     behaviors_cpp_v3-config.cmake
[0.943s] 
[0.943s]   Add the installation prefix of "Behaviors_cpp_v3" to CMAKE_PREFIX_PATH or
[0.943s]   set "Behaviors_cpp_v3_DIR" to a directory containing one of the above
[0.943s]   files.  If "Behaviors_cpp_v3" provides a separate development package or
[0.943s]   SDK, be sure it has been installed.
[0.943s] 
[0.943s] -- Configuring incomplete, errors occurred!
[0.943s] See also "/root/irslab_ws/build/custom_nav2_bt_nodes/CMakeFiles/CMakeOutput.log".
[0.943s] [0m
[0.980s] Invoked command in '/root/irslab_ws/build/custom_nav2_bt_nodes' returned '1': CMAKE_PREFIX_PATH=/opt/ros/humble /usr/bin/cmake /root/irslab_ws/src/custom_nav2_bt_nodes -DCMAKE_BUILD_TYPE=Release -DCMAKE_INSTALL_PREFIX=/root/irslab_ws/install/custom_nav2_bt_nodes
