[0.060s] Invoking command in '/root/irslab_ws/build/tm14x_moveit_config': AMENT_PREFIX_PATH=/root/irslab_ws/install/tm_description:${AMENT_PREFIX_PATH} CMAKE_PREFIX_PATH=/root/irslab_ws/install/tm_description:/opt/ros/humble /usr/bin/cmake --build /root/irslab_ws/build/tm14x_moveit_config -- -j20 -l20
[0.127s] Invoked command in '/root/irslab_ws/build/tm14x_moveit_config' returned '0': AMENT_PREFIX_PATH=/root/irslab_ws/install/tm_description:${AMENT_PREFIX_PATH} CMAKE_PREFIX_PATH=/root/irslab_ws/install/tm_description:/opt/ros/humble /usr/bin/cmake --build /root/irslab_ws/build/tm14x_moveit_config -- -j20 -l20
[0.129s] Invoking command in '/root/irslab_ws/build/tm14x_moveit_config': AMENT_PREFIX_PATH=/root/irslab_ws/install/tm_description:${AMENT_PREFIX_PATH} CMAKE_PREFIX_PATH=/root/irslab_ws/install/tm_description:/opt/ros/humble /usr/bin/cmake --install /root/irslab_ws/build/tm14x_moveit_config
[0.165s] -- Install configuration: "Release"
[0.168s] -- Up-to-date: /root/irslab_ws/install/tm14x_moveit_config/share/ament_index/resource_index/package_run_dependencies/tm14x_moveit_config
[0.168s] -- Up-to-date: /root/irslab_ws/install/tm14x_moveit_config/share/ament_index/resource_index/parent_prefix_path/tm14x_moveit_config
[0.168s] -- Up-to-date: /root/irslab_ws/install/tm14x_moveit_config/share/tm14x_moveit_config/environment/ament_prefix_path.sh
[0.169s] -- Up-to-date: /root/irslab_ws/install/tm14x_moveit_config/share/tm14x_moveit_config/environment/ament_prefix_path.dsv
[0.169s] -- Up-to-date: /root/irslab_ws/install/tm14x_moveit_config/share/tm14x_moveit_config/environment/path.sh
[0.170s] -- Up-to-date: /root/irslab_ws/install/tm14x_moveit_config/share/tm14x_moveit_config/environment/path.dsv
[0.176s] -- Up-to-date: /root/irslab_ws/install/tm14x_moveit_config/share/tm14x_moveit_config/local_setup.bash
[0.176s] -- Up-to-date: /root/irslab_ws/install/tm14x_moveit_config/share/tm14x_moveit_config/local_setup.sh
[0.177s] -- Up-to-date: /root/irslab_ws/install/tm14x_moveit_config/share/tm14x_moveit_config/local_setup.zsh
[0.177s] -- Up-to-date: /root/irslab_ws/install/tm14x_moveit_config/share/tm14x_moveit_config/local_setup.dsv
[0.177s] -- Installing: /root/irslab_ws/install/tm14x_moveit_config/share/tm14x_moveit_config/package.dsv
[0.177s] -- Up-to-date: /root/irslab_ws/install/tm14x_moveit_config/share/ament_index/resource_index/packages/tm14x_moveit_config
[0.177s] -- Up-to-date: /root/irslab_ws/install/tm14x_moveit_config/share/tm14x_moveit_config/cmake/tm14x_moveit_configConfig.cmake
[0.177s] -- Up-to-date: /root/irslab_ws/install/tm14x_moveit_config/share/tm14x_moveit_config/cmake/tm14x_moveit_configConfig-version.cmake
[0.177s] -- Up-to-date: /root/irslab_ws/install/tm14x_moveit_config/share/tm14x_moveit_config/package.xml
[0.177s] -- Up-to-date: /root/irslab_ws/install/tm14x_moveit_config/share/tm14x_moveit_config/launch
[0.177s] -- Up-to-date: /root/irslab_ws/install/tm14x_moveit_config/share/tm14x_moveit_config/launch/setup_assistant.launch.py
[0.177s] -- Up-to-date: /root/irslab_ws/install/tm14x_moveit_config/share/tm14x_moveit_config/launch/warehouse_db.launch.py
[0.177s] -- Up-to-date: /root/irslab_ws/install/tm14x_moveit_config/share/tm14x_moveit_config/launch/spawn_controllers.launch.py
[0.177s] -- Up-to-date: /root/irslab_ws/install/tm14x_moveit_config/share/tm14x_moveit_config/launch/tm14x_moveit.launch.py
[0.178s] -- Up-to-date: /root/irslab_ws/install/tm14x_moveit_config/share/tm14x_moveit_config/launch/tm14x_run_move_group.launch.py
[0.178s] -- Up-to-date: /root/irslab_ws/install/tm14x_moveit_config/share/tm14x_moveit_config/launch/rsp.launch.py
[0.178s] -- Up-to-date: /root/irslab_ws/install/tm14x_moveit_config/share/tm14x_moveit_config/launch/move_group.launch.py
[0.178s] -- Up-to-date: /root/irslab_ws/install/tm14x_moveit_config/share/tm14x_moveit_config/launch/demo.launch.py
[0.178s] -- Up-to-date: /root/irslab_ws/install/tm14x_moveit_config/share/tm14x_moveit_config/launch/moveit_rviz.launch.py
[0.178s] -- Up-to-date: /root/irslab_ws/install/tm14x_moveit_config/share/tm14x_moveit_config/launch/static_virtual_joint_tfs.launch.py
[0.178s] -- Up-to-date: /root/irslab_ws/install/tm14x_moveit_config/share/tm14x_moveit_config/launch/run_move_group.rviz
[0.178s] -- Up-to-date: /root/irslab_ws/install/tm14x_moveit_config/share/tm14x_moveit_config/config
[0.178s] -- Up-to-date: /root/irslab_ws/install/tm14x_moveit_config/share/tm14x_moveit_config/config/controllers.yaml
[0.178s] -- Up-to-date: /root/irslab_ws/install/tm14x_moveit_config/share/tm14x_moveit_config/config/tm14x.srdf
[0.179s] -- Up-to-date: /root/irslab_ws/install/tm14x_moveit_config/share/tm14x_moveit_config/config/kinematics.yaml
[0.179s] -- Up-to-date: /root/irslab_ws/install/tm14x_moveit_config/share/tm14x_moveit_config/config/sensors_3d.yaml
[0.179s] -- Up-to-date: /root/irslab_ws/install/tm14x_moveit_config/share/tm14x_moveit_config/config/moveit2_controllers.yaml
[0.179s] -- Up-to-date: /root/irslab_ws/install/tm14x_moveit_config/share/tm14x_moveit_config/config/moveit.rviz
[0.179s] -- Up-to-date: /root/irslab_ws/install/tm14x_moveit_config/share/tm14x_moveit_config/config/joint_limits.yaml
[0.179s] -- Up-to-date: /root/irslab_ws/install/tm14x_moveit_config/share/tm14x_moveit_config/config/ros2_controllers.yaml
[0.180s] -- Up-to-date: /root/irslab_ws/install/tm14x_moveit_config/share/tm14x_moveit_config/config/moveit_controllers.yaml
[0.180s] -- Up-to-date: /root/irslab_ws/install/tm14x_moveit_config/share/tm14x_moveit_config/config/pilz_cartesian_limits.yaml
[0.183s] -- Up-to-date: /root/irslab_ws/install/tm14x_moveit_config/share/tm14x_moveit_config/config/tm14x.urdf.xacro
[0.184s] -- Up-to-date: /root/irslab_ws/install/tm14x_moveit_config/share/tm14x_moveit_config/config/tm14x.ros2_control.xacro
[0.184s] -- Up-to-date: /root/irslab_ws/install/tm14x_moveit_config/share/tm14x_moveit_config/config/initial_positions.yaml
[0.184s] -- Up-to-date: /root/irslab_ws/install/tm14x_moveit_config/share/tm14x_moveit_config/config/pilz_industrial_motion_planner_planning.yaml
[0.184s] -- Up-to-date: /root/irslab_ws/install/tm14x_moveit_config/share/tm14x_moveit_config/config/chomp_planning.yaml
[0.184s] -- Up-to-date: /root/irslab_ws/install/tm14x_moveit_config/share/tm14x_moveit_config/config/ompl_planning.yaml
[0.185s] -- Up-to-date: /root/irslab_ws/install/tm14x_moveit_config/share/tm14x_moveit_config/rviz
[0.185s] -- Up-to-date: /root/irslab_ws/install/tm14x_moveit_config/share/tm14x_moveit_config/rviz/moveit.rviz
[0.185s] -- Up-to-date: /root/irslab_ws/install/tm14x_moveit_config/share/tm14x_moveit_config/.setup_assistant
[0.243s] Invoked command in '/root/irslab_ws/build/tm14x_moveit_config' returned '0': AMENT_PREFIX_PATH=/root/irslab_ws/install/tm_description:${AMENT_PREFIX_PATH} CMAKE_PREFIX_PATH=/root/irslab_ws/install/tm_description:/opt/ros/humble /usr/bin/cmake --install /root/irslab_ws/build/tm14x_moveit_config
