[0.013s] Invoking command in '/root/irslab_ws/build/tm_inspect': CMAKE_PREFIX_PATH=/root/irslab_ws/install/tm_msgs:/root/irslab_ws/install/tm_test:/root/irslab_ws/install/tm_inspect:/root/irslab_ws/install/tm_driver:/root/irslab_ws/install/tm5x-900_moveit_config:/root/irslab_ws/install/tm5x-700_moveit_config:/root/irslab_ws/install/tm5-900_moveit_config:/root/irslab_ws/install/tm5-700_moveit_config:/root/irslab_ws/install/tm20_moveit_config:/root/irslab_ws/install/tm16_moveit_config:/root/irslab_ws/install/tm14x_moveit_config:/root/irslab_ws/install/tm14_moveit_config:/root/irslab_ws/install/tm12x_moveit_config:/root/irslab_ws/install/tm12_moveit_config:/root/irslab_ws/install/tm_description:/root/irslab_ws/install/custom_nav2_bt_nodes:/root/irslab_ws/install/tm_mod_urdf:/root/irslab_ws/install/pick_nav_place:/root/irslab_ws/install/pa_warehouse_status:/root/irslab_ws/install/hand_solo_virtual_nav:/root/irslab_ws/install/hand_solo_arm:/opt/ros/humble /usr/bin/cmake /root/irslab_ws/src/tmr_ros2/tm_inspect -DCMAKE_INSTALL_PREFIX=/root/irslab_ws/install/tm_inspect
[0.065s] -- The C compiler identification is GNU 11.4.0
[0.116s] -- The CXX compiler identification is GNU 11.4.0
[0.122s] -- Detecting C compiler ABI info
[0.192s] -- Detecting C compiler ABI info - done
[0.198s] -- Check for working C compiler: /usr/bin/cc - skipped
[0.199s] -- Detecting C compile features
[0.199s] -- Detecting C compile features - done
[0.201s] -- Detecting CXX compiler ABI info
[0.279s] -- Detecting CXX compiler ABI info - done
[0.285s] -- Check for working CXX compiler: /usr/bin/c++ - skipped
[0.285s] -- Detecting CXX compile features
[0.286s] -- Detecting CXX compile features - done
[0.289s] -- Found ament_cmake: 1.3.12 (/opt/ros/humble/share/ament_cmake/cmake)
[0.434s] -- Found Python3: /usr/bin/python3 (found version "3.10.12") found components: Interpreter 
[0.552s] -- Found rclcpp: 16.0.15 (/opt/ros/humble/share/rclcpp/cmake)
[0.601s] -- Found rosidl_generator_c: 3.1.7 (/opt/ros/humble/share/rosidl_generator_c/cmake)
[0.609s] -- Found rosidl_adapter: 3.1.7 (/opt/ros/humble/share/rosidl_adapter/cmake)
[0.619s] -- Found rosidl_generator_cpp: 3.1.7 (/opt/ros/humble/share/rosidl_generator_cpp/cmake)
[0.633s] -- Using all available rosidl_typesupport_c: rosidl_typesupport_fastrtps_c;rosidl_typesupport_introspection_c
[0.652s] -- Using all available rosidl_typesupport_cpp: rosidl_typesupport_fastrtps_cpp;rosidl_typesupport_introspection_cpp
[0.709s] -- Found rmw_implementation_cmake: 6.1.2 (/opt/ros/humble/share/rmw_implementation_cmake/cmake)
[0.713s] -- Found rmw_cyclonedds_cpp: 1.3.4 (/opt/ros/humble/share/rmw_cyclonedds_cpp/cmake)
[0.741s] -- Using RMW implementation 'rmw_cyclonedds_cpp' as default
[0.754s] -- Looking for pthread.h
[0.829s] -- Looking for pthread.h - found
[0.829s] -- Performing Test CMAKE_HAVE_LIBC_PTHREAD
[0.900s] -- Performing Test CMAKE_HAVE_LIBC_PTHREAD - Success
[0.902s] -- Found Threads: TRUE  
[0.962s] -- Found rclcpp_action: 16.0.15 (/opt/ros/humble/share/rclcpp_action/cmake)
[0.999s] -- Found tm_msgs: 1.1.2 (/root/irslab_ws/install/tm_msgs/share/tm_msgs/cmake)
[1.034s] -- Found ament_lint_auto: 0.12.14 (/opt/ros/humble/share/ament_lint_auto/cmake)
[1.139s] -- Added test 'copyright' to check source files copyright and LICENSE
[1.140s] -- Added test 'cppcheck' to perform static code analysis on C / C++ code
[1.141s] -- Configured cppcheck include dirs: 
[1.141s] -- Configured cppcheck exclude dirs and/or files: 
[1.142s] -- Added test 'cpplint' to check C / C++ code against the Google style
[1.142s] -- Configured cpplint exclude dirs and/or files: 
[1.143s] -- Added test 'flake8' to check Python code syntax and style conventions
[1.144s] -- Added test 'lint_cmake' to check CMake code style
[1.144s] -- Added test 'pep257' to check Python code against some of the docstring style conventions in PEP 257
[1.145s] -- Added test 'uncrustify' to check C / C++ code style
[1.145s] -- Configured uncrustify additional arguments: 
[1.146s] -- Added test 'xmllint' to check XML markup files
[1.148s] -- Configuring done
[1.178s] -- Generating done
[1.185s] -- Build files have been written to: /root/irslab_ws/build/tm_inspect
[1.197s] Invoked command in '/root/irslab_ws/build/tm_inspect' returned '0': CMAKE_PREFIX_PATH=/root/irslab_ws/install/tm_msgs:/root/irslab_ws/install/tm_test:/root/irslab_ws/install/tm_inspect:/root/irslab_ws/install/tm_driver:/root/irslab_ws/install/tm5x-900_moveit_config:/root/irslab_ws/install/tm5x-700_moveit_config:/root/irslab_ws/install/tm5-900_moveit_config:/root/irslab_ws/install/tm5-700_moveit_config:/root/irslab_ws/install/tm20_moveit_config:/root/irslab_ws/install/tm16_moveit_config:/root/irslab_ws/install/tm14x_moveit_config:/root/irslab_ws/install/tm14_moveit_config:/root/irslab_ws/install/tm12x_moveit_config:/root/irslab_ws/install/tm12_moveit_config:/root/irslab_ws/install/tm_description:/root/irslab_ws/install/custom_nav2_bt_nodes:/root/irslab_ws/install/tm_mod_urdf:/root/irslab_ws/install/pick_nav_place:/root/irslab_ws/install/pa_warehouse_status:/root/irslab_ws/install/hand_solo_virtual_nav:/root/irslab_ws/install/hand_solo_arm:/opt/ros/humble /usr/bin/cmake /root/irslab_ws/src/tmr_ros2/tm_inspect -DCMAKE_INSTALL_PREFIX=/root/irslab_ws/install/tm_inspect
[1.199s] Invoking command in '/root/irslab_ws/build/tm_inspect': CMAKE_PREFIX_PATH=/root/irslab_ws/install/tm_msgs:/root/irslab_ws/install/tm_test:/root/irslab_ws/install/tm_inspect:/root/irslab_ws/install/tm_driver:/root/irslab_ws/install/tm5x-900_moveit_config:/root/irslab_ws/install/tm5x-700_moveit_config:/root/irslab_ws/install/tm5-900_moveit_config:/root/irslab_ws/install/tm5-700_moveit_config:/root/irslab_ws/install/tm20_moveit_config:/root/irslab_ws/install/tm16_moveit_config:/root/irslab_ws/install/tm14x_moveit_config:/root/irslab_ws/install/tm14_moveit_config:/root/irslab_ws/install/tm12x_moveit_config:/root/irslab_ws/install/tm12_moveit_config:/root/irslab_ws/install/tm_description:/root/irslab_ws/install/custom_nav2_bt_nodes:/root/irslab_ws/install/tm_mod_urdf:/root/irslab_ws/install/pick_nav_place:/root/irslab_ws/install/pa_warehouse_status:/root/irslab_ws/install/hand_solo_virtual_nav:/root/irslab_ws/install/hand_solo_arm:/opt/ros/humble /usr/bin/cmake --build /root/irslab_ws/build/tm_inspect -- -j20 -l20
[1.260s] [ 14%] [34m[1mAutomatic MOC and UIC for target robot_ui[0m
[1.881s] [ 14%] Built target robot_ui_autogen
[1.901s] [ 28%] [34m[1mGenerating ui_tm_ros_driver_windows.h[0m
[1.965s] [ 42%] [32mBuilding CXX object CMakeFiles/robot_ui.dir/robot_ui_autogen/mocs_compilation.cpp.o[0m
[1.975s] [ 57%] [32mBuilding CXX object CMakeFiles/robot_ui.dir/src/main.cpp.o[0m
[1.982s] [ 71%] [32mBuilding CXX object CMakeFiles/robot_ui.dir/src/ros_page.cpp.o[0m
[1.989s] [ 85%] [32mBuilding CXX object CMakeFiles/robot_ui.dir/src/tm_ros_driver_windows.cpp.o[0m
[29.624s] [100%] [32m[1mLinking CXX executable robot_ui[0m
[31.195s] [100%] Built target robot_ui
[31.207s] Invoked command in '/root/irslab_ws/build/tm_inspect' returned '0': CMAKE_PREFIX_PATH=/root/irslab_ws/install/tm_msgs:/root/irslab_ws/install/tm_test:/root/irslab_ws/install/tm_inspect:/root/irslab_ws/install/tm_driver:/root/irslab_ws/install/tm5x-900_moveit_config:/root/irslab_ws/install/tm5x-700_moveit_config:/root/irslab_ws/install/tm5-900_moveit_config:/root/irslab_ws/install/tm5-700_moveit_config:/root/irslab_ws/install/tm20_moveit_config:/root/irslab_ws/install/tm16_moveit_config:/root/irslab_ws/install/tm14x_moveit_config:/root/irslab_ws/install/tm14_moveit_config:/root/irslab_ws/install/tm12x_moveit_config:/root/irslab_ws/install/tm12_moveit_config:/root/irslab_ws/install/tm_description:/root/irslab_ws/install/custom_nav2_bt_nodes:/root/irslab_ws/install/tm_mod_urdf:/root/irslab_ws/install/pick_nav_place:/root/irslab_ws/install/pa_warehouse_status:/root/irslab_ws/install/hand_solo_virtual_nav:/root/irslab_ws/install/hand_solo_arm:/opt/ros/humble /usr/bin/cmake --build /root/irslab_ws/build/tm_inspect -- -j20 -l20
[31.208s] Invoking command in '/root/irslab_ws/build/tm_inspect': CMAKE_PREFIX_PATH=/root/irslab_ws/install/tm_msgs:/root/irslab_ws/install/tm_test:/root/irslab_ws/install/tm_inspect:/root/irslab_ws/install/tm_driver:/root/irslab_ws/install/tm5x-900_moveit_config:/root/irslab_ws/install/tm5x-700_moveit_config:/root/irslab_ws/install/tm5-900_moveit_config:/root/irslab_ws/install/tm5-700_moveit_config:/root/irslab_ws/install/tm20_moveit_config:/root/irslab_ws/install/tm16_moveit_config:/root/irslab_ws/install/tm14x_moveit_config:/root/irslab_ws/install/tm14_moveit_config:/root/irslab_ws/install/tm12x_moveit_config:/root/irslab_ws/install/tm12_moveit_config:/root/irslab_ws/install/tm_description:/root/irslab_ws/install/custom_nav2_bt_nodes:/root/irslab_ws/install/tm_mod_urdf:/root/irslab_ws/install/pick_nav_place:/root/irslab_ws/install/pa_warehouse_status:/root/irslab_ws/install/hand_solo_virtual_nav:/root/irslab_ws/install/hand_solo_arm:/opt/ros/humble /usr/bin/cmake --install /root/irslab_ws/build/tm_inspect
[31.214s] -- Install configuration: ""
[31.215s] -- Installing: /root/irslab_ws/install/tm_inspect/lib/tm_inspect/robot_ui
[31.220s] -- Set runtime path of "/root/irslab_ws/install/tm_inspect/lib/tm_inspect/robot_ui" to ""
[31.220s] -- Installing: /root/irslab_ws/install/tm_inspect/share/tm_inspect/launch
[31.220s] -- Installing: /root/irslab_ws/install/tm_inspect/share/tm_inspect/launch/tm_gui.launch.py
[31.221s] -- Installing: /root/irslab_ws/install/tm_inspect/share/ament_index/resource_index/package_run_dependencies/tm_inspect
[31.221s] -- Installing: /root/irslab_ws/install/tm_inspect/share/ament_index/resource_index/parent_prefix_path/tm_inspect
[31.221s] -- Installing: /root/irslab_ws/install/tm_inspect/share/tm_inspect/environment/ament_prefix_path.sh
[31.221s] -- Installing: /root/irslab_ws/install/tm_inspect/share/tm_inspect/environment/ament_prefix_path.dsv
[31.221s] -- Installing: /root/irslab_ws/install/tm_inspect/share/tm_inspect/environment/path.sh
[31.221s] -- Installing: /root/irslab_ws/install/tm_inspect/share/tm_inspect/environment/path.dsv
[31.221s] -- Installing: /root/irslab_ws/install/tm_inspect/share/tm_inspect/local_setup.bash
[31.221s] -- Installing: /root/irslab_ws/install/tm_inspect/share/tm_inspect/local_setup.sh
[31.221s] -- Installing: /root/irslab_ws/install/tm_inspect/share/tm_inspect/local_setup.zsh
[31.221s] -- Installing: /root/irslab_ws/install/tm_inspect/share/tm_inspect/local_setup.dsv
[31.221s] -- Installing: /root/irslab_ws/install/tm_inspect/share/tm_inspect/package.dsv
[31.222s] -- Installing: /root/irslab_ws/install/tm_inspect/share/ament_index/resource_index/packages/tm_inspect
[31.222s] -- Installing: /root/irslab_ws/install/tm_inspect/share/tm_inspect/cmake/tm_inspectConfig.cmake
[31.222s] -- Installing: /root/irslab_ws/install/tm_inspect/share/tm_inspect/cmake/tm_inspectConfig-version.cmake
[31.222s] -- Installing: /root/irslab_ws/install/tm_inspect/share/tm_inspect/package.xml
[31.225s] Invoked command in '/root/irslab_ws/build/tm_inspect' returned '0': CMAKE_PREFIX_PATH=/root/irslab_ws/install/tm_msgs:/root/irslab_ws/install/tm_test:/root/irslab_ws/install/tm_inspect:/root/irslab_ws/install/tm_driver:/root/irslab_ws/install/tm5x-900_moveit_config:/root/irslab_ws/install/tm5x-700_moveit_config:/root/irslab_ws/install/tm5-900_moveit_config:/root/irslab_ws/install/tm5-700_moveit_config:/root/irslab_ws/install/tm20_moveit_config:/root/irslab_ws/install/tm16_moveit_config:/root/irslab_ws/install/tm14x_moveit_config:/root/irslab_ws/install/tm14_moveit_config:/root/irslab_ws/install/tm12x_moveit_config:/root/irslab_ws/install/tm12_moveit_config:/root/irslab_ws/install/tm_description:/root/irslab_ws/install/custom_nav2_bt_nodes:/root/irslab_ws/install/tm_mod_urdf:/root/irslab_ws/install/pick_nav_place:/root/irslab_ws/install/pa_warehouse_status:/root/irslab_ws/install/hand_solo_virtual_nav:/root/irslab_ws/install/hand_solo_arm:/opt/ros/humble /usr/bin/cmake --install /root/irslab_ws/build/tm_inspect
