running egg_info
creating ../../build/pick_nav_place/pick_nav_place.egg-info
writing ../../build/pick_nav_place/pick_nav_place.egg-info/PKG-INFO
writing dependency_links to ../../build/pick_nav_place/pick_nav_place.egg-info/dependency_links.txt
writing entry points to ../../build/pick_nav_place/pick_nav_place.egg-info/entry_points.txt
writing requirements to ../../build/pick_nav_place/pick_nav_place.egg-info/requires.txt
writing top-level names to ../../build/pick_nav_place/pick_nav_place.egg-info/top_level.txt
writing manifest file '../../build/pick_nav_place/pick_nav_place.egg-info/SOURCES.txt'
reading manifest file '../../build/pick_nav_place/pick_nav_place.egg-info/SOURCES.txt'
adding license file 'LICENSE'
writing manifest file '../../build/pick_nav_place/pick_nav_place.egg-info/SOURCES.txt'
running build
running build_py
creating /root/irslab_ws/build/pick_nav_place/build
creating /root/irslab_ws/build/pick_nav_place/build/lib
creating /root/irslab_ws/build/pick_nav_place/build/lib/pick_nav_place
copying pick_nav_place/plc_hmi_listener.py -> /root/irslab_ws/build/pick_nav_place/build/lib/pick_nav_place
copying pick_nav_place/__init__.py -> /root/irslab_ws/build/pick_nav_place/build/lib/pick_nav_place
copying pick_nav_place/robot_arm_controller.py -> /root/irslab_ws/build/pick_nav_place/build/lib/pick_nav_place
copying pick_nav_place/robot_waypoint_follower.py -> /root/irslab_ws/build/pick_nav_place/build/lib/pick_nav_place
copying pick_nav_place/warehouse_coordinator.py -> /root/irslab_ws/build/pick_nav_place/build/lib/pick_nav_place
running install
running install_lib
creating /root/irslab_ws/install/pick_nav_place/lib/python3.10/site-packages/pick_nav_place
copying /root/irslab_ws/build/pick_nav_place/build/lib/pick_nav_place/plc_hmi_listener.py -> /root/irslab_ws/install/pick_nav_place/lib/python3.10/site-packages/pick_nav_place
copying /root/irslab_ws/build/pick_nav_place/build/lib/pick_nav_place/__init__.py -> /root/irslab_ws/install/pick_nav_place/lib/python3.10/site-packages/pick_nav_place
copying /root/irslab_ws/build/pick_nav_place/build/lib/pick_nav_place/robot_arm_controller.py -> /root/irslab_ws/install/pick_nav_place/lib/python3.10/site-packages/pick_nav_place
copying /root/irslab_ws/build/pick_nav_place/build/lib/pick_nav_place/robot_waypoint_follower.py -> /root/irslab_ws/install/pick_nav_place/lib/python3.10/site-packages/pick_nav_place
copying /root/irslab_ws/build/pick_nav_place/build/lib/pick_nav_place/warehouse_coordinator.py -> /root/irslab_ws/install/pick_nav_place/lib/python3.10/site-packages/pick_nav_place
byte-compiling /root/irslab_ws/install/pick_nav_place/lib/python3.10/site-packages/pick_nav_place/plc_hmi_listener.py to plc_hmi_listener.cpython-310.pyc
byte-compiling /root/irslab_ws/install/pick_nav_place/lib/python3.10/site-packages/pick_nav_place/__init__.py to __init__.cpython-310.pyc
byte-compiling /root/irslab_ws/install/pick_nav_place/lib/python3.10/site-packages/pick_nav_place/robot_arm_controller.py to robot_arm_controller.cpython-310.pyc
byte-compiling /root/irslab_ws/install/pick_nav_place/lib/python3.10/site-packages/pick_nav_place/robot_waypoint_follower.py to robot_waypoint_follower.cpython-310.pyc
byte-compiling /root/irslab_ws/install/pick_nav_place/lib/python3.10/site-packages/pick_nav_place/warehouse_coordinator.py to warehouse_coordinator.cpython-310.pyc
running install_data
creating /root/irslab_ws/install/pick_nav_place/share/ament_index
creating /root/irslab_ws/install/pick_nav_place/share/ament_index/resource_index
creating /root/irslab_ws/install/pick_nav_place/share/ament_index/resource_index/packages
copying resource/pick_nav_place -> /root/irslab_ws/install/pick_nav_place/share/ament_index/resource_index/packages
copying package.xml -> /root/irslab_ws/install/pick_nav_place/share/pick_nav_place
creating /root/irslab_ws/install/pick_nav_place/share/pick_nav_place/launch
copying launch/mapping_launch.py -> /root/irslab_ws/install/pick_nav_place/share/pick_nav_place/launch
copying launch/pick_nav_place_launch.py -> /root/irslab_ws/install/pick_nav_place/share/pick_nav_place/launch
copying launch/nav_launch.py -> /root/irslab_ws/install/pick_nav_place/share/pick_nav_place/launch
creating /root/irslab_ws/install/pick_nav_place/share/pick_nav_place/config
copying config/pnp_slam_params.yaml -> /root/irslab_ws/install/pick_nav_place/share/pick_nav_place/config
copying config/pnp_nav2_params.yaml -> /root/irslab_ws/install/pick_nav_place/share/pick_nav_place/config
creating /root/irslab_ws/install/pick_nav_place/share/pick_nav_place/rviz
copying rviz/pnp_rviz_mapping.rviz -> /root/irslab_ws/install/pick_nav_place/share/pick_nav_place/rviz
copying rviz/pnp_rviz_nav2.rviz -> /root/irslab_ws/install/pick_nav_place/share/pick_nav_place/rviz
creating /root/irslab_ws/install/pick_nav_place/share/pick_nav_place/map
copying map/pnp_warehouse_map_01.pgm -> /root/irslab_ws/install/pick_nav_place/share/pick_nav_place/map
copying map/pnp_warehouse_map_01.yaml -> /root/irslab_ws/install/pick_nav_place/share/pick_nav_place/map
running install_egg_info
Copying ../../build/pick_nav_place/pick_nav_place.egg-info to /root/irslab_ws/install/pick_nav_place/lib/python3.10/site-packages/pick_nav_place-0.0.0-py3.10.egg-info
running install_scripts
Installing plc_hmi_listener script to /root/irslab_ws/install/pick_nav_place/lib/pick_nav_place
Installing robot_arm_controller script to /root/irslab_ws/install/pick_nav_place/lib/pick_nav_place
Installing robot_waypoint_follower script to /root/irslab_ws/install/pick_nav_place/lib/pick_nav_place
Installing warehouse_coordinator script to /root/irslab_ws/install/pick_nav_place/lib/pick_nav_place
writing list of installed files to '/root/irslab_ws/build/pick_nav_place/install.log'
