[1.351s] Invoking command in '/root/irslab_ws/src/pick_nav_place': PYTHONPATH=/root/irslab_ws/build/pick_nav_place/prefix_override:/usr/lib/python3/dist-packages/colcon_core/task/python/colcon_distutils_commands:/root/irslab_ws/install/pick_nav_place/lib/python3.10/site-packages:${PYTHONPATH} /usr/bin/python3 -W ignore:setup.py install is deprecated -W ignore:easy_install command is deprecated setup.py egg_info --egg-base ../../build/pick_nav_place build --build-base /root/irslab_ws/build/pick_nav_place/build install --record /root/irslab_ws/build/pick_nav_place/install.log --single-version-externally-managed install_data
[1.789s] running egg_info
[1.791s] creating ../../build/pick_nav_place/pick_nav_place.egg-info
[1.791s] writing ../../build/pick_nav_place/pick_nav_place.egg-info/PKG-INFO
[1.791s] writing dependency_links to ../../build/pick_nav_place/pick_nav_place.egg-info/dependency_links.txt
[1.791s] writing entry points to ../../build/pick_nav_place/pick_nav_place.egg-info/entry_points.txt
[1.791s] writing requirements to ../../build/pick_nav_place/pick_nav_place.egg-info/requires.txt
[1.791s] writing top-level names to ../../build/pick_nav_place/pick_nav_place.egg-info/top_level.txt
[1.791s] writing manifest file '../../build/pick_nav_place/pick_nav_place.egg-info/SOURCES.txt'
[1.792s] reading manifest file '../../build/pick_nav_place/pick_nav_place.egg-info/SOURCES.txt'
[1.792s] adding license file 'LICENSE'
[1.792s] writing manifest file '../../build/pick_nav_place/pick_nav_place.egg-info/SOURCES.txt'
[1.792s] running build
[1.792s] running build_py
[1.792s] creating /root/irslab_ws/build/pick_nav_place/build
[1.793s] creating /root/irslab_ws/build/pick_nav_place/build/lib
[1.793s] creating /root/irslab_ws/build/pick_nav_place/build/lib/pick_nav_place
[1.793s] copying pick_nav_place/plc_hmi_listener.py -> /root/irslab_ws/build/pick_nav_place/build/lib/pick_nav_place
[1.793s] copying pick_nav_place/__init__.py -> /root/irslab_ws/build/pick_nav_place/build/lib/pick_nav_place
[1.793s] copying pick_nav_place/robot_arm_controller.py -> /root/irslab_ws/build/pick_nav_place/build/lib/pick_nav_place
[1.793s] copying pick_nav_place/robot_waypoint_follower.py -> /root/irslab_ws/build/pick_nav_place/build/lib/pick_nav_place
[1.793s] copying pick_nav_place/warehouse_coordinator.py -> /root/irslab_ws/build/pick_nav_place/build/lib/pick_nav_place
[1.793s] running install
[1.793s] running install_lib
[1.793s] creating /root/irslab_ws/install/pick_nav_place/lib/python3.10/site-packages/pick_nav_place
[1.794s] copying /root/irslab_ws/build/pick_nav_place/build/lib/pick_nav_place/plc_hmi_listener.py -> /root/irslab_ws/install/pick_nav_place/lib/python3.10/site-packages/pick_nav_place
[1.794s] copying /root/irslab_ws/build/pick_nav_place/build/lib/pick_nav_place/__init__.py -> /root/irslab_ws/install/pick_nav_place/lib/python3.10/site-packages/pick_nav_place
[1.794s] copying /root/irslab_ws/build/pick_nav_place/build/lib/pick_nav_place/robot_arm_controller.py -> /root/irslab_ws/install/pick_nav_place/lib/python3.10/site-packages/pick_nav_place
[1.795s] copying /root/irslab_ws/build/pick_nav_place/build/lib/pick_nav_place/robot_waypoint_follower.py -> /root/irslab_ws/install/pick_nav_place/lib/python3.10/site-packages/pick_nav_place
[1.795s] copying /root/irslab_ws/build/pick_nav_place/build/lib/pick_nav_place/warehouse_coordinator.py -> /root/irslab_ws/install/pick_nav_place/lib/python3.10/site-packages/pick_nav_place
[1.795s] byte-compiling /root/irslab_ws/install/pick_nav_place/lib/python3.10/site-packages/pick_nav_place/plc_hmi_listener.py to plc_hmi_listener.cpython-310.pyc
[1.795s] byte-compiling /root/irslab_ws/install/pick_nav_place/lib/python3.10/site-packages/pick_nav_place/__init__.py to __init__.cpython-310.pyc
[1.795s] byte-compiling /root/irslab_ws/install/pick_nav_place/lib/python3.10/site-packages/pick_nav_place/robot_arm_controller.py to robot_arm_controller.cpython-310.pyc
[1.795s] byte-compiling /root/irslab_ws/install/pick_nav_place/lib/python3.10/site-packages/pick_nav_place/robot_waypoint_follower.py to robot_waypoint_follower.cpython-310.pyc
[1.795s] byte-compiling /root/irslab_ws/install/pick_nav_place/lib/python3.10/site-packages/pick_nav_place/warehouse_coordinator.py to warehouse_coordinator.cpython-310.pyc
[1.795s] running install_data
[1.795s] creating /root/irslab_ws/install/pick_nav_place/share/ament_index
[1.796s] creating /root/irslab_ws/install/pick_nav_place/share/ament_index/resource_index
[1.796s] creating /root/irslab_ws/install/pick_nav_place/share/ament_index/resource_index/packages
[1.796s] copying resource/pick_nav_place -> /root/irslab_ws/install/pick_nav_place/share/ament_index/resource_index/packages
[1.796s] copying package.xml -> /root/irslab_ws/install/pick_nav_place/share/pick_nav_place
[1.796s] creating /root/irslab_ws/install/pick_nav_place/share/pick_nav_place/launch
[1.796s] copying launch/mapping_launch.py -> /root/irslab_ws/install/pick_nav_place/share/pick_nav_place/launch
[1.796s] copying launch/pick_nav_place_launch.py -> /root/irslab_ws/install/pick_nav_place/share/pick_nav_place/launch
[1.797s] copying launch/nav_launch.py -> /root/irslab_ws/install/pick_nav_place/share/pick_nav_place/launch
[1.797s] creating /root/irslab_ws/install/pick_nav_place/share/pick_nav_place/config
[1.797s] copying config/pnp_slam_params.yaml -> /root/irslab_ws/install/pick_nav_place/share/pick_nav_place/config
[1.797s] copying config/pnp_nav2_params.yaml -> /root/irslab_ws/install/pick_nav_place/share/pick_nav_place/config
[1.797s] creating /root/irslab_ws/install/pick_nav_place/share/pick_nav_place/rviz
[1.797s] copying rviz/pnp_rviz_mapping.rviz -> /root/irslab_ws/install/pick_nav_place/share/pick_nav_place/rviz
[1.797s] copying rviz/pnp_rviz_nav2.rviz -> /root/irslab_ws/install/pick_nav_place/share/pick_nav_place/rviz
[1.797s] creating /root/irslab_ws/install/pick_nav_place/share/pick_nav_place/map
[1.797s] copying map/pnp_warehouse_map_01.pgm -> /root/irslab_ws/install/pick_nav_place/share/pick_nav_place/map
[1.797s] copying map/pnp_warehouse_map_01.yaml -> /root/irslab_ws/install/pick_nav_place/share/pick_nav_place/map
[1.797s] running install_egg_info
[1.797s] Copying ../../build/pick_nav_place/pick_nav_place.egg-info to /root/irslab_ws/install/pick_nav_place/lib/python3.10/site-packages/pick_nav_place-0.0.0-py3.10.egg-info
[1.798s] running install_scripts
[1.798s] Installing plc_hmi_listener script to /root/irslab_ws/install/pick_nav_place/lib/pick_nav_place
[1.798s] Installing robot_arm_controller script to /root/irslab_ws/install/pick_nav_place/lib/pick_nav_place
[1.798s] Installing robot_waypoint_follower script to /root/irslab_ws/install/pick_nav_place/lib/pick_nav_place
[1.798s] Installing warehouse_coordinator script to /root/irslab_ws/install/pick_nav_place/lib/pick_nav_place
[1.798s] writing list of installed files to '/root/irslab_ws/build/pick_nav_place/install.log'
[1.826s] Invoked command in '/root/irslab_ws/src/pick_nav_place' returned '0': PYTHONPATH=/root/irslab_ws/build/pick_nav_place/prefix_override:/usr/lib/python3/dist-packages/colcon_core/task/python/colcon_distutils_commands:/root/irslab_ws/install/pick_nav_place/lib/python3.10/site-packages:${PYTHONPATH} /usr/bin/python3 -W ignore:setup.py install is deprecated -W ignore:easy_install command is deprecated setup.py egg_info --egg-base ../../build/pick_nav_place build --build-base /root/irslab_ws/build/pick_nav_place/build install --record /root/irslab_ws/build/pick_nav_place/install.log --single-version-externally-managed install_data
