[0.000000] (-) TimerEvent: {}
[0.000196] (custom_nav2_bt_nodes) JobQueued: {'identifier': 'custom_nav2_bt_nodes', 'dependencies': OrderedDict()}
[0.000439] (hand_solo_arm) JobQueued: {'identifier': 'hand_solo_arm', 'dependencies': OrderedDict()}
[0.000594] (hand_solo_virtual_nav) JobQueued: {'identifier': 'hand_solo_virtual_nav', 'dependencies': OrderedDict()}
[0.000638] (pa_warehouse_status) JobQueued: {'identifier': 'pa_warehouse_status', 'dependencies': OrderedDict()}
[0.000671] (pick_nav_place) JobQueued: {'identifier': 'pick_nav_place', 'dependencies': OrderedDict()}
[0.000720] (tm_description) JobQueued: {'identifier': 'tm_description', 'dependencies': OrderedDict()}
[0.000756] (tm_mod_urdf) JobQueued: {'identifier': 'tm_mod_urdf', 'dependencies': OrderedDict()}
[0.000796] (tm_msgs) JobQueued: {'identifier': 'tm_msgs', 'dependencies': OrderedDict()}
[0.000856] (tm12_moveit_config) JobQueued: {'identifier': 'tm12_moveit_config', 'dependencies': OrderedDict([('tm_description', '/root/irslab_ws/install/tm_description')])}
[0.000882] (tm12x_moveit_config) JobQueued: {'identifier': 'tm12x_moveit_config', 'dependencies': OrderedDict([('tm_description', '/root/irslab_ws/install/tm_description')])}
[0.000913] (tm14_moveit_config) JobQueued: {'identifier': 'tm14_moveit_config', 'dependencies': OrderedDict([('tm_description', '/root/irslab_ws/install/tm_description')])}
[0.000938] (tm14x_moveit_config) JobQueued: {'identifier': 'tm14x_moveit_config', 'dependencies': OrderedDict([('tm_description', '/root/irslab_ws/install/tm_description')])}
[0.001006] (tm16_moveit_config) JobQueued: {'identifier': 'tm16_moveit_config', 'dependencies': OrderedDict([('tm_description', '/root/irslab_ws/install/tm_description')])}
[0.001031] (tm20_moveit_config) JobQueued: {'identifier': 'tm20_moveit_config', 'dependencies': OrderedDict([('tm_description', '/root/irslab_ws/install/tm_description')])}
[0.001053] (tm5-700_moveit_config) JobQueued: {'identifier': 'tm5-700_moveit_config', 'dependencies': OrderedDict([('tm_description', '/root/irslab_ws/install/tm_description')])}
[0.001074] (tm5-900_moveit_config) JobQueued: {'identifier': 'tm5-900_moveit_config', 'dependencies': OrderedDict([('tm_description', '/root/irslab_ws/install/tm_description')])}
[0.001104] (tm5x-700_moveit_config) JobQueued: {'identifier': 'tm5x-700_moveit_config', 'dependencies': OrderedDict([('tm_description', '/root/irslab_ws/install/tm_description')])}
[0.001131] (tm5x-900_moveit_config) JobQueued: {'identifier': 'tm5x-900_moveit_config', 'dependencies': OrderedDict([('tm_description', '/root/irslab_ws/install/tm_description')])}
[0.001154] (tm_driver) JobQueued: {'identifier': 'tm_driver', 'dependencies': OrderedDict([('tm_msgs', '/root/irslab_ws/install/tm_msgs')])}
[0.001184] (tm_inspect) JobQueued: {'identifier': 'tm_inspect', 'dependencies': OrderedDict([('tm_msgs', '/root/irslab_ws/install/tm_msgs')])}
[0.001232] (tm_test) JobQueued: {'identifier': 'tm_test', 'dependencies': OrderedDict([('tm_msgs', '/root/irslab_ws/install/tm_msgs')])}
[0.001255] (tm_description) JobStarted: {'identifier': 'tm_description'}
[0.005543] (tm_msgs) JobStarted: {'identifier': 'tm_msgs'}
[0.008301] (custom_nav2_bt_nodes) JobStarted: {'identifier': 'custom_nav2_bt_nodes'}
[0.010587] (hand_solo_arm) JobStarted: {'identifier': 'hand_solo_arm'}
[0.014098] (hand_solo_virtual_nav) JobStarted: {'identifier': 'hand_solo_virtual_nav'}
[0.017659] (pa_warehouse_status) JobStarted: {'identifier': 'pa_warehouse_status'}
[0.020773] (pick_nav_place) JobStarted: {'identifier': 'pick_nav_place'}
[0.023888] (tm_mod_urdf) JobStarted: {'identifier': 'tm_mod_urdf'}
[0.028323] (tm_description) JobProgress: {'identifier': 'tm_description', 'progress': 'cmake'}
[0.028544] (tm_description) JobProgress: {'identifier': 'tm_description', 'progress': 'build'}
[0.029020] (tm_description) Command: {'cmd': ['/usr/bin/cmake', '--build', '/root/irslab_ws/build/tm_description', '--', '-j20', '-l20'], 'cwd': '/root/irslab_ws/build/tm_description', 'env': OrderedDict([('HOSTNAME', 'hugh-Zenbook-UX3404VC'), ('SHLVL', '1'), ('LD_LIBRARY_PATH', '/opt/ros/humble/opt/rviz_ogre_vendor/lib:/opt/ros/humble/lib/x86_64-linux-gnu:/opt/ros/humble/lib'), ('HOME', '/root'), ('OLDPWD', '/'), ('PYTHONUNBUFFERED', '1'), ('ROS_PYTHON_VERSION', '3'), ('ROS_DISTRO', 'humble'), ('_', '/usr/bin/colcon'), ('ROS_VERSION', '2'), ('NVIDIA_DRIVER_CAPABILITIES', 'all'), ('TERM', 'xterm'), ('ROS_LOCALHOST_ONLY', '0'), ('QT_X11_NO_MITSHM', '1'), ('PATH', '/opt/ros/humble/bin:/usr/local/sbin:/usr/local/bin:/usr/sbin:/usr/bin:/sbin:/bin'), ('DISPLAY', ':1'), ('LANG', 'C.UTF-8'), ('RMW_IMPLEMENTATION', 'rmw_cyclonedds_cpp'), ('ROS_DOMAIN_ID', '0'), ('AMENT_PREFIX_PATH', '/opt/ros/humble'), ('DEBIAN_FRONTEND', 'noninteractive'), ('PWD', '/root/irslab_ws/build/tm_description'), ('LC_ALL', 'C.UTF-8'), ('PYTHONPATH', '/opt/ros/humble/lib/python3.10/site-packages:/opt/ros/humble/local/lib/python3.10/dist-packages'), ('NVIDIA_VISIBLE_DEVICES', 'all'), ('COLCON', '1'), ('CMAKE_PREFIX_PATH', '/opt/ros/humble')]), 'shell': False}
[0.030459] (tm_msgs) JobProgress: {'identifier': 'tm_msgs', 'progress': 'cmake'}
[0.030759] (tm_msgs) JobProgress: {'identifier': 'tm_msgs', 'progress': 'build'}
[0.030972] (tm_msgs) Command: {'cmd': ['/usr/bin/cmake', '--build', '/root/irslab_ws/build/tm_msgs', '--', '-j20', '-l20'], 'cwd': '/root/irslab_ws/build/tm_msgs', 'env': OrderedDict([('HOSTNAME', 'hugh-Zenbook-UX3404VC'), ('SHLVL', '1'), ('LD_LIBRARY_PATH', '/opt/ros/humble/opt/rviz_ogre_vendor/lib:/opt/ros/humble/lib/x86_64-linux-gnu:/opt/ros/humble/lib'), ('HOME', '/root'), ('OLDPWD', '/'), ('PYTHONUNBUFFERED', '1'), ('ROS_PYTHON_VERSION', '3'), ('ROS_DISTRO', 'humble'), ('_', '/usr/bin/colcon'), ('ROS_VERSION', '2'), ('NVIDIA_DRIVER_CAPABILITIES', 'all'), ('TERM', 'xterm'), ('ROS_LOCALHOST_ONLY', '0'), ('QT_X11_NO_MITSHM', '1'), ('PATH', '/opt/ros/humble/bin:/usr/local/sbin:/usr/local/bin:/usr/sbin:/usr/bin:/sbin:/bin'), ('DISPLAY', ':1'), ('LANG', 'C.UTF-8'), ('RMW_IMPLEMENTATION', 'rmw_cyclonedds_cpp'), ('ROS_DOMAIN_ID', '0'), ('AMENT_PREFIX_PATH', '/opt/ros/humble'), ('DEBIAN_FRONTEND', 'noninteractive'), ('PWD', '/root/irslab_ws/build/tm_msgs'), ('LC_ALL', 'C.UTF-8'), ('PYTHONPATH', '/opt/ros/humble/lib/python3.10/site-packages:/opt/ros/humble/local/lib/python3.10/dist-packages'), ('NVIDIA_VISIBLE_DEVICES', 'all'), ('COLCON', '1'), ('CMAKE_PREFIX_PATH', '/opt/ros/humble')]), 'shell': False}
[0.032129] (custom_nav2_bt_nodes) JobProgress: {'identifier': 'custom_nav2_bt_nodes', 'progress': 'cmake'}
[0.032292] (custom_nav2_bt_nodes) JobProgress: {'identifier': 'custom_nav2_bt_nodes', 'progress': 'build'}
[0.032581] (custom_nav2_bt_nodes) Command: {'cmd': ['/usr/bin/cmake', '--build', '/root/irslab_ws/build/custom_nav2_bt_nodes', '--', '-j20', '-l20'], 'cwd': '/root/irslab_ws/build/custom_nav2_bt_nodes', 'env': OrderedDict([('HOSTNAME', 'hugh-Zenbook-UX3404VC'), ('SHLVL', '1'), ('LD_LIBRARY_PATH', '/opt/ros/humble/opt/rviz_ogre_vendor/lib:/opt/ros/humble/lib/x86_64-linux-gnu:/opt/ros/humble/lib'), ('HOME', '/root'), ('OLDPWD', '/'), ('PYTHONUNBUFFERED', '1'), ('ROS_PYTHON_VERSION', '3'), ('ROS_DISTRO', 'humble'), ('_', '/usr/bin/colcon'), ('ROS_VERSION', '2'), ('NVIDIA_DRIVER_CAPABILITIES', 'all'), ('TERM', 'xterm'), ('ROS_LOCALHOST_ONLY', '0'), ('QT_X11_NO_MITSHM', '1'), ('PATH', '/opt/ros/humble/bin:/usr/local/sbin:/usr/local/bin:/usr/sbin:/usr/bin:/sbin:/bin'), ('DISPLAY', ':1'), ('LANG', 'C.UTF-8'), ('RMW_IMPLEMENTATION', 'rmw_cyclonedds_cpp'), ('ROS_DOMAIN_ID', '0'), ('AMENT_PREFIX_PATH', '/opt/ros/humble'), ('DEBIAN_FRONTEND', 'noninteractive'), ('PWD', '/root/irslab_ws/build/custom_nav2_bt_nodes'), ('LC_ALL', 'C.UTF-8'), ('PYTHONPATH', '/opt/ros/humble/lib/python3.10/site-packages:/opt/ros/humble/local/lib/python3.10/dist-packages'), ('NVIDIA_VISIBLE_DEVICES', 'all'), ('COLCON', '1'), ('CMAKE_PREFIX_PATH', '/opt/ros/humble')]), 'shell': False}
[0.099752] (-) TimerEvent: {}
[0.200149] (-) TimerEvent: {}
[0.300585] (-) TimerEvent: {}
[0.400873] (-) TimerEvent: {}
[0.501336] (-) TimerEvent: {}
[0.565316] (tm_msgs) StdoutLine: {'line': b'[  0%] Built target tm_msgs__cpp\n'}
[0.566399] (tm_msgs) StdoutLine: {'line': b'[ 12%] Built target tm_msgs__rosidl_generator_c\n'}
[0.567307] (tm_msgs) StdoutLine: {'line': b'[ 12%] Built target ament_cmake_python_copy_tm_msgs\n'}
[0.567833] (tm_msgs) StdoutLine: {'line': b'[ 24%] Built target tm_msgs__rosidl_typesupport_introspection_cpp\n'}
[0.567955] (tm_msgs) StdoutLine: {'line': b'[ 36%] Built target tm_msgs__rosidl_typesupport_cpp\n'}
[0.568059] (tm_msgs) StdoutLine: {'line': b'[ 48%] Built target tm_msgs__rosidl_typesupport_fastrtps_cpp\n'}
[0.568151] (tm_msgs) StdoutLine: {'line': b'[ 72%] Built target tm_msgs__rosidl_typesupport_fastrtps_c\n'}
[0.568236] (tm_msgs) StdoutLine: {'line': b'[ 71%] Built target tm_msgs__rosidl_typesupport_c\n'}
[0.568322] (tm_msgs) StdoutLine: {'line': b'[ 84%] Built target tm_msgs__rosidl_typesupport_introspection_c\n'}
[0.568414] (tm_msgs) StdoutLine: {'line': b'[ 84%] Built target tm_msgs\n'}
[0.568504] (tm_msgs) StdoutLine: {'line': b'[ 85%] Built target tm_msgs__py\n'}
[0.568604] (tm_msgs) StdoutLine: {'line': b'[ 96%] Built target tm_msgs__rosidl_generator_py\n'}
[0.568697] (tm_msgs) StdoutLine: {'line': b'[ 98%] Built target tm_msgs__rosidl_typesupport_c__pyext\n'}
[0.568788] (tm_msgs) StdoutLine: {'line': b'[ 99%] Built target tm_msgs__rosidl_typesupport_introspection_c__pyext\n'}
[0.568879] (tm_msgs) StdoutLine: {'line': b'[100%] Built target tm_msgs__rosidl_typesupport_fastrtps_c__pyext\n'}
[0.568967] (tm_msgs) StdoutLine: {'line': b'running egg_info\n'}
[0.569055] (tm_msgs) StdoutLine: {'line': b'writing tm_msgs.egg-info/PKG-INFO\n'}
[0.569141] (tm_msgs) StdoutLine: {'line': b'writing dependency_links to tm_msgs.egg-info/dependency_links.txt\n'}
[0.569234] (tm_msgs) StdoutLine: {'line': b'writing top-level names to tm_msgs.egg-info/top_level.txt\n'}
[0.569325] (tm_msgs) StdoutLine: {'line': b"reading manifest file 'tm_msgs.egg-info/SOURCES.txt'\n"}
[0.569411] (tm_msgs) StdoutLine: {'line': b"writing manifest file 'tm_msgs.egg-info/SOURCES.txt'\n"}
[0.569497] (tm_msgs) StdoutLine: {'line': b'[100%] Built target ament_cmake_python_build_tm_msgs_egg\n'}
[0.569637] (custom_nav2_bt_nodes) StdoutLine: {'line': b'-- Found ament_cmake: 1.3.12 (/opt/ros/humble/share/ament_cmake/cmake)\n'}
[0.569731] (custom_nav2_bt_nodes) StdoutLine: {'line': b'-- Found rclcpp: 16.0.15 (/opt/ros/humble/share/rclcpp/cmake)\n'}
[0.569775] (custom_nav2_bt_nodes) StdoutLine: {'line': b'-- Found rosidl_generator_c: 3.1.7 (/opt/ros/humble/share/rosidl_generator_c/cmake)\n'}
[0.569813] (custom_nav2_bt_nodes) StdoutLine: {'line': b'-- Found rosidl_adapter: 3.1.7 (/opt/ros/humble/share/rosidl_adapter/cmake)\n'}
[0.569851] (custom_nav2_bt_nodes) StdoutLine: {'line': b'-- Found rosidl_generator_cpp: 3.1.7 (/opt/ros/humble/share/rosidl_generator_cpp/cmake)\n'}
[0.569888] (custom_nav2_bt_nodes) StdoutLine: {'line': b'-- Using all available rosidl_typesupport_c: rosidl_typesupport_fastrtps_c;rosidl_typesupport_introspection_c\n'}
[0.569927] (custom_nav2_bt_nodes) StdoutLine: {'line': b'-- Using all available rosidl_typesupport_cpp: rosidl_typesupport_fastrtps_cpp;rosidl_typesupport_introspection_cpp\n'}
[0.569964] (custom_nav2_bt_nodes) StdoutLine: {'line': b'-- Found rmw_implementation_cmake: 6.1.2 (/opt/ros/humble/share/rmw_implementation_cmake/cmake)\n'}
[0.570000] (custom_nav2_bt_nodes) StdoutLine: {'line': b'-- Found rmw_cyclonedds_cpp: 1.3.4 (/opt/ros/humble/share/rmw_cyclonedds_cpp/cmake)\n'}
[0.570038] (custom_nav2_bt_nodes) StdoutLine: {'line': b"-- Using RMW implementation 'rmw_cyclonedds_cpp' as default\n"}
[0.570071] (custom_nav2_bt_nodes) StdoutLine: {'line': b'-- Found nav2_behavior_tree: 1.1.18 (/opt/ros/humble/share/nav2_behavior_tree/cmake)\n'}
[0.570105] (custom_nav2_bt_nodes) StdoutLine: {'line': b'-- Found eigen3_cmake_module: 0.1.1 (/opt/ros/humble/share/eigen3_cmake_module/cmake)\n'}
[0.570138] (custom_nav2_bt_nodes) StdoutLine: {'line': b'-- Ensuring Eigen3 include directory is part of orocos-kdl CMake target\n'}
[0.570178] (custom_nav2_bt_nodes) StdoutLine: {'line': b'-- Found pluginlib: 5.1.0 (/opt/ros/humble/share/pluginlib/cmake)\n'}
[0.570221] (custom_nav2_bt_nodes) StdoutLine: {'line': b'-- Configuring incomplete, errors occurred!\n'}
[0.570254] (custom_nav2_bt_nodes) StdoutLine: {'line': b'See also "/root/irslab_ws/build/custom_nav2_bt_nodes/CMakeFiles/CMakeOutput.log".\n'}
[0.570289] (custom_nav2_bt_nodes) StderrLine: {'line': b'\x1b[31mCMake Error at /opt/ros/humble/share/ament_cmake_core/cmake/core/assert_file_exists.cmake:20 (message):\n'}
[0.570336] (custom_nav2_bt_nodes) StderrLine: {'line': b"  ament_package() called with extra file 'install/local_setup.bash' which\n"}
[0.570378] (custom_nav2_bt_nodes) StderrLine: {'line': b'  does not exist\n'}
[0.570413] (custom_nav2_bt_nodes) StderrLine: {'line': b'Call Stack (most recent call first):\n'}
[0.570448] (custom_nav2_bt_nodes) StderrLine: {'line': b'  /opt/ros/humble/share/ament_cmake_core/cmake/core/ament_package.cmake:98 (assert_file_exists)\n'}
[0.570484] (custom_nav2_bt_nodes) StderrLine: {'line': b'  /opt/ros/humble/share/ament_cmake_core/cmake/core/ament_package.cmake:68 (_ament_package)\n'}
[0.570519] (custom_nav2_bt_nodes) StderrLine: {'line': b'  CMakeLists.txt:62 (ament_package)\n'}
[0.570561] (custom_nav2_bt_nodes) StderrLine: {'line': b'\n'}
[0.570598] (custom_nav2_bt_nodes) StderrLine: {'line': b'\x1b[0m\n'}
[0.570632] (custom_nav2_bt_nodes) StderrLine: {'line': b'gmake: *** [Makefile:267: cmake_check_build_system] Error 1\n'}
[0.570675] (tm_description) CommandEnded: {'returncode': 0}
[0.570845] (tm_description) JobProgress: {'identifier': 'tm_description', 'progress': 'install'}
[0.577524] (tm_description) Command: {'cmd': ['/usr/bin/cmake', '--install', '/root/irslab_ws/build/tm_description'], 'cwd': '/root/irslab_ws/build/tm_description', 'env': OrderedDict([('HOSTNAME', 'hugh-Zenbook-UX3404VC'), ('SHLVL', '1'), ('LD_LIBRARY_PATH', '/opt/ros/humble/opt/rviz_ogre_vendor/lib:/opt/ros/humble/lib/x86_64-linux-gnu:/opt/ros/humble/lib'), ('HOME', '/root'), ('OLDPWD', '/'), ('PYTHONUNBUFFERED', '1'), ('ROS_PYTHON_VERSION', '3'), ('ROS_DISTRO', 'humble'), ('_', '/usr/bin/colcon'), ('ROS_VERSION', '2'), ('NVIDIA_DRIVER_CAPABILITIES', 'all'), ('TERM', 'xterm'), ('ROS_LOCALHOST_ONLY', '0'), ('QT_X11_NO_MITSHM', '1'), ('PATH', '/opt/ros/humble/bin:/usr/local/sbin:/usr/local/bin:/usr/sbin:/usr/bin:/sbin:/bin'), ('DISPLAY', ':1'), ('LANG', 'C.UTF-8'), ('RMW_IMPLEMENTATION', 'rmw_cyclonedds_cpp'), ('ROS_DOMAIN_ID', '0'), ('AMENT_PREFIX_PATH', '/opt/ros/humble'), ('DEBIAN_FRONTEND', 'noninteractive'), ('PWD', '/root/irslab_ws/build/tm_description'), ('LC_ALL', 'C.UTF-8'), ('PYTHONPATH', '/opt/ros/humble/lib/python3.10/site-packages:/opt/ros/humble/local/lib/python3.10/dist-packages'), ('NVIDIA_VISIBLE_DEVICES', 'all'), ('COLCON', '1'), ('CMAKE_PREFIX_PATH', '/opt/ros/humble')]), 'shell': False}
[0.601477] (-) TimerEvent: {}
[0.701784] (-) TimerEvent: {}
[0.703108] (custom_nav2_bt_nodes) CommandEnded: {'returncode': 2}
[0.710311] (custom_nav2_bt_nodes) JobEnded: {'identifier': 'custom_nav2_bt_nodes', 'rc': 2}
[0.713032] (tm_msgs) CommandEnded: {'returncode': 0}
[0.713633] (tm_msgs) JobProgress: {'identifier': 'tm_msgs', 'progress': 'install'}
[0.713672] (tm_msgs) Command: {'cmd': ['/usr/bin/cmake', '--install', '/root/irslab_ws/build/tm_msgs'], 'cwd': '/root/irslab_ws/build/tm_msgs', 'env': OrderedDict([('HOSTNAME', 'hugh-Zenbook-UX3404VC'), ('SHLVL', '1'), ('LD_LIBRARY_PATH', '/opt/ros/humble/opt/rviz_ogre_vendor/lib:/opt/ros/humble/lib/x86_64-linux-gnu:/opt/ros/humble/lib'), ('HOME', '/root'), ('OLDPWD', '/'), ('PYTHONUNBUFFERED', '1'), ('ROS_PYTHON_VERSION', '3'), ('ROS_DISTRO', 'humble'), ('_', '/usr/bin/colcon'), ('ROS_VERSION', '2'), ('NVIDIA_DRIVER_CAPABILITIES', 'all'), ('TERM', 'xterm'), ('ROS_LOCALHOST_ONLY', '0'), ('QT_X11_NO_MITSHM', '1'), ('PATH', '/opt/ros/humble/bin:/usr/local/sbin:/usr/local/bin:/usr/sbin:/usr/bin:/sbin:/bin'), ('DISPLAY', ':1'), ('LANG', 'C.UTF-8'), ('RMW_IMPLEMENTATION', 'rmw_cyclonedds_cpp'), ('ROS_DOMAIN_ID', '0'), ('AMENT_PREFIX_PATH', '/opt/ros/humble'), ('DEBIAN_FRONTEND', 'noninteractive'), ('PWD', '/root/irslab_ws/build/tm_msgs'), ('LC_ALL', 'C.UTF-8'), ('PYTHONPATH', '/opt/ros/humble/lib/python3.10/site-packages:/opt/ros/humble/local/lib/python3.10/dist-packages'), ('NVIDIA_VISIBLE_DEVICES', 'all'), ('COLCON', '1'), ('CMAKE_PREFIX_PATH', '/opt/ros/humble')]), 'shell': False}
[0.713925] (tm_mod_urdf) JobEnded: {'identifier': 'tm_mod_urdf', 'rc': 'SIGINT'}
[0.714267] (hand_solo_arm) JobEnded: {'identifier': 'hand_solo_arm', 'rc': 'SIGINT'}
[0.714575] (hand_solo_virtual_nav) JobEnded: {'identifier': 'hand_solo_virtual_nav', 'rc': 'SIGINT'}
[0.714858] (pa_warehouse_status) JobEnded: {'identifier': 'pa_warehouse_status', 'rc': 'SIGINT'}
[0.715124] (pick_nav_place) JobEnded: {'identifier': 'pick_nav_place', 'rc': 'SIGINT'}
[0.715379] (tm_msgs) JobEnded: {'identifier': 'tm_msgs', 'rc': 'SIGINT'}
[0.715729] (tm_description) StdoutLine: {'line': b'-- Install configuration: "Release"\n'}
[0.715896] (tm_description) StdoutLine: {'line': b'-- Up-to-date: /root/irslab_ws/install/tm_description/share/ament_index/resource_index/package_run_dependencies/tm_description\n'}
[0.715958] (tm_description) StdoutLine: {'line': b'-- Up-to-date: /root/irslab_ws/install/tm_description/share/ament_index/resource_index/parent_prefix_path/tm_description\n'}
[0.716001] (tm_description) StdoutLine: {'line': b'-- Up-to-date: /root/irslab_ws/install/tm_description/share/tm_description/environment/ament_prefix_path.sh\n'}
[0.716038] (tm_description) StdoutLine: {'line': b'-- Up-to-date: /root/irslab_ws/install/tm_description/share/tm_description/environment/ament_prefix_path.dsv\n'}
[0.716079] (tm_description) StdoutLine: {'line': b'-- Up-to-date: /root/irslab_ws/install/tm_description/share/tm_description/environment/path.sh\n'}
[0.716117] (tm_description) StdoutLine: {'line': b'-- Up-to-date: /root/irslab_ws/install/tm_description/share/tm_description/environment/path.dsv\n'}
[0.716154] (tm_description) StdoutLine: {'line': b'-- Up-to-date: /root/irslab_ws/install/tm_description/share/tm_description/local_setup.bash\n'}
[0.716191] (tm_description) StdoutLine: {'line': b'-- Up-to-date: /root/irslab_ws/install/tm_description/share/tm_description/local_setup.sh\n'}
[0.716228] (tm_description) StdoutLine: {'line': b'-- Up-to-date: /root/irslab_ws/install/tm_description/share/tm_description/local_setup.zsh\n'}
[0.716266] (tm_description) StdoutLine: {'line': b'-- Up-to-date: /root/irslab_ws/install/tm_description/share/tm_description/local_setup.dsv\n'}
[0.716302] (tm_description) StdoutLine: {'line': b'-- Up-to-date: /root/irslab_ws/install/tm_description/share/tm_description/package.dsv\n'}
[0.716338] (tm_description) StdoutLine: {'line': b'-- Up-to-date: /root/irslab_ws/install/tm_description/share/ament_index/resource_index/packages/tm_description\n'}
[0.716375] (tm_description) StdoutLine: {'line': b'-- Up-to-date: /root/irslab_ws/install/tm_description/share/tm_description/cmake/tm_descriptionConfig.cmake\n'}
[0.716420] (tm_description) StdoutLine: {'line': b'-- Up-to-date: /root/irslab_ws/install/tm_description/share/tm_description/cmake/tm_descriptionConfig-version.cmake\n'}
[0.716467] (tm_description) StdoutLine: {'line': b'-- Up-to-date: /root/irslab_ws/install/tm_description/share/tm_description/package.xml\n'}
[0.716513] (tm_description) StdoutLine: {'line': b'-- Up-to-date: /root/irslab_ws/install/tm_description/share/tm_description/meshes\n'}
[0.716567] (tm_description) StdoutLine: {'line': b'-- Up-to-date: /root/irslab_ws/install/tm_description/share/tm_description/meshes/tm5-700\n'}
[0.716612] (tm_description) StdoutLine: {'line': b'-- Up-to-date: /root/irslab_ws/install/tm_description/share/tm_description/meshes/tm5-700/visual\n'}
[0.716660] (tm_description) StdoutLine: {'line': b'-- Up-to-date: /root/irslab_ws/install/tm_description/share/tm_description/meshes/tm5-700/visual/tm5-700_arm1.stl\n'}
[0.716708] (tm_description) StdoutLine: {'line': b'-- Up-to-date: /root/irslab_ws/install/tm_description/share/tm_description/meshes/tm5-700/visual/tm5-700_arm2.obj\n'}
[0.716755] (tm_description) StdoutLine: {'line': b'-- Up-to-date: /root/irslab_ws/install/tm_description/share/tm_description/meshes/tm5-700/visual/tm5-700_arm2.mtl\n'}
[0.716810] (tm_description) StdoutLine: {'line': b'-- Up-to-date: /root/irslab_ws/install/tm_description/share/tm_description/meshes/tm5-700/visual/tm5-700_arm2.stl\n'}
[0.716861] (tm_description) StdoutLine: {'line': b'-- Up-to-date: /root/irslab_ws/install/tm_description/share/tm_description/meshes/tm5-700/visual/tm5-700_arm1.obj\n'}
[0.716911] (tm_description) StdoutLine: {'line': b'-- Up-to-date: /root/irslab_ws/install/tm_description/share/tm_description/meshes/tm5-700/visual/tm5-700_arm1.mtl\n'}
[0.716963] (tm_description) StdoutLine: {'line': b'-- Up-to-date: /root/irslab_ws/install/tm_description/share/tm_description/meshes/tm5-700/collision\n'}
[0.717019] (tm_description) StdoutLine: {'line': b'-- Up-to-date: /root/irslab_ws/install/tm_description/share/tm_description/meshes/tm5-700/collision/tm5-700_arm1_c.stl\n'}
[0.717074] (tm_description) StdoutLine: {'line': b'-- Up-to-date: /root/irslab_ws/install/tm_description/share/tm_description/meshes/tm5-700/collision/tm5-700_arm2_c.stl\n'}
[0.717128] (tm_description) StdoutLine: {'line': b'-- Up-to-date: /root/irslab_ws/install/tm_description/share/tm_description/meshes/tm5-900\n'}
[0.717182] (tm_description) StdoutLine: {'line': b'-- Up-to-date: /root/irslab_ws/install/tm_description/share/tm_description/meshes/tm5-900/visual\n'}
[0.717239] (tm_description) StdoutLine: {'line': b'-- Up-to-date: /root/irslab_ws/install/tm_description/share/tm_description/meshes/tm5-900/visual/tmr_100w_01.mtl\n'}
[0.717289] (tm_description) StdoutLine: {'line': b'-- Up-to-date: /root/irslab_ws/install/tm_description/share/tm_description/meshes/tm5-900/visual/tm5-base.obj\n'}
[0.717339] (tm_description) StdoutLine: {'line': b'-- Up-to-date: /root/irslab_ws/install/tm_description/share/tm_description/meshes/tm5-900/visual/tm5-base.mtl\n'}
[0.717399] (tm_description) StdoutLine: {'line': b'-- Up-to-date: /root/irslab_ws/install/tm_description/share/tm_description/meshes/tm5-900/visual/tmr_400w_01.obj\n'}
[0.717455] (tm_description) StdoutLine: {'line': b'-- Up-to-date: /root/irslab_ws/install/tm_description/share/tm_description/meshes/tm5-900/visual/tmr_ee.obj\n'}
[0.717510] (tm_description) StdoutLine: {'line': b'-- Up-to-date: /root/irslab_ws/install/tm_description/share/tm_description/meshes/tm5-900/visual/tmr_400w_01.stl\n'}
[0.717565] (tm_description) StdoutLine: {'line': b'-- Up-to-date: /root/irslab_ws/install/tm_description/share/tm_description/meshes/tm5-900/visual/tmr_100w_02.mtl\n'}
[0.717620] (tm_description) StdoutLine: {'line': b'-- Up-to-date: /root/irslab_ws/install/tm_description/share/tm_description/meshes/tm5-900/visual/tmr_ee.mtl\n'}
[0.717669] (tm_description) StdoutLine: {'line': b'-- Up-to-date: /root/irslab_ws/install/tm_description/share/tm_description/meshes/tm5-900/visual/tmr_100w_02.stl\n'}
[0.717717] (tm_description) StdoutLine: {'line': b'-- Up-to-date: /root/irslab_ws/install/tm_description/share/tm_description/meshes/tm5-900/visual/tm5-900_arm1.obj\n'}
[0.717775] (tm_description) StdoutLine: {'line': b'-- Up-to-date: /root/irslab_ws/install/tm_description/share/tm_description/meshes/tm5-900/visual/tmr_100w_01.stl\n'}
[0.717824] (tm_description) StdoutLine: {'line': b'-- Up-to-date: /root/irslab_ws/install/tm_description/share/tm_description/meshes/tm5-900/visual/tmr_iox.obj\n'}
[0.717875] (tm_description) StdoutLine: {'line': b'-- Up-to-date: /root/irslab_ws/install/tm_description/share/tm_description/meshes/tm5-900/visual/tm5_base_moma.stl\n'}
[0.717924] (tm_description) StdoutLine: {'line': b'-- Up-to-date: /root/irslab_ws/install/tm_description/share/tm_description/meshes/tm5-900/visual/tmr_100w_02.obj\n'}
[0.717971] (tm_description) StdoutLine: {'line': b'-- Up-to-date: /root/irslab_ws/install/tm_description/share/tm_description/meshes/tm5-900/visual/tm5-900_arm1.mtl\n'}
[0.718021] (tm_description) StdoutLine: {'line': b'-- Up-to-date: /root/irslab_ws/install/tm_description/share/tm_description/meshes/tm5-900/visual/tmr_400w_01.mtl\n'}
[0.718066] (tm_description) StdoutLine: {'line': b'-- Up-to-date: /root/irslab_ws/install/tm_description/share/tm_description/meshes/tm5-900/visual/tm5-900_arm2.stl\n'}
[0.718114] (tm_description) StdoutLine: {'line': b'-- Up-to-date: /root/irslab_ws/install/tm_description/share/tm_description/meshes/tm5-900/visual/tm5-900_arm2.obj\n'}
[0.718158] (tm_description) StdoutLine: {'line': b'-- Up-to-date: /root/irslab_ws/install/tm_description/share/tm_description/meshes/tm5-900/visual/tmr_100w_01.obj\n'}
[0.718192] (tm_description) StdoutLine: {'line': b'-- Up-to-date: /root/irslab_ws/install/tm_description/share/tm_description/meshes/tm5-900/visual/tmr_ee.stl\n'}
[0.718226] (tm_description) StdoutLine: {'line': b'-- Up-to-date: /root/irslab_ws/install/tm_description/share/tm_description/meshes/tm5-900/visual/tm5-900_arm1.stl\n'}
[0.718259] (tm_description) StdoutLine: {'line': b'-- Up-to-date: /root/irslab_ws/install/tm_description/share/tm_description/meshes/tm5-900/visual/tm5_base_moma.mtl\n'}
[0.718293] (tm_description) StdoutLine: {'line': b'-- Up-to-date: /root/irslab_ws/install/tm_description/share/tm_description/meshes/tm5-900/visual/tm5-900_arm2.mtl\n'}
[0.718325] (tm_description) StdoutLine: {'line': b'-- Up-to-date: /root/irslab_ws/install/tm_description/share/tm_description/meshes/tm5-900/visual/tm5_base_moma.obj\n'}
[0.718358] (tm_description) StdoutLine: {'line': b'-- Up-to-date: /root/irslab_ws/install/tm_description/share/tm_description/meshes/tm5-900/visual/tmr_iox.mtl\n'}
[0.718392] (tm_description) StdoutLine: {'line': b'-- Up-to-date: /root/irslab_ws/install/tm_description/share/tm_description/meshes/tm5-900/visual/tmr_iox.stl\n'}
[0.718426] (tm_description) StdoutLine: {'line': b'-- Up-to-date: /root/irslab_ws/install/tm_description/share/tm_description/meshes/tm5-900/visual/tm5-base.stl\n'}
[0.718460] (tm_description) StdoutLine: {'line': b'-- Up-to-date: /root/irslab_ws/install/tm_description/share/tm_description/meshes/tm5-900/collision\n'}
[0.718493] (tm_description) StdoutLine: {'line': b'-- Up-to-date: /root/irslab_ws/install/tm_description/share/tm_description/meshes/tm5-900/collision/tmr_ee_c.stl\n'}
[0.718527] (tm_description) StdoutLine: {'line': b'-- Up-to-date: /root/irslab_ws/install/tm_description/share/tm_description/meshes/tm5-900/collision/tm5_base_c.stl\n'}
[0.718565] (tm_description) StdoutLine: {'line': b'-- Up-to-date: /root/irslab_ws/install/tm_description/share/tm_description/meshes/tm5-900/collision/tmr_iox_c.stl\n'}
[0.718597] (tm_description) StdoutLine: {'line': b'-- Up-to-date: /root/irslab_ws/install/tm_description/share/tm_description/meshes/tm5-900/collision/tmr_400w_01_c.stl\n'}
[0.718630] (tm_description) StdoutLine: {'line': b'-- Up-to-date: /root/irslab_ws/install/tm_description/share/tm_description/meshes/tm5-900/collision/tm5-900_arm1_c.stl\n'}
[0.718662] (tm_description) StdoutLine: {'line': b'-- Up-to-date: /root/irslab_ws/install/tm_description/share/tm_description/meshes/tm5-900/collision/tmr_100w_01_c.stl\n'}
[0.718697] (tm_description) StdoutLine: {'line': b'-- Up-to-date: /root/irslab_ws/install/tm_description/share/tm_description/meshes/tm5-900/collision/tmr_100w_02_c.stl\n'}
[0.718732] (tm_description) StdoutLine: {'line': b'-- Up-to-date: /root/irslab_ws/install/tm_description/share/tm_description/meshes/tm5-900/collision/tm5-base_c.stl\n'}
[0.718767] (tm_description) StdoutLine: {'line': b'-- Up-to-date: /root/irslab_ws/install/tm_description/share/tm_description/meshes/tm5-900/collision/tm5-900_arm2_c.stl\n'}
[0.718802] (tm_description) StdoutLine: {'line': b'-- Up-to-date: /root/irslab_ws/install/tm_description/share/tm_description/meshes/tm20\n'}
[0.718837] (tm_description) StdoutLine: {'line': b'-- Up-to-date: /root/irslab_ws/install/tm_description/share/tm_description/meshes/tm20/visual\n'}
[0.718870] (tm_description) StdoutLine: {'line': b'-- Up-to-date: /root/irslab_ws/install/tm_description/share/tm_description/meshes/tm20/visual/tm20-j6.obj\n'}
[0.718904] (tm_description) StdoutLine: {'line': b'-- Up-to-date: /root/irslab_ws/install/tm_description/share/tm_description/meshes/tm20/visual/tm20-j1.mtl\n'}
[0.718938] (tm_description) StdoutLine: {'line': b'-- Up-to-date: /root/irslab_ws/install/tm_description/share/tm_description/meshes/tm20/visual/tm20-j5.obj\n'}
[0.718982] (tm_description) StdoutLine: {'line': b'-- Up-to-date: /root/irslab_ws/install/tm_description/share/tm_description/meshes/tm20/visual/tm20-j1.stl\n'}
[0.719017] (tm_description) StdoutLine: {'line': b'-- Up-to-date: /root/irslab_ws/install/tm_description/share/tm_description/meshes/tm20/visual/tm20-arm2.stl\n'}
[0.719051] (tm_description) StdoutLine: {'line': b'-- Up-to-date: /root/irslab_ws/install/tm_description/share/tm_description/meshes/tm20/visual/tm20-arm1.obj\n'}
[0.719090] (tm_description) StdoutLine: {'line': b'-- Up-to-date: /root/irslab_ws/install/tm_description/share/tm_description/meshes/tm20/visual/tm20-j1.obj\n'}
[0.719124] (tm_description) StdoutLine: {'line': b'-- Up-to-date: /root/irslab_ws/install/tm_description/share/tm_description/meshes/tm20/visual/tm20-j5.mtl\n'}
[0.719162] (tm_description) StdoutLine: {'line': b'-- Up-to-date: /root/irslab_ws/install/tm_description/share/tm_description/meshes/tm20/visual/tm20-arm1.stl\n'}
[0.719197] (tm_description) StdoutLine: {'line': b'-- Up-to-date: /root/irslab_ws/install/tm_description/share/tm_description/meshes/tm20/visual/tm20-j5.stl\n'}
[0.719231] (tm_description) StdoutLine: {'line': b'-- Up-to-date: /root/irslab_ws/install/tm_description/share/tm_description/meshes/tm20/visual/tm20-arm2.obj\n'}
[0.719265] (tm_description) StdoutLine: {'line': b'-- Up-to-date: /root/irslab_ws/install/tm_description/share/tm_description/meshes/tm20/visual/tm20-j6.mtl\n'}
[0.719298] (tm_description) StdoutLine: {'line': b'-- Up-to-date: /root/irslab_ws/install/tm_description/share/tm_description/meshes/tm20/visual/tm20-arm1.mtl\n'}
[0.719331] (tm_description) StdoutLine: {'line': b'-- Up-to-date: /root/irslab_ws/install/tm_description/share/tm_description/meshes/tm20/visual/tm20-j6.stl\n'}
[0.719365] (tm_description) StdoutLine: {'line': b'-- Up-to-date: /root/irslab_ws/install/tm_description/share/tm_description/meshes/tm20/visual/tm20-arm2.mtl\n'}
[0.719398] (tm_description) StdoutLine: {'line': b'-- Up-to-date: /root/irslab_ws/install/tm_description/share/tm_description/meshes/tm20/collision\n'}
[0.719430] (tm_description) StdoutLine: {'line': b'-- Up-to-date: /root/irslab_ws/install/tm_description/share/tm_description/meshes/tm20/collision/tm20-arm2_c.stl\n'}
[0.719463] (tm_description) StdoutLine: {'line': b'-- Up-to-date: /root/irslab_ws/install/tm_description/share/tm_description/meshes/tm20/collision/tm20-j1_c.stl\n'}
[0.719495] (tm_description) StdoutLine: {'line': b'-- Up-to-date: /root/irslab_ws/install/tm_description/share/tm_description/meshes/tm20/collision/tm20-j5_c.stl\n'}
[0.719528] (tm_description) StdoutLine: {'line': b'-- Up-to-date: /root/irslab_ws/install/tm_description/share/tm_description/meshes/tm20/collision/tm20-j6_c.stl\n'}
[0.719565] (tm_description) StdoutLine: {'line': b'-- Up-to-date: /root/irslab_ws/install/tm_description/share/tm_description/meshes/tm20/collision/tm20-arm1_c.stl\n'}
[0.719599] (tm_description) StdoutLine: {'line': b'-- Up-to-date: /root/irslab_ws/install/tm_description/share/tm_description/meshes/tm12\n'}
[0.719635] (tm_description) StdoutLine: {'line': b'-- Up-to-date: /root/irslab_ws/install/tm_description/share/tm_description/meshes/tm12/visual\n'}
[0.719669] (tm_description) StdoutLine: {'line': b'-- Up-to-date: /root/irslab_ws/install/tm_description/share/tm_description/meshes/tm12/visual/tm12-base.stl\n'}
[0.719705] (tm_description) StdoutLine: {'line': b'-- Up-to-date: /root/irslab_ws/install/tm_description/share/tm_description/meshes/tm12/visual/tmr_750w_01.obj\n'}
[0.719741] (tm_description) StdoutLine: {'line': b'-- Up-to-date: /root/irslab_ws/install/tm_description/share/tm_description/meshes/tm12/visual/tm12-base.mtl\n'}
[0.719775] (tm_description) StdoutLine: {'line': b'-- Up-to-date: /root/irslab_ws/install/tm_description/share/tm_description/meshes/tm12/visual/tm12-base.obj\n'}
[0.719809] (tm_description) StdoutLine: {'line': b'-- Up-to-date: /root/irslab_ws/install/tm_description/share/tm_description/meshes/tm12/visual/tm12-arm2.obj\n'}
[0.719848] (tm_description) StdoutLine: {'line': b'-- Up-to-date: /root/irslab_ws/install/tm_description/share/tm_description/meshes/tm12/visual/tm12-arm2.mtl\n'}
[0.719881] (tm_description) StdoutLine: {'line': b'-- Up-to-date: /root/irslab_ws/install/tm_description/share/tm_description/meshes/tm12/visual/tm12-arm1.mtl\n'}
[0.719916] (tm_description) StdoutLine: {'line': b'-- Up-to-date: /root/irslab_ws/install/tm_description/share/tm_description/meshes/tm12/visual/tmr_750w_01.mtl\n'}
[0.719949] (tm_description) StdoutLine: {'line': b'-- Up-to-date: /root/irslab_ws/install/tm_description/share/tm_description/meshes/tm12/visual/tm12-arm2.stl\n'}
[0.719984] (tm_description) StdoutLine: {'line': b'-- Up-to-date: /root/irslab_ws/install/tm_description/share/tm_description/meshes/tm12/visual/tm12-arm1.stl\n'}
[0.720020] (tm_description) StdoutLine: {'line': b'-- Up-to-date: /root/irslab_ws/install/tm_description/share/tm_description/meshes/tm12/visual/tmr_750w_01.stl\n'}
[0.720053] (tm_description) StdoutLine: {'line': b'-- Up-to-date: /root/irslab_ws/install/tm_description/share/tm_description/meshes/tm12/visual/tm12-arm1.obj\n'}
[0.720086] (tm_description) StdoutLine: {'line': b'-- Up-to-date: /root/irslab_ws/install/tm_description/share/tm_description/meshes/tm12/collision\n'}
[0.720119] (tm_description) StdoutLine: {'line': b'-- Up-to-date: /root/irslab_ws/install/tm_description/share/tm_description/meshes/tm12/collision/tmr_750w_01_c.stl\n'}
[0.720152] (tm_description) StdoutLine: {'line': b'-- Up-to-date: /root/irslab_ws/install/tm_description/share/tm_description/meshes/tm12/collision/tm12-arm2_c.stl\n'}
[0.720185] (tm_description) StdoutLine: {'line': b'-- Up-to-date: /root/irslab_ws/install/tm_description/share/tm_description/meshes/tm12/collision/tm12-arm1_c.stl\n'}
[0.720219] (tm_description) StdoutLine: {'line': b'-- Up-to-date: /root/irslab_ws/install/tm_description/share/tm_description/meshes/tm12/collision/tm12-base_c.stl\n'}
[0.720251] (tm_description) StdoutLine: {'line': b'-- Up-to-date: /root/irslab_ws/install/tm_description/share/tm_description/meshes/tm14\n'}
[0.720285] (tm_description) StdoutLine: {'line': b'-- Up-to-date: /root/irslab_ws/install/tm_description/share/tm_description/meshes/tm14/visual\n'}
[0.720318] (tm_description) StdoutLine: {'line': b'-- Up-to-date: /root/irslab_ws/install/tm_description/share/tm_description/meshes/tm14/visual/tm14_arm2.mtl\n'}
[0.720351] (tm_description) StdoutLine: {'line': b'-- Up-to-date: /root/irslab_ws/install/tm_description/share/tm_description/meshes/tm14/visual/tm14_arm2.obj\n'}
[0.720384] (tm_description) StdoutLine: {'line': b'-- Up-to-date: /root/irslab_ws/install/tm_description/share/tm_description/meshes/tm14/visual/tm14_arm1.stl\n'}
[0.720417] (tm_description) StdoutLine: {'line': b'-- Up-to-date: /root/irslab_ws/install/tm_description/share/tm_description/meshes/tm14/visual/tm14_arm1.obj\n'}
[0.720454] (tm_description) StdoutLine: {'line': b'-- Up-to-date: /root/irslab_ws/install/tm_description/share/tm_description/meshes/tm14/visual/tm14_arm2.stl\n'}
[0.720487] (tm_description) StdoutLine: {'line': b'-- Up-to-date: /root/irslab_ws/install/tm_description/share/tm_description/meshes/tm14/visual/tm14_arm1.mtl\n'}
[0.720519] (tm_description) StdoutLine: {'line': b'-- Up-to-date: /root/irslab_ws/install/tm_description/share/tm_description/meshes/tm14/collision\n'}
[0.720553] (tm_description) StdoutLine: {'line': b'-- Up-to-date: /root/irslab_ws/install/tm_description/share/tm_description/meshes/tm14/collision/tm14_arm1_c.stl\n'}
[0.720586] (tm_description) StdoutLine: {'line': b'-- Up-to-date: /root/irslab_ws/install/tm_description/share/tm_description/meshes/tm14/collision/tm14_arm2_c.stl\n'}
[0.720619] (tm_description) StdoutLine: {'line': b'-- Up-to-date: /root/irslab_ws/install/tm_description/share/tm_description/meshes/tm16\n'}
[0.720652] (tm_description) StdoutLine: {'line': b'-- Up-to-date: /root/irslab_ws/install/tm_description/share/tm_description/meshes/tm16/visual\n'}
[0.720686] (tm_description) StdoutLine: {'line': b'-- Up-to-date: /root/irslab_ws/install/tm_description/share/tm_description/meshes/tm16/visual/tm16-arm1.mtl\n'}
[0.720721] (tm_description) StdoutLine: {'line': b'-- Up-to-date: /root/irslab_ws/install/tm_description/share/tm_description/meshes/tm16/visual/tm16-arm1.obj\n'}
[0.720754] (tm_description) StdoutLine: {'line': b'-- Up-to-date: /root/irslab_ws/install/tm_description/share/tm_description/meshes/tm16/visual/tm16-arm2.obj\n'}
[0.720788] (tm_description) StdoutLine: {'line': b'-- Up-to-date: /root/irslab_ws/install/tm_description/share/tm_description/meshes/tm16/visual/tm16-arm2.mtl\n'}
[0.720822] (tm_description) StdoutLine: {'line': b'-- Up-to-date: /root/irslab_ws/install/tm_description/share/tm_description/meshes/tm16/visual/tm16-arm1.stl\n'}
[0.720856] (tm_description) StdoutLine: {'line': b'-- Up-to-date: /root/irslab_ws/install/tm_description/share/tm_description/meshes/tm16/visual/tm16-arm2.stl\n'}
[0.720889] (tm_description) StdoutLine: {'line': b'-- Up-to-date: /root/irslab_ws/install/tm_description/share/tm_description/meshes/tm16/collision\n'}
[0.720922] (tm_description) StdoutLine: {'line': b'-- Up-to-date: /root/irslab_ws/install/tm_description/share/tm_description/meshes/tm16/collision/tm16-arm2_c.stl\n'}
[0.720954] (tm_description) StdoutLine: {'line': b'-- Up-to-date: /root/irslab_ws/install/tm_description/share/tm_description/meshes/tm16/collision/tm16-arm1_c.stl\n'}
[0.720986] (tm_description) StdoutLine: {'line': b'-- Up-to-date: /root/irslab_ws/install/tm_description/share/tm_description/urdf\n'}
[0.721019] (tm_description) StdoutLine: {'line': b'-- Up-to-date: /root/irslab_ws/install/tm_description/share/tm_description/urdf/tm16-nominal.urdf\n'}
[0.721051] (tm_description) StdoutLine: {'line': b'-- Up-to-date: /root/irslab_ws/install/tm_description/share/tm_description/urdf/tm5x-700-nominal.urdf\n'}
[0.721083] (tm_description) StdoutLine: {'line': b'-- Up-to-date: /root/irslab_ws/install/tm_description/share/tm_description/urdf/tm20-nominal.urdf\n'}
[0.721115] (tm_description) StdoutLine: {'line': b'-- Up-to-date: /root/irslab_ws/install/tm_description/share/tm_description/urdf/tm14x-nominal.urdf\n'}
[0.721148] (tm_description) StdoutLine: {'line': b'-- Up-to-date: /root/irslab_ws/install/tm_description/share/tm_description/urdf/tm5-900-nominal.urdf\n'}
[0.721181] (tm_description) StdoutLine: {'line': b'-- Up-to-date: /root/irslab_ws/install/tm_description/share/tm_description/urdf/tm5x-900-nominal.urdf\n'}
[0.721216] (tm_description) StdoutLine: {'line': b'-- Up-to-date: /root/irslab_ws/install/tm_description/share/tm_description/urdf/tm12-nominal.urdf\n'}
[0.721250] (tm_description) StdoutLine: {'line': b'-- Up-to-date: /root/irslab_ws/install/tm_description/share/tm_description/urdf/tm5-700-nominal.urdf\n'}
[0.721281] (tm_description) StdoutLine: {'line': b'-- Up-to-date: /root/irslab_ws/install/tm_description/share/tm_description/urdf/tm5-900.urdf\n'}
[0.721313] (tm_description) StdoutLine: {'line': b'-- Up-to-date: /root/irslab_ws/install/tm_description/share/tm_description/urdf/tm12x-nominal.urdf\n'}
[0.721346] (tm_description) StdoutLine: {'line': b'-- Up-to-date: /root/irslab_ws/install/tm_description/share/tm_description/urdf/tm14-nominal.urdf\n'}
[0.721379] (tm_description) StdoutLine: {'line': b'-- Up-to-date: /root/irslab_ws/install/tm_description/share/tm_description/xacro\n'}
[0.721414] (tm_description) StdoutLine: {'line': b'-- Up-to-date: /root/irslab_ws/install/tm_description/share/tm_description/xacro/macro.materials.xacro\n'}
[0.721447] (tm_description) StdoutLine: {'line': b'-- Up-to-date: /root/irslab_ws/install/tm_description/share/tm_description/xacro/tm20.urdf.xacro\n'}
[0.721479] (tm_description) StdoutLine: {'line': b'-- Up-to-date: /root/irslab_ws/install/tm_description/share/tm_description/xacro/macro.gazebo.xacro\n'}
[0.721512] (tm_description) StdoutLine: {'line': b'-- Up-to-date: /root/irslab_ws/install/tm_description/share/tm_description/xacro/macro.handsolo.urdf.xacro\n'}
[0.721545] (tm_description) StdoutLine: {'line': b'-- Up-to-date: /root/irslab_ws/install/tm_description/share/tm_description/xacro/tm5x-900.urdf.xacro\n'}
[0.721585] (tm_description) StdoutLine: {'line': b'-- Up-to-date: /root/irslab_ws/install/tm_description/share/tm_description/xacro/macro.tm12-nominal.urdf.xacro\n'}
[0.721615] (tm_description) StdoutLine: {'line': b'-- Up-to-date: /root/irslab_ws/install/tm_description/share/tm_description/xacro/macro.inertial.xacro\n'}
[0.721650] (tm_description) StdoutLine: {'line': b'-- Up-to-date: /root/irslab_ws/install/tm_description/share/tm_description/xacro/tm16.urdf.xacro\n'}
[0.721680] (tm_description) StdoutLine: {'line': b'-- Up-to-date: /root/irslab_ws/install/tm_description/share/tm_description/xacro/tm5x-700.urdf.xacro\n'}
[0.721714] (tm_description) StdoutLine: {'line': b'-- Up-to-date: /root/irslab_ws/install/tm_description/share/tm_description/xacro/macro.tm5x-900-nominal.urdf.xacro\n'}
[0.721747] (tm_description) StdoutLine: {'line': b'-- Up-to-date: /root/irslab_ws/install/tm_description/share/tm_description/xacro/tm5-700.urdf.xacro\n'}
[0.721780] (tm_description) StdoutLine: {'line': b'-- Up-to-date: /root/irslab_ws/install/tm_description/share/tm_description/xacro/tm5-900.urdf.xacro\n'}
[0.721817] (tm_description) StdoutLine: {'line': b'-- Up-to-date: /root/irslab_ws/install/tm_description/share/tm_description/xacro/macro.tm14x-nominal.urdf.xacro\n'}
[0.721851] (tm_description) StdoutLine: {'line': b'-- Up-to-date: /root/irslab_ws/install/tm_description/share/tm_description/xacro/tm12x.urdf.xacro\n'}
[0.721885] (tm_description) StdoutLine: {'line': b'-- Up-to-date: /root/irslab_ws/install/tm_description/share/tm_description/xacro/handsolo.urdf.xacro\n'}
[0.721917] (tm_description) StdoutLine: {'line': b'-- Up-to-date: /root/irslab_ws/install/tm_description/share/tm_description/xacro/macro.tm5-700-nominal.urdf.xacro\n'}
[0.721951] (tm_description) StdoutLine: {'line': b'-- Up-to-date: /root/irslab_ws/install/tm_description/share/tm_description/xacro/tm12.urdf.xacro\n'}
[0.721984] (tm_description) StdoutLine: {'line': b'-- Up-to-date: /root/irslab_ws/install/tm_description/share/tm_description/xacro/tm14x.urdf.xacro\n'}
[0.722016] (tm_description) StdoutLine: {'line': b'-- Up-to-date: /root/irslab_ws/install/tm_description/share/tm_description/xacro/tm14.urdf.xacro\n'}
[0.722049] (tm_description) StdoutLine: {'line': b'-- Up-to-date: /root/irslab_ws/install/tm_description/share/tm_description/xacro/macro.tm14-nominal.urdf.xacro\n'}
[0.722080] (tm_description) StdoutLine: {'line': b'-- Up-to-date: /root/irslab_ws/install/tm_description/share/tm_description/xacro/macro.transmission.xacro\n'}
[0.722113] (tm_description) StdoutLine: {'line': b'-- Up-to-date: /root/irslab_ws/install/tm_description/share/tm_description/xacro/macro.tm20-nominal.urdf.xacro\n'}
[0.722146] (tm_description) StdoutLine: {'line': b'-- Up-to-date: /root/irslab_ws/install/tm_description/share/tm_description/xacro/macro.tm12x-nominal.urdf.xacro\n'}
[0.722178] (tm_description) StdoutLine: {'line': b'-- Up-to-date: /root/irslab_ws/install/tm_description/share/tm_description/xacro/macro.tm5x-700-nominal.urdf.xacro\n'}
[0.722210] (tm_description) StdoutLine: {'line': b'-- Up-to-date: /root/irslab_ws/install/tm_description/share/tm_description/xacro/macro.tm16-nominal.urdf.xacro\n'}
[0.722241] (tm_description) StdoutLine: {'line': b'-- Up-to-date: /root/irslab_ws/install/tm_description/share/tm_description/xacro/macro.tm5-900-nominal.urdf.xacro\n'}
[0.722275] (tm_description) JobEnded: {'identifier': 'tm_description', 'rc': 'SIGINT'}
[0.724293] (tm12_moveit_config) JobSkipped: {'identifier': 'tm12_moveit_config'}
[0.724366] (tm12x_moveit_config) JobSkipped: {'identifier': 'tm12x_moveit_config'}
[0.724423] (tm14_moveit_config) JobSkipped: {'identifier': 'tm14_moveit_config'}
[0.724452] (tm14x_moveit_config) JobSkipped: {'identifier': 'tm14x_moveit_config'}
[0.724496] (tm16_moveit_config) JobSkipped: {'identifier': 'tm16_moveit_config'}
[0.724526] (tm20_moveit_config) JobSkipped: {'identifier': 'tm20_moveit_config'}
[0.724559] (tm5-700_moveit_config) JobSkipped: {'identifier': 'tm5-700_moveit_config'}
[0.724612] (tm5-900_moveit_config) JobSkipped: {'identifier': 'tm5-900_moveit_config'}
[0.724641] (tm5x-700_moveit_config) JobSkipped: {'identifier': 'tm5x-700_moveit_config'}
[0.724662] (tm5x-900_moveit_config) JobSkipped: {'identifier': 'tm5x-900_moveit_config'}
[0.724684] (tm_driver) JobSkipped: {'identifier': 'tm_driver'}
[0.724706] (tm_inspect) JobSkipped: {'identifier': 'tm_inspect'}
[0.724726] (tm_test) JobSkipped: {'identifier': 'tm_test'}
[0.724748] (-) EventReactorShutdown: {}
