-- Found ament_cmake: 1.3.12 (/opt/ros/humble/share/ament_cmake/cmake)
-- Found action_msgs: 1.2.2 (/opt/ros/humble/share/action_msgs/cmake)
-- Found rosidl_generator_c: 3.1.7 (/opt/ros/humble/share/rosidl_generator_c/cmake)
-- Found rosidl_adapter: 3.1.7 (/opt/ros/humble/share/rosidl_adapter/cmake)
-- Found rosidl_generator_cpp: 3.1.7 (/opt/ros/humble/share/rosidl_generator_cpp/cmake)
-- Using all available rosidl_typesupport_c: rosidl_typesupport_fastrtps_c;rosidl_typesupport_introspection_c
-- Using all available rosidl_typesupport_cpp: rosidl_typesupport_fastrtps_cpp;rosidl_typesupport_introspection_cpp
-- Found rclcpp: 16.0.15 (/opt/ros/humble/share/rclcpp/cmake)
-- Found rmw_implementation_cmake: 6.1.2 (/opt/ros/humble/share/rmw_implementation_cmake/cmake)
-- Found rmw_cyclonedds_cpp: 1.3.4 (/opt/ros/humble/share/rmw_cyclonedds_cpp/cmake)
-- Using RMW implementation 'rmw_cyclonedds_cpp' as default
-- Found rclcpp_action: 16.0.15 (/opt/ros/humble/share/rclcpp_action/cmake)
-- Found rclcpp_lifecycle: 16.0.15 (/opt/ros/humble/share/rclcpp_lifecycle/cmake)
-- Found nav2_behavior_tree: 1.1.18 (/opt/ros/humble/share/nav2_behavior_tree/cmake)
-- Found eigen3_cmake_module: 0.1.1 (/opt/ros/humble/share/eigen3_cmake_module/cmake)
-- Ensuring Eigen3 include directory is part of orocos-kdl CMake target
-- Found pluginlib: 5.1.0 (/opt/ros/humble/share/pluginlib/cmake)
-- Found nav2_common: 1.1.18 (/opt/ros/humble/share/nav2_common/cmake)
-- Configuring done
-- Generating done
-- Build files have been written to: /root/irslab_ws/build/custom_nav2_bt_nodes
[35m[1mConsolidate compiler generated dependencies of target nav2_bt_nodes_check_path_alignment[0m
[ 50%] [32mBuilding CXX object CMakeFiles/nav2_bt_nodes_check_path_alignment.dir/src/check_path_alignment.cpp.o[0m
[01m[K/root/irslab_ws/src/custom_nav2_bt_nodes/src/check_path_alignment.cpp:15:1:[m[K [01;31m[Kerror: [m[K‘[01m[KCheckPathAlignment[m[K’ does not name a type
   15 | [01;31m[KCheckPathAlignment[m[K::CheckPathAlignment(
      | [01;31m[K^~~~~~~~~~~~~~~~~~[m[K
[01m[K/root/irslab_ws/src/custom_nav2_bt_nodes/src/check_path_alignment.cpp:22:6:[m[K [01;31m[Kerror: [m[K‘[01m[KCheckPathAlignment[m[K’ has not been declared
   22 | void [01;31m[KCheckPathAlignment[m[K::initialize()
      |      [01;31m[K^~~~~~~~~~~~~~~~~~[m[K
[01m[K/root/irslab_ws/src/custom_nav2_bt_nodes/src/check_path_alignment.cpp:[m[K In function ‘[01m[Kvoid nav2_behavior_tree::initialize()[m[K’:
[01m[K/root/irslab_ws/src/custom_nav2_bt_nodes/src/check_path_alignment.cpp:25:3:[m[K [01;31m[Kerror: [m[K‘[01m[Knode_[m[K’ was not declared in this scope; did you mean ‘[01m[Kmode_t[m[K’?
   25 |   [01;31m[Knode_[m[K = rclcpp::Node::make_shared("path_alignment_checker_temp_node");
      |   [01;31m[K^~~~~[m[K
      |   [32m[Kmode_t[m[K
[01m[K/root/irslab_ws/src/custom_nav2_bt_nodes/src/check_path_alignment.cpp:26:3:[m[K [01;31m[Kerror: [m[K‘[01m[Ktf_buffer_[m[K’ was not declared in this scope
   26 |   [01;31m[Ktf_buffer_[m[K = std::make_shared<tf2_ros::Buffer>(node_->get_clock());
      |   [01;31m[K^~~~~~~~~~[m[K
[01m[K/root/irslab_ws/src/custom_nav2_bt_nodes/src/check_path_alignment.cpp:27:3:[m[K [01;31m[Kerror: [m[K‘[01m[Ktf_listener_[m[K’ was not declared in this scope
   27 |   [01;31m[Ktf_listener_[m[K = std::make_shared<tf2_ros::TransformListener>(*tf_buffer_);
      |   [01;31m[K^~~~~~~~~~~~[m[K
[01m[K/root/irslab_ws/src/custom_nav2_bt_nodes/src/check_path_alignment.cpp:30:31:[m[K [01;31m[Kerror: [m[K‘[01m[Kangle_threshold_[m[K’ was not declared in this scope
   30 |   getInput("angle_threshold", [01;31m[Kangle_threshold_[m[K);
      |                               [01;31m[K^~~~~~~~~~~~~~~~[m[K
[01m[K/root/irslab_ws/src/custom_nav2_bt_nodes/src/check_path_alignment.cpp:30:3:[m[K [01;31m[Kerror: [m[K‘[01m[KgetInput[m[K’ was not declared in this scope; did you mean ‘[01m[Kgetpt[m[K’?
   30 |   [01;31m[KgetInput[m[K("angle_threshold", angle_threshold_);
      |   [01;31m[K^~~~~~~~[m[K
      |   [32m[Kgetpt[m[K
[01m[K/root/irslab_ws/src/custom_nav2_bt_nodes/src/check_path_alignment.cpp:[m[K At global scope:
[01m[K/root/irslab_ws/src/custom_nav2_bt_nodes/src/check_path_alignment.cpp:33:16:[m[K [01;31m[Kerror: [m[K‘[01m[KCheckPathAlignment[m[K’ has not been declared
   33 | BT::NodeStatus [01;31m[KCheckPathAlignment[m[K::tick()
      |                [01;31m[K^~~~~~~~~~~~~~~~~~[m[K
[01m[K/root/irslab_ws/src/custom_nav2_bt_nodes/src/check_path_alignment.cpp:[m[K In function ‘[01m[KBT::NodeStatus nav2_behavior_tree::tick()[m[K’:
[01m[K/root/irslab_ws/src/custom_nav2_bt_nodes/src/check_path_alignment.cpp:35:12:[m[K [01;31m[Kerror: [m[K‘[01m[KisStatusActive[m[K’ is not a member of ‘[01m[KBT[m[K’
   35 |   if (!BT::[01;31m[KisStatusActive[m[K(status())) {
      |            [01;31m[K^~~~~~~~~~~~~~[m[K
[01m[K/root/irslab_ws/src/custom_nav2_bt_nodes/src/check_path_alignment.cpp:35:27:[m[K [01;31m[Kerror: [m[K‘[01m[Kstatus[m[K’ was not declared in this scope; did you mean ‘[01m[Kstatic[m[K’?
   35 |   if (!BT::isStatusActive([01;31m[Kstatus[m[K())) {
      |                           [01;31m[K^~~~~~[m[K
      |                           [32m[Kstatic[m[K
[01m[K/root/irslab_ws/src/custom_nav2_bt_nodes/src/check_path_alignment.cpp:39:12:[m[K [01;31m[Kerror: [m[K‘[01m[KisStatusActive[m[K’ is not a member of ‘[01m[KBT[m[K’
   39 |   if (!BT::[01;31m[KisStatusActive[m[K(status())) {
      |            [01;31m[K^~~~~~~~~~~~~~[m[K
[01m[K/root/irslab_ws/src/custom_nav2_bt_nodes/src/check_path_alignment.cpp:39:27:[m[K [01;31m[Kerror: [m[K‘[01m[Kstatus[m[K’ was not declared in this scope; did you mean ‘[01m[Kstatic[m[K’?
   39 |   if (!BT::isStatusActive([01;31m[Kstatus[m[K())) {
      |                           [01;31m[K^~~~~~[m[K
      |                           [32m[Kstatic[m[K
[01m[K/root/irslab_ws/src/custom_nav2_bt_nodes/src/check_path_alignment.cpp:45:8:[m[K [01;31m[Kerror: [m[K‘[01m[KgetInput[m[K’ was not declared in this scope; did you mean ‘[01m[Kgetpt[m[K’?
   45 |   if (![01;31m[KgetInput[m[K("path", path)) {
      |        [01;31m[K^~~~~~~~[m[K
      |        [32m[Kgetpt[m[K
[01m[K/root/irslab_ws/src/custom_nav2_bt_nodes/src/check_path_alignment.cpp:61:23:[m[K [01;31m[Kerror: [m[K‘[01m[Ktf_buffer_[m[K’ was not declared in this scope
   61 |     robot_transform = [01;31m[Ktf_buffer_[m[K->lookupTransform(
      |                       [01;31m[K^~~~~~~~~~[m[K
In file included from [01m[K/opt/ros/humble/include/rclcpp/rclcpp/client.hpp:40[m[K,
                 from [01m[K/opt/ros/humble/include/rclcpp/rclcpp/callback_group.hpp:24[m[K,
                 from [01m[K/opt/ros/humble/include/rclcpp/rclcpp/any_executable.hpp:20[m[K,
                 from [01m[K/opt/ros/humble/include/rclcpp/rclcpp/memory_strategy.hpp:25[m[K,
                 from [01m[K/opt/ros/humble/include/rclcpp/rclcpp/memory_strategies.hpp:18[m[K,
                 from [01m[K/opt/ros/humble/include/rclcpp/rclcpp/executor_options.hpp:20[m[K,
                 from [01m[K/opt/ros/humble/include/rclcpp/rclcpp/executor.hpp:37[m[K,
                 from [01m[K/opt/ros/humble/include/rclcpp/rclcpp/executors/multi_threaded_executor.hpp:25[m[K,
                 from [01m[K/opt/ros/humble/include/rclcpp/rclcpp/executors.hpp:21[m[K,
                 from [01m[K/opt/ros/humble/include/rclcpp/rclcpp/rclcpp.hpp:155[m[K,
                 from [01m[K/opt/ros/humble/include/nav2_util/node_utils.hpp:20[m[K,
                 from [01m[K/opt/ros/humble/include/nav2_behavior_tree/bt_action_node.hpp:23[m[K,
                 from [01m[K/root/irslab_ws/src/custom_nav2_bt_nodes/include/custom_nav2_bt_nodes/check_path_alignment.hpp:4[m[K,
                 from [01m[K/root/irslab_ws/src/custom_nav2_bt_nodes/src/check_path_alignment.cpp:1[m[K:
[01m[K/root/irslab_ws/src/custom_nav2_bt_nodes/src/check_path_alignment.cpp:67:18:[m[K [01;31m[Kerror: [m[K‘[01m[Knode_[m[K’ was not declared in this scope; did you mean ‘[01m[Kmode_t[m[K’?
   67 |     RCLCPP_ERROR([01;31m[Knode_[m[K->get_logger(), "Could not transform robot pose: %s", ex.what());
      |                  [01;31m[K^~~~~[m[K
[01m[K/root/irslab_ws/src/custom_nav2_bt_nodes/src/check_path_alignment.cpp:67:5:[m[K [01;31m[Kerror: [m[Ktemplate argument 1 is invalid
   67 |     [01;31m[KRCLCPP_ERROR[m[K(node_->get_logger(), "Could not transform robot pose: %s", ex.what());
      |     [01;31m[K^~~~~~~~~~~~[m[K
[01m[K/root/irslab_ws/src/custom_nav2_bt_nodes/src/check_path_alignment.cpp:82:15:[m[K [01;31m[Kerror: [m[K‘[01m[Knode_[m[K’ was not declared in this scope; did you mean ‘[01m[Kmode_t[m[K’?
   82 |   RCLCPP_INFO([01;31m[Knode_[m[K->get_logger(),
      |               [01;31m[K^~~~~[m[K
[01m[K/root/irslab_ws/src/custom_nav2_bt_nodes/src/check_path_alignment.cpp:82:3:[m[K [01;31m[Kerror: [m[Ktemplate argument 1 is invalid
   82 |   [01;31m[KRCLCPP_INFO[m[K(node_->get_logger(),
      |   [01;31m[K^~~~~~~~~~~[m[K
In file included from [01m[K/opt/ros/humble/include/rclcpp/rclcpp/logging.hpp:24[m[K,
                 from [01m[K/opt/ros/humble/include/rclcpp/rclcpp/client.hpp:40[m[K,
                 from [01m[K/opt/ros/humble/include/rclcpp/rclcpp/callback_group.hpp:24[m[K,
                 from [01m[K/opt/ros/humble/include/rclcpp/rclcpp/any_executable.hpp:20[m[K,
                 from [01m[K/opt/ros/humble/include/rclcpp/rclcpp/memory_strategy.hpp:25[m[K,
                 from [01m[K/opt/ros/humble/include/rclcpp/rclcpp/memory_strategies.hpp:18[m[K,
                 from [01m[K/opt/ros/humble/include/rclcpp/rclcpp/executor_options.hpp:20[m[K,
                 from [01m[K/opt/ros/humble/include/rclcpp/rclcpp/executor.hpp:37[m[K,
                 from [01m[K/opt/ros/humble/include/rclcpp/rclcpp/executors/multi_threaded_executor.hpp:25[m[K,
                 from [01m[K/opt/ros/humble/include/rclcpp/rclcpp/executors.hpp:21[m[K,
                 from [01m[K/opt/ros/humble/include/rclcpp/rclcpp/rclcpp.hpp:155[m[K,
                 from [01m[K/opt/ros/humble/include/nav2_util/node_utils.hpp:20[m[K,
                 from [01m[K/opt/ros/humble/include/nav2_behavior_tree/bt_action_node.hpp:23[m[K,
                 from [01m[K/root/irslab_ws/src/custom_nav2_bt_nodes/include/custom_nav2_bt_nodes/check_path_alignment.hpp:4[m[K,
                 from [01m[K/root/irslab_ws/src/custom_nav2_bt_nodes/src/check_path_alignment.cpp:1[m[K:
[01m[K/root/irslab_ws/src/custom_nav2_bt_nodes/src/check_path_alignment.cpp:84:38:[m[K [01;31m[Kerror: [m[K‘[01m[Kangle_threshold_[m[K’ was not declared in this scope
   84 |     robot_yaw, path_yaw, angle_diff, [01;31m[Kangle_threshold_[m[K);
      |                                      [01;31m[K^~~~~~~~~~~~~~~~[m[K
[01m[K/root/irslab_ws/src/custom_nav2_bt_nodes/src/check_path_alignment.cpp:87:20:[m[K [01;31m[Kerror: [m[K‘[01m[Kangle_threshold_[m[K’ was not declared in this scope
   87 |   if (angle_diff > [01;31m[Kangle_threshold_[m[K) {
      |                    [01;31m[K^~~~~~~~~~~~~~~~[m[K
In file included from [01m[K/opt/ros/humble/include/rclcpp/rclcpp/client.hpp:40[m[K,
                 from [01m[K/opt/ros/humble/include/rclcpp/rclcpp/callback_group.hpp:24[m[K,
                 from [01m[K/opt/ros/humble/include/rclcpp/rclcpp/any_executable.hpp:20[m[K,
                 from [01m[K/opt/ros/humble/include/rclcpp/rclcpp/memory_strategy.hpp:25[m[K,
                 from [01m[K/opt/ros/humble/include/rclcpp/rclcpp/memory_strategies.hpp:18[m[K,
                 from [01m[K/opt/ros/humble/include/rclcpp/rclcpp/executor_options.hpp:20[m[K,
                 from [01m[K/opt/ros/humble/include/rclcpp/rclcpp/executor.hpp:37[m[K,
                 from [01m[K/opt/ros/humble/include/rclcpp/rclcpp/executors/multi_threaded_executor.hpp:25[m[K,
                 from [01m[K/opt/ros/humble/include/rclcpp/rclcpp/executors.hpp:21[m[K,
                 from [01m[K/opt/ros/humble/include/rclcpp/rclcpp/rclcpp.hpp:155[m[K,
                 from [01m[K/opt/ros/humble/include/nav2_util/node_utils.hpp:20[m[K,
                 from [01m[K/opt/ros/humble/include/nav2_behavior_tree/bt_action_node.hpp:23[m[K,
                 from [01m[K/root/irslab_ws/src/custom_nav2_bt_nodes/include/custom_nav2_bt_nodes/check_path_alignment.hpp:4[m[K,
                 from [01m[K/root/irslab_ws/src/custom_nav2_bt_nodes/src/check_path_alignment.cpp:1[m[K:
[01m[K/root/irslab_ws/src/custom_nav2_bt_nodes/src/check_path_alignment.cpp:89:17:[m[K [01;31m[Kerror: [m[K‘[01m[Knode_[m[K’ was not declared in this scope; did you mean ‘[01m[Kmode_t[m[K’?
   89 |     RCLCPP_WARN([01;31m[Knode_[m[K->get_logger(),
      |                 [01;31m[K^~~~~[m[K
[01m[K/root/irslab_ws/src/custom_nav2_bt_nodes/src/check_path_alignment.cpp:89:5:[m[K [01;31m[Kerror: [m[Ktemplate argument 1 is invalid
   89 |     [01;31m[KRCLCPP_WARN[m[K(node_->get_logger(),
      |     [01;31m[K^~~~~~~~~~~[m[K
gmake[2]: *** [CMakeFiles/nav2_bt_nodes_check_path_alignment.dir/build.make:76: CMakeFiles/nav2_bt_nodes_check_path_alignment.dir/src/check_path_alignment.cpp.o] Error 1
gmake[1]: *** [CMakeFiles/Makefile2:137: CMakeFiles/nav2_bt_nodes_check_path_alignment.dir/all] Error 2
gmake: *** [Makefile:146: all] Error 2
