[4.096s] Invoking command in '/root/irslab_ws/src/hand_solo_arm': PYTHONPATH=/root/irslab_ws/build/hand_solo_arm/prefix_override:/usr/lib/python3/dist-packages/colcon_core/task/python/colcon_distutils_commands:/root/irslab_ws/install/hand_solo_arm/lib/python3.10/site-packages:${PYTHONPATH} /usr/bin/python3 -W ignore:setup.py install is deprecated -W ignore:easy_install command is deprecated setup.py egg_info --egg-base ../../build/hand_solo_arm build --build-base /root/irslab_ws/build/hand_solo_arm/build install --record /root/irslab_ws/build/hand_solo_arm/install.log --single-version-externally-managed install_data
[4.398s] running egg_info
[4.399s] writing ../../build/hand_solo_arm/hand_solo_arm.egg-info/PKG-INFO
[4.401s] writing dependency_links to ../../build/hand_solo_arm/hand_solo_arm.egg-info/dependency_links.txt
[4.401s] writing entry points to ../../build/hand_solo_arm/hand_solo_arm.egg-info/entry_points.txt
[4.401s] writing requirements to ../../build/hand_solo_arm/hand_solo_arm.egg-info/requires.txt
[4.401s] writing top-level names to ../../build/hand_solo_arm/hand_solo_arm.egg-info/top_level.txt
[4.406s] reading manifest file '../../build/hand_solo_arm/hand_solo_arm.egg-info/SOURCES.txt'
[4.408s] writing manifest file '../../build/hand_solo_arm/hand_solo_arm.egg-info/SOURCES.txt'
[4.408s] running build
[4.408s] running build_py
[4.410s] running install
[4.411s] running install_lib
[4.413s] running install_data
[4.415s] running install_egg_info
[4.419s] removing '/root/irslab_ws/install/hand_solo_arm/lib/python3.10/site-packages/hand_solo_arm-0.0.0-py3.10.egg-info' (and everything under it)
[4.419s] Copying ../../build/hand_solo_arm/hand_solo_arm.egg-info to /root/irslab_ws/install/hand_solo_arm/lib/python3.10/site-packages/hand_solo_arm-0.0.0-py3.10.egg-info
[4.420s] running install_scripts
[4.482s] Installing hs_pick_place script to /root/irslab_ws/install/hand_solo_arm/lib/hand_solo_arm
[4.483s] writing list of installed files to '/root/irslab_ws/build/hand_solo_arm/install.log'
[4.537s] Invoked command in '/root/irslab_ws/src/hand_solo_arm' returned '0': PYTHONPATH=/root/irslab_ws/build/hand_solo_arm/prefix_override:/usr/lib/python3/dist-packages/colcon_core/task/python/colcon_distutils_commands:/root/irslab_ws/install/hand_solo_arm/lib/python3.10/site-packages:${PYTHONPATH} /usr/bin/python3 -W ignore:setup.py install is deprecated -W ignore:easy_install command is deprecated setup.py egg_info --egg-base ../../build/hand_solo_arm build --build-base /root/irslab_ws/build/hand_solo_arm/build install --record /root/irslab_ws/build/hand_solo_arm/install.log --single-version-externally-managed install_data
