[1.841s] Invoking command in '/root/irslab_ws/src/hand_solo_virtual_nav': PYTHONPATH=/root/irslab_ws/build/hand_solo_virtual_nav/prefix_override:/usr/lib/python3/dist-packages/colcon_core/task/python/colcon_distutils_commands:/root/irslab_ws/install/hand_solo_virtual_nav/lib/python3.10/site-packages:${PYTHONPATH} /usr/bin/python3 -W ignore:setup.py install is deprecated -W ignore:easy_install command is deprecated setup.py egg_info --egg-base ../../build/hand_solo_virtual_nav build --build-base /root/irslab_ws/build/hand_solo_virtual_nav/build install --record /root/irslab_ws/build/hand_solo_virtual_nav/install.log --single-version-externally-managed install_data
[2.238s] running egg_info
[2.240s] writing ../../build/hand_solo_virtual_nav/hand_solo_virtual_nav.egg-info/PKG-INFO
[2.240s] writing dependency_links to ../../build/hand_solo_virtual_nav/hand_solo_virtual_nav.egg-info/dependency_links.txt
[2.241s] writing entry points to ../../build/hand_solo_virtual_nav/hand_solo_virtual_nav.egg-info/entry_points.txt
[2.241s] writing requirements to ../../build/hand_solo_virtual_nav/hand_solo_virtual_nav.egg-info/requires.txt
[2.241s] writing top-level names to ../../build/hand_solo_virtual_nav/hand_solo_virtual_nav.egg-info/top_level.txt
[2.244s] reading manifest file '../../build/hand_solo_virtual_nav/hand_solo_virtual_nav.egg-info/SOURCES.txt'
[2.245s] adding license file 'LICENSE'
[2.245s] writing manifest file '../../build/hand_solo_virtual_nav/hand_solo_virtual_nav.egg-info/SOURCES.txt'
[2.246s] running build
[2.246s] running build_py
[2.246s] running install
[2.246s] running install_lib
[2.247s] running install_data
[2.248s] running install_egg_info
[2.250s] removing '/root/irslab_ws/install/hand_solo_virtual_nav/lib/python3.10/site-packages/hand_solo_virtual_nav-0.0.0-py3.10.egg-info' (and everything under it)
[2.250s] Copying ../../build/hand_solo_virtual_nav/hand_solo_virtual_nav.egg-info to /root/irslab_ws/install/hand_solo_virtual_nav/lib/python3.10/site-packages/hand_solo_virtual_nav-0.0.0-py3.10.egg-info
[2.250s] running install_scripts
[2.276s] Installing hs_waypoint_follower script to /root/irslab_ws/install/hand_solo_virtual_nav/lib/hand_solo_virtual_nav
[2.276s] writing list of installed files to '/root/irslab_ws/build/hand_solo_virtual_nav/install.log'
[2.311s] Invoked command in '/root/irslab_ws/src/hand_solo_virtual_nav' returned '0': PYTHONPATH=/root/irslab_ws/build/hand_solo_virtual_nav/prefix_override:/usr/lib/python3/dist-packages/colcon_core/task/python/colcon_distutils_commands:/root/irslab_ws/install/hand_solo_virtual_nav/lib/python3.10/site-packages:${PYTHONPATH} /usr/bin/python3 -W ignore:setup.py install is deprecated -W ignore:easy_install command is deprecated setup.py egg_info --egg-base ../../build/hand_solo_virtual_nav build --build-base /root/irslab_ws/build/hand_solo_virtual_nav/build install --record /root/irslab_ws/build/hand_solo_virtual_nav/install.log --single-version-externally-managed install_data
