[1.287s] Invoking command in '/root/irslab_ws/src/hand_solo_arm': PYTHONPATH=/root/irslab_ws/build/hand_solo_arm/prefix_override:/usr/lib/python3/dist-packages/colcon_core/task/python/colcon_distutils_commands:/root/irslab_ws/install/hand_solo_arm/lib/python3.10/site-packages:${PYTHONPATH} /usr/bin/python3 -W ignore:setup.py install is deprecated -W ignore:easy_install command is deprecated setup.py egg_info --egg-base ../../build/hand_solo_arm build --build-base /root/irslab_ws/build/hand_solo_arm/build install --record /root/irslab_ws/build/hand_solo_arm/install.log --single-version-externally-managed install_data
[1.498s] running egg_info
[1.499s] writing ../../build/hand_solo_arm/hand_solo_arm.egg-info/PKG-INFO
[1.499s] writing dependency_links to ../../build/hand_solo_arm/hand_solo_arm.egg-info/dependency_links.txt
[1.499s] writing entry points to ../../build/hand_solo_arm/hand_solo_arm.egg-info/entry_points.txt
[1.499s] writing requirements to ../../build/hand_solo_arm/hand_solo_arm.egg-info/requires.txt
[1.499s] writing top-level names to ../../build/hand_solo_arm/hand_solo_arm.egg-info/top_level.txt
[1.501s] reading manifest file '../../build/hand_solo_arm/hand_solo_arm.egg-info/SOURCES.txt'
[1.502s] writing manifest file '../../build/hand_solo_arm/hand_solo_arm.egg-info/SOURCES.txt'
[1.502s] running build
[1.502s] running build_py
[1.502s] copying hand_solo_arm/hs_pick_place.py -> /root/irslab_ws/build/hand_solo_arm/build/lib/hand_solo_arm
[1.502s] running install
[1.503s] running install_lib
[1.503s] copying /root/irslab_ws/build/hand_solo_arm/build/lib/hand_solo_arm/hs_pick_place.py -> /root/irslab_ws/install/hand_solo_arm/lib/python3.10/site-packages/hand_solo_arm
[1.504s] byte-compiling /root/irslab_ws/install/hand_solo_arm/lib/python3.10/site-packages/hand_solo_arm/hs_pick_place.py to hs_pick_place.cpython-310.pyc
[1.505s] running install_data
[1.505s] running install_egg_info
[1.507s] removing '/root/irslab_ws/install/hand_solo_arm/lib/python3.10/site-packages/hand_solo_arm-0.0.0-py3.10.egg-info' (and everything under it)
[1.507s] Copying ../../build/hand_solo_arm/hand_solo_arm.egg-info to /root/irslab_ws/install/hand_solo_arm/lib/python3.10/site-packages/hand_solo_arm-0.0.0-py3.10.egg-info
[1.508s] running install_scripts
[1.531s] Installing hs_pick_place script to /root/irslab_ws/install/hand_solo_arm/lib/hand_solo_arm
[1.531s] writing list of installed files to '/root/irslab_ws/build/hand_solo_arm/install.log'
[1.565s] Invoked command in '/root/irslab_ws/src/hand_solo_arm' returned '0': PYTHONPATH=/root/irslab_ws/build/hand_solo_arm/prefix_override:/usr/lib/python3/dist-packages/colcon_core/task/python/colcon_distutils_commands:/root/irslab_ws/install/hand_solo_arm/lib/python3.10/site-packages:${PYTHONPATH} /usr/bin/python3 -W ignore:setup.py install is deprecated -W ignore:easy_install command is deprecated setup.py egg_info --egg-base ../../build/hand_solo_arm build --build-base /root/irslab_ws/build/hand_solo_arm/build install --record /root/irslab_ws/build/hand_solo_arm/install.log --single-version-externally-managed install_data
