[1.657s] Invoking command in '/root/irslab_ws/src/tmr_ros2/tm_mod_urdf': PYTHONPATH=/root/irslab_ws/build/tm_mod_urdf/prefix_override:/usr/lib/python3/dist-packages/colcon_core/task/python/colcon_distutils_commands:/root/irslab_ws/install/tm_mod_urdf/lib/python3.10/site-packages:${PYTHONPATH} /usr/bin/python3 -W ignore:setup.py install is deprecated -W ignore:easy_install command is deprecated setup.py egg_info --egg-base ../../../build/tm_mod_urdf build --build-base /root/irslab_ws/build/tm_mod_urdf/build install --record /root/irslab_ws/build/tm_mod_urdf/install.log --single-version-externally-managed install_data
[1.830s] running egg_info
[1.830s] writing ../../../build/tm_mod_urdf/tm_mod_urdf.egg-info/PKG-INFO
[1.830s] writing dependency_links to ../../../build/tm_mod_urdf/tm_mod_urdf.egg-info/dependency_links.txt
[1.831s] writing entry points to ../../../build/tm_mod_urdf/tm_mod_urdf.egg-info/entry_points.txt
[1.831s] writing requirements to ../../../build/tm_mod_urdf/tm_mod_urdf.egg-info/requires.txt
[1.831s] writing top-level names to ../../../build/tm_mod_urdf/tm_mod_urdf.egg-info/top_level.txt
[1.833s] reading manifest file '../../../build/tm_mod_urdf/tm_mod_urdf.egg-info/SOURCES.txt'
[1.834s] writing manifest file '../../../build/tm_mod_urdf/tm_mod_urdf.egg-info/SOURCES.txt'
[1.834s] running build
[1.834s] running build_py
[1.834s] running install
[1.835s] running install_lib
[1.836s] running install_data
[1.836s] running install_egg_info
[1.838s] removing '/root/irslab_ws/install/tm_mod_urdf/lib/python3.10/site-packages/tm_mod_urdf-1.1.2-py3.10.egg-info' (and everything under it)
[1.838s] Copying ../../../build/tm_mod_urdf/tm_mod_urdf.egg-info to /root/irslab_ws/install/tm_mod_urdf/lib/python3.10/site-packages/tm_mod_urdf-1.1.2-py3.10.egg-info
[1.839s] running install_scripts
[1.859s] Installing modify_urdf script to /root/irslab_ws/install/tm_mod_urdf/lib/tm_mod_urdf
[1.860s] Installing modify_xacro script to /root/irslab_ws/install/tm_mod_urdf/lib/tm_mod_urdf
[1.860s] writing list of installed files to '/root/irslab_ws/build/tm_mod_urdf/install.log'
