[0.050s] Invoking command in '/root/irslab_ws/build/tm14_moveit_config': CMAKE_PREFIX_PATH=/root/irslab_ws/install/tm_description:/root/irslab_ws/install/tm_test:/root/irslab_ws/install/tm_inspect:/root/irslab_ws/install/tm_driver:/root/irslab_ws/install/tm_msgs:/root/irslab_ws/install/tm5x-900_moveit_config:/root/irslab_ws/install/tm5x-700_moveit_config:/root/irslab_ws/install/tm5-900_moveit_config:/root/irslab_ws/install/tm5-700_moveit_config:/root/irslab_ws/install/tm20_moveit_config:/root/irslab_ws/install/tm16_moveit_config:/root/irslab_ws/install/tm14x_moveit_config:/root/irslab_ws/install/tm14_moveit_config:/root/irslab_ws/install/tm12x_moveit_config:/root/irslab_ws/install/tm12_moveit_config:/root/irslab_ws/install/custom_nav2_bt_nodes:/root/irslab_ws/install/tm_mod_urdf:/root/irslab_ws/install/pick_nav_place:/root/irslab_ws/install/pa_warehouse_status:/root/irslab_ws/install/hand_solo_virtual_nav:/root/irslab_ws/install/hand_solo_arm:/opt/ros/humble /usr/bin/cmake /root/irslab_ws/src/tmr_ros2/tm_moveit/tm14_moveit_config -DCMAKE_INSTALL_PREFIX=/root/irslab_ws/install/tm14_moveit_config
[0.130s] -- The C compiler identification is GNU 11.4.0
[0.233s] -- The CXX compiler identification is GNU 11.4.0
[0.247s] -- Detecting C compiler ABI info
[0.353s] -- Detecting C compiler ABI info - done
[0.363s] -- Check for working C compiler: /usr/bin/cc - skipped
[0.364s] -- Detecting C compile features
[0.365s] -- Detecting C compile features - done
[0.369s] -- Detecting CXX compiler ABI info
[0.495s] -- Detecting CXX compiler ABI info - done
[0.509s] -- Check for working CXX compiler: /usr/bin/c++ - skipped
[0.509s] -- Detecting CXX compile features
[0.509s] -- Detecting CXX compile features - done
[0.514s] -- Found ament_cmake: 1.3.12 (/opt/ros/humble/share/ament_cmake/cmake)
[0.702s] -- Found Python3: /usr/bin/python3 (found version "3.10.12") found components: Interpreter 
[0.900s] -- Configuring done
[0.903s] -- Generating done
[0.906s] -- Build files have been written to: /root/irslab_ws/build/tm14_moveit_config
[0.913s] Invoked command in '/root/irslab_ws/build/tm14_moveit_config' returned '0': CMAKE_PREFIX_PATH=/root/irslab_ws/install/tm_description:/root/irslab_ws/install/tm_test:/root/irslab_ws/install/tm_inspect:/root/irslab_ws/install/tm_driver:/root/irslab_ws/install/tm_msgs:/root/irslab_ws/install/tm5x-900_moveit_config:/root/irslab_ws/install/tm5x-700_moveit_config:/root/irslab_ws/install/tm5-900_moveit_config:/root/irslab_ws/install/tm5-700_moveit_config:/root/irslab_ws/install/tm20_moveit_config:/root/irslab_ws/install/tm16_moveit_config:/root/irslab_ws/install/tm14x_moveit_config:/root/irslab_ws/install/tm14_moveit_config:/root/irslab_ws/install/tm12x_moveit_config:/root/irslab_ws/install/tm12_moveit_config:/root/irslab_ws/install/custom_nav2_bt_nodes:/root/irslab_ws/install/tm_mod_urdf:/root/irslab_ws/install/pick_nav_place:/root/irslab_ws/install/pa_warehouse_status:/root/irslab_ws/install/hand_solo_virtual_nav:/root/irslab_ws/install/hand_solo_arm:/opt/ros/humble /usr/bin/cmake /root/irslab_ws/src/tmr_ros2/tm_moveit/tm14_moveit_config -DCMAKE_INSTALL_PREFIX=/root/irslab_ws/install/tm14_moveit_config
[0.915s] Invoking command in '/root/irslab_ws/build/tm14_moveit_config': CMAKE_PREFIX_PATH=/root/irslab_ws/install/tm_description:/root/irslab_ws/install/tm_test:/root/irslab_ws/install/tm_inspect:/root/irslab_ws/install/tm_driver:/root/irslab_ws/install/tm_msgs:/root/irslab_ws/install/tm5x-900_moveit_config:/root/irslab_ws/install/tm5x-700_moveit_config:/root/irslab_ws/install/tm5-900_moveit_config:/root/irslab_ws/install/tm5-700_moveit_config:/root/irslab_ws/install/tm20_moveit_config:/root/irslab_ws/install/tm16_moveit_config:/root/irslab_ws/install/tm14x_moveit_config:/root/irslab_ws/install/tm14_moveit_config:/root/irslab_ws/install/tm12x_moveit_config:/root/irslab_ws/install/tm12_moveit_config:/root/irslab_ws/install/custom_nav2_bt_nodes:/root/irslab_ws/install/tm_mod_urdf:/root/irslab_ws/install/pick_nav_place:/root/irslab_ws/install/pa_warehouse_status:/root/irslab_ws/install/hand_solo_virtual_nav:/root/irslab_ws/install/hand_solo_arm:/opt/ros/humble /usr/bin/cmake --build /root/irslab_ws/build/tm14_moveit_config -- -j20 -l20
[0.975s] Invoked command in '/root/irslab_ws/build/tm14_moveit_config' returned '0': CMAKE_PREFIX_PATH=/root/irslab_ws/install/tm_description:/root/irslab_ws/install/tm_test:/root/irslab_ws/install/tm_inspect:/root/irslab_ws/install/tm_driver:/root/irslab_ws/install/tm_msgs:/root/irslab_ws/install/tm5x-900_moveit_config:/root/irslab_ws/install/tm5x-700_moveit_config:/root/irslab_ws/install/tm5-900_moveit_config:/root/irslab_ws/install/tm5-700_moveit_config:/root/irslab_ws/install/tm20_moveit_config:/root/irslab_ws/install/tm16_moveit_config:/root/irslab_ws/install/tm14x_moveit_config:/root/irslab_ws/install/tm14_moveit_config:/root/irslab_ws/install/tm12x_moveit_config:/root/irslab_ws/install/tm12_moveit_config:/root/irslab_ws/install/custom_nav2_bt_nodes:/root/irslab_ws/install/tm_mod_urdf:/root/irslab_ws/install/pick_nav_place:/root/irslab_ws/install/pa_warehouse_status:/root/irslab_ws/install/hand_solo_virtual_nav:/root/irslab_ws/install/hand_solo_arm:/opt/ros/humble /usr/bin/cmake --build /root/irslab_ws/build/tm14_moveit_config -- -j20 -l20
[0.978s] Invoking command in '/root/irslab_ws/build/tm14_moveit_config': CMAKE_PREFIX_PATH=/root/irslab_ws/install/tm_description:/root/irslab_ws/install/tm_test:/root/irslab_ws/install/tm_inspect:/root/irslab_ws/install/tm_driver:/root/irslab_ws/install/tm_msgs:/root/irslab_ws/install/tm5x-900_moveit_config:/root/irslab_ws/install/tm5x-700_moveit_config:/root/irslab_ws/install/tm5-900_moveit_config:/root/irslab_ws/install/tm5-700_moveit_config:/root/irslab_ws/install/tm20_moveit_config:/root/irslab_ws/install/tm16_moveit_config:/root/irslab_ws/install/tm14x_moveit_config:/root/irslab_ws/install/tm14_moveit_config:/root/irslab_ws/install/tm12x_moveit_config:/root/irslab_ws/install/tm12_moveit_config:/root/irslab_ws/install/custom_nav2_bt_nodes:/root/irslab_ws/install/tm_mod_urdf:/root/irslab_ws/install/pick_nav_place:/root/irslab_ws/install/pa_warehouse_status:/root/irslab_ws/install/hand_solo_virtual_nav:/root/irslab_ws/install/hand_solo_arm:/opt/ros/humble /usr/bin/cmake --install /root/irslab_ws/build/tm14_moveit_config
[0.995s] -- Install configuration: ""
[0.996s] -- Installing: /root/irslab_ws/install/tm14_moveit_config/share/ament_index/resource_index/package_run_dependencies/tm14_moveit_config
[0.996s] -- Installing: /root/irslab_ws/install/tm14_moveit_config/share/ament_index/resource_index/parent_prefix_path/tm14_moveit_config
[0.996s] -- Installing: /root/irslab_ws/install/tm14_moveit_config/share/tm14_moveit_config/environment/ament_prefix_path.sh
[0.996s] -- Installing: /root/irslab_ws/install/tm14_moveit_config/share/tm14_moveit_config/environment/ament_prefix_path.dsv
[0.996s] -- Installing: /root/irslab_ws/install/tm14_moveit_config/share/tm14_moveit_config/environment/path.sh
[0.996s] -- Installing: /root/irslab_ws/install/tm14_moveit_config/share/tm14_moveit_config/environment/path.dsv
[0.996s] -- Installing: /root/irslab_ws/install/tm14_moveit_config/share/tm14_moveit_config/local_setup.bash
[0.996s] -- Installing: /root/irslab_ws/install/tm14_moveit_config/share/tm14_moveit_config/local_setup.sh
[0.996s] -- Installing: /root/irslab_ws/install/tm14_moveit_config/share/tm14_moveit_config/local_setup.zsh
[0.996s] -- Installing: /root/irslab_ws/install/tm14_moveit_config/share/tm14_moveit_config/local_setup.dsv
[0.996s] -- Installing: /root/irslab_ws/install/tm14_moveit_config/share/tm14_moveit_config/package.dsv
[0.997s] -- Installing: /root/irslab_ws/install/tm14_moveit_config/share/ament_index/resource_index/packages/tm14_moveit_config
[0.997s] -- Installing: /root/irslab_ws/install/tm14_moveit_config/share/tm14_moveit_config/cmake/tm14_moveit_configConfig.cmake
[0.997s] -- Installing: /root/irslab_ws/install/tm14_moveit_config/share/tm14_moveit_config/cmake/tm14_moveit_configConfig-version.cmake
[0.997s] -- Installing: /root/irslab_ws/install/tm14_moveit_config/share/tm14_moveit_config/package.xml
[0.997s] -- Installing: /root/irslab_ws/install/tm14_moveit_config/share/tm14_moveit_config/launch
[0.998s] -- Installing: /root/irslab_ws/install/tm14_moveit_config/share/tm14_moveit_config/launch/setup_assistant.launch.py
[0.998s] -- Installing: /root/irslab_ws/install/tm14_moveit_config/share/tm14_moveit_config/launch/warehouse_db.launch.py
[0.998s] -- Installing: /root/irslab_ws/install/tm14_moveit_config/share/tm14_moveit_config/launch/spawn_controllers.launch.py
[0.998s] -- Installing: /root/irslab_ws/install/tm14_moveit_config/share/tm14_moveit_config/launch/rsp.launch.py
[0.998s] -- Installing: /root/irslab_ws/install/tm14_moveit_config/share/tm14_moveit_config/launch/move_group.launch.py
[0.998s] -- Installing: /root/irslab_ws/install/tm14_moveit_config/share/tm14_moveit_config/launch/demo.launch.py
[0.999s] -- Installing: /root/irslab_ws/install/tm14_moveit_config/share/tm14_moveit_config/launch/tm14_moveit.launch.py
[1.000s] -- Installing: /root/irslab_ws/install/tm14_moveit_config/share/tm14_moveit_config/launch/moveit_rviz.launch.py
[1.000s] -- Installing: /root/irslab_ws/install/tm14_moveit_config/share/tm14_moveit_config/launch/static_virtual_joint_tfs.launch.py
[1.002s] -- Installing: /root/irslab_ws/install/tm14_moveit_config/share/tm14_moveit_config/launch/run_move_group.rviz
[1.002s] -- Installing: /root/irslab_ws/install/tm14_moveit_config/share/tm14_moveit_config/launch/tm14_run_move_group.launch.py
[1.002s] -- Installing: /root/irslab_ws/install/tm14_moveit_config/share/tm14_moveit_config/config
[1.003s] -- Installing: /root/irslab_ws/install/tm14_moveit_config/share/tm14_moveit_config/config/controllers.yaml
[1.003s] -- Installing: /root/irslab_ws/install/tm14_moveit_config/share/tm14_moveit_config/config/tm14.ros2_control.xacro
[1.003s] -- Installing: /root/irslab_ws/install/tm14_moveit_config/share/tm14_moveit_config/config/kinematics.yaml
[1.006s] -- Installing: /root/irslab_ws/install/tm14_moveit_config/share/tm14_moveit_config/config/sensors_3d.yaml
[1.007s] -- Installing: /root/irslab_ws/install/tm14_moveit_config/share/tm14_moveit_config/config/moveit2_controllers.yaml
[1.007s] -- Installing: /root/irslab_ws/install/tm14_moveit_config/share/tm14_moveit_config/config/moveit.rviz
[1.007s] -- Installing: /root/irslab_ws/install/tm14_moveit_config/share/tm14_moveit_config/config/joint_limits.yaml
[1.007s] -- Installing: /root/irslab_ws/install/tm14_moveit_config/share/tm14_moveit_config/config/ros2_controllers.yaml
[1.007s] -- Installing: /root/irslab_ws/install/tm14_moveit_config/share/tm14_moveit_config/config/moveit_controllers.yaml
[1.007s] -- Installing: /root/irslab_ws/install/tm14_moveit_config/share/tm14_moveit_config/config/pilz_cartesian_limits.yaml
[1.007s] -- Installing: /root/irslab_ws/install/tm14_moveit_config/share/tm14_moveit_config/config/tm14.urdf.xacro
[1.007s] -- Installing: /root/irslab_ws/install/tm14_moveit_config/share/tm14_moveit_config/config/tm14.srdf
[1.007s] -- Installing: /root/irslab_ws/install/tm14_moveit_config/share/tm14_moveit_config/config/initial_positions.yaml
[1.007s] -- Installing: /root/irslab_ws/install/tm14_moveit_config/share/tm14_moveit_config/config/pilz_industrial_motion_planner_planning.yaml
[1.007s] -- Installing: /root/irslab_ws/install/tm14_moveit_config/share/tm14_moveit_config/config/chomp_planning.yaml
[1.008s] -- Installing: /root/irslab_ws/install/tm14_moveit_config/share/tm14_moveit_config/config/ompl_planning.yaml
[1.008s] -- Installing: /root/irslab_ws/install/tm14_moveit_config/share/tm14_moveit_config/rviz
[1.008s] -- Installing: /root/irslab_ws/install/tm14_moveit_config/share/tm14_moveit_config/rviz/moveit.rviz
[1.008s] -- Installing: /root/irslab_ws/install/tm14_moveit_config/share/tm14_moveit_config/.setup_assistant
[1.008s] Invoked command in '/root/irslab_ws/build/tm14_moveit_config' returned '0': CMAKE_PREFIX_PATH=/root/irslab_ws/install/tm_description:/root/irslab_ws/install/tm_test:/root/irslab_ws/install/tm_inspect:/root/irslab_ws/install/tm_driver:/root/irslab_ws/install/tm_msgs:/root/irslab_ws/install/tm5x-900_moveit_config:/root/irslab_ws/install/tm5x-700_moveit_config:/root/irslab_ws/install/tm5-900_moveit_config:/root/irslab_ws/install/tm5-700_moveit_config:/root/irslab_ws/install/tm20_moveit_config:/root/irslab_ws/install/tm16_moveit_config:/root/irslab_ws/install/tm14x_moveit_config:/root/irslab_ws/install/tm14_moveit_config:/root/irslab_ws/install/tm12x_moveit_config:/root/irslab_ws/install/tm12_moveit_config:/root/irslab_ws/install/custom_nav2_bt_nodes:/root/irslab_ws/install/tm_mod_urdf:/root/irslab_ws/install/pick_nav_place:/root/irslab_ws/install/pa_warehouse_status:/root/irslab_ws/install/hand_solo_virtual_nav:/root/irslab_ws/install/hand_solo_arm:/opt/ros/humble /usr/bin/cmake --install /root/irslab_ws/build/tm14_moveit_config
