[0.019s] Invoking command in '/root/irslab_ws/build/tm_driver': CMAKE_PREFIX_PATH=/root/irslab_ws/install/tm_msgs:/root/irslab_ws/install/tm_test:/root/irslab_ws/install/tm_inspect:/root/irslab_ws/install/tm_driver:/root/irslab_ws/install/tm5x-900_moveit_config:/root/irslab_ws/install/tm5x-700_moveit_config:/root/irslab_ws/install/tm5-900_moveit_config:/root/irslab_ws/install/tm5-700_moveit_config:/root/irslab_ws/install/tm20_moveit_config:/root/irslab_ws/install/tm16_moveit_config:/root/irslab_ws/install/tm14x_moveit_config:/root/irslab_ws/install/tm14_moveit_config:/root/irslab_ws/install/tm12x_moveit_config:/root/irslab_ws/install/tm12_moveit_config:/root/irslab_ws/install/tm_description:/root/irslab_ws/install/tm_mod_urdf:/root/irslab_ws/install/pa_warehouse_status:/root/irslab_ws/install/hand_solo_virtual_nav:/opt/ros/humble /usr/bin/cmake /root/irslab_ws/src/tmr_ros2/tm_driver -DCMAKE_INSTALL_PREFIX=/root/irslab_ws/install/tm_driver
[0.069s] -- The C compiler identification is GNU 11.4.0
[0.117s] -- The CXX compiler identification is GNU 11.4.0
[0.123s] -- Detecting C compiler ABI info
[0.186s] -- Detecting C compiler ABI info - done
[0.191s] -- Check for working C compiler: /usr/bin/cc - skipped
[0.191s] -- Detecting C compile features
[0.191s] -- Detecting C compile features - done
[0.194s] -- Detecting CXX compiler ABI info
[0.269s] -- Detecting CXX compiler ABI info - done
[0.275s] -- Check for working CXX compiler: /usr/bin/c++ - skipped
[0.275s] -- Detecting CXX compile features
[0.276s] -- Detecting CXX compile features - done
[0.278s] -- Found ament_cmake: 1.3.12 (/opt/ros/humble/share/ament_cmake/cmake)
[0.397s] -- Found Python3: /usr/bin/python3 (found version "3.10.12") found components: Interpreter 
[0.493s] -- Found rclcpp: 16.0.14 (/opt/ros/humble/share/rclcpp/cmake)
[0.544s] -- Found rosidl_generator_c: 3.1.7 (/opt/ros/humble/share/rosidl_generator_c/cmake)
[0.550s] -- Found rosidl_adapter: 3.1.7 (/opt/ros/humble/share/rosidl_adapter/cmake)
[0.559s] -- Found rosidl_generator_cpp: 3.1.7 (/opt/ros/humble/share/rosidl_generator_cpp/cmake)
[0.571s] -- Using all available rosidl_typesupport_c: rosidl_typesupport_fastrtps_c;rosidl_typesupport_introspection_c
[0.588s] -- Using all available rosidl_typesupport_cpp: rosidl_typesupport_fastrtps_cpp;rosidl_typesupport_introspection_cpp
[0.635s] -- Found rmw_implementation_cmake: 6.1.2 (/opt/ros/humble/share/rmw_implementation_cmake/cmake)
[0.638s] -- Found rmw_cyclonedds_cpp: 1.3.4 (/opt/ros/humble/share/rmw_cyclonedds_cpp/cmake)
[0.661s] -- Using RMW implementation 'rmw_cyclonedds_cpp' as default
[0.672s] -- Looking for pthread.h
[0.740s] -- Looking for pthread.h - found
[0.740s] -- Performing Test CMAKE_HAVE_LIBC_PTHREAD
[0.805s] -- Performing Test CMAKE_HAVE_LIBC_PTHREAD - Success
[0.806s] -- Found Threads: TRUE  
[0.853s] -- Found sensor_msgs: 4.9.0 (/opt/ros/humble/share/sensor_msgs/cmake)
[0.879s] -- Found tm_msgs: 1.1.2 (/root/irslab_ws/install/tm_msgs/share/tm_msgs/cmake)
[0.891s] -- Found tf2_geometry_msgs: 0.25.16 (/opt/ros/humble/share/tf2_geometry_msgs/cmake)
[0.906s] -- Found eigen3_cmake_module: 0.1.1 (/opt/ros/humble/share/eigen3_cmake_module/cmake)
[0.907s] -- Found Eigen3: TRUE (found version "3.4.0") 
[0.907s] -- Ensuring Eigen3 include directory is part of orocos-kdl CMake target
[1.037s] -- Found Boost: /usr/lib/x86_64-linux-gnu/cmake/Boost-1.74.0/BoostConfig.cmake (found version "1.74.0") found components: date_time filesystem program_options system thread 
[1.160s] -- Found Boost: /usr/lib/x86_64-linux-gnu/cmake/Boost-1.74.0/BoostConfig.cmake (found version "1.74.0") found components: chrono date_time filesystem iostreams program_options regex serialization system thread 
[1.197s] -- Found parameter_traits: 0.5.0 (/opt/ros/humble/share/parameter_traits/cmake)
[1.212s] -- Found rclcpp_lifecycle: 16.0.14 (/opt/ros/humble/share/rclcpp_lifecycle/cmake)
[1.240s] -- Found Boost: /usr/lib/x86_64-linux-gnu/cmake/Boost-1.74.0/BoostConfig.cmake (found version "1.74.0") found components: filesystem 
[1.383s] -- library: /usr/lib/x86_64-linux-gnu/libcurl.so
[1.543s] -- Found Boost: /usr/lib/x86_64-linux-gnu/cmake/Boost-1.74.0/BoostConfig.cmake (found version "1.74.0") found components: system filesystem date_time program_options thread chrono 
[1.593s] -- Found Boost: /usr/lib/x86_64-linux-gnu/cmake/Boost-1.74.0/BoostConfig.cmake (found version "1.74.0") found components: thread system filesystem regex date_time program_options 
[1.867s] -- Found Boost: /usr/lib/x86_64-linux-gnu/cmake/Boost-1.74.0/BoostConfig.cmake (found version "1.74.0") found components: system filesystem date_time program_options thread 
[2.000s] -- Found control_msgs: 4.8.0 (/opt/ros/humble/share/control_msgs/cmake)
[2.121s] -- Found ament_lint_auto: 0.12.14 (/opt/ros/humble/share/ament_lint_auto/cmake)
[2.511s] -- Added test 'copyright' to check source files copyright and LICENSE
[2.518s] -- Added test 'cppcheck' to perform static code analysis on C / C++ code
[2.520s] -- Configured cppcheck include dirs: /root/irslab_ws/src/tmr_ros2/tm_driver/include
[2.520s] -- Configured cppcheck exclude dirs and/or files: 
[2.529s] -- Added test 'cpplint' to check C / C++ code against the Google style
[2.529s] -- Configured cpplint exclude dirs and/or files: 
[2.533s] -- Added test 'flake8' to check Python code syntax and style conventions
[2.540s] -- Added test 'lint_cmake' to check CMake code style
[2.544s] -- Added test 'pep257' to check Python code against some of the docstring style conventions in PEP 257
[2.551s] -- Added test 'uncrustify' to check C / C++ code style
[2.551s] -- Configured uncrustify additional arguments: 
[2.554s] -- Added test 'xmllint' to check XML markup files
[2.560s] -- Configuring done
[2.638s] -- Generating done
[2.665s] -- Build files have been written to: /root/irslab_ws/build/tm_driver
[2.737s] Invoked command in '/root/irslab_ws/build/tm_driver' returned '0': CMAKE_PREFIX_PATH=/root/irslab_ws/install/tm_msgs:/root/irslab_ws/install/tm_test:/root/irslab_ws/install/tm_inspect:/root/irslab_ws/install/tm_driver:/root/irslab_ws/install/tm5x-900_moveit_config:/root/irslab_ws/install/tm5x-700_moveit_config:/root/irslab_ws/install/tm5-900_moveit_config:/root/irslab_ws/install/tm5-700_moveit_config:/root/irslab_ws/install/tm20_moveit_config:/root/irslab_ws/install/tm16_moveit_config:/root/irslab_ws/install/tm14x_moveit_config:/root/irslab_ws/install/tm14_moveit_config:/root/irslab_ws/install/tm12x_moveit_config:/root/irslab_ws/install/tm12_moveit_config:/root/irslab_ws/install/tm_description:/root/irslab_ws/install/tm_mod_urdf:/root/irslab_ws/install/pa_warehouse_status:/root/irslab_ws/install/hand_solo_virtual_nav:/opt/ros/humble /usr/bin/cmake /root/irslab_ws/src/tmr_ros2/tm_driver -DCMAKE_INSTALL_PREFIX=/root/irslab_ws/install/tm_driver
[2.741s] Invoking command in '/root/irslab_ws/build/tm_driver': CMAKE_PREFIX_PATH=/root/irslab_ws/install/tm_msgs:/root/irslab_ws/install/tm_test:/root/irslab_ws/install/tm_inspect:/root/irslab_ws/install/tm_driver:/root/irslab_ws/install/tm5x-900_moveit_config:/root/irslab_ws/install/tm5x-700_moveit_config:/root/irslab_ws/install/tm5-900_moveit_config:/root/irslab_ws/install/tm5-700_moveit_config:/root/irslab_ws/install/tm20_moveit_config:/root/irslab_ws/install/tm16_moveit_config:/root/irslab_ws/install/tm14x_moveit_config:/root/irslab_ws/install/tm14_moveit_config:/root/irslab_ws/install/tm12x_moveit_config:/root/irslab_ws/install/tm12_moveit_config:/root/irslab_ws/install/tm_description:/root/irslab_ws/install/tm_mod_urdf:/root/irslab_ws/install/pa_warehouse_status:/root/irslab_ws/install/hand_solo_virtual_nav:/opt/ros/humble /usr/bin/cmake --build /root/irslab_ws/build/tm_driver -- -j20 -l20
[2.964s] [  6%] [32mBuilding CXX object CMakeFiles/tm_driver.dir/src/tm_ros2_composition_moveit.cpp.o[0m
[2.966s] [ 18%] [32mBuilding CXX object CMakeFiles/tm_driver.dir/src/tm_ros2_svr.cpp.o[0m
[2.971s] [ 18%] [32mBuilding CXX object CMakeFiles/tm_driver.dir/src/tm_driver.cpp.o[0m
[2.974s] [ 25%] [32mBuilding CXX object CMakeFiles/tm_driver.dir/src/tm_robot_state.cpp.o[0m
[2.974s] [ 31%] [32mBuilding CXX object CMakeFiles/tm_driver.dir/src/tm_sct_communication.cpp.o[0m
[2.976s] [ 37%] [32mBuilding CXX object CMakeFiles/tm_driver.dir/src/tm_svr_communication.cpp.o[0m
[2.981s] [ 43%] [32mBuilding CXX object CMakeFiles/tm_driver.dir/src/tm_communication.cpp.o[0m
[2.982s] [ 50%] [32mBuilding CXX object CMakeFiles/tm_driver.dir/src/tm_driver_utilities.cpp.o[0m
[2.990s] [ 56%] [32mBuilding CXX object CMakeFiles/tm_driver.dir/src/tm_command.cpp.o[0m
[2.990s] [ 75%] [32mBuilding CXX object CMakeFiles/tm_driver.dir/src/tm_listen_node_connect.cpp.o[0m
[2.990s] [ 62%] [32mBuilding CXX object CMakeFiles/tm_driver.dir/src/tm_packet.cpp.o[0m
[2.992s] [ 68%] [32mBuilding CXX object CMakeFiles/tm_driver.dir/src/tm_ros2_sct.cpp.o[0m
[3.001s] [ 81%] [32mBuilding CXX object CMakeFiles/tm_driver.dir/src/tm_ros2_movit_sct.cpp.o[0m
[3.002s] [ 87%] [32mBuilding CXX object CMakeFiles/tm_driver.dir/src/tm_print.cpp.o[0m
[3.017s] [ 93%] [32mBuilding CXX object CMakeFiles/tm_driver.dir/src/tm_ethernet_slave_connect.cpp.o[0m
[25.993s] [100%] [32m[1mLinking CXX executable tm_driver[0m
[26.860s] [100%] Built target tm_driver
[26.882s] Invoked command in '/root/irslab_ws/build/tm_driver' returned '0': CMAKE_PREFIX_PATH=/root/irslab_ws/install/tm_msgs:/root/irslab_ws/install/tm_test:/root/irslab_ws/install/tm_inspect:/root/irslab_ws/install/tm_driver:/root/irslab_ws/install/tm5x-900_moveit_config:/root/irslab_ws/install/tm5x-700_moveit_config:/root/irslab_ws/install/tm5-900_moveit_config:/root/irslab_ws/install/tm5-700_moveit_config:/root/irslab_ws/install/tm20_moveit_config:/root/irslab_ws/install/tm16_moveit_config:/root/irslab_ws/install/tm14x_moveit_config:/root/irslab_ws/install/tm14_moveit_config:/root/irslab_ws/install/tm12x_moveit_config:/root/irslab_ws/install/tm12_moveit_config:/root/irslab_ws/install/tm_description:/root/irslab_ws/install/tm_mod_urdf:/root/irslab_ws/install/pa_warehouse_status:/root/irslab_ws/install/hand_solo_virtual_nav:/opt/ros/humble /usr/bin/cmake --build /root/irslab_ws/build/tm_driver -- -j20 -l20
[26.886s] Invoking command in '/root/irslab_ws/build/tm_driver': CMAKE_PREFIX_PATH=/root/irslab_ws/install/tm_msgs:/root/irslab_ws/install/tm_test:/root/irslab_ws/install/tm_inspect:/root/irslab_ws/install/tm_driver:/root/irslab_ws/install/tm5x-900_moveit_config:/root/irslab_ws/install/tm5x-700_moveit_config:/root/irslab_ws/install/tm5-900_moveit_config:/root/irslab_ws/install/tm5-700_moveit_config:/root/irslab_ws/install/tm20_moveit_config:/root/irslab_ws/install/tm16_moveit_config:/root/irslab_ws/install/tm14x_moveit_config:/root/irslab_ws/install/tm14_moveit_config:/root/irslab_ws/install/tm12x_moveit_config:/root/irslab_ws/install/tm12_moveit_config:/root/irslab_ws/install/tm_description:/root/irslab_ws/install/tm_mod_urdf:/root/irslab_ws/install/pa_warehouse_status:/root/irslab_ws/install/hand_solo_virtual_nav:/opt/ros/humble /usr/bin/cmake --install /root/irslab_ws/build/tm_driver
[26.893s] -- Install configuration: ""
[26.893s] -- Installing: /root/irslab_ws/install/tm_driver/lib/tm_driver/tm_driver
[26.898s] -- Set runtime path of "/root/irslab_ws/install/tm_driver/lib/tm_driver/tm_driver" to ""
[26.898s] -- Installing: /root/irslab_ws/install/tm_driver/share/tm_driver/launch
[26.898s] -- Installing: /root/irslab_ws/install/tm_driver/share/tm_driver/launch/tm_bringup.launch.py
[26.898s] -- Installing: /root/irslab_ws/install/tm_driver/share/ament_index/resource_index/package_run_dependencies/tm_driver
[26.898s] -- Installing: /root/irslab_ws/install/tm_driver/share/ament_index/resource_index/parent_prefix_path/tm_driver
[26.899s] -- Installing: /root/irslab_ws/install/tm_driver/share/tm_driver/environment/ament_prefix_path.sh
[26.899s] -- Installing: /root/irslab_ws/install/tm_driver/share/tm_driver/environment/ament_prefix_path.dsv
[26.899s] -- Installing: /root/irslab_ws/install/tm_driver/share/tm_driver/environment/path.sh
[26.899s] -- Installing: /root/irslab_ws/install/tm_driver/share/tm_driver/environment/path.dsv
[26.899s] -- Installing: /root/irslab_ws/install/tm_driver/share/tm_driver/local_setup.bash
[26.899s] -- Installing: /root/irslab_ws/install/tm_driver/share/tm_driver/local_setup.sh
[26.899s] -- Installing: /root/irslab_ws/install/tm_driver/share/tm_driver/local_setup.zsh
[26.899s] -- Installing: /root/irslab_ws/install/tm_driver/share/tm_driver/local_setup.dsv
[26.899s] -- Installing: /root/irslab_ws/install/tm_driver/share/tm_driver/package.dsv
[26.899s] -- Installing: /root/irslab_ws/install/tm_driver/share/ament_index/resource_index/packages/tm_driver
[26.899s] -- Installing: /root/irslab_ws/install/tm_driver/share/tm_driver/cmake/tm_driverConfig.cmake
[26.899s] -- Installing: /root/irslab_ws/install/tm_driver/share/tm_driver/cmake/tm_driverConfig-version.cmake
[26.899s] -- Installing: /root/irslab_ws/install/tm_driver/share/tm_driver/package.xml
[26.902s] Invoked command in '/root/irslab_ws/build/tm_driver' returned '0': CMAKE_PREFIX_PATH=/root/irslab_ws/install/tm_msgs:/root/irslab_ws/install/tm_test:/root/irslab_ws/install/tm_inspect:/root/irslab_ws/install/tm_driver:/root/irslab_ws/install/tm5x-900_moveit_config:/root/irslab_ws/install/tm5x-700_moveit_config:/root/irslab_ws/install/tm5-900_moveit_config:/root/irslab_ws/install/tm5-700_moveit_config:/root/irslab_ws/install/tm20_moveit_config:/root/irslab_ws/install/tm16_moveit_config:/root/irslab_ws/install/tm14x_moveit_config:/root/irslab_ws/install/tm14_moveit_config:/root/irslab_ws/install/tm12x_moveit_config:/root/irslab_ws/install/tm12_moveit_config:/root/irslab_ws/install/tm_description:/root/irslab_ws/install/tm_mod_urdf:/root/irslab_ws/install/pa_warehouse_status:/root/irslab_ws/install/hand_solo_virtual_nav:/opt/ros/humble /usr/bin/cmake --install /root/irslab_ws/build/tm_driver
