[0.107s] Invoking command in '/root/irslab_ws/build/tm_msgs': CMAKE_PREFIX_PATH=${CMAKE_PREFIX_PATH}:/root/irslab_ws/install/tm_mod_urdf:/root/irslab_ws/install/pick_nav_place:/root/irslab_ws/install/pa_warehouse_status:/root/irslab_ws/install/hand_solo_virtual_nav:/root/irslab_ws/install/hand_solo_arm:/opt/ros/humble /usr/bin/cmake --build /root/irslab_ws/build/tm_msgs -- -j20 -l20
[2.345s] [  0%] Built target tm_msgs__cpp
[2.347s] [ 12%] Built target tm_msgs__rosidl_generator_c
[2.347s] [ 12%] Built target ament_cmake_python_copy_tm_msgs
[2.348s] [ 24%] Built target tm_msgs__rosidl_typesupport_introspection_cpp
[2.351s] [ 36%] Built target tm_msgs__rosidl_typesupport_fastrtps_cpp
[2.351s] [ 48%] Built target tm_msgs__rosidl_typesupport_cpp
[2.353s] [ 60%] Built target tm_msgs__rosidl_typesupport_introspection_c
[2.353s] [ 72%] Built target tm_msgs__rosidl_typesupport_c
[2.355s] [ 84%] Built target tm_msgs__rosidl_typesupport_fastrtps_c
[2.356s] [ 84%] Built target tm_msgs
[2.356s] [ 85%] Built target tm_msgs__py
[2.356s] [ 96%] Built target tm_msgs__rosidl_generator_py
[2.357s] [ 97%] Built target tm_msgs__rosidl_typesupport_fastrtps_c__pyext
[2.357s] [ 99%] Built target tm_msgs__rosidl_typesupport_introspection_c__pyext
[2.357s] [100%] Built target tm_msgs__rosidl_typesupport_c__pyext
[2.357s] running egg_info
[2.358s] writing tm_msgs.egg-info/PKG-INFO
[2.358s] writing dependency_links to tm_msgs.egg-info/dependency_links.txt
[2.358s] writing top-level names to tm_msgs.egg-info/top_level.txt
[2.358s] reading manifest file 'tm_msgs.egg-info/SOURCES.txt'
[2.358s] writing manifest file 'tm_msgs.egg-info/SOURCES.txt'
[2.358s] [100%] Built target ament_cmake_python_build_tm_msgs_egg
[2.397s] Invoked command in '/root/irslab_ws/build/tm_msgs' returned '0': CMAKE_PREFIX_PATH=${CMAKE_PREFIX_PATH}:/root/irslab_ws/install/tm_mod_urdf:/root/irslab_ws/install/pick_nav_place:/root/irslab_ws/install/pa_warehouse_status:/root/irslab_ws/install/hand_solo_virtual_nav:/root/irslab_ws/install/hand_solo_arm:/opt/ros/humble /usr/bin/cmake --build /root/irslab_ws/build/tm_msgs -- -j20 -l20
[2.403s] Invoking command in '/root/irslab_ws/build/tm_msgs': CMAKE_PREFIX_PATH=${CMAKE_PREFIX_PATH}:/root/irslab_ws/install/tm_mod_urdf:/root/irslab_ws/install/pick_nav_place:/root/irslab_ws/install/pa_warehouse_status:/root/irslab_ws/install/hand_solo_virtual_nav:/root/irslab_ws/install/hand_solo_arm:/opt/ros/humble /usr/bin/cmake --install /root/irslab_ws/build/tm_msgs
[3.196s] -- Install configuration: "Release"
[3.196s] -- Up-to-date: /root/irslab_ws/install/tm_msgs/share/ament_index/resource_index/rosidl_interfaces/tm_msgs
[3.196s] -- Up-to-date: /root/irslab_ws/install/tm_msgs/include/tm_msgs/tm_msgs
[3.196s] -- Up-to-date: /root/irslab_ws/install/tm_msgs/include/tm_msgs/tm_msgs/srv
[3.196s] -- Up-to-date: /root/irslab_ws/install/tm_msgs/include/tm_msgs/tm_msgs/srv/set_positions.h
[3.197s] -- Up-to-date: /root/irslab_ws/install/tm_msgs/include/tm_msgs/tm_msgs/srv/connect_tm.h
[3.197s] -- Up-to-date: /root/irslab_ws/install/tm_msgs/include/tm_msgs/tm_msgs/srv/set_io.h
[3.197s] -- Up-to-date: /root/irslab_ws/install/tm_msgs/include/tm_msgs/tm_msgs/srv/write_item.h
[3.197s] -- Up-to-date: /root/irslab_ws/install/tm_msgs/include/tm_msgs/tm_msgs/srv/ask_item.h
[3.197s] -- Up-to-date: /root/irslab_ws/install/tm_msgs/include/tm_msgs/tm_msgs/srv/ask_sta.h
[3.197s] -- Up-to-date: /root/irslab_ws/install/tm_msgs/include/tm_msgs/tm_msgs/srv/robot_command.h
[3.198s] -- Up-to-date: /root/irslab_ws/install/tm_msgs/include/tm_msgs/tm_msgs/srv/send_script.h
[3.198s] -- Up-to-date: /root/irslab_ws/install/tm_msgs/include/tm_msgs/tm_msgs/srv/detail
[3.198s] -- Up-to-date: /root/irslab_ws/install/tm_msgs/include/tm_msgs/tm_msgs/srv/detail/write_item__struct.h
[3.198s] -- Up-to-date: /root/irslab_ws/install/tm_msgs/include/tm_msgs/tm_msgs/srv/detail/send_script__functions.c
[3.198s] -- Up-to-date: /root/irslab_ws/install/tm_msgs/include/tm_msgs/tm_msgs/srv/detail/ask_sta__functions.h
[3.198s] -- Up-to-date: /root/irslab_ws/install/tm_msgs/include/tm_msgs/tm_msgs/srv/detail/connect_tm__functions.c
[3.198s] -- Up-to-date: /root/irslab_ws/install/tm_msgs/include/tm_msgs/tm_msgs/srv/detail/set_io__functions.h
[3.198s] -- Up-to-date: /root/irslab_ws/install/tm_msgs/include/tm_msgs/tm_msgs/srv/detail/send_script__struct.h
[3.199s] -- Up-to-date: /root/irslab_ws/install/tm_msgs/include/tm_msgs/tm_msgs/srv/detail/ask_item__struct.h
[3.199s] -- Up-to-date: /root/irslab_ws/install/tm_msgs/include/tm_msgs/tm_msgs/srv/detail/send_script__functions.h
[3.199s] -- Up-to-date: /root/irslab_ws/install/tm_msgs/include/tm_msgs/tm_msgs/srv/detail/set_io__functions.c
[3.199s] -- Up-to-date: /root/irslab_ws/install/tm_msgs/include/tm_msgs/tm_msgs/srv/detail/ask_sta__type_support.h
[3.199s] -- Up-to-date: /root/irslab_ws/install/tm_msgs/include/tm_msgs/tm_msgs/srv/detail/connect_tm__struct.h
[3.200s] -- Up-to-date: /root/irslab_ws/install/tm_msgs/include/tm_msgs/tm_msgs/srv/detail/connect_tm__functions.h
[3.200s] -- Up-to-date: /root/irslab_ws/install/tm_msgs/include/tm_msgs/tm_msgs/srv/detail/set_event__type_support.h
[3.200s] -- Up-to-date: /root/irslab_ws/install/tm_msgs/include/tm_msgs/tm_msgs/srv/detail/set_event__functions.c
[3.200s] -- Up-to-date: /root/irslab_ws/install/tm_msgs/include/tm_msgs/tm_msgs/srv/detail/write_item__functions.c
[3.200s] -- Up-to-date: /root/irslab_ws/install/tm_msgs/include/tm_msgs/tm_msgs/srv/detail/send_script__type_support.h
[3.200s] -- Up-to-date: /root/irslab_ws/install/tm_msgs/include/tm_msgs/tm_msgs/srv/detail/set_io__struct.h
[3.201s] -- Up-to-date: /root/irslab_ws/install/tm_msgs/include/tm_msgs/tm_msgs/srv/detail/ask_sta__functions.c
[3.201s] -- Up-to-date: /root/irslab_ws/install/tm_msgs/include/tm_msgs/tm_msgs/srv/detail/robot_command__type_support.h
[3.202s] -- Up-to-date: /root/irslab_ws/install/tm_msgs/include/tm_msgs/tm_msgs/srv/detail/robot_command__functions.c
[3.203s] -- Up-to-date: /root/irslab_ws/install/tm_msgs/include/tm_msgs/tm_msgs/srv/detail/robot_command__functions.h
[3.204s] -- Up-to-date: /root/irslab_ws/install/tm_msgs/include/tm_msgs/tm_msgs/srv/detail/set_event__functions.h
[3.204s] -- Up-to-date: /root/irslab_ws/install/tm_msgs/include/tm_msgs/tm_msgs/srv/detail/ask_sta__struct.h
[3.205s] -- Up-to-date: /root/irslab_ws/install/tm_msgs/include/tm_msgs/tm_msgs/srv/detail/write_item__type_support.h
[3.206s] -- Up-to-date: /root/irslab_ws/install/tm_msgs/include/tm_msgs/tm_msgs/srv/detail/set_positions__type_support.h
[3.207s] -- Up-to-date: /root/irslab_ws/install/tm_msgs/include/tm_msgs/tm_msgs/srv/detail/ask_item__type_support.h
[3.208s] -- Up-to-date: /root/irslab_ws/install/tm_msgs/include/tm_msgs/tm_msgs/srv/detail/ask_item__functions.h
[3.208s] -- Up-to-date: /root/irslab_ws/install/tm_msgs/include/tm_msgs/tm_msgs/srv/detail/write_item__functions.h
[3.209s] -- Up-to-date: /root/irslab_ws/install/tm_msgs/include/tm_msgs/tm_msgs/srv/detail/set_positions__functions.h
[3.209s] -- Up-to-date: /root/irslab_ws/install/tm_msgs/include/tm_msgs/tm_msgs/srv/detail/robot_command__struct.h
[3.210s] -- Up-to-date: /root/irslab_ws/install/tm_msgs/include/tm_msgs/tm_msgs/srv/detail/set_positions__functions.c
[3.211s] -- Up-to-date: /root/irslab_ws/install/tm_msgs/include/tm_msgs/tm_msgs/srv/detail/connect_tm__type_support.h
[3.212s] -- Up-to-date: /root/irslab_ws/install/tm_msgs/include/tm_msgs/tm_msgs/srv/detail/set_io__type_support.h
[3.212s] -- Up-to-date: /root/irslab_ws/install/tm_msgs/include/tm_msgs/tm_msgs/srv/detail/ask_item__functions.c
[3.212s] -- Up-to-date: /root/irslab_ws/install/tm_msgs/include/tm_msgs/tm_msgs/srv/detail/set_positions__struct.h
[3.213s] -- Up-to-date: /root/irslab_ws/install/tm_msgs/include/tm_msgs/tm_msgs/srv/detail/set_event__struct.h
[3.213s] -- Up-to-date: /root/irslab_ws/install/tm_msgs/include/tm_msgs/tm_msgs/srv/set_event.h
[3.213s] -- Up-to-date: /root/irslab_ws/install/tm_msgs/include/tm_msgs/tm_msgs/msg
[3.214s] -- Up-to-date: /root/irslab_ws/install/tm_msgs/include/tm_msgs/tm_msgs/msg/svr_response.h
[3.214s] -- Up-to-date: /root/irslab_ws/install/tm_msgs/include/tm_msgs/tm_msgs/msg/sct_response.h
[3.215s] -- Up-to-date: /root/irslab_ws/install/tm_msgs/include/tm_msgs/tm_msgs/msg/rosidl_generator_c__visibility_control.h
[3.215s] -- Up-to-date: /root/irslab_ws/install/tm_msgs/include/tm_msgs/tm_msgs/msg/feedback_state.h
[3.216s] -- Up-to-date: /root/irslab_ws/install/tm_msgs/include/tm_msgs/tm_msgs/msg/detail
[3.216s] -- Up-to-date: /root/irslab_ws/install/tm_msgs/include/tm_msgs/tm_msgs/msg/detail/feedback_state__type_support.h
[3.217s] -- Up-to-date: /root/irslab_ws/install/tm_msgs/include/tm_msgs/tm_msgs/msg/detail/svr_response__functions.h
[3.217s] -- Up-to-date: /root/irslab_ws/install/tm_msgs/include/tm_msgs/tm_msgs/msg/detail/sct_response__type_support.h
[3.218s] -- Up-to-date: /root/irslab_ws/install/tm_msgs/include/tm_msgs/tm_msgs/msg/detail/svr_response__struct.h
[3.218s] -- Up-to-date: /root/irslab_ws/install/tm_msgs/include/tm_msgs/tm_msgs/msg/detail/sct_response__struct.h
[3.218s] -- Up-to-date: /root/irslab_ws/install/tm_msgs/include/tm_msgs/tm_msgs/msg/detail/sta_response__type_support.h
[3.218s] -- Up-to-date: /root/irslab_ws/install/tm_msgs/include/tm_msgs/tm_msgs/msg/detail/svr_response__type_support.h
[3.218s] -- Up-to-date: /root/irslab_ws/install/tm_msgs/include/tm_msgs/tm_msgs/msg/detail/sta_response__struct.h
[3.219s] -- Up-to-date: /root/irslab_ws/install/tm_msgs/include/tm_msgs/tm_msgs/msg/detail/feedback_state__struct.h
[3.219s] -- Up-to-date: /root/irslab_ws/install/tm_msgs/include/tm_msgs/tm_msgs/msg/detail/sct_response__functions.h
[3.219s] -- Up-to-date: /root/irslab_ws/install/tm_msgs/include/tm_msgs/tm_msgs/msg/detail/feedback_state__functions.c
[3.219s] -- Up-to-date: /root/irslab_ws/install/tm_msgs/include/tm_msgs/tm_msgs/msg/detail/sta_response__functions.h
[3.219s] -- Up-to-date: /root/irslab_ws/install/tm_msgs/include/tm_msgs/tm_msgs/msg/detail/sct_response__functions.c
[3.219s] -- Up-to-date: /root/irslab_ws/install/tm_msgs/include/tm_msgs/tm_msgs/msg/detail/feedback_state__functions.h
[3.220s] -- Up-to-date: /root/irslab_ws/install/tm_msgs/include/tm_msgs/tm_msgs/msg/detail/svr_response__functions.c
[3.220s] -- Up-to-date: /root/irslab_ws/install/tm_msgs/include/tm_msgs/tm_msgs/msg/detail/sta_response__functions.c
[3.220s] -- Up-to-date: /root/irslab_ws/install/tm_msgs/include/tm_msgs/tm_msgs/msg/sta_response.h
[3.220s] -- Up-to-date: /root/irslab_ws/install/tm_msgs/share/tm_msgs/environment/library_path.sh
[3.220s] -- Up-to-date: /root/irslab_ws/install/tm_msgs/share/tm_msgs/environment/library_path.dsv
[3.221s] -- Up-to-date: /root/irslab_ws/install/tm_msgs/lib/libtm_msgs__rosidl_generator_c.so
[3.221s] -- Up-to-date: /root/irslab_ws/install/tm_msgs/include/tm_msgs/tm_msgs
[3.221s] -- Up-to-date: /root/irslab_ws/install/tm_msgs/include/tm_msgs/tm_msgs/srv
[3.221s] -- Up-to-date: /root/irslab_ws/install/tm_msgs/include/tm_msgs/tm_msgs/srv/detail
[3.221s] -- Up-to-date: /root/irslab_ws/install/tm_msgs/include/tm_msgs/tm_msgs/srv/detail/ask_sta__rosidl_typesupport_fastrtps_c.h
[3.221s] -- Up-to-date: /root/irslab_ws/install/tm_msgs/include/tm_msgs/tm_msgs/srv/detail/robot_command__rosidl_typesupport_fastrtps_c.h
[3.222s] -- Up-to-date: /root/irslab_ws/install/tm_msgs/include/tm_msgs/tm_msgs/srv/detail/ask_item__rosidl_typesupport_fastrtps_c.h
[3.222s] -- Up-to-date: /root/irslab_ws/install/tm_msgs/include/tm_msgs/tm_msgs/srv/detail/send_script__rosidl_typesupport_fastrtps_c.h
[3.222s] -- Up-to-date: /root/irslab_ws/install/tm_msgs/include/tm_msgs/tm_msgs/srv/detail/set_io__rosidl_typesupport_fastrtps_c.h
[3.222s] -- Up-to-date: /root/irslab_ws/install/tm_msgs/include/tm_msgs/tm_msgs/srv/detail/set_positions__rosidl_typesupport_fastrtps_c.h
[3.223s] -- Up-to-date: /root/irslab_ws/install/tm_msgs/include/tm_msgs/tm_msgs/srv/detail/connect_tm__rosidl_typesupport_fastrtps_c.h
[3.223s] -- Up-to-date: /root/irslab_ws/install/tm_msgs/include/tm_msgs/tm_msgs/srv/detail/set_event__rosidl_typesupport_fastrtps_c.h
[3.224s] -- Up-to-date: /root/irslab_ws/install/tm_msgs/include/tm_msgs/tm_msgs/srv/detail/write_item__rosidl_typesupport_fastrtps_c.h
[3.224s] -- Up-to-date: /root/irslab_ws/install/tm_msgs/include/tm_msgs/tm_msgs/msg
[3.224s] -- Up-to-date: /root/irslab_ws/install/tm_msgs/include/tm_msgs/tm_msgs/msg/rosidl_typesupport_fastrtps_c__visibility_control.h
[3.225s] -- Up-to-date: /root/irslab_ws/install/tm_msgs/include/tm_msgs/tm_msgs/msg/detail
[3.225s] -- Up-to-date: /root/irslab_ws/install/tm_msgs/include/tm_msgs/tm_msgs/msg/detail/feedback_state__rosidl_typesupport_fastrtps_c.h
[3.225s] -- Up-to-date: /root/irslab_ws/install/tm_msgs/include/tm_msgs/tm_msgs/msg/detail/svr_response__rosidl_typesupport_fastrtps_c.h
[3.225s] -- Up-to-date: /root/irslab_ws/install/tm_msgs/include/tm_msgs/tm_msgs/msg/detail/sta_response__rosidl_typesupport_fastrtps_c.h
[3.225s] -- Up-to-date: /root/irslab_ws/install/tm_msgs/include/tm_msgs/tm_msgs/msg/detail/sct_response__rosidl_typesupport_fastrtps_c.h
[3.226s] -- Up-to-date: /root/irslab_ws/install/tm_msgs/lib/libtm_msgs__rosidl_typesupport_fastrtps_c.so
[3.227s] -- Up-to-date: /root/irslab_ws/install/tm_msgs/include/tm_msgs/tm_msgs
[3.228s] -- Up-to-date: /root/irslab_ws/install/tm_msgs/include/tm_msgs/tm_msgs/srv
[3.228s] -- Up-to-date: /root/irslab_ws/install/tm_msgs/include/tm_msgs/tm_msgs/srv/detail
[3.228s] -- Up-to-date: /root/irslab_ws/install/tm_msgs/include/tm_msgs/tm_msgs/srv/detail/set_positions__type_support.c
[3.229s] -- Up-to-date: /root/irslab_ws/install/tm_msgs/include/tm_msgs/tm_msgs/srv/detail/send_script__type_support.c
[3.229s] -- Up-to-date: /root/irslab_ws/install/tm_msgs/include/tm_msgs/tm_msgs/srv/detail/connect_tm__type_support.c
[3.229s] -- Up-to-date: /root/irslab_ws/install/tm_msgs/include/tm_msgs/tm_msgs/srv/detail/ask_sta__type_support.c
[3.229s] -- Up-to-date: /root/irslab_ws/install/tm_msgs/include/tm_msgs/tm_msgs/srv/detail/connect_tm__rosidl_typesupport_introspection_c.h
[3.230s] -- Up-to-date: /root/irslab_ws/install/tm_msgs/include/tm_msgs/tm_msgs/srv/detail/robot_command__rosidl_typesupport_introspection_c.h
[3.230s] -- Up-to-date: /root/irslab_ws/install/tm_msgs/include/tm_msgs/tm_msgs/srv/detail/set_event__rosidl_typesupport_introspection_c.h
[3.230s] -- Up-to-date: /root/irslab_ws/install/tm_msgs/include/tm_msgs/tm_msgs/srv/detail/send_script__rosidl_typesupport_introspection_c.h
[3.230s] -- Up-to-date: /root/irslab_ws/install/tm_msgs/include/tm_msgs/tm_msgs/srv/detail/write_item__type_support.c
[3.231s] -- Up-to-date: /root/irslab_ws/install/tm_msgs/include/tm_msgs/tm_msgs/srv/detail/write_item__rosidl_typesupport_introspection_c.h
[3.231s] -- Up-to-date: /root/irslab_ws/install/tm_msgs/include/tm_msgs/tm_msgs/srv/detail/ask_item__type_support.c
[3.232s] -- Up-to-date: /root/irslab_ws/install/tm_msgs/include/tm_msgs/tm_msgs/srv/detail/set_event__type_support.c
[3.232s] -- Up-to-date: /root/irslab_ws/install/tm_msgs/include/tm_msgs/tm_msgs/srv/detail/robot_command__type_support.c
[3.233s] -- Up-to-date: /root/irslab_ws/install/tm_msgs/include/tm_msgs/tm_msgs/srv/detail/set_io__type_support.c
[3.233s] -- Up-to-date: /root/irslab_ws/install/tm_msgs/include/tm_msgs/tm_msgs/srv/detail/ask_item__rosidl_typesupport_introspection_c.h
[3.233s] -- Up-to-date: /root/irslab_ws/install/tm_msgs/include/tm_msgs/tm_msgs/srv/detail/ask_sta__rosidl_typesupport_introspection_c.h
[3.233s] -- Up-to-date: /root/irslab_ws/install/tm_msgs/include/tm_msgs/tm_msgs/srv/detail/set_io__rosidl_typesupport_introspection_c.h
[3.264s] -- Up-to-date: /root/irslab_ws/install/tm_msgs/include/tm_msgs/tm_msgs/srv/detail/set_positions__rosidl_typesupport_introspection_c.h
[3.265s] -- Up-to-date: /root/irslab_ws/install/tm_msgs/include/tm_msgs/tm_msgs/msg
[3.266s] -- Up-to-date: /root/irslab_ws/install/tm_msgs/include/tm_msgs/tm_msgs/msg/rosidl_typesupport_introspection_c__visibility_control.h
[3.267s] -- Up-to-date: /root/irslab_ws/install/tm_msgs/include/tm_msgs/tm_msgs/msg/detail
[3.269s] -- Up-to-date: /root/irslab_ws/install/tm_msgs/include/tm_msgs/tm_msgs/msg/detail/feedback_state__rosidl_typesupport_introspection_c.h
[3.270s] -- Up-to-date: /root/irslab_ws/install/tm_msgs/include/tm_msgs/tm_msgs/msg/detail/feedback_state__type_support.c
[3.271s] -- Up-to-date: /root/irslab_ws/install/tm_msgs/include/tm_msgs/tm_msgs/msg/detail/sct_response__type_support.c
[3.272s] -- Up-to-date: /root/irslab_ws/install/tm_msgs/include/tm_msgs/tm_msgs/msg/detail/svr_response__rosidl_typesupport_introspection_c.h
[3.276s] -- Up-to-date: /root/irslab_ws/install/tm_msgs/include/tm_msgs/tm_msgs/msg/detail/sct_response__rosidl_typesupport_introspection_c.h
[3.279s] -- Up-to-date: /root/irslab_ws/install/tm_msgs/include/tm_msgs/tm_msgs/msg/detail/sta_response__rosidl_typesupport_introspection_c.h
[3.279s] -- Up-to-date: /root/irslab_ws/install/tm_msgs/include/tm_msgs/tm_msgs/msg/detail/svr_response__type_support.c
[3.279s] -- Up-to-date: /root/irslab_ws/install/tm_msgs/include/tm_msgs/tm_msgs/msg/detail/sta_response__type_support.c
[3.279s] -- Up-to-date: /root/irslab_ws/install/tm_msgs/lib/libtm_msgs__rosidl_typesupport_introspection_c.so
[3.280s] -- Up-to-date: /root/irslab_ws/install/tm_msgs/lib/libtm_msgs__rosidl_typesupport_c.so
[3.283s] -- Up-to-date: /root/irslab_ws/install/tm_msgs/include/tm_msgs/tm_msgs
[3.284s] -- Up-to-date: /root/irslab_ws/install/tm_msgs/include/tm_msgs/tm_msgs/srv
[3.284s] -- Up-to-date: /root/irslab_ws/install/tm_msgs/include/tm_msgs/tm_msgs/srv/set_event.hpp
[3.285s] -- Up-to-date: /root/irslab_ws/install/tm_msgs/include/tm_msgs/tm_msgs/srv/set_io.hpp
[3.286s] -- Up-to-date: /root/irslab_ws/install/tm_msgs/include/tm_msgs/tm_msgs/srv/ask_sta.hpp
[3.287s] -- Up-to-date: /root/irslab_ws/install/tm_msgs/include/tm_msgs/tm_msgs/srv/write_item.hpp
[3.287s] -- Up-to-date: /root/irslab_ws/install/tm_msgs/include/tm_msgs/tm_msgs/srv/ask_item.hpp
[3.287s] -- Up-to-date: /root/irslab_ws/install/tm_msgs/include/tm_msgs/tm_msgs/srv/send_script.hpp
[3.287s] -- Up-to-date: /root/irslab_ws/install/tm_msgs/include/tm_msgs/tm_msgs/srv/connect_tm.hpp
[3.287s] -- Up-to-date: /root/irslab_ws/install/tm_msgs/include/tm_msgs/tm_msgs/srv/robot_command.hpp
[3.287s] -- Up-to-date: /root/irslab_ws/install/tm_msgs/include/tm_msgs/tm_msgs/srv/set_positions.hpp
[3.287s] -- Up-to-date: /root/irslab_ws/install/tm_msgs/include/tm_msgs/tm_msgs/srv/detail
[3.287s] -- Up-to-date: /root/irslab_ws/install/tm_msgs/include/tm_msgs/tm_msgs/srv/detail/ask_sta__builder.hpp
[3.287s] -- Up-to-date: /root/irslab_ws/install/tm_msgs/include/tm_msgs/tm_msgs/srv/detail/robot_command__builder.hpp
[3.287s] -- Up-to-date: /root/irslab_ws/install/tm_msgs/include/tm_msgs/tm_msgs/srv/detail/write_item__type_support.hpp
[3.287s] -- Up-to-date: /root/irslab_ws/install/tm_msgs/include/tm_msgs/tm_msgs/srv/detail/set_event__type_support.hpp
[3.288s] -- Up-to-date: /root/irslab_ws/install/tm_msgs/include/tm_msgs/tm_msgs/srv/detail/set_event__traits.hpp
[3.291s] -- Up-to-date: /root/irslab_ws/install/tm_msgs/include/tm_msgs/tm_msgs/srv/detail/set_io__struct.hpp
[3.291s] -- Up-to-date: /root/irslab_ws/install/tm_msgs/include/tm_msgs/tm_msgs/srv/detail/connect_tm__builder.hpp
[3.291s] -- Up-to-date: /root/irslab_ws/install/tm_msgs/include/tm_msgs/tm_msgs/srv/detail/ask_sta__type_support.hpp
[3.291s] -- Up-to-date: /root/irslab_ws/install/tm_msgs/include/tm_msgs/tm_msgs/srv/detail/robot_command__traits.hpp
[3.291s] -- Up-to-date: /root/irslab_ws/install/tm_msgs/include/tm_msgs/tm_msgs/srv/detail/set_positions__traits.hpp
[3.291s] -- Up-to-date: /root/irslab_ws/install/tm_msgs/include/tm_msgs/tm_msgs/srv/detail/write_item__struct.hpp
[3.291s] -- Up-to-date: /root/irslab_ws/install/tm_msgs/include/tm_msgs/tm_msgs/srv/detail/robot_command__type_support.hpp
[3.292s] -- Up-to-date: /root/irslab_ws/install/tm_msgs/include/tm_msgs/tm_msgs/srv/detail/set_io__builder.hpp
[3.292s] -- Up-to-date: /root/irslab_ws/install/tm_msgs/include/tm_msgs/tm_msgs/srv/detail/set_io__type_support.hpp
[3.292s] -- Up-to-date: /root/irslab_ws/install/tm_msgs/include/tm_msgs/tm_msgs/srv/detail/send_script__type_support.hpp
[3.292s] -- Up-to-date: /root/irslab_ws/install/tm_msgs/include/tm_msgs/tm_msgs/srv/detail/set_event__struct.hpp
[3.292s] -- Up-to-date: /root/irslab_ws/install/tm_msgs/include/tm_msgs/tm_msgs/srv/detail/set_positions__type_support.hpp
[3.292s] -- Up-to-date: /root/irslab_ws/install/tm_msgs/include/tm_msgs/tm_msgs/srv/detail/send_script__traits.hpp
[3.292s] -- Up-to-date: /root/irslab_ws/install/tm_msgs/include/tm_msgs/tm_msgs/srv/detail/ask_item__traits.hpp
[3.293s] -- Up-to-date: /root/irslab_ws/install/tm_msgs/include/tm_msgs/tm_msgs/srv/detail/connect_tm__traits.hpp
[3.293s] -- Up-to-date: /root/irslab_ws/install/tm_msgs/include/tm_msgs/tm_msgs/srv/detail/ask_sta__traits.hpp
[3.293s] -- Up-to-date: /root/irslab_ws/install/tm_msgs/include/tm_msgs/tm_msgs/srv/detail/write_item__traits.hpp
[3.293s] -- Up-to-date: /root/irslab_ws/install/tm_msgs/include/tm_msgs/tm_msgs/srv/detail/ask_item__type_support.hpp
[3.293s] -- Up-to-date: /root/irslab_ws/install/tm_msgs/include/tm_msgs/tm_msgs/srv/detail/set_event__builder.hpp
[3.293s] -- Up-to-date: /root/irslab_ws/install/tm_msgs/include/tm_msgs/tm_msgs/srv/detail/send_script__builder.hpp
[3.294s] -- Up-to-date: /root/irslab_ws/install/tm_msgs/include/tm_msgs/tm_msgs/srv/detail/set_positions__struct.hpp
[3.294s] -- Up-to-date: /root/irslab_ws/install/tm_msgs/include/tm_msgs/tm_msgs/srv/detail/set_positions__builder.hpp
[3.294s] -- Up-to-date: /root/irslab_ws/install/tm_msgs/include/tm_msgs/tm_msgs/srv/detail/ask_item__struct.hpp
[3.294s] -- Up-to-date: /root/irslab_ws/install/tm_msgs/include/tm_msgs/tm_msgs/srv/detail/robot_command__struct.hpp
[3.294s] -- Up-to-date: /root/irslab_ws/install/tm_msgs/include/tm_msgs/tm_msgs/srv/detail/write_item__builder.hpp
[3.294s] -- Up-to-date: /root/irslab_ws/install/tm_msgs/include/tm_msgs/tm_msgs/srv/detail/ask_sta__struct.hpp
[3.295s] -- Up-to-date: /root/irslab_ws/install/tm_msgs/include/tm_msgs/tm_msgs/srv/detail/set_io__traits.hpp
[3.295s] -- Up-to-date: /root/irslab_ws/install/tm_msgs/include/tm_msgs/tm_msgs/srv/detail/ask_item__builder.hpp
[3.295s] -- Up-to-date: /root/irslab_ws/install/tm_msgs/include/tm_msgs/tm_msgs/srv/detail/connect_tm__type_support.hpp
[3.295s] -- Up-to-date: /root/irslab_ws/install/tm_msgs/include/tm_msgs/tm_msgs/srv/detail/connect_tm__struct.hpp
[3.295s] -- Up-to-date: /root/irslab_ws/install/tm_msgs/include/tm_msgs/tm_msgs/srv/detail/send_script__struct.hpp
[3.297s] -- Up-to-date: /root/irslab_ws/install/tm_msgs/include/tm_msgs/tm_msgs/msg
[3.297s] -- Up-to-date: /root/irslab_ws/install/tm_msgs/include/tm_msgs/tm_msgs/msg/sct_response.hpp
[3.298s] -- Up-to-date: /root/irslab_ws/install/tm_msgs/include/tm_msgs/tm_msgs/msg/svr_response.hpp
[3.298s] -- Up-to-date: /root/irslab_ws/install/tm_msgs/include/tm_msgs/tm_msgs/msg/rosidl_generator_cpp__visibility_control.hpp
[3.298s] -- Up-to-date: /root/irslab_ws/install/tm_msgs/include/tm_msgs/tm_msgs/msg/feedback_state.hpp
[3.298s] -- Up-to-date: /root/irslab_ws/install/tm_msgs/include/tm_msgs/tm_msgs/msg/sta_response.hpp
[3.298s] -- Up-to-date: /root/irslab_ws/install/tm_msgs/include/tm_msgs/tm_msgs/msg/detail
[3.298s] -- Up-to-date: /root/irslab_ws/install/tm_msgs/include/tm_msgs/tm_msgs/msg/detail/svr_response__struct.hpp
[3.298s] -- Up-to-date: /root/irslab_ws/install/tm_msgs/include/tm_msgs/tm_msgs/msg/detail/svr_response__traits.hpp
[3.298s] -- Up-to-date: /root/irslab_ws/install/tm_msgs/include/tm_msgs/tm_msgs/msg/detail/sta_response__type_support.hpp
[3.298s] -- Up-to-date: /root/irslab_ws/install/tm_msgs/include/tm_msgs/tm_msgs/msg/detail/sta_response__traits.hpp
[3.298s] -- Up-to-date: /root/irslab_ws/install/tm_msgs/include/tm_msgs/tm_msgs/msg/detail/svr_response__type_support.hpp
[3.298s] -- Up-to-date: /root/irslab_ws/install/tm_msgs/include/tm_msgs/tm_msgs/msg/detail/feedback_state__traits.hpp
[3.298s] -- Up-to-date: /root/irslab_ws/install/tm_msgs/include/tm_msgs/tm_msgs/msg/detail/sct_response__struct.hpp
[3.298s] -- Up-to-date: /root/irslab_ws/install/tm_msgs/include/tm_msgs/tm_msgs/msg/detail/feedback_state__struct.hpp
[3.298s] -- Up-to-date: /root/irslab_ws/install/tm_msgs/include/tm_msgs/tm_msgs/msg/detail/sta_response__builder.hpp
[3.299s] -- Up-to-date: /root/irslab_ws/install/tm_msgs/include/tm_msgs/tm_msgs/msg/detail/sct_response__type_support.hpp
[3.299s] -- Up-to-date: /root/irslab_ws/install/tm_msgs/include/tm_msgs/tm_msgs/msg/detail/sta_response__struct.hpp
[3.299s] -- Up-to-date: /root/irslab_ws/install/tm_msgs/include/tm_msgs/tm_msgs/msg/detail/feedback_state__type_support.hpp
[3.299s] -- Up-to-date: /root/irslab_ws/install/tm_msgs/include/tm_msgs/tm_msgs/msg/detail/feedback_state__builder.hpp
[3.299s] -- Up-to-date: /root/irslab_ws/install/tm_msgs/include/tm_msgs/tm_msgs/msg/detail/sct_response__traits.hpp
[3.299s] -- Up-to-date: /root/irslab_ws/install/tm_msgs/include/tm_msgs/tm_msgs/msg/detail/svr_response__builder.hpp
[3.299s] -- Up-to-date: /root/irslab_ws/install/tm_msgs/include/tm_msgs/tm_msgs/msg/detail/sct_response__builder.hpp
[3.299s] -- Up-to-date: /root/irslab_ws/install/tm_msgs/include/tm_msgs/tm_msgs
[3.299s] -- Up-to-date: /root/irslab_ws/install/tm_msgs/include/tm_msgs/tm_msgs/srv
[3.299s] -- Up-to-date: /root/irslab_ws/install/tm_msgs/include/tm_msgs/tm_msgs/srv/detail
[3.300s] -- Up-to-date: /root/irslab_ws/install/tm_msgs/include/tm_msgs/tm_msgs/srv/detail/ask_sta__rosidl_typesupport_fastrtps_cpp.hpp
[3.300s] -- Up-to-date: /root/irslab_ws/install/tm_msgs/include/tm_msgs/tm_msgs/srv/detail/robot_command__rosidl_typesupport_fastrtps_cpp.hpp
[3.300s] -- Up-to-date: /root/irslab_ws/install/tm_msgs/include/tm_msgs/tm_msgs/srv/detail/connect_tm__rosidl_typesupport_fastrtps_cpp.hpp
[3.300s] -- Up-to-date: /root/irslab_ws/install/tm_msgs/include/tm_msgs/tm_msgs/srv/detail/ask_item__rosidl_typesupport_fastrtps_cpp.hpp
[3.300s] -- Up-to-date: /root/irslab_ws/install/tm_msgs/include/tm_msgs/tm_msgs/srv/detail/write_item__rosidl_typesupport_fastrtps_cpp.hpp
[3.300s] -- Up-to-date: /root/irslab_ws/install/tm_msgs/include/tm_msgs/tm_msgs/srv/detail/set_io__rosidl_typesupport_fastrtps_cpp.hpp
[3.300s] -- Up-to-date: /root/irslab_ws/install/tm_msgs/include/tm_msgs/tm_msgs/srv/detail/send_script__rosidl_typesupport_fastrtps_cpp.hpp
[3.300s] -- Up-to-date: /root/irslab_ws/install/tm_msgs/include/tm_msgs/tm_msgs/srv/detail/set_event__rosidl_typesupport_fastrtps_cpp.hpp
[3.300s] -- Up-to-date: /root/irslab_ws/install/tm_msgs/include/tm_msgs/tm_msgs/srv/detail/dds_fastrtps
[3.301s] -- Up-to-date: /root/irslab_ws/install/tm_msgs/include/tm_msgs/tm_msgs/srv/detail/set_positions__rosidl_typesupport_fastrtps_cpp.hpp
[3.301s] -- Up-to-date: /root/irslab_ws/install/tm_msgs/include/tm_msgs/tm_msgs/msg
[3.301s] -- Up-to-date: /root/irslab_ws/install/tm_msgs/include/tm_msgs/tm_msgs/msg/rosidl_typesupport_fastrtps_cpp__visibility_control.h
[3.301s] -- Up-to-date: /root/irslab_ws/install/tm_msgs/include/tm_msgs/tm_msgs/msg/detail
[3.301s] -- Up-to-date: /root/irslab_ws/install/tm_msgs/include/tm_msgs/tm_msgs/msg/detail/feedback_state__rosidl_typesupport_fastrtps_cpp.hpp
[3.301s] -- Up-to-date: /root/irslab_ws/install/tm_msgs/include/tm_msgs/tm_msgs/msg/detail/svr_response__rosidl_typesupport_fastrtps_cpp.hpp
[3.301s] -- Up-to-date: /root/irslab_ws/install/tm_msgs/include/tm_msgs/tm_msgs/msg/detail/sta_response__rosidl_typesupport_fastrtps_cpp.hpp
[3.301s] -- Up-to-date: /root/irslab_ws/install/tm_msgs/include/tm_msgs/tm_msgs/msg/detail/sct_response__rosidl_typesupport_fastrtps_cpp.hpp
[3.301s] -- Up-to-date: /root/irslab_ws/install/tm_msgs/include/tm_msgs/tm_msgs/msg/detail/dds_fastrtps
[3.301s] -- Up-to-date: /root/irslab_ws/install/tm_msgs/lib/libtm_msgs__rosidl_typesupport_fastrtps_cpp.so
[3.301s] -- Up-to-date: /root/irslab_ws/install/tm_msgs/include/tm_msgs/tm_msgs
[3.301s] -- Up-to-date: /root/irslab_ws/install/tm_msgs/include/tm_msgs/tm_msgs/srv
[3.302s] -- Up-to-date: /root/irslab_ws/install/tm_msgs/include/tm_msgs/tm_msgs/srv/detail
[3.302s] -- Up-to-date: /root/irslab_ws/install/tm_msgs/include/tm_msgs/tm_msgs/srv/detail/send_script__type_support.cpp
[3.302s] -- Up-to-date: /root/irslab_ws/install/tm_msgs/include/tm_msgs/tm_msgs/srv/detail/ask_item__type_support.cpp
[3.302s] -- Up-to-date: /root/irslab_ws/install/tm_msgs/include/tm_msgs/tm_msgs/srv/detail/set_event__rosidl_typesupport_introspection_cpp.hpp
[3.302s] -- Up-to-date: /root/irslab_ws/install/tm_msgs/include/tm_msgs/tm_msgs/srv/detail/ask_item__rosidl_typesupport_introspection_cpp.hpp
[3.302s] -- Up-to-date: /root/irslab_ws/install/tm_msgs/include/tm_msgs/tm_msgs/srv/detail/send_script__rosidl_typesupport_introspection_cpp.hpp
[3.302s] -- Up-to-date: /root/irslab_ws/install/tm_msgs/include/tm_msgs/tm_msgs/srv/detail/ask_sta__rosidl_typesupport_introspection_cpp.hpp
[3.302s] -- Up-to-date: /root/irslab_ws/install/tm_msgs/include/tm_msgs/tm_msgs/srv/detail/ask_sta__type_support.cpp
[3.302s] -- Up-to-date: /root/irslab_ws/install/tm_msgs/include/tm_msgs/tm_msgs/srv/detail/set_event__type_support.cpp
[3.302s] -- Up-to-date: /root/irslab_ws/install/tm_msgs/include/tm_msgs/tm_msgs/srv/detail/set_positions__rosidl_typesupport_introspection_cpp.hpp
[3.302s] -- Up-to-date: /root/irslab_ws/install/tm_msgs/include/tm_msgs/tm_msgs/srv/detail/write_item__rosidl_typesupport_introspection_cpp.hpp
[3.302s] -- Up-to-date: /root/irslab_ws/install/tm_msgs/include/tm_msgs/tm_msgs/srv/detail/robot_command__rosidl_typesupport_introspection_cpp.hpp
[3.302s] -- Up-to-date: /root/irslab_ws/install/tm_msgs/include/tm_msgs/tm_msgs/srv/detail/write_item__type_support.cpp
[3.302s] -- Up-to-date: /root/irslab_ws/install/tm_msgs/include/tm_msgs/tm_msgs/srv/detail/connect_tm__rosidl_typesupport_introspection_cpp.hpp
[3.303s] -- Up-to-date: /root/irslab_ws/install/tm_msgs/include/tm_msgs/tm_msgs/srv/detail/set_io__rosidl_typesupport_introspection_cpp.hpp
[3.303s] -- Up-to-date: /root/irslab_ws/install/tm_msgs/include/tm_msgs/tm_msgs/srv/detail/connect_tm__type_support.cpp
[3.303s] -- Up-to-date: /root/irslab_ws/install/tm_msgs/include/tm_msgs/tm_msgs/srv/detail/robot_command__type_support.cpp
[3.303s] -- Up-to-date: /root/irslab_ws/install/tm_msgs/include/tm_msgs/tm_msgs/srv/detail/set_positions__type_support.cpp
[3.303s] -- Up-to-date: /root/irslab_ws/install/tm_msgs/include/tm_msgs/tm_msgs/srv/detail/set_io__type_support.cpp
[3.303s] -- Up-to-date: /root/irslab_ws/install/tm_msgs/include/tm_msgs/tm_msgs/msg
[3.303s] -- Up-to-date: /root/irslab_ws/install/tm_msgs/include/tm_msgs/tm_msgs/msg/detail
[3.303s] -- Up-to-date: /root/irslab_ws/install/tm_msgs/include/tm_msgs/tm_msgs/msg/detail/sta_response__rosidl_typesupport_introspection_cpp.hpp
[3.303s] -- Up-to-date: /root/irslab_ws/install/tm_msgs/include/tm_msgs/tm_msgs/msg/detail/svr_response__type_support.cpp
[3.303s] -- Up-to-date: /root/irslab_ws/install/tm_msgs/include/tm_msgs/tm_msgs/msg/detail/feedback_state__rosidl_typesupport_introspection_cpp.hpp
[3.303s] -- Up-to-date: /root/irslab_ws/install/tm_msgs/include/tm_msgs/tm_msgs/msg/detail/feedback_state__type_support.cpp
[3.303s] -- Up-to-date: /root/irslab_ws/install/tm_msgs/include/tm_msgs/tm_msgs/msg/detail/sct_response__rosidl_typesupport_introspection_cpp.hpp
[3.303s] -- Up-to-date: /root/irslab_ws/install/tm_msgs/include/tm_msgs/tm_msgs/msg/detail/sta_response__type_support.cpp
[3.303s] -- Up-to-date: /root/irslab_ws/install/tm_msgs/include/tm_msgs/tm_msgs/msg/detail/sct_response__type_support.cpp
[3.303s] -- Up-to-date: /root/irslab_ws/install/tm_msgs/include/tm_msgs/tm_msgs/msg/detail/svr_response__rosidl_typesupport_introspection_cpp.hpp
[3.304s] -- Up-to-date: /root/irslab_ws/install/tm_msgs/lib/libtm_msgs__rosidl_typesupport_introspection_cpp.so
[3.304s] -- Up-to-date: /root/irslab_ws/install/tm_msgs/lib/libtm_msgs__rosidl_typesupport_cpp.so
[3.304s] -- Up-to-date: /root/irslab_ws/install/tm_msgs/share/tm_msgs/environment/pythonpath.sh
[3.304s] -- Up-to-date: /root/irslab_ws/install/tm_msgs/share/tm_msgs/environment/pythonpath.dsv
[3.304s] -- Up-to-date: /root/irslab_ws/install/tm_msgs/local/lib/python3.10/dist-packages/tm_msgs-1.1.2-py3.10.egg-info
[3.304s] -- Installing: /root/irslab_ws/install/tm_msgs/local/lib/python3.10/dist-packages/tm_msgs-1.1.2-py3.10.egg-info/top_level.txt
[3.304s] -- Installing: /root/irslab_ws/install/tm_msgs/local/lib/python3.10/dist-packages/tm_msgs-1.1.2-py3.10.egg-info/SOURCES.txt
[3.304s] -- Installing: /root/irslab_ws/install/tm_msgs/local/lib/python3.10/dist-packages/tm_msgs-1.1.2-py3.10.egg-info/PKG-INFO
[3.304s] -- Installing: /root/irslab_ws/install/tm_msgs/local/lib/python3.10/dist-packages/tm_msgs-1.1.2-py3.10.egg-info/dependency_links.txt
[3.304s] -- Up-to-date: /root/irslab_ws/install/tm_msgs/local/lib/python3.10/dist-packages/tm_msgs
[3.304s] -- Up-to-date: /root/irslab_ws/install/tm_msgs/local/lib/python3.10/dist-packages/tm_msgs/__init__.py
[3.305s] -- Up-to-date: /root/irslab_ws/install/tm_msgs/local/lib/python3.10/dist-packages/tm_msgs/_tm_msgs_s.ep.rosidl_typesupport_fastrtps_c.c
[3.305s] -- Up-to-date: /root/irslab_ws/install/tm_msgs/local/lib/python3.10/dist-packages/tm_msgs/tm_msgs_s__rosidl_typesupport_c.cpython-310-x86_64-linux-gnu.so
[3.305s] -- Up-to-date: /root/irslab_ws/install/tm_msgs/local/lib/python3.10/dist-packages/tm_msgs/libtm_msgs__rosidl_generator_py.so
[3.305s] -- Up-to-date: /root/irslab_ws/install/tm_msgs/local/lib/python3.10/dist-packages/tm_msgs/srv
[3.305s] -- Up-to-date: /root/irslab_ws/install/tm_msgs/local/lib/python3.10/dist-packages/tm_msgs/srv/_send_script.py
[3.305s] -- Up-to-date: /root/irslab_ws/install/tm_msgs/local/lib/python3.10/dist-packages/tm_msgs/srv/_ask_item.py
[3.305s] -- Up-to-date: /root/irslab_ws/install/tm_msgs/local/lib/python3.10/dist-packages/tm_msgs/srv/_ask_sta_s.c
[3.306s] -- Up-to-date: /root/irslab_ws/install/tm_msgs/local/lib/python3.10/dist-packages/tm_msgs/srv/__init__.py
[3.308s] -- Up-to-date: /root/irslab_ws/install/tm_msgs/local/lib/python3.10/dist-packages/tm_msgs/srv/_ask_item_s.c
[3.308s] -- Up-to-date: /root/irslab_ws/install/tm_msgs/local/lib/python3.10/dist-packages/tm_msgs/srv/_robot_command_s.c
[3.308s] -- Up-to-date: /root/irslab_ws/install/tm_msgs/local/lib/python3.10/dist-packages/tm_msgs/srv/_robot_command.py
[3.309s] -- Up-to-date: /root/irslab_ws/install/tm_msgs/local/lib/python3.10/dist-packages/tm_msgs/srv/_write_item_s.c
[3.309s] -- Up-to-date: /root/irslab_ws/install/tm_msgs/local/lib/python3.10/dist-packages/tm_msgs/srv/_set_io.py
[3.310s] -- Up-to-date: /root/irslab_ws/install/tm_msgs/local/lib/python3.10/dist-packages/tm_msgs/srv/_send_script_s.c
[3.310s] -- Up-to-date: /root/irslab_ws/install/tm_msgs/local/lib/python3.10/dist-packages/tm_msgs/srv/_write_item.py
[3.310s] -- Up-to-date: /root/irslab_ws/install/tm_msgs/local/lib/python3.10/dist-packages/tm_msgs/srv/_ask_sta.py
[3.310s] -- Up-to-date: /root/irslab_ws/install/tm_msgs/local/lib/python3.10/dist-packages/tm_msgs/srv/_set_event.py
[3.311s] -- Up-to-date: /root/irslab_ws/install/tm_msgs/local/lib/python3.10/dist-packages/tm_msgs/srv/_connect_tm_s.c
[3.311s] -- Up-to-date: /root/irslab_ws/install/tm_msgs/local/lib/python3.10/dist-packages/tm_msgs/srv/_connect_tm.py
[3.311s] -- Up-to-date: /root/irslab_ws/install/tm_msgs/local/lib/python3.10/dist-packages/tm_msgs/srv/_set_positions.py
[3.311s] -- Up-to-date: /root/irslab_ws/install/tm_msgs/local/lib/python3.10/dist-packages/tm_msgs/srv/_set_io_s.c
[3.311s] -- Up-to-date: /root/irslab_ws/install/tm_msgs/local/lib/python3.10/dist-packages/tm_msgs/srv/_set_positions_s.c
[3.311s] -- Up-to-date: /root/irslab_ws/install/tm_msgs/local/lib/python3.10/dist-packages/tm_msgs/srv/_set_event_s.c
[3.311s] -- Up-to-date: /root/irslab_ws/install/tm_msgs/local/lib/python3.10/dist-packages/tm_msgs/_tm_msgs_s.ep.rosidl_typesupport_c.c
[3.311s] -- Up-to-date: /root/irslab_ws/install/tm_msgs/local/lib/python3.10/dist-packages/tm_msgs/_tm_msgs_s.ep.rosidl_typesupport_introspection_c.c
[3.311s] -- Up-to-date: /root/irslab_ws/install/tm_msgs/local/lib/python3.10/dist-packages/tm_msgs/tm_msgs_s__rosidl_typesupport_introspection_c.cpython-310-x86_64-linux-gnu.so
[3.311s] -- Up-to-date: /root/irslab_ws/install/tm_msgs/local/lib/python3.10/dist-packages/tm_msgs/tm_msgs_s__rosidl_typesupport_fastrtps_c.cpython-310-x86_64-linux-gnu.so
[3.312s] -- Up-to-date: /root/irslab_ws/install/tm_msgs/local/lib/python3.10/dist-packages/tm_msgs/msg
[3.312s] -- Up-to-date: /root/irslab_ws/install/tm_msgs/local/lib/python3.10/dist-packages/tm_msgs/msg/__init__.py
[3.312s] -- Up-to-date: /root/irslab_ws/install/tm_msgs/local/lib/python3.10/dist-packages/tm_msgs/msg/_feedback_state_s.c
[3.312s] -- Up-to-date: /root/irslab_ws/install/tm_msgs/local/lib/python3.10/dist-packages/tm_msgs/msg/_sct_response_s.c
[3.312s] -- Up-to-date: /root/irslab_ws/install/tm_msgs/local/lib/python3.10/dist-packages/tm_msgs/msg/_feedback_state.py
[3.312s] -- Up-to-date: /root/irslab_ws/install/tm_msgs/local/lib/python3.10/dist-packages/tm_msgs/msg/_svr_response_s.c
[3.312s] -- Up-to-date: /root/irslab_ws/install/tm_msgs/local/lib/python3.10/dist-packages/tm_msgs/msg/_sta_response_s.c
[3.312s] -- Up-to-date: /root/irslab_ws/install/tm_msgs/local/lib/python3.10/dist-packages/tm_msgs/msg/_sct_response.py
[3.312s] -- Up-to-date: /root/irslab_ws/install/tm_msgs/local/lib/python3.10/dist-packages/tm_msgs/msg/_sta_response.py
[3.312s] -- Up-to-date: /root/irslab_ws/install/tm_msgs/local/lib/python3.10/dist-packages/tm_msgs/msg/_svr_response.py
[3.313s] Listing '/root/irslab_ws/install/tm_msgs/local/lib/python3.10/dist-packages/tm_msgs'...
[3.313s] Listing '/root/irslab_ws/install/tm_msgs/local/lib/python3.10/dist-packages/tm_msgs/msg'...
[3.313s] Listing '/root/irslab_ws/install/tm_msgs/local/lib/python3.10/dist-packages/tm_msgs/srv'...
[3.313s] -- Up-to-date: /root/irslab_ws/install/tm_msgs/local/lib/python3.10/dist-packages/tm_msgs/tm_msgs_s__rosidl_typesupport_fastrtps_c.cpython-310-x86_64-linux-gnu.so
[3.313s] -- Up-to-date: /root/irslab_ws/install/tm_msgs/local/lib/python3.10/dist-packages/tm_msgs/tm_msgs_s__rosidl_typesupport_introspection_c.cpython-310-x86_64-linux-gnu.so
[3.313s] -- Up-to-date: /root/irslab_ws/install/tm_msgs/local/lib/python3.10/dist-packages/tm_msgs/tm_msgs_s__rosidl_typesupport_c.cpython-310-x86_64-linux-gnu.so
[3.313s] -- Up-to-date: /root/irslab_ws/install/tm_msgs/lib/libtm_msgs__rosidl_generator_py.so
[3.314s] -- Up-to-date: /root/irslab_ws/install/tm_msgs/share/tm_msgs/msg/FeedbackState.idl
[3.314s] -- Up-to-date: /root/irslab_ws/install/tm_msgs/share/tm_msgs/msg/SvrResponse.idl
[3.314s] -- Up-to-date: /root/irslab_ws/install/tm_msgs/share/tm_msgs/msg/SctResponse.idl
[3.314s] -- Up-to-date: /root/irslab_ws/install/tm_msgs/share/tm_msgs/msg/StaResponse.idl
[3.314s] -- Up-to-date: /root/irslab_ws/install/tm_msgs/share/tm_msgs/srv/ConnectTM.idl
[3.314s] -- Up-to-date: /root/irslab_ws/install/tm_msgs/share/tm_msgs/srv/WriteItem.idl
[3.314s] -- Up-to-date: /root/irslab_ws/install/tm_msgs/share/tm_msgs/srv/AskItem.idl
[3.314s] -- Up-to-date: /root/irslab_ws/install/tm_msgs/share/tm_msgs/srv/SendScript.idl
[3.314s] -- Up-to-date: /root/irslab_ws/install/tm_msgs/share/tm_msgs/srv/SetEvent.idl
[3.314s] -- Up-to-date: /root/irslab_ws/install/tm_msgs/share/tm_msgs/srv/SetIO.idl
[3.314s] -- Up-to-date: /root/irslab_ws/install/tm_msgs/share/tm_msgs/srv/SetPositions.idl
[3.314s] -- Up-to-date: /root/irslab_ws/install/tm_msgs/share/tm_msgs/srv/AskSta.idl
[3.315s] -- Up-to-date: /root/irslab_ws/install/tm_msgs/share/tm_msgs/srv/RobotCommand.idl
[3.315s] -- Up-to-date: /root/irslab_ws/install/tm_msgs/share/tm_msgs/msg/FeedbackState.msg
[3.316s] -- Up-to-date: /root/irslab_ws/install/tm_msgs/share/tm_msgs/msg/SvrResponse.msg
[3.317s] -- Up-to-date: /root/irslab_ws/install/tm_msgs/share/tm_msgs/msg/SctResponse.msg
[3.319s] -- Up-to-date: /root/irslab_ws/install/tm_msgs/share/tm_msgs/msg/StaResponse.msg
[3.319s] -- Up-to-date: /root/irslab_ws/install/tm_msgs/share/tm_msgs/srv/ConnectTM.srv
[3.319s] -- Up-to-date: /root/irslab_ws/install/tm_msgs/share/tm_msgs/srv/ConnectTM_Request.msg
[3.319s] -- Up-to-date: /root/irslab_ws/install/tm_msgs/share/tm_msgs/srv/ConnectTM_Response.msg
[3.320s] -- Up-to-date: /root/irslab_ws/install/tm_msgs/share/tm_msgs/srv/WriteItem.srv
[3.320s] -- Up-to-date: /root/irslab_ws/install/tm_msgs/share/tm_msgs/srv/WriteItem_Request.msg
[3.320s] -- Up-to-date: /root/irslab_ws/install/tm_msgs/share/tm_msgs/srv/WriteItem_Response.msg
[3.321s] -- Up-to-date: /root/irslab_ws/install/tm_msgs/share/tm_msgs/srv/AskItem.srv
[3.321s] -- Up-to-date: /root/irslab_ws/install/tm_msgs/share/tm_msgs/srv/AskItem_Request.msg
[3.321s] -- Up-to-date: /root/irslab_ws/install/tm_msgs/share/tm_msgs/srv/AskItem_Response.msg
[3.321s] -- Up-to-date: /root/irslab_ws/install/tm_msgs/share/tm_msgs/srv/SendScript.srv
[3.321s] -- Up-to-date: /root/irslab_ws/install/tm_msgs/share/tm_msgs/srv/SendScript_Request.msg
[3.321s] -- Up-to-date: /root/irslab_ws/install/tm_msgs/share/tm_msgs/srv/SendScript_Response.msg
[3.321s] -- Up-to-date: /root/irslab_ws/install/tm_msgs/share/tm_msgs/srv/SetEvent.srv
[3.321s] -- Up-to-date: /root/irslab_ws/install/tm_msgs/share/tm_msgs/srv/SetEvent_Request.msg
[3.321s] -- Up-to-date: /root/irslab_ws/install/tm_msgs/share/tm_msgs/srv/SetEvent_Response.msg
[3.322s] -- Up-to-date: /root/irslab_ws/install/tm_msgs/share/tm_msgs/srv/SetIO.srv
[3.322s] -- Up-to-date: /root/irslab_ws/install/tm_msgs/share/tm_msgs/srv/SetIO_Request.msg
[3.322s] -- Up-to-date: /root/irslab_ws/install/tm_msgs/share/tm_msgs/srv/SetIO_Response.msg
[3.322s] -- Up-to-date: /root/irslab_ws/install/tm_msgs/share/tm_msgs/srv/SetPositions.srv
[3.322s] -- Up-to-date: /root/irslab_ws/install/tm_msgs/share/tm_msgs/srv/SetPositions_Request.msg
[3.322s] -- Up-to-date: /root/irslab_ws/install/tm_msgs/share/tm_msgs/srv/SetPositions_Response.msg
[3.323s] -- Up-to-date: /root/irslab_ws/install/tm_msgs/share/tm_msgs/srv/AskSta.srv
[3.323s] -- Up-to-date: /root/irslab_ws/install/tm_msgs/share/tm_msgs/srv/AskSta_Request.msg
[3.323s] -- Up-to-date: /root/irslab_ws/install/tm_msgs/share/tm_msgs/srv/AskSta_Response.msg
[3.323s] -- Up-to-date: /root/irslab_ws/install/tm_msgs/share/tm_msgs/srv/RobotCommand.srv
[3.323s] -- Up-to-date: /root/irslab_ws/install/tm_msgs/share/tm_msgs/srv/RobotCommand_Request.msg
[3.323s] -- Up-to-date: /root/irslab_ws/install/tm_msgs/share/tm_msgs/srv/RobotCommand_Response.msg
[3.323s] -- Up-to-date: /root/irslab_ws/install/tm_msgs/share/ament_index/resource_index/package_run_dependencies/tm_msgs
[3.323s] -- Up-to-date: /root/irslab_ws/install/tm_msgs/share/ament_index/resource_index/parent_prefix_path/tm_msgs
[3.323s] -- Up-to-date: /root/irslab_ws/install/tm_msgs/share/tm_msgs/environment/ament_prefix_path.sh
[3.324s] -- Up-to-date: /root/irslab_ws/install/tm_msgs/share/tm_msgs/environment/ament_prefix_path.dsv
[3.324s] -- Up-to-date: /root/irslab_ws/install/tm_msgs/share/tm_msgs/environment/path.sh
[3.324s] -- Up-to-date: /root/irslab_ws/install/tm_msgs/share/tm_msgs/environment/path.dsv
[3.324s] -- Up-to-date: /root/irslab_ws/install/tm_msgs/share/tm_msgs/local_setup.bash
[3.324s] -- Up-to-date: /root/irslab_ws/install/tm_msgs/share/tm_msgs/local_setup.sh
[3.324s] -- Up-to-date: /root/irslab_ws/install/tm_msgs/share/tm_msgs/local_setup.zsh
[3.324s] -- Up-to-date: /root/irslab_ws/install/tm_msgs/share/tm_msgs/local_setup.dsv
[3.324s] -- Installing: /root/irslab_ws/install/tm_msgs/share/tm_msgs/package.dsv
[3.324s] -- Up-to-date: /root/irslab_ws/install/tm_msgs/share/ament_index/resource_index/packages/tm_msgs
[3.325s] -- Up-to-date: /root/irslab_ws/install/tm_msgs/share/tm_msgs/cmake/export_tm_msgs__rosidl_generator_cExport.cmake
[3.325s] -- Up-to-date: /root/irslab_ws/install/tm_msgs/share/tm_msgs/cmake/export_tm_msgs__rosidl_generator_cExport-release.cmake
[3.325s] -- Up-to-date: /root/irslab_ws/install/tm_msgs/share/tm_msgs/cmake/export_tm_msgs__rosidl_typesupport_fastrtps_cExport.cmake
[3.325s] -- Up-to-date: /root/irslab_ws/install/tm_msgs/share/tm_msgs/cmake/export_tm_msgs__rosidl_typesupport_fastrtps_cExport-release.cmake
[3.326s] -- Up-to-date: /root/irslab_ws/install/tm_msgs/share/tm_msgs/cmake/tm_msgs__rosidl_typesupport_introspection_cExport.cmake
[3.326s] -- Up-to-date: /root/irslab_ws/install/tm_msgs/share/tm_msgs/cmake/tm_msgs__rosidl_typesupport_introspection_cExport-release.cmake
[3.326s] -- Up-to-date: /root/irslab_ws/install/tm_msgs/share/tm_msgs/cmake/tm_msgs__rosidl_typesupport_cExport.cmake
[3.326s] -- Up-to-date: /root/irslab_ws/install/tm_msgs/share/tm_msgs/cmake/tm_msgs__rosidl_typesupport_cExport-release.cmake
[3.326s] -- Up-to-date: /root/irslab_ws/install/tm_msgs/share/tm_msgs/cmake/export_tm_msgs__rosidl_generator_cppExport.cmake
[3.326s] -- Up-to-date: /root/irslab_ws/install/tm_msgs/share/tm_msgs/cmake/export_tm_msgs__rosidl_typesupport_fastrtps_cppExport.cmake
[3.326s] -- Up-to-date: /root/irslab_ws/install/tm_msgs/share/tm_msgs/cmake/export_tm_msgs__rosidl_typesupport_fastrtps_cppExport-release.cmake
[3.326s] -- Up-to-date: /root/irslab_ws/install/tm_msgs/share/tm_msgs/cmake/tm_msgs__rosidl_typesupport_introspection_cppExport.cmake
[3.326s] -- Up-to-date: /root/irslab_ws/install/tm_msgs/share/tm_msgs/cmake/tm_msgs__rosidl_typesupport_introspection_cppExport-release.cmake
[3.327s] -- Up-to-date: /root/irslab_ws/install/tm_msgs/share/tm_msgs/cmake/tm_msgs__rosidl_typesupport_cppExport.cmake
[3.328s] -- Up-to-date: /root/irslab_ws/install/tm_msgs/share/tm_msgs/cmake/tm_msgs__rosidl_typesupport_cppExport-release.cmake
[3.328s] -- Up-to-date: /root/irslab_ws/install/tm_msgs/share/tm_msgs/cmake/export_tm_msgs__rosidl_generator_pyExport.cmake
[3.329s] -- Up-to-date: /root/irslab_ws/install/tm_msgs/share/tm_msgs/cmake/export_tm_msgs__rosidl_generator_pyExport-release.cmake
[3.331s] -- Up-to-date: /root/irslab_ws/install/tm_msgs/share/tm_msgs/cmake/rosidl_cmake-extras.cmake
[3.332s] -- Up-to-date: /root/irslab_ws/install/tm_msgs/share/tm_msgs/cmake/ament_cmake_export_dependencies-extras.cmake
[3.332s] -- Up-to-date: /root/irslab_ws/install/tm_msgs/share/tm_msgs/cmake/ament_cmake_export_include_directories-extras.cmake
[3.333s] -- Up-to-date: /root/irslab_ws/install/tm_msgs/share/tm_msgs/cmake/ament_cmake_export_libraries-extras.cmake
[3.333s] -- Up-to-date: /root/irslab_ws/install/tm_msgs/share/tm_msgs/cmake/ament_cmake_export_targets-extras.cmake
[3.333s] -- Up-to-date: /root/irslab_ws/install/tm_msgs/share/tm_msgs/cmake/rosidl_cmake_export_typesupport_targets-extras.cmake
[3.333s] -- Up-to-date: /root/irslab_ws/install/tm_msgs/share/tm_msgs/cmake/rosidl_cmake_export_typesupport_libraries-extras.cmake
[3.333s] -- Up-to-date: /root/irslab_ws/install/tm_msgs/share/tm_msgs/cmake/tm_msgsConfig.cmake
[3.334s] -- Up-to-date: /root/irslab_ws/install/tm_msgs/share/tm_msgs/cmake/tm_msgsConfig-version.cmake
[3.337s] -- Up-to-date: /root/irslab_ws/install/tm_msgs/share/tm_msgs/package.xml
[3.508s] Invoked command in '/root/irslab_ws/build/tm_msgs' returned '0': CMAKE_PREFIX_PATH=${CMAKE_PREFIX_PATH}:/root/irslab_ws/install/tm_mod_urdf:/root/irslab_ws/install/pick_nav_place:/root/irslab_ws/install/pa_warehouse_status:/root/irslab_ws/install/hand_solo_virtual_nav:/root/irslab_ws/install/hand_solo_arm:/opt/ros/humble /usr/bin/cmake --install /root/irslab_ws/build/tm_msgs
